#                                                                                                          --- full sequence --- -------------- this domain -------------   hmm coord   ali coord   env coord
# target name                                      accession   tlen query name           accession   qlen   E-value  score  bias   #  of  c-Evalue  i-Evalue  score  bias  from    to  from    to  from    to  acc description of target
#                              ------------------- ---------- ----- -------------------- ---------- ----- --------- ------ ----- --- --- --------- --------- ------ ----- ----- ----- ----- ----- ----- ----- ---- ---------------------
NODE_26_length_56437_cov_36.985611:39355-40443|-   -            363 9800696              -            355  2.5e-118  393.1   0.0   1   1  5.6e-121  2.9e-118  392.9   0.0     3   353     5   348     3   350 0.95 NODE_26_length_56437_cov_36.985611_31 # 39355 # 40443 # -1 # ID=26_31;partial=00;start_type=ATG;rbs_motif=TAAAAA;rbs_spacer=10bp;gc_cont=0.504
NODE_5_length_339081_cov_37.984555:167009-168100|- -            364 9800696              -            355  3.7e-107  356.4   0.0   1   1  8.9e-110  4.6e-107  356.0   0.0     2   352     3   359     2   362 0.95 NODE_5_length_339081_cov_37.984555_126 # 167009 # 168100 # -1 # ID=5_126;partial=00;start_type=ATG;rbs_motif=TAA;rbs_spacer=12bp;gc_cont=0.429
NODE_4_length_379350_cov_35.042700:330890-331951|- -            354 9800696              -            355  2.1e-100  334.2   0.0   1   1  4.5e-103  2.3e-100  334.0   0.0     5   350     2   352     1   353 0.94 NODE_4_length_379350_cov_35.042700_284 # 330890 # 331951 # -1 # ID=4_284;partial=00;start_type=ATG;rbs_motif=TAA;rbs_spacer=3bp;gc_cont=0.454
NODE_15_length_100586_cov_37.517506:48648-49853|+  -            402 9800696              -            355   1.6e-08   31.9   0.1   1   1   4.7e-11   2.4e-08   31.3   0.1     2   124     3   120     2   126 0.78 NODE_15_length_100586_cov_37.517506_37 # 48648 # 49853 # 1 # ID=15_37;partial=00;start_type=ATG;rbs_motif=TAAAAA;rbs_spacer=10bp;gc_cont=0.459
NODE_4_length_379350_cov_35.042700:315821-317116|+ -            432 9800696              -            355   1.9e-07   28.4   0.0   1   3   1.8e-09   9.4e-07   26.1   0.0     4    73    20    84    18    91 0.91 NODE_4_length_379350_cov_35.042700_275 # 315821 # 317116 # 1 # ID=4_275;partial=00;start_type=ATG;rbs_motif=None;rbs_spacer=None;gc_cont=0.448
NODE_4_length_379350_cov_35.042700:315821-317116|+ -            432 9800696              -            355   1.9e-07   28.4   0.0   2   3       1.2   6.4e+02   -3.0   0.0   103   128   102   127    99   140 0.74 NODE_4_length_379350_cov_35.042700_275 # 315821 # 317116 # 1 # ID=4_275;partial=00;start_type=ATG;rbs_motif=None;rbs_spacer=None;gc_cont=0.448
NODE_4_length_379350_cov_35.042700:315821-317116|+ -            432 9800696              -            355   1.9e-07   28.4   0.0   3   3       0.5   2.6e+02   -1.7   0.0   162   191   360   389   351   399 0.84 NODE_4_length_379350_cov_35.042700_275 # 315821 # 317116 # 1 # ID=4_275;partial=00;start_type=ATG;rbs_motif=None;rbs_spacer=None;gc_cont=0.448
NODE_6_length_338063_cov_36.607788:8067-9590|+     -            508 9800696              -            355   2.4e-06   24.7   0.1   1   2     1e-08   5.3e-06   23.6   0.0     4    38   214   249   212   282 0.74 NODE_6_length_338063_cov_36.607788_9 # 8067 # 9590 # 1 # ID=6_9;partial=00;start_type=ATG;rbs_motif=TAA;rbs_spacer=11bp;gc_cont=0.469
NODE_6_length_338063_cov_36.607788:8067-9590|+     -            508 9800696              -            355   2.4e-06   24.7   0.1   2   2       1.5   7.7e+02   -3.2   0.0   163   185   354   376   347   378 0.83 NODE_6_length_338063_cov_36.607788_9 # 8067 # 9590 # 1 # ID=6_9;partial=00;start_type=ATG;rbs_motif=TAA;rbs_spacer=11bp;gc_cont=0.469
NODE_12_length_125646_cov_35.366054:35436-36185|-  -            250 9800696              -            355   7.9e-05   19.8   0.2   1   1     2e-06     0.001   16.1   0.2     3   127    31   141    29   151 0.77 NODE_12_length_125646_cov_35.366054_42 # 35436 # 36185 # -1 # ID=12_42;partial=00;start_type=ATG;rbs_motif=TAAAA;rbs_spacer=5bp;gc_cont=0.419
NODE_4_length_379350_cov_35.042700:268620-269279|- -            220 9800696              -            355   0.00058   16.9   0.0   1   1   1.8e-06   0.00091   16.3   0.0     3    72     3    64     1    66 0.89 NODE_4_length_379350_cov_35.042700_230 # 268620 # 269279 # -1 # ID=4_230;partial=00;start_type=ATG;rbs_motif=AATAA;rbs_spacer=3bp;gc_cont=0.497
NODE_10_length_157613_cov_33.680873:50551-52221|+  -            557 9800696              -            355    0.0054   13.7   0.0   1   2   2.5e-05     0.013   12.5   0.0     8    73   234   303   229   323 0.84 NODE_10_length_157613_cov_33.680873_39 # 50551 # 52221 # 1 # ID=10_39;partial=00;start_type=ATG;rbs_motif=TAAA;rbs_spacer=12bp;gc_cont=0.518
NODE_10_length_157613_cov_33.680873:50551-52221|+  -            557 9800696              -            355    0.0054   13.7   0.0   2   2       1.6   8.2e+02   -3.3   0.0    53   100   477   525   448   527 0.65 NODE_10_length_157613_cov_33.680873_39 # 50551 # 52221 # 1 # ID=10_39;partial=00;start_type=ATG;rbs_motif=TAAA;rbs_spacer=12bp;gc_cont=0.518
#
# Program:         hmmsearch
# Version:         3.4 (Aug 2023)
# Pipeline mode:   SEARCH
# Query file:      /home/kpchuang/Documents/03_whole_genome_assembly/01_raw_reads/short_reads_assembly/04_short_reads_assembly/busco_downloads/lineages/bacteria_odb12/hmms/9800696at2.hmm
# Target file:     /home/kpchuang/Documents/03_whole_genome_assembly/01_raw_reads/short_reads_assembly/04_short_reads_assembly/busco_results/prodigal_output/predicted_genes/predicted.faa
# Option settings: hmmsearch --domtblout /home/kpchuang/Documents/03_whole_genome_assembly/01_raw_reads/short_reads_assembly/04_short_reads_assembly/busco_results/auto_lineage/run_bacteria_odb12/hmmer_output/9800696at2.out --cpu 1 /home/kpchuang/Documents/03_whole_genome_assembly/01_raw_reads/short_reads_assembly/04_short_reads_assembly/busco_downloads/lineages/bacteria_odb12/hmms/9800696at2.hmm /home/kpchuang/Documents/03_whole_genome_assembly/01_raw_reads/short_reads_assembly/04_short_reads_assembly/busco_results/prodigal_output/predicted_genes/predicted.faa 
# Current dir:     /home/kpchuang/Documents/03_whole_genome_assembly/01_raw_reads/short_reads_assembly/04_short_reads_assembly
# Date:            Thu Jan  1 15:32:51 2026
# [ok]
