#                                                                                                          --- full sequence --- -------------- this domain -------------   hmm coord   ali coord   env coord
# target name                                      accession   tlen query name           accession   qlen   E-value  score  bias   #  of  c-Evalue  i-Evalue  score  bias  from    to  from    to  from    to  acc description of target
#                              ------------------- ---------- ----- -------------------- ---------- ----- --------- ------ ----- --- --- --------- --------- ------ ----- ----- ----- ----- ----- ----- ----- ---- ---------------------
NODE_6_length_338063_cov_36.607788:334449-335855|- -            469 9801213              -            449   3.1e-99  330.5   0.0   1   2   3.4e-97   2.3e-94  314.5   0.0     7   399     1   402     1   412 0.90 NODE_6_length_338063_cov_36.607788_277 # 334449 # 335855 # -1 # ID=6_277;partial=00;start_type=ATG;rbs_motif=AAAAA;rbs_spacer=8bp;gc_cont=0.414
NODE_6_length_338063_cov_36.607788:334449-335855|- -            469 9801213              -            449   3.1e-99  330.5   0.0   2   2   4.3e-06    0.0028   14.2   0.0   397   433   429   466   419   468 0.89 NODE_6_length_338063_cov_36.607788_277 # 334449 # 335855 # -1 # ID=6_277;partial=00;start_type=ATG;rbs_motif=AAAAA;rbs_spacer=8bp;gc_cont=0.414
NODE_10_length_157613_cov_33.680873:41888-43771|-  -            628 9801213              -            449   3.1e-90  300.8   0.4   1   4   5.3e-24   3.5e-21   73.2   0.2    14   155    29   198     1   206 0.74 NODE_10_length_157613_cov_33.680873_35 # 41888 # 43771 # -1 # ID=10_35;partial=00;start_type=ATG;rbs_motif=TAA;rbs_spacer=11bp;gc_cont=0.495
NODE_10_length_157613_cov_33.680873:41888-43771|-  -            628 9801213              -            449   3.1e-90  300.8   0.4   2   4   4.5e-33     3e-30  103.1   0.0   134   296   208   383   204   390 0.84 NODE_10_length_157613_cov_33.680873_35 # 41888 # 43771 # -1 # ID=10_35;partial=00;start_type=ATG;rbs_motif=TAA;rbs_spacer=11bp;gc_cont=0.495
NODE_10_length_157613_cov_33.680873:41888-43771|-  -            628 9801213              -            449   3.1e-90  300.8   0.4   3   4   1.8e-29   1.2e-26   91.3   0.2   301   394   417   512   402   521 0.88 NODE_10_length_157613_cov_33.680873_35 # 41888 # 43771 # -1 # ID=10_35;partial=00;start_type=ATG;rbs_motif=TAA;rbs_spacer=11bp;gc_cont=0.495
NODE_10_length_157613_cov_33.680873:41888-43771|-  -            628 9801213              -            449   3.1e-90  300.8   0.4   4   4   3.5e-07   0.00023   17.8   0.0   405   444   578   615   569   619 0.88 NODE_10_length_157613_cov_33.680873_35 # 41888 # 43771 # -1 # ID=10_35;partial=00;start_type=ATG;rbs_motif=TAA;rbs_spacer=11bp;gc_cont=0.495
NODE_10_length_157613_cov_33.680873:50551-52221|+  -            557 9801213              -            449   4.7e-19   66.2   0.0   1   2    0.0011       0.7    6.3   0.0     7    51     1    50     1    55 0.75 NODE_10_length_157613_cov_33.680873_39 # 50551 # 52221 # 1 # ID=10_39;partial=00;start_type=ATG;rbs_motif=TAAA;rbs_spacer=12bp;gc_cont=0.518
NODE_10_length_157613_cov_33.680873:50551-52221|+  -            557 9801213              -            449   4.7e-19   66.2   0.0   2   2   5.7e-20   3.8e-17   59.9   0.0    69   227    42   191    39   197 0.87 NODE_10_length_157613_cov_33.680873_39 # 50551 # 52221 # 1 # ID=10_39;partial=00;start_type=ATG;rbs_motif=TAAA;rbs_spacer=12bp;gc_cont=0.518
NODE_6_length_338063_cov_36.607788:177646-178182|+ -            179 9801213              -            449   0.00032   17.3   0.1   1   1   9.1e-07    0.0006   16.4   0.1   324   368    86   130    17   144 0.72 NODE_6_length_338063_cov_36.607788_144 # 177646 # 178182 # 1 # ID=6_144;partial=00;start_type=ATG;rbs_motif=TAA;rbs_spacer=11bp;gc_cont=0.404
NODE_14_length_106925_cov_32.864293:92249-93091|-  -            281 9801213              -            449   0.00069   16.2   0.0   1   1   1.4e-06   0.00094   15.8   0.0   266   365   166   269   155   272 0.80 NODE_14_length_106925_cov_32.864293_92 # 92249 # 93091 # -1 # ID=14_92;partial=00;start_type=ATG;rbs_motif=TAAAA;rbs_spacer=15bp;gc_cont=0.416
NODE_3_length_402718_cov_33.543387:77460-78398|-   -            313 9801213              -            449    0.0013   15.3   0.3   1   1   2.7e-06    0.0018   14.9   0.3   317   369   197   249   192   303 0.81 NODE_3_length_402718_cov_33.543387_65 # 77460 # 78398 # -1 # ID=3_65;partial=00;start_type=ATG;rbs_motif=TAA;rbs_spacer=15bp;gc_cont=0.448
NODE_10_length_157613_cov_33.680873:44525-49069|+  -           1515 9801213              -            449    0.0013   15.3   0.0   1   3      0.45     3e+02   -2.3   0.0     6    37    33    70    30    76 0.71 NODE_10_length_157613_cov_33.680873_37 # 44525 # 49069 # 1 # ID=10_37;partial=00;start_type=ATG;rbs_motif=TAA;rbs_spacer=11bp;gc_cont=0.511
NODE_10_length_157613_cov_33.680873:44525-49069|+  -           1515 9801213              -            449    0.0013   15.3   0.0   2   3      0.14        95   -0.7   0.0    66   121   230   278   215   286 0.74 NODE_10_length_157613_cov_33.680873_37 # 44525 # 49069 # 1 # ID=10_37;partial=00;start_type=ATG;rbs_motif=TAA;rbs_spacer=11bp;gc_cont=0.511
NODE_10_length_157613_cov_33.680873:44525-49069|+  -           1515 9801213              -            449    0.0013   15.3   0.0   3   3     2e-05     0.013   12.0   0.0   151   221   353   426   340   434 0.80 NODE_10_length_157613_cov_33.680873_37 # 44525 # 49069 # 1 # ID=10_37;partial=00;start_type=ATG;rbs_motif=TAA;rbs_spacer=11bp;gc_cont=0.511
#
# Program:         hmmsearch
# Version:         3.4 (Aug 2023)
# Pipeline mode:   SEARCH
# Query file:      /home/kpchuang/Documents/03_whole_genome_assembly/01_raw_reads/short_reads_assembly/04_short_reads_assembly/busco_downloads/lineages/bacteria_odb12/hmms/9801213at2.hmm
# Target file:     /home/kpchuang/Documents/03_whole_genome_assembly/01_raw_reads/short_reads_assembly/04_short_reads_assembly/busco_results/prodigal_output/predicted_genes/predicted.faa
# Option settings: hmmsearch --domtblout /home/kpchuang/Documents/03_whole_genome_assembly/01_raw_reads/short_reads_assembly/04_short_reads_assembly/busco_results/auto_lineage/run_bacteria_odb12/hmmer_output/9801213at2.out --cpu 1 /home/kpchuang/Documents/03_whole_genome_assembly/01_raw_reads/short_reads_assembly/04_short_reads_assembly/busco_downloads/lineages/bacteria_odb12/hmms/9801213at2.hmm /home/kpchuang/Documents/03_whole_genome_assembly/01_raw_reads/short_reads_assembly/04_short_reads_assembly/busco_results/prodigal_output/predicted_genes/predicted.faa 
# Current dir:     /home/kpchuang/Documents/03_whole_genome_assembly/01_raw_reads/short_reads_assembly/04_short_reads_assembly
# Date:            Thu Jan  1 15:32:51 2026
# [ok]
