#                                                                                                          --- full sequence --- -------------- this domain -------------   hmm coord   ali coord   env coord
# target name                                      accession   tlen query name           accession   qlen   E-value  score  bias   #  of  c-Evalue  i-Evalue  score  bias  from    to  from    to  from    to  acc description of target
#                              ------------------- ---------- ----- -------------------- ---------- ----- --------- ------ ----- --- --- --------- --------- ------ ----- ----- ----- ----- ----- ----- ----- ---- ---------------------
NODE_8_length_282777_cov_37.165398:21639-23642|-   -            668 9803773              -            420  1.2e-107  358.5   0.8   1   2  2.9e-110  1.7e-107  358.0   0.3     2   377     1   421     1   451 0.81 NODE_8_length_282777_cov_37.165398_22 # 21639 # 23642 # -1 # ID=8_22;partial=00;start_type=ATG;rbs_motif=TAAA;rbs_spacer=3bp;gc_cont=0.516
NODE_8_length_282777_cov_37.165398:21639-23642|-   -            668 9803773              -            420  1.2e-107  358.5   0.8   2   2       1.4   8.4e+02   -3.4   0.0   167   190   491   513   481   515 0.79 NODE_8_length_282777_cov_37.165398_22 # 21639 # 23642 # -1 # ID=8_22;partial=00;start_type=ATG;rbs_motif=TAAA;rbs_spacer=3bp;gc_cont=0.516
NODE_2_length_424706_cov_34.285840:253654-254562|+ -            303 9803773              -            420   4.7e-12   43.5   0.0   1   2   2.2e-12   1.3e-09   35.5   0.0    34    85    33    85    29   138 0.84 NODE_2_length_424706_cov_34.285840_207 # 253654 # 254562 # 1 # ID=2_207;partial=00;start_type=ATG;rbs_motif=TAA;rbs_spacer=13bp;gc_cont=0.532
NODE_2_length_424706_cov_34.285840:253654-254562|+ -            303 9803773              -            420   4.7e-12   43.5   0.0   2   2    0.0035         2    5.2   0.0   230   290   191   262   185   276 0.66 NODE_2_length_424706_cov_34.285840_207 # 253654 # 254562 # 1 # ID=2_207;partial=00;start_type=ATG;rbs_motif=TAA;rbs_spacer=13bp;gc_cont=0.532
NODE_37_length_29872_cov_35.106025:23624-24526|-   -            301 9803773              -            420   2.8e-11   41.0   0.0   1   2   5.2e-10     3e-07   27.7   0.0    30    92    32    96    26   112 0.90 NODE_37_length_29872_cov_35.106025_30 # 23624 # 24526 # -1 # ID=37_30;partial=00;start_type=ATG;rbs_motif=None;rbs_spacer=None;gc_cont=0.556
NODE_37_length_29872_cov_35.106025:23624-24526|-   -            301 9803773              -            420   2.8e-11   41.0   0.0   2   2   5.5e-05     0.032   11.2   0.0   230   287   194   255   185   294 0.79 NODE_37_length_29872_cov_35.106025_30 # 23624 # 24526 # -1 # ID=37_30;partial=00;start_type=ATG;rbs_motif=None;rbs_spacer=None;gc_cont=0.556
NODE_22_length_72694_cov_38.560489:5353-6255|+     -            301 9803773              -            420   5.7e-11   40.0   0.0   1   2     4e-10   2.3e-07   28.1   0.0    30    93    32    97    26   102 0.86 NODE_22_length_72694_cov_38.560489_8 # 5353 # 6255 # 1 # ID=22_8;partial=00;start_type=ATG;rbs_motif=None;rbs_spacer=None;gc_cont=0.553
NODE_22_length_72694_cov_38.560489:5353-6255|+     -            301 9803773              -            420   5.7e-11   40.0   0.0   2   2   0.00014     0.084    9.8   0.0   230   286   194   254   186   268 0.81 NODE_22_length_72694_cov_38.560489_8 # 5353 # 6255 # 1 # ID=22_8;partial=00;start_type=ATG;rbs_motif=None;rbs_spacer=None;gc_cont=0.553
NODE_6_length_338063_cov_36.607788:323848-324816|- -            323 9803773              -            420   3.5e-10   37.4   0.0   1   2     1e-09   6.1e-07   26.7   0.0    30    71    29    71    19    89 0.87 NODE_6_length_338063_cov_36.607788_269 # 323848 # 324816 # -1 # ID=6_269;partial=00;start_type=ATG;rbs_motif=TAAA;rbs_spacer=11bp;gc_cont=0.519
NODE_6_length_338063_cov_36.607788:323848-324816|- -            323 9803773              -            420   3.5e-10   37.4   0.0   2   2    0.0016      0.93    6.3   0.0   257   296   227   267   181   316 0.62 NODE_6_length_338063_cov_36.607788_269 # 323848 # 324816 # -1 # ID=6_269;partial=00;start_type=ATG;rbs_motif=TAAA;rbs_spacer=11bp;gc_cont=0.519
NODE_12_length_125646_cov_35.366054:14682-15662|+  -            327 9803773              -            420   1.2e-09   35.6   0.0   1   2   8.2e-09   4.8e-06   23.8   0.0    34    93    33    93    19   141 0.78 NODE_12_length_125646_cov_35.366054_17 # 14682 # 15662 # 1 # ID=12_17;partial=00;start_type=ATG;rbs_motif=AATAA;rbs_spacer=5bp;gc_cont=0.516
NODE_12_length_125646_cov_35.366054:14682-15662|+  -            327 9803773              -            420   1.2e-09   35.6   0.0   2   2   0.00043      0.25    8.2   0.0   250   299   223   273   183   305 0.61 NODE_12_length_125646_cov_35.366054_17 # 14682 # 15662 # 1 # ID=12_17;partial=00;start_type=ATG;rbs_motif=AATAA;rbs_spacer=5bp;gc_cont=0.516
NODE_2_length_424706_cov_34.285840:62668-63639|-   -            324 9803773              -            420     3e-05   21.1   0.0   1   3   3.2e-06    0.0019   15.2   0.0    29    70    28    70    18    85 0.89 NODE_2_length_424706_cov_34.285840_38 # 62668 # 63639 # -1 # ID=2_38;partial=00;start_type=ATG;rbs_motif=AAAA;rbs_spacer=11bp;gc_cont=0.479
NODE_2_length_424706_cov_34.285840:62668-63639|-   -            324 9803773              -            420     3e-05   21.1   0.0   2   3     0.096        56    0.5   0.0   232   251   192   211   182   212 0.81 NODE_2_length_424706_cov_34.285840_38 # 62668 # 63639 # -1 # ID=2_38;partial=00;start_type=ATG;rbs_motif=AAAA;rbs_spacer=11bp;gc_cont=0.479
NODE_2_length_424706_cov_34.285840:62668-63639|-   -            324 9803773              -            420     3e-05   21.1   0.0   3   3     0.054        31    1.3   0.0   272   292   244   264   225   305 0.84 NODE_2_length_424706_cov_34.285840_38 # 62668 # 63639 # -1 # ID=2_38;partial=00;start_type=ATG;rbs_motif=AAAA;rbs_spacer=11bp;gc_cont=0.479
NODE_28_length_53656_cov_34.219676:27294-29420|+   -            709 9803773              -            420     0.016   12.1   0.0   1   1   5.2e-05      0.03   11.2   0.0   219   290   249   323   245   359 0.80 NODE_28_length_53656_cov_34.219676_23 # 27294 # 29420 # 1 # ID=28_23;partial=00;start_type=ATG;rbs_motif=AAAA;rbs_spacer=9bp;gc_cont=0.571
#
# Program:         hmmsearch
# Version:         3.4 (Aug 2023)
# Pipeline mode:   SEARCH
# Query file:      /home/kpchuang/Documents/03_whole_genome_assembly/01_raw_reads/short_reads_assembly/04_short_reads_assembly/busco_downloads/lineages/bacteria_odb12/hmms/9803773at2.hmm
# Target file:     /home/kpchuang/Documents/03_whole_genome_assembly/01_raw_reads/short_reads_assembly/04_short_reads_assembly/busco_results/prodigal_output/predicted_genes/predicted.faa
# Option settings: hmmsearch --domtblout /home/kpchuang/Documents/03_whole_genome_assembly/01_raw_reads/short_reads_assembly/04_short_reads_assembly/busco_results/auto_lineage/run_bacteria_odb12/hmmer_output/9803773at2.out --cpu 1 /home/kpchuang/Documents/03_whole_genome_assembly/01_raw_reads/short_reads_assembly/04_short_reads_assembly/busco_downloads/lineages/bacteria_odb12/hmms/9803773at2.hmm /home/kpchuang/Documents/03_whole_genome_assembly/01_raw_reads/short_reads_assembly/04_short_reads_assembly/busco_results/prodigal_output/predicted_genes/predicted.faa 
# Current dir:     /home/kpchuang/Documents/03_whole_genome_assembly/01_raw_reads/short_reads_assembly/04_short_reads_assembly
# Date:            Thu Jan  1 15:32:51 2026
# [ok]
