#                                                                                                          --- full sequence --- -------------- this domain -------------   hmm coord   ali coord   env coord
# target name                                      accession   tlen query name           accession   qlen   E-value  score  bias   #  of  c-Evalue  i-Evalue  score  bias  from    to  from    to  from    to  acc description of target
#                              ------------------- ---------- ----- -------------------- ---------- ----- --------- ------ ----- --- --- --------- --------- ------ ----- ----- ----- ----- ----- ----- ----- ---- ---------------------
NODE_5_length_339081_cov_37.984555:252010-253284|+ -            425 9807240              -            417  1.5e-171  568.8   0.1   1   1  1.8e-174  1.7e-171  568.7   0.1     1   412     1   423     1   424 0.98 NODE_5_length_339081_cov_37.984555_194 # 252010 # 253284 # 1 # ID=5_194;partial=00;start_type=ATG;rbs_motif=TAAA;rbs_spacer=13bp;gc_cont=0.559
NODE_14_length_106925_cov_32.864293:991-2157|+     -            389 9807240              -            417   9.7e-12   42.4   0.0   1   2   2.2e-14     2e-11   41.4   0.0     2   197     3   200     2   213 0.81 NODE_14_length_106925_cov_32.864293_2 # 991 # 2157 # 1 # ID=14_2;partial=00;start_type=ATG;rbs_motif=TAA;rbs_spacer=11bp;gc_cont=0.461
NODE_14_length_106925_cov_32.864293:991-2157|+     -            389 9807240              -            417   9.7e-12   42.4   0.0   2   2       0.5   4.6e+02   -2.6   0.0   369   399   356   386   323   387 0.81 NODE_14_length_106925_cov_32.864293_2 # 991 # 2157 # 1 # ID=14_2;partial=00;start_type=ATG;rbs_motif=TAA;rbs_spacer=11bp;gc_cont=0.461
NODE_9_length_160020_cov_39.719382:156868-157842|+ -            325 9807240              -            417   3.1e-08   30.9   0.1   1   1   5.2e-11   4.9e-08   30.2   0.1    92   292   108   301    88   323 0.78 NODE_9_length_160020_cov_39.719382_127 # 156868 # 157842 # 1 # ID=9_127;partial=00;start_type=ATG;rbs_motif=None;rbs_spacer=None;gc_cont=0.459
NODE_12_length_125646_cov_35.366054:91298-92812|+  -            505 9807240              -            417   3.6e-05   20.8   0.0   1   2   1.1e-07   9.8e-05   19.3   0.0    77   186    91   204    34   223 0.81 NODE_12_length_125646_cov_35.366054_86 # 91298 # 92812 # 1 # ID=12_86;partial=00;start_type=ATG;rbs_motif=TAA;rbs_spacer=13bp;gc_cont=0.512
NODE_12_length_125646_cov_35.366054:91298-92812|+  -            505 9807240              -            417   3.6e-05   20.8   0.0   2   2      0.28   2.6e+02   -1.8   0.0   371   415   218   261   210   263 0.88 NODE_12_length_125646_cov_35.366054_86 # 91298 # 92812 # 1 # ID=12_86;partial=00;start_type=ATG;rbs_motif=TAA;rbs_spacer=13bp;gc_cont=0.512
NODE_4_length_379350_cov_35.042700:96536-98047|-   -            504 9807240              -            417   0.00074   16.5   0.1   1   1   1.6e-06    0.0015   15.4   0.1    81   186    94   203    88   212 0.80 NODE_4_length_379350_cov_35.042700_87 # 96536 # 98047 # -1 # ID=4_87;partial=00;start_type=ATG;rbs_motif=None;rbs_spacer=None;gc_cont=0.493
#
# Program:         hmmsearch
# Version:         3.4 (Aug 2023)
# Pipeline mode:   SEARCH
# Query file:      /home/kpchuang/Documents/03_whole_genome_assembly/01_raw_reads/short_reads_assembly/04_short_reads_assembly/busco_downloads/lineages/bacteria_odb12/hmms/9807240at2.hmm
# Target file:     /home/kpchuang/Documents/03_whole_genome_assembly/01_raw_reads/short_reads_assembly/04_short_reads_assembly/busco_results/prodigal_output/predicted_genes/predicted.faa
# Option settings: hmmsearch --domtblout /home/kpchuang/Documents/03_whole_genome_assembly/01_raw_reads/short_reads_assembly/04_short_reads_assembly/busco_results/auto_lineage/run_bacteria_odb12/hmmer_output/9807240at2.out --cpu 1 /home/kpchuang/Documents/03_whole_genome_assembly/01_raw_reads/short_reads_assembly/04_short_reads_assembly/busco_downloads/lineages/bacteria_odb12/hmms/9807240at2.hmm /home/kpchuang/Documents/03_whole_genome_assembly/01_raw_reads/short_reads_assembly/04_short_reads_assembly/busco_results/prodigal_output/predicted_genes/predicted.faa 
# Current dir:     /home/kpchuang/Documents/03_whole_genome_assembly/01_raw_reads/short_reads_assembly/04_short_reads_assembly
# Date:            Thu Jan  1 15:32:52 2026
# [ok]
