#                                                                                                          --- full sequence --- -------------- this domain -------------   hmm coord   ali coord   env coord
# target name                                      accession   tlen query name           accession   qlen   E-value  score  bias   #  of  c-Evalue  i-Evalue  score  bias  from    to  from    to  from    to  acc description of target
#                              ------------------- ---------- ----- -------------------- ---------- ----- --------- ------ ----- --- --- --------- --------- ------ ----- ----- ----- ----- ----- ----- ----- ---- ---------------------
NODE_3_length_402718_cov_33.543387:334241-335734|- -            498 9809052              -            295   1.8e-91  304.3   7.9   1   4   4.5e-25   5.3e-22   76.2   0.0     2    77     9    86     8   104 0.87 NODE_3_length_402718_cov_33.543387_309 # 334241 # 335734 # -1 # ID=3_309;partial=00;start_type=ATG;rbs_motif=TAAAA;rbs_spacer=13bp;gc_cont=0.467
NODE_3_length_402718_cov_33.543387:334241-335734|- -            498 9809052              -            295   1.8e-91  304.3   7.9   2   4   5.2e-36     6e-33  112.2   0.4    83   170   119   208   114   223 0.92 NODE_3_length_402718_cov_33.543387_309 # 334241 # 335734 # -1 # ID=3_309;partial=00;start_type=ATG;rbs_motif=TAAAA;rbs_spacer=13bp;gc_cont=0.467
NODE_3_length_402718_cov_33.543387:334241-335734|- -            498 9809052              -            295   1.8e-91  304.3   7.9   3   4   1.2e-37   1.3e-34  117.6   0.1   161   293   226   382   211   384 0.80 NODE_3_length_402718_cov_33.543387_309 # 334241 # 335734 # -1 # ID=3_309;partial=00;start_type=ATG;rbs_motif=TAAAA;rbs_spacer=13bp;gc_cont=0.467
NODE_3_length_402718_cov_33.543387:334241-335734|- -            498 9809052              -            295   1.8e-91  304.3   7.9   4   4      0.88     1e+03   -3.5   0.0    93   134   388   430   386   433 0.59 NODE_3_length_402718_cov_33.543387_309 # 334241 # 335734 # -1 # ID=3_309;partial=00;start_type=ATG;rbs_motif=TAAAA;rbs_spacer=13bp;gc_cont=0.467
NODE_4_length_379350_cov_35.042700:22027-23967|-   -            647 9809052              -            295   2.1e-15   54.5   0.0   1   2   1.2e-11   1.4e-08   32.2   0.0    23   147   257   395   250   414 0.84 NODE_4_length_379350_cov_35.042700_21 # 22027 # 23967 # -1 # ID=4_21;partial=00;start_type=ATG;rbs_motif=TAA;rbs_spacer=4bp;gc_cont=0.434
NODE_4_length_379350_cov_35.042700:22027-23967|-   -            647 9809052              -            295   2.1e-15   54.5   0.0   2   2   9.7e-08   0.00011   19.3   0.0   175   285   486   607   411   618 0.78 NODE_4_length_379350_cov_35.042700_21 # 22027 # 23967 # -1 # ID=4_21;partial=00;start_type=ATG;rbs_motif=TAA;rbs_spacer=4bp;gc_cont=0.434
NODE_6_length_338063_cov_36.607788:61515-62789|-   -            425 9809052              -            295   4.2e-09   33.9   0.0   1   2   3.2e-07   0.00038   17.6   0.0    27   124   165   268   160   315 0.78 NODE_6_length_338063_cov_36.607788_49 # 61515 # 62789 # -1 # ID=6_49;partial=00;start_type=ATG;rbs_motif=TAAA;rbs_spacer=12bp;gc_cont=0.467
NODE_6_length_338063_cov_36.607788:61515-62789|-   -            425 9809052              -            295   4.2e-09   33.9   0.0   2   2     4e-06    0.0046   14.0   0.0   167   237   344   417   334   419 0.86 NODE_6_length_338063_cov_36.607788_49 # 61515 # 62789 # -1 # ID=6_49;partial=00;start_type=ATG;rbs_motif=TAAA;rbs_spacer=12bp;gc_cont=0.467
NODE_9_length_160020_cov_39.719382:62043-63584|+   -            514 9809052              -            295   0.00022   18.4   0.1   1   2     0.015        17    2.4   0.1   106   142   234   272   210   287 0.74 NODE_9_length_160020_cov_39.719382_44 # 62043 # 63584 # 1 # ID=9_44;partial=00;start_type=ATG;rbs_motif=AATAA;rbs_spacer=4bp;gc_cont=0.444
NODE_9_length_160020_cov_39.719382:62043-63584|+   -            514 9809052              -            295   0.00022   18.4   0.1   2   2   5.1e-06    0.0059   13.7   0.0   138   284   301   470   282   485 0.72 NODE_9_length_160020_cov_39.719382_44 # 62043 # 63584 # 1 # ID=9_44;partial=00;start_type=ATG;rbs_motif=AATAA;rbs_spacer=4bp;gc_cont=0.444
#
# Program:         hmmsearch
# Version:         3.4 (Aug 2023)
# Pipeline mode:   SEARCH
# Query file:      /home/kpchuang/Documents/03_whole_genome_assembly/01_raw_reads/short_reads_assembly/04_short_reads_assembly/busco_downloads/lineages/bacteria_odb12/hmms/9809052at2.hmm
# Target file:     /home/kpchuang/Documents/03_whole_genome_assembly/01_raw_reads/short_reads_assembly/04_short_reads_assembly/busco_results/prodigal_output/predicted_genes/predicted.faa
# Option settings: hmmsearch --domtblout /home/kpchuang/Documents/03_whole_genome_assembly/01_raw_reads/short_reads_assembly/04_short_reads_assembly/busco_results/auto_lineage/run_bacteria_odb12/hmmer_output/9809052at2.out --cpu 1 /home/kpchuang/Documents/03_whole_genome_assembly/01_raw_reads/short_reads_assembly/04_short_reads_assembly/busco_downloads/lineages/bacteria_odb12/hmms/9809052at2.hmm /home/kpchuang/Documents/03_whole_genome_assembly/01_raw_reads/short_reads_assembly/04_short_reads_assembly/busco_results/prodigal_output/predicted_genes/predicted.faa 
# Current dir:     /home/kpchuang/Documents/03_whole_genome_assembly/01_raw_reads/short_reads_assembly/04_short_reads_assembly
# Date:            Thu Jan  1 15:32:53 2026
# [ok]
