#                                                                                                          --- full sequence --- -------------- this domain -------------   hmm coord   ali coord   env coord
# target name                                      accession   tlen query name           accession   qlen   E-value  score  bias   #  of  c-Evalue  i-Evalue  score  bias  from    to  from    to  from    to  acc description of target
#                              ------------------- ---------- ----- -------------------- ---------- ----- --------- ------ ----- --- --- --------- --------- ------ ----- ----- ----- ----- ----- ----- ----- ---- ---------------------
NODE_5_length_339081_cov_37.984555:74249-75583|+   -            445 9809796              -            412  8.5e-137  454.8   0.0   1   1  3.7e-139  9.5e-137  454.6   0.0     7   409     1   444     1   444 0.93 NODE_5_length_339081_cov_37.984555_51 # 74249 # 75583 # 1 # ID=5_51;partial=00;start_type=ATG;rbs_motif=TAAA;rbs_spacer=15bp;gc_cont=0.446
NODE_5_length_339081_cov_37.984555:78078-79472|+   -            465 9809796              -            412   4.8e-30  103.2   0.0   1   1   2.6e-32   6.8e-30  102.7   0.0     8   294     7   330     3   334 0.81 NODE_5_length_339081_cov_37.984555_54 # 78078 # 79472 # 1 # ID=5_54;partial=00;start_type=ATG;rbs_motif=TAAAA;rbs_spacer=14bp;gc_cont=0.457
NODE_5_length_339081_cov_37.984555:71298-72755|+   -            486 9809796              -            412   2.1e-26   91.2   0.8   1   2     1e-07   2.6e-05   21.7   0.2   102   135   102   135    80   147 0.82 NODE_5_length_339081_cov_37.984555_49 # 71298 # 72755 # 1 # ID=5_49;partial=00;start_type=ATG;rbs_motif=TAA;rbs_spacer=3bp;gc_cont=0.457
NODE_5_length_339081_cov_37.984555:71298-72755|+   -            486 9809796              -            412   2.1e-26   91.2   0.8   2   2   9.5e-22   2.4e-19   67.9   0.0   150   382   172   453   163   455 0.78 NODE_5_length_339081_cov_37.984555_49 # 71298 # 72755 # 1 # ID=5_49;partial=00;start_type=ATG;rbs_motif=TAA;rbs_spacer=3bp;gc_cont=0.457
NODE_9_length_160020_cov_39.719382:111926-113224|- -            433 9809796              -            412   2.6e-25   87.6   0.3   1   1   1.4e-27   3.5e-25   87.2   0.3   102   321    90   352    40   385 0.84 NODE_9_length_160020_cov_39.719382_80 # 111926 # 113224 # -1 # ID=9_80;partial=00;start_type=ATG;rbs_motif=TAAAAA;rbs_spacer=9bp;gc_cont=0.462
NODE_7_length_286996_cov_37.800226:222480-225026|- -            849 9809796              -            412   3.6e-13   47.6   0.0   1   1   1.2e-14     3e-12   44.6   0.0   103   308   133   375   121   383 0.79 NODE_7_length_286996_cov_37.800226_161 # 222480 # 225026 # -1 # ID=7_161;partial=00;start_type=GTG;rbs_motif=AAAAA;rbs_spacer=11bp;gc_cont=0.474
NODE_13_length_112248_cov_33.996069:663-2039|-     -            459 9809796              -            412   4.3e-07   27.6   0.0   1   2   0.00044      0.11    9.7   0.0   104   135    46    77    17    79 0.88 NODE_13_length_112248_cov_33.996069_2 # 663 # 2039 # -1 # ID=13_2;partial=00;start_type=ATG;rbs_motif=TAAA;rbs_spacer=11bp;gc_cont=0.452
NODE_13_length_112248_cov_33.996069:663-2039|-     -            459 9809796              -            412   4.3e-07   27.6   0.0   2   2   7.5e-06    0.0019   15.6   0.0   162   247   150   231   131   253 0.75 NODE_13_length_112248_cov_33.996069_2 # 663 # 2039 # -1 # ID=13_2;partial=00;start_type=ATG;rbs_motif=TAAA;rbs_spacer=11bp;gc_cont=0.452
NODE_10_length_157613_cov_33.680873:49135-50496|+  -            454 9809796              -            412   1.4e-05   22.7   0.1   1   2   1.4e-05    0.0036   14.7   0.0     6    40   142   176   138   196 0.90 NODE_10_length_157613_cov_33.680873_38 # 49135 # 50496 # 1 # ID=10_38;partial=00;start_type=ATG;rbs_motif=TAAAA;rbs_spacer=12bp;gc_cont=0.536
NODE_10_length_157613_cov_33.680873:49135-50496|+  -            454 9809796              -            412   1.4e-05   22.7   0.1   2   2    0.0073       1.9    5.7   0.0     4    35   281   311   279   324 0.87 NODE_10_length_157613_cov_33.680873_38 # 49135 # 50496 # 1 # ID=10_38;partial=00;start_type=ATG;rbs_motif=TAAAA;rbs_spacer=12bp;gc_cont=0.536
NODE_4_length_379350_cov_35.042700:118951-120297|+ -            449 9809796              -            412   6.5e-05   20.4   0.0   1   3   7.2e-05     0.018   12.3   0.0     6    41     9    45     5    63 0.86 NODE_4_length_379350_cov_35.042700_102 # 118951 # 120297 # 1 # ID=4_102;partial=00;start_type=ATG;rbs_motif=TAAA;rbs_spacer=14bp;gc_cont=0.490
NODE_4_length_379350_cov_35.042700:118951-120297|+ -            449 9809796              -            412   6.5e-05   20.4   0.0   2   3      0.01       2.6    5.3   0.0     9    37   164   192   157   272 0.74 NODE_4_length_379350_cov_35.042700_102 # 118951 # 120297 # 1 # ID=4_102;partial=00;start_type=ATG;rbs_motif=TAAA;rbs_spacer=14bp;gc_cont=0.490
NODE_4_length_379350_cov_35.042700:118951-120297|+ -            449 9809796              -            412   6.5e-05   20.4   0.0   3   3       2.8   7.3e+02   -2.8   0.0   149   163   362   376   354   379 0.68 NODE_4_length_379350_cov_35.042700_102 # 118951 # 120297 # 1 # ID=4_102;partial=00;start_type=ATG;rbs_motif=TAAA;rbs_spacer=14bp;gc_cont=0.490
NODE_6_length_338063_cov_36.607788:299741-301291|- -            517 9809796              -            412   0.00015   19.2   0.4   1   2    0.0034      0.87    6.8   0.1     5    41   209   246   205   274 0.81 NODE_6_length_338063_cov_36.607788_244 # 299741 # 301291 # -1 # ID=6_244;partial=00;start_type=ATG;rbs_motif=TAA;rbs_spacer=15bp;gc_cont=0.518
NODE_6_length_338063_cov_36.607788:299741-301291|- -            517 9809796              -            412   0.00015   19.2   0.4   2   2   0.00028     0.072   10.4   0.0     5    45   349   389   347   424 0.74 NODE_6_length_338063_cov_36.607788_244 # 299741 # 301291 # -1 # ID=6_244;partial=00;start_type=ATG;rbs_motif=TAA;rbs_spacer=15bp;gc_cont=0.518
NODE_3_length_402718_cov_33.543387:38186-39262|+   -            359 9809796              -            412    0.0077   13.6   0.0   1   1   4.6e-05     0.012   13.0   0.0     7    45   178   219   175   262 0.75 NODE_3_length_402718_cov_33.543387_34 # 38186 # 39262 # 1 # ID=3_34;partial=00;start_type=ATG;rbs_motif=TAA;rbs_spacer=12bp;gc_cont=0.437
NODE_4_length_379350_cov_35.042700:260960-262069|+ -            370 9809796              -            412    0.0096   13.3   0.0   1   1   5.6e-05     0.014   12.7   0.0     6    75   167   244   164   259 0.71 NODE_4_length_379350_cov_35.042700_220 # 260960 # 262069 # 1 # ID=4_220;partial=00;start_type=ATG;rbs_motif=TAA;rbs_spacer=12bp;gc_cont=0.492
NODE_5_length_339081_cov_37.984555:159955-160998|+ -            348 9809796              -            412      0.01   13.2   0.0   1   1   6.3e-05     0.016   12.5   0.0     3    66   113   172   111   177 0.74 NODE_5_length_339081_cov_37.984555_119 # 159955 # 160998 # 1 # ID=5_119;partial=00;start_type=ATG;rbs_motif=AAA;rbs_spacer=13bp;gc_cont=0.435
NODE_7_length_286996_cov_37.800226:188693-190033|- -            447 9809796              -            412     0.012   13.0   0.1   1   2   0.00022     0.057   10.7   0.0     9    45     2    38     1    67 0.79 NODE_7_length_286996_cov_37.800226_142 # 188693 # 190033 # -1 # ID=7_142;partial=00;start_type=ATG;rbs_motif=None;rbs_spacer=None;gc_cont=0.500
NODE_7_length_286996_cov_37.800226:188693-190033|- -            447 9809796              -            412     0.012   13.0   0.1   2   2      0.55   1.4e+02   -0.5   0.0   230   270   283   326   227   332 0.53 NODE_7_length_286996_cov_37.800226_142 # 188693 # 190033 # -1 # ID=7_142;partial=00;start_type=ATG;rbs_motif=None;rbs_spacer=None;gc_cont=0.500
NODE_6_length_338063_cov_36.607788:57781-60069|-   -            763 9809796              -            412     0.014   12.8   0.5   1   2     0.054        14    2.9   0.0     7    38   441   472   437   485 0.91 NODE_6_length_338063_cov_36.607788_47 # 57781 # 60069 # -1 # ID=6_47;partial=00;start_type=ATG;rbs_motif=AAA;rbs_spacer=11bp;gc_cont=0.480
NODE_6_length_338063_cov_36.607788:57781-60069|-   -            763 9809796              -            412     0.014   12.8   0.5   2   2    0.0024      0.61    7.3   0.1     7    56   580   629   577   662 0.73 NODE_6_length_338063_cov_36.607788_47 # 57781 # 60069 # -1 # ID=6_47;partial=00;start_type=ATG;rbs_motif=AAA;rbs_spacer=11bp;gc_cont=0.480
NODE_9_length_160020_cov_39.719382:107768-108496|+ -            243 9809796              -            412     0.021   12.1   0.0   1   1   0.00011     0.029   11.7   0.0     4    74    25   100    22   118 0.67 NODE_9_length_160020_cov_39.719382_75 # 107768 # 108496 # 1 # ID=9_75;partial=00;start_type=ATG;rbs_motif=TAAA;rbs_spacer=11bp;gc_cont=0.444
NODE_15_length_100586_cov_37.517506:1952-4432|+    -            827 9809796              -            412     0.024   12.0   0.2   1   2    0.0011      0.29    8.4   0.2     8    44   150   186   145   223 0.76 NODE_15_length_100586_cov_37.517506_2 # 1952 # 4432 # 1 # ID=15_2;partial=00;start_type=ATG;rbs_motif=TAAAA;rbs_spacer=15bp;gc_cont=0.482
NODE_15_length_100586_cov_37.517506:1952-4432|+    -            827 9809796              -            412     0.024   12.0   0.2   2   2      0.19        48    1.1   0.0    26    89   200   258   191   280 0.63 NODE_15_length_100586_cov_37.517506_2 # 1952 # 4432 # 1 # ID=15_2;partial=00;start_type=ATG;rbs_motif=TAAAA;rbs_spacer=15bp;gc_cont=0.482
NODE_2_length_424706_cov_34.285840:228659-230047|- -            463 9809796              -            412     0.025   11.9   0.0   1   1   0.00013     0.033   11.5   0.0     4    51     8    55     5    93 0.77 NODE_2_length_424706_cov_34.285840_182 # 228659 # 230047 # -1 # ID=2_182;partial=00;start_type=ATG;rbs_motif=AAAA;rbs_spacer=11bp;gc_cont=0.477
NODE_2_length_424706_cov_34.285840:194505-195461|- -            319 9809796              -            412     0.031   11.6   0.0   1   1    0.0002     0.053   10.8   0.0     6    66   146   203   143   226 0.73 NODE_2_length_424706_cov_34.285840_156 # 194505 # 195461 # -1 # ID=2_156;partial=00;start_type=ATG;rbs_motif=AATAA;rbs_spacer=3bp;gc_cont=0.497
#
# Program:         hmmsearch
# Version:         3.4 (Aug 2023)
# Pipeline mode:   SEARCH
# Query file:      /home/kpchuang/Documents/03_whole_genome_assembly/01_raw_reads/short_reads_assembly/04_short_reads_assembly/busco_downloads/lineages/bacteria_odb12/hmms/9809796at2.hmm
# Target file:     /home/kpchuang/Documents/03_whole_genome_assembly/01_raw_reads/short_reads_assembly/04_short_reads_assembly/busco_results/prodigal_output/predicted_genes/predicted.faa
# Option settings: hmmsearch --domtblout /home/kpchuang/Documents/03_whole_genome_assembly/01_raw_reads/short_reads_assembly/04_short_reads_assembly/busco_results/auto_lineage/run_bacteria_odb12/hmmer_output/9809796at2.out --cpu 1 /home/kpchuang/Documents/03_whole_genome_assembly/01_raw_reads/short_reads_assembly/04_short_reads_assembly/busco_downloads/lineages/bacteria_odb12/hmms/9809796at2.hmm /home/kpchuang/Documents/03_whole_genome_assembly/01_raw_reads/short_reads_assembly/04_short_reads_assembly/busco_results/prodigal_output/predicted_genes/predicted.faa 
# Current dir:     /home/kpchuang/Documents/03_whole_genome_assembly/01_raw_reads/short_reads_assembly/04_short_reads_assembly
# Date:            Thu Jan  1 15:32:53 2026
# [ok]
