#                                                                                                          --- full sequence --- -------------- this domain -------------   hmm coord   ali coord   env coord
# target name                                      accession   tlen query name           accession   qlen   E-value  score  bias   #  of  c-Evalue  i-Evalue  score  bias  from    to  from    to  from    to  acc description of target
#                              ------------------- ---------- ----- -------------------- ---------- ----- --------- ------ ----- --- --- --------- --------- ------ ----- ----- ----- ----- ----- ----- ----- ---- ---------------------
NODE_23_length_70738_cov_38.126081:65000-66253|-   -            418 9812272              -            409  7.4e-142  471.2   6.2   1   1  3.2e-144  1.3e-141  470.4   6.2     3   365     9   403     7   416 0.90 NODE_23_length_70738_cov_38.126081_57 # 65000 # 66253 # -1 # ID=23_57;partial=00;start_type=ATG;rbs_motif=TAA;rbs_spacer=13bp;gc_cont=0.468
NODE_18_length_83461_cov_37.247170:78998-80311|-   -            438 9812272              -            409   4.3e-25   86.6   0.1   1   2   8.3e-19   3.5e-16   57.3   0.0   196   358     4   166     2   172 0.84 NODE_18_length_83461_cov_37.247170_65 # 78998 # 80311 # -1 # ID=18_65;partial=00;start_type=ATG;rbs_motif=TAAA;rbs_spacer=11bp;gc_cont=0.432
NODE_18_length_83461_cov_37.247170:78998-80311|-   -            438 9812272              -            409   4.3e-25   86.6   0.1   2   2   1.4e-09     6e-07   26.9   0.1   192   359   173   353   170   370 0.75 NODE_18_length_83461_cov_37.247170_65 # 78998 # 80311 # -1 # ID=18_65;partial=00;start_type=ATG;rbs_motif=TAAA;rbs_spacer=11bp;gc_cont=0.432
NODE_6_length_338063_cov_36.607788:178840-180057|+ -            406 9812272              -            409   5.8e-17   59.8   0.0   1   1   2.4e-19     1e-16   59.1   0.0   195   386   182   381   177   400 0.81 NODE_6_length_338063_cov_36.607788_146 # 178840 # 180057 # 1 # ID=6_146;partial=00;start_type=ATG;rbs_motif=None;rbs_spacer=None;gc_cont=0.460
NODE_12_length_125646_cov_35.366054:43547-44944|+  -            466 9812272              -            409   1.5e-16   58.4   2.6   1   1   4.6e-19     2e-16   58.1   2.6   161   376   190   407   138   432 0.76 NODE_12_length_125646_cov_35.366054_51 # 43547 # 44944 # 1 # ID=12_51;partial=00;start_type=ATG;rbs_motif=AAAA;rbs_spacer=11bp;gc_cont=0.431
NODE_18_length_83461_cov_37.247170:80364-81245|-   -            294 9812272              -            409   5.9e-14   50.0   0.1   1   1   1.8e-16   7.6e-14   49.6   0.1   197   356     7   169     2   221 0.76 NODE_18_length_83461_cov_37.247170_66 # 80364 # 81245 # -1 # ID=18_66;partial=00;start_type=ATG;rbs_motif=AATAA;rbs_spacer=10bp;gc_cont=0.416
NODE_8_length_282777_cov_37.165398:83695-84879|-   -            395 9812272              -            409   3.1e-13   47.6   0.0   1   1   2.1e-15   8.7e-13   46.1   0.0   195   355    10   168     4   183 0.79 NODE_8_length_282777_cov_37.165398_75 # 83695 # 84879 # -1 # ID=8_75;partial=00;start_type=TTG;rbs_motif=AAA;rbs_spacer=13bp;gc_cont=0.489
NODE_33_length_37957_cov_36.578115:31317-32420|+   -            368 9812272              -            409     1e-07   29.4   0.9   1   3     8e-10   3.4e-07   27.7   0.0   196   242     4    50     1    58 0.91 NODE_33_length_37957_cov_36.578115_30 # 31317 # 32420 # 1 # ID=33_30;partial=00;start_type=ATG;rbs_motif=AAAAA;rbs_spacer=12bp;gc_cont=0.459
NODE_33_length_37957_cov_36.578115:31317-32420|+   -            368 9812272              -            409     1e-07   29.4   0.9   2   3      0.55   2.3e+02   -1.4   1.2   192   192   161   161    91   256 0.61 NODE_33_length_37957_cov_36.578115_30 # 31317 # 32420 # 1 # ID=33_30;partial=00;start_type=ATG;rbs_motif=AAAAA;rbs_spacer=12bp;gc_cont=0.459
NODE_33_length_37957_cov_36.578115:31317-32420|+   -            368 9812272              -            409     1e-07   29.4   0.9   3   3      0.49   2.1e+02   -1.2   0.1    61   347   222   250   160   289 0.60 NODE_33_length_37957_cov_36.578115_30 # 31317 # 32420 # 1 # ID=33_30;partial=00;start_type=ATG;rbs_motif=AAAAA;rbs_spacer=12bp;gc_cont=0.459
NODE_23_length_70738_cov_38.126081:37514-38446|+   -            311 9812272              -            409   3.7e-05   21.0   0.0   1   2   3.1e-06    0.0013   15.9   0.0   291   355   103   175    86   180 0.78 NODE_23_length_70738_cov_38.126081_39 # 37514 # 38446 # 1 # ID=23_39;partial=00;start_type=ATG;rbs_motif=TAA;rbs_spacer=3bp;gc_cont=0.472
NODE_23_length_70738_cov_38.126081:37514-38446|+   -            311 9812272              -            409   3.7e-05   21.0   0.0   2   2     0.025        10    3.0   0.1   201   215   180   194   174   202 0.85 NODE_23_length_70738_cov_38.126081_39 # 37514 # 38446 # 1 # ID=23_39;partial=00;start_type=ATG;rbs_motif=TAA;rbs_spacer=3bp;gc_cont=0.472
NODE_4_length_379350_cov_35.042700:313213-315735|- -            841 9812272              -            409   0.00069   16.8   0.0   1   2   2.5e-05     0.011   12.9   0.0   181   223   111   153    71   177 0.83 NODE_4_length_379350_cov_35.042700_274 # 313213 # 315735 # -1 # ID=4_274;partial=00;start_type=ATG;rbs_motif=AAA;rbs_spacer=3bp;gc_cont=0.454
NODE_4_length_379350_cov_35.042700:313213-315735|- -            841 9812272              -            409   0.00069   16.8   0.0   2   2     0.079        33    1.4   0.0   275   365   204   296   200   322 0.69 NODE_4_length_379350_cov_35.042700_274 # 313213 # 315735 # -1 # ID=4_274;partial=00;start_type=ATG;rbs_motif=AAA;rbs_spacer=3bp;gc_cont=0.454
NODE_2_length_424706_cov_34.285840:394211-394816|- -            202 9812272              -            409    0.0022   15.2   0.1   1   2   1.7e-05    0.0071   13.5   0.0   193   219    22    48    11    53 0.85 NODE_2_length_424706_cov_34.285840_339 # 394211 # 394816 # -1 # ID=2_339;partial=00;start_type=ATG;rbs_motif=TAAAAA;rbs_spacer=12bp;gc_cont=0.441
NODE_2_length_424706_cov_34.285840:394211-394816|- -            202 9812272              -            409    0.0022   15.2   0.1   2   2      0.36   1.5e+02   -0.8   0.0   299   322   127   151    90   197 0.70 NODE_2_length_424706_cov_34.285840_339 # 394211 # 394816 # -1 # ID=2_339;partial=00;start_type=ATG;rbs_motif=TAAAAA;rbs_spacer=12bp;gc_cont=0.441
NODE_31_length_40986_cov_32.361314:4078-5859|+     -            594 9812272              -            409    0.0095   13.0   0.0   1   2       2.5   1.1e+03   -3.6   0.0   205   216    15    26     6    30 0.82 NODE_31_length_40986_cov_32.361314_7 # 4078 # 5859 # 1 # ID=31_7;partial=00;start_type=ATG;rbs_motif=TAA;rbs_spacer=14bp;gc_cont=0.453
NODE_31_length_40986_cov_32.361314:4078-5859|+     -            594 9812272              -            409    0.0095   13.0   0.0   2   2   5.4e-05     0.023   11.8   0.0   279   356    97   179    89   192 0.78 NODE_31_length_40986_cov_32.361314_7 # 4078 # 5859 # 1 # ID=31_7;partial=00;start_type=ATG;rbs_motif=TAA;rbs_spacer=14bp;gc_cont=0.453
#
# Program:         hmmsearch
# Version:         3.4 (Aug 2023)
# Pipeline mode:   SEARCH
# Query file:      /home/kpchuang/Documents/03_whole_genome_assembly/01_raw_reads/short_reads_assembly/04_short_reads_assembly/busco_downloads/lineages/bacteria_odb12/hmms/9812272at2.hmm
# Target file:     /home/kpchuang/Documents/03_whole_genome_assembly/01_raw_reads/short_reads_assembly/04_short_reads_assembly/busco_results/prodigal_output/predicted_genes/predicted.faa
# Option settings: hmmsearch --domtblout /home/kpchuang/Documents/03_whole_genome_assembly/01_raw_reads/short_reads_assembly/04_short_reads_assembly/busco_results/auto_lineage/run_bacteria_odb12/hmmer_output/9812272at2.out --cpu 1 /home/kpchuang/Documents/03_whole_genome_assembly/01_raw_reads/short_reads_assembly/04_short_reads_assembly/busco_downloads/lineages/bacteria_odb12/hmms/9812272at2.hmm /home/kpchuang/Documents/03_whole_genome_assembly/01_raw_reads/short_reads_assembly/04_short_reads_assembly/busco_results/prodigal_output/predicted_genes/predicted.faa 
# Current dir:     /home/kpchuang/Documents/03_whole_genome_assembly/01_raw_reads/short_reads_assembly/04_short_reads_assembly
# Date:            Thu Jan  1 15:32:53 2026
# [ok]
