#                                                                                                         --- full sequence --- -------------- this domain -------------   hmm coord   ali coord   env coord
# target name                                     accession   tlen query name           accession   qlen   E-value  score  bias   #  of  c-Evalue  i-Evalue  score  bias  from    to  from    to  from    to  acc description of target
#                             ------------------- ---------- ----- -------------------- ---------- ----- --------- ------ ----- --- --- --------- --------- ------ ----- ----- ----- ----- ----- ----- ----- ---- ---------------------
NODE_11_length_153230_cov_39.213473:93084-97367|- -           1428 9815296              -            873         0 1309.9  26.3   1   6     4e-72   9.2e-69  230.4   0.3     1   141    12   155    12   179 0.92 NODE_11_length_153230_cov_39.213473_91 # 93084 # 97367 # -1 # ID=11_91;partial=00;start_type=ATG;rbs_motif=TAAA;rbs_spacer=3bp;gc_cont=0.444
NODE_11_length_153230_cov_39.213473:93084-97367|- -           1428 9815296              -            873         0 1309.9  26.3   2   6  2.2e-170    5e-167  555.5   2.2   146   449   218   528   184   533 0.92 NODE_11_length_153230_cov_39.213473_91 # 93084 # 97367 # -1 # ID=11_91;partial=00;start_type=ATG;rbs_motif=TAAA;rbs_spacer=3bp;gc_cont=0.444
NODE_11_length_153230_cov_39.213473:93084-97367|- -           1428 9815296              -            873         0 1309.9  26.3   3   6   2.2e-78   5.1e-75  251.1   0.0   461   660   600   817   586   826 0.92 NODE_11_length_153230_cov_39.213473_91 # 93084 # 97367 # -1 # ID=11_91;partial=00;start_type=ATG;rbs_motif=TAAA;rbs_spacer=3bp;gc_cont=0.444
NODE_11_length_153230_cov_39.213473:93084-97367|- -           1428 9815296              -            873         0 1309.9  26.3   4   6   6.4e-36   1.5e-32  110.6   0.3   665   732   879   946   865   975 0.88 NODE_11_length_153230_cov_39.213473_91 # 93084 # 97367 # -1 # ID=11_91;partial=00;start_type=ATG;rbs_motif=TAAA;rbs_spacer=3bp;gc_cont=0.444
NODE_11_length_153230_cov_39.213473:93084-97367|- -           1428 9815296              -            873         0 1309.9  26.3   5   6   8.4e-27   1.9e-23   80.4   0.1   728   813  1195  1285  1191  1302 0.89 NODE_11_length_153230_cov_39.213473_91 # 93084 # 97367 # -1 # ID=11_91;partial=00;start_type=ATG;rbs_motif=TAAA;rbs_spacer=3bp;gc_cont=0.444
NODE_11_length_153230_cov_39.213473:93084-97367|- -           1428 9815296              -            873         0 1309.9  26.3   6   6   1.4e-31   3.3e-28   96.2   0.2   790   873  1312  1395  1299  1395 0.95 NODE_11_length_153230_cov_39.213473_91 # 93084 # 97367 # -1 # ID=11_91;partial=00;start_type=ATG;rbs_motif=TAAA;rbs_spacer=3bp;gc_cont=0.444
NODE_115_length_251_cov_0.844828:3-251|+          -             83 9815296              -            873     2e-47  159.7   0.1   1   1   9.7e-51   2.2e-47  159.6   0.1   360   442     1    83     1    83 1.00 NODE_115_length_251_cov_0.844828_1 # 3 # 251 # 1 # ID=115_1;partial=11;start_type=Edge;rbs_motif=None;rbs_spacer=None;gc_cont=0.418
#
# Program:         hmmsearch
# Version:         3.4 (Aug 2023)
# Pipeline mode:   SEARCH
# Query file:      /home/kpchuang/Documents/03_whole_genome_assembly/01_raw_reads/short_reads_assembly/04_short_reads_assembly/busco_downloads/lineages/bacteria_odb12/hmms/9815296at2.hmm
# Target file:     /home/kpchuang/Documents/03_whole_genome_assembly/01_raw_reads/short_reads_assembly/04_short_reads_assembly/busco_results/prodigal_output/predicted_genes/predicted.faa
# Option settings: hmmsearch --domtblout /home/kpchuang/Documents/03_whole_genome_assembly/01_raw_reads/short_reads_assembly/04_short_reads_assembly/busco_results/auto_lineage/run_bacteria_odb12/hmmer_output/9815296at2.out --cpu 1 /home/kpchuang/Documents/03_whole_genome_assembly/01_raw_reads/short_reads_assembly/04_short_reads_assembly/busco_downloads/lineages/bacteria_odb12/hmms/9815296at2.hmm /home/kpchuang/Documents/03_whole_genome_assembly/01_raw_reads/short_reads_assembly/04_short_reads_assembly/busco_results/prodigal_output/predicted_genes/predicted.faa 
# Current dir:     /home/kpchuang/Documents/03_whole_genome_assembly/01_raw_reads/short_reads_assembly/04_short_reads_assembly
# Date:            Thu Jan  1 15:32:54 2026
# [ok]
