#                                                                                                           --- full sequence --- -------------- this domain -------------   hmm coord   ali coord   env coord
# target name                                       accession   tlen query name           accession   qlen   E-value  score  bias   #  of  c-Evalue  i-Evalue  score  bias  from    to  from    to  from    to  acc description of target
#                               ------------------- ---------- ----- -------------------- ---------- ----- --------- ------ ----- --- --- --------- --------- ------ ----- ----- ----- ----- ----- ----- ----- ---- ---------------------
NODE_11_length_153230_cov_39.213473:80474-80794|-   -            107 10899                -            112   3.3e-06   25.4   2.7   1   1     5e-09   4.7e-06   24.9   2.7    38    79     3    45     1    86 0.88 NODE_11_length_153230_cov_39.213473_70 # 80474 # 80794 # -1 # ID=11_70;partial=00;start_type=ATG;rbs_motif=TAAA;rbs_spacer=11bp;gc_cont=0.371
NODE_8_length_282777_cov_37.165398:47911-48342|+    -            144 10899                -            112    0.0066   14.8   0.3   1   1     1e-05    0.0095   14.3   0.3    37    76    85   126    55   141 0.86 NODE_8_length_282777_cov_37.165398_40 # 47911 # 48342 # 1 # ID=8_40;partial=00;start_type=ATG;rbs_motif=AAGAA;rbs_spacer=10bp;gc_cont=0.481
NODE_4_length_379350_cov_35.042700:302481-302999|-  -            173 10899                -            112      0.01   14.1   0.1   1   2      0.61   5.7e+02   -1.1   0.0    16    47    44    77    37    80 0.56 NODE_4_length_379350_cov_35.042700_263 # 302481 # 302999 # -1 # ID=4_263;partial=00;start_type=ATG;rbs_motif=TAA;rbs_spacer=13bp;gc_cont=0.420
NODE_4_length_379350_cov_35.042700:302481-302999|-  -            173 10899                -            112      0.01   14.1   0.1   2   2   3.7e-05     0.034   12.5   0.0    38    80   116   160    95   170 0.83 NODE_4_length_379350_cov_35.042700_263 # 302481 # 302999 # -1 # ID=4_263;partial=00;start_type=ATG;rbs_motif=TAA;rbs_spacer=13bp;gc_cont=0.420
NODE_1_length_523019_cov_35.337313:180913-181452|-  -            180 10899                -            112     0.014   13.7   0.4   1   1   2.3e-05     0.022   13.1   0.4    38    76   122   162    94   177 0.87 NODE_1_length_523019_cov_35.337313_159 # 180913 # 181452 # -1 # ID=1_159;partial=00;start_type=GTG;rbs_motif=None;rbs_spacer=None;gc_cont=0.485
NODE_11_length_153230_cov_39.213473:103600-104142|- -            181 10899                -            112     0.023   13.0   0.1   1   2       2.4   2.2e+03   -3.0   0.0    49    62    10    23     9    31 0.74 NODE_11_length_153230_cov_39.213473_97 # 103600 # 104142 # -1 # ID=11_97;partial=00;start_type=ATG;rbs_motif=AAAAA;rbs_spacer=12bp;gc_cont=0.401
NODE_11_length_153230_cov_39.213473:103600-104142|- -            181 10899                -            112     0.023   13.0   0.1   2   2   5.9e-05     0.055   11.8   0.1    28    72   114   159    95   167 0.85 NODE_11_length_153230_cov_39.213473_97 # 103600 # 104142 # -1 # ID=11_97;partial=00;start_type=ATG;rbs_motif=AAAAA;rbs_spacer=12bp;gc_cont=0.401
#
# Program:         hmmsearch
# Version:         3.4 (Aug 2023)
# Pipeline mode:   SEARCH
# Query file:      /home/kpchuang/Documents/03_whole_genome_assembly/01_raw_reads/short_reads_assembly/04_short_reads_assembly/04_busco_assessment/busco_downloads/lineages/archaea_odb12/hmms/10899at2157.hmm
# Target file:     /home/kpchuang/Documents/03_whole_genome_assembly/01_raw_reads/short_reads_assembly/04_short_reads_assembly/04_busco_assessment/busco_results/prodigal_output/predicted_genes/predicted.faa
# Option settings: hmmsearch --domtblout /home/kpchuang/Documents/03_whole_genome_assembly/01_raw_reads/short_reads_assembly/04_short_reads_assembly/04_busco_assessment/busco_results/auto_lineage/run_archaea_odb12/hmmer_output/10899at2157.out --cpu 1 /home/kpchuang/Documents/03_whole_genome_assembly/01_raw_reads/short_reads_assembly/04_short_reads_assembly/04_busco_assessment/busco_downloads/lineages/archaea_odb12/hmms/10899at2157.hmm /home/kpchuang/Documents/03_whole_genome_assembly/01_raw_reads/short_reads_assembly/04_short_reads_assembly/04_busco_assessment/busco_results/prodigal_output/predicted_genes/predicted.faa 
# Current dir:     /home/kpchuang/Documents/03_whole_genome_assembly/01_raw_reads/short_reads_assembly/04_short_reads_assembly/04_busco_assessment
# Date:            Thu Jan  1 15:36:29 2026
# [ok]
