#                                                                                                          --- full sequence --- -------------- this domain -------------   hmm coord   ali coord   env coord
# target name                                      accession   tlen query name           accession   qlen   E-value  score  bias   #  of  c-Evalue  i-Evalue  score  bias  from    to  from    to  from    to  acc description of target
#                              ------------------- ---------- ----- -------------------- ---------- ----- --------- ------ ----- --- --- --------- --------- ------ ----- ----- ----- ----- ----- ----- ----- ---- ---------------------
NODE_3_length_402718_cov_33.543387:401714-402025|- -            104 11138                -            141     7e-10   36.9   0.0   1   1   2.3e-12   8.1e-10   36.7   0.0    51   121    30    99    15   102 0.88 NODE_3_length_402718_cov_33.543387_366 # 401714 # 402025 # -1 # ID=3_366;partial=00;start_type=ATG;rbs_motif=TAAA;rbs_spacer=12bp;gc_cont=0.420
NODE_9_length_160020_cov_39.719382:46852-47142|-   -             97 11138                -            141   1.3e-07   29.6   0.1   1   1   3.7e-10   1.3e-07   29.6   0.1    68   105    37    74     5    95 0.79 NODE_9_length_160020_cov_39.719382_30 # 46852 # 47142 # -1 # ID=9_30;partial=00;start_type=ATG;rbs_motif=AAAA;rbs_spacer=15bp;gc_cont=0.419
NODE_27_length_55795_cov_35.058976:18974-19549|-   -            192 11138                -            141   9.2e-06   23.6   0.2   1   1     4e-08   1.4e-05   23.0   0.2    67   128     9    70     5    83 0.90 NODE_27_length_55795_cov_35.058976_15 # 18974 # 19549 # -1 # ID=27_15;partial=00;start_type=ATG;rbs_motif=AAAA;rbs_spacer=14bp;gc_cont=0.458
NODE_27_length_55795_cov_35.058976:36247-36822|+   -            192 11138                -            141   9.2e-06   23.6   0.2   1   1     4e-08   1.4e-05   23.0   0.2    67   128     9    70     5    83 0.90 NODE_27_length_55795_cov_35.058976_24 # 36247 # 36822 # 1 # ID=27_24;partial=00;start_type=ATG;rbs_motif=AAAA;rbs_spacer=14bp;gc_cont=0.458
NODE_1_length_523019_cov_35.337313:396708-396845|- -             46 11138                -            141   1.5e-05   22.9   0.3   1   1   4.3e-08   1.5e-05   22.9   0.3    67   103     5    41     3    45 0.92 NODE_1_length_523019_cov_35.337313_315 # 396708 # 396845 # -1 # ID=1_315;partial=00;start_type=ATG;rbs_motif=TAA;rbs_spacer=10bp;gc_cont=0.362
NODE_2_length_424706_cov_34.285840:305163-305384|+ -             74 11138                -            141   0.00023   19.1   0.4   1   1   7.4e-07   0.00027   18.9   0.4    67   127     4    64     2    70 0.92 NODE_2_length_424706_cov_34.285840_263 # 305163 # 305384 # 1 # ID=2_263;partial=00;start_type=ATG;rbs_motif=AAA;rbs_spacer=5bp;gc_cont=0.351
NODE_3_length_402718_cov_33.543387:293071-293526|+ -            152 11138                -            141    0.0011   16.8   0.0   1   1   6.1e-06    0.0022   15.9   0.0    66   116     4    54     2    61 0.93 NODE_3_length_402718_cov_33.543387_276 # 293071 # 293526 # 1 # ID=3_276;partial=00;start_type=ATG;rbs_motif=TAAAA;rbs_spacer=12bp;gc_cont=0.362
NODE_19_length_79805_cov_35.801074:36035-36490|+   -            152 11138                -            141    0.0015   16.5   2.0   1   2     1e-05    0.0037   15.1   0.6    55   118     4    66     1    84 0.84 NODE_19_length_79805_cov_35.801074_35 # 36035 # 36490 # 1 # ID=19_35;partial=00;start_type=ATG;rbs_motif=AAAAA;rbs_spacer=11bp;gc_cont=0.401
NODE_19_length_79805_cov_35.801074:36035-36490|+   -            152 11138                -            141    0.0015   16.5   2.0   2   2      0.25        90    0.9   0.0    37    75    94   132    72   146 0.74 NODE_19_length_79805_cov_35.801074_35 # 36035 # 36490 # 1 # ID=19_35;partial=00;start_type=ATG;rbs_motif=AAAAA;rbs_spacer=11bp;gc_cont=0.401
NODE_8_length_282777_cov_37.165398:103989-105104|+ -            372 11138                -            141    0.0038   15.1   1.0   1   2   0.00015     0.055   11.4   0.1    67   119    20    72     6   102 0.93 NODE_8_length_282777_cov_37.165398_91 # 103989 # 105104 # 1 # ID=8_91;partial=00;start_type=ATG;rbs_motif=AAA;rbs_spacer=12bp;gc_cont=0.304
NODE_8_length_282777_cov_37.165398:103989-105104|+ -            372 11138                -            141    0.0038   15.1   1.0   2   2      0.13        47    1.8   0.1    12    32   284   304   281   315 0.81 NODE_8_length_282777_cov_37.165398_91 # 103989 # 105104 # 1 # ID=8_91;partial=00;start_type=ATG;rbs_motif=AAA;rbs_spacer=12bp;gc_cont=0.304
NODE_4_length_379350_cov_35.042700:176643-176858|- -             72 11138                -            141    0.0052   14.7   0.0   1   1   1.7e-05    0.0061   14.4   0.0    66   103     7    44     4    59 0.87 NODE_4_length_379350_cov_35.042700_146 # 176643 # 176858 # -1 # ID=4_146;partial=00;start_type=ATG;rbs_motif=AAA;rbs_spacer=10bp;gc_cont=0.444
NODE_25_length_59335_cov_37.855614:48871-49224|-   -            118 11138                -            141     0.006   14.5   0.1   1   2   2.2e-05     0.008   14.1   0.0    66   104     9    47     1    78 0.84 NODE_25_length_59335_cov_37.855614_46 # 48871 # 49224 # -1 # ID=25_46;partial=00;start_type=ATG;rbs_motif=AAGAA;rbs_spacer=7bp;gc_cont=0.345
NODE_25_length_59335_cov_37.855614:48871-49224|-   -            118 11138                -            141     0.006   14.5   0.1   2   2       4.6   1.6e+03   -3.2   0.0    57    67    97   107    85   115 0.56 NODE_25_length_59335_cov_37.855614_46 # 48871 # 49224 # -1 # ID=25_46;partial=00;start_type=ATG;rbs_motif=AAGAA;rbs_spacer=7bp;gc_cont=0.345
NODE_15_length_100586_cov_37.517506:52895-53449|+  -            185 11138                -            141      0.01   13.7   0.1   1   1   3.9e-05     0.014   13.3   0.1    63   121     6    64     1    75 0.91 NODE_15_length_100586_cov_37.517506_41 # 52895 # 53449 # 1 # ID=15_41;partial=00;start_type=ATG;rbs_motif=TAAA;rbs_spacer=12bp;gc_cont=0.456
NODE_14_length_106925_cov_32.864293:50088-50789|-  -            234 11138                -            141     0.032   12.1   0.2   1   1   0.00016     0.059   11.3   0.2    68   126     2    59     1    73 0.81 NODE_14_length_106925_cov_32.864293_48 # 50088 # 50789 # -1 # ID=14_48;partial=00;start_type=ATG;rbs_motif=AAAAA;rbs_spacer=11bp;gc_cont=0.373
#
# Program:         hmmsearch
# Version:         3.4 (Aug 2023)
# Pipeline mode:   SEARCH
# Query file:      /home/kpchuang/Documents/03_whole_genome_assembly/01_raw_reads/short_reads_assembly/04_short_reads_assembly/04_busco_assessment/busco_downloads/lineages/archaea_odb12/hmms/11138at2157.hmm
# Target file:     /home/kpchuang/Documents/03_whole_genome_assembly/01_raw_reads/short_reads_assembly/04_short_reads_assembly/04_busco_assessment/busco_results/prodigal_output/predicted_genes/predicted.faa
# Option settings: hmmsearch --domtblout /home/kpchuang/Documents/03_whole_genome_assembly/01_raw_reads/short_reads_assembly/04_short_reads_assembly/04_busco_assessment/busco_results/auto_lineage/run_archaea_odb12/hmmer_output/11138at2157.out --cpu 1 /home/kpchuang/Documents/03_whole_genome_assembly/01_raw_reads/short_reads_assembly/04_short_reads_assembly/04_busco_assessment/busco_downloads/lineages/archaea_odb12/hmms/11138at2157.hmm /home/kpchuang/Documents/03_whole_genome_assembly/01_raw_reads/short_reads_assembly/04_short_reads_assembly/04_busco_assessment/busco_results/prodigal_output/predicted_genes/predicted.faa 
# Current dir:     /home/kpchuang/Documents/03_whole_genome_assembly/01_raw_reads/short_reads_assembly/04_short_reads_assembly/04_busco_assessment
# Date:            Thu Jan  1 15:36:29 2026
# [ok]
