#                                                                                                          --- full sequence --- -------------- this domain -------------   hmm coord   ali coord   env coord
# target name                                      accession   tlen query name           accession   qlen   E-value  score  bias   #  of  c-Evalue  i-Evalue  score  bias  from    to  from    to  from    to  acc description of target
#                              ------------------- ---------- ----- -------------------- ---------- ----- --------- ------ ----- --- --- --------- --------- ------ ----- ----- ----- ----- ----- ----- ----- ---- ---------------------
NODE_5_length_339081_cov_37.984555:252010-253284|+ -            425 146558               -            434  6.1e-102  339.5   0.1   1   1  1.3e-104  7.5e-102  339.2   0.1     2   416     1   421     1   423 0.90 NODE_5_length_339081_cov_37.984555_194 # 252010 # 253284 # 1 # ID=5_194;partial=00;start_type=ATG;rbs_motif=TAAA;rbs_spacer=13bp;gc_cont=0.559
NODE_10_length_157613_cov_33.680873:37297-40527|-  -           1077 146558               -            434   8.8e-14   49.0   1.5   1   3   1.5e-05    0.0089   12.7   0.2    73   197    90   217     8   232 0.79 NODE_10_length_157613_cov_33.680873_33 # 37297 # 40527 # -1 # ID=10_33;partial=00;start_type=ATG;rbs_motif=AAAA;rbs_spacer=11bp;gc_cont=0.508
NODE_10_length_157613_cov_33.680873:37297-40527|-  -           1077 146558               -            434   8.8e-14   49.0   1.5   2   3      0.84   4.9e+02   -2.9   0.0   276   290   286   300   245   302 0.66 NODE_10_length_157613_cov_33.680873_33 # 37297 # 40527 # -1 # ID=10_33;partial=00;start_type=ATG;rbs_motif=AAAA;rbs_spacer=11bp;gc_cont=0.508
NODE_10_length_157613_cov_33.680873:37297-40527|-  -           1077 146558               -            434   8.8e-14   49.0   1.5   3   3   4.5e-11   2.6e-08   30.9   0.0    30   291   599   850   586   875 0.79 NODE_10_length_157613_cov_33.680873_33 # 37297 # 40527 # -1 # ID=10_33;partial=00;start_type=ATG;rbs_motif=AAAA;rbs_spacer=11bp;gc_cont=0.508
NODE_18_length_83461_cov_37.247170:18740-21961|-   -           1074 146558               -            434   6.7e-13   46.1   0.6   1   2   2.9e-06    0.0017   15.1   0.2    85   209   105   228     6   304 0.81 NODE_18_length_83461_cov_37.247170_14 # 18740 # 21961 # -1 # ID=18_14;partial=00;start_type=ATG;rbs_motif=AATAA;rbs_spacer=5bp;gc_cont=0.457
NODE_18_length_83461_cov_37.247170:18740-21961|-   -           1074 146558               -            434   6.7e-13   46.1   0.6   2   2   3.5e-09     2e-06   24.7   0.0    32   291   596   845   582   870 0.78 NODE_18_length_83461_cov_37.247170_14 # 18740 # 21961 # -1 # ID=18_14;partial=00;start_type=ATG;rbs_motif=AATAA;rbs_spacer=5bp;gc_cont=0.457
NODE_14_length_106925_cov_32.864293:991-2157|+     -            389 146558               -            434   1.2e-08   32.1   0.0   1   1   2.8e-11   1.6e-08   31.6   0.0     2   197     2   197     1   213 0.80 NODE_14_length_106925_cov_32.864293_2 # 991 # 2157 # 1 # ID=14_2;partial=00;start_type=ATG;rbs_motif=TAA;rbs_spacer=11bp;gc_cont=0.461
NODE_12_length_125646_cov_35.366054:91298-92812|+  -            505 146558               -            434   3.2e-06   24.1   0.0   1   1   9.2e-09   5.4e-06   23.3   0.0    53   176    61   186    37   204 0.83 NODE_12_length_125646_cov_35.366054_86 # 91298 # 92812 # 1 # ID=12_86;partial=00;start_type=ATG;rbs_motif=TAA;rbs_spacer=13bp;gc_cont=0.512
NODE_4_length_379350_cov_35.042700:96536-98047|-   -            504 146558               -            434   6.4e-05   19.8   0.5   1   2   3.1e-06    0.0018   15.0   0.1    80   174    88   183    42   203 0.81 NODE_4_length_379350_cov_35.042700_87 # 96536 # 98047 # -1 # ID=4_87;partial=00;start_type=ATG;rbs_motif=None;rbs_spacer=None;gc_cont=0.493
NODE_4_length_379350_cov_35.042700:96536-98047|-   -            504 146558               -            434   6.4e-05   19.8   0.5   2   2     0.015       8.8    2.9   0.0   236   290   241   292   237   297 0.79 NODE_4_length_379350_cov_35.042700_87 # 96536 # 98047 # -1 # ID=4_87;partial=00;start_type=ATG;rbs_motif=None;rbs_spacer=None;gc_cont=0.493
NODE_13_length_112248_cov_33.996069:41252-41680|-  -            143 146558               -            434    0.0012   15.6   0.0   1   1   2.5e-06    0.0015   15.3   0.0   293   352    24    84     9    93 0.84 NODE_13_length_112248_cov_33.996069_40 # 41252 # 41680 # -1 # ID=13_40;partial=00;start_type=ATG;rbs_motif=TAA;rbs_spacer=4bp;gc_cont=0.464
NODE_17_length_84920_cov_37.904058:43663-44070|-   -            136 146558               -            434    0.0068   13.1   0.0   1   1   1.5e-05    0.0086   12.8   0.0   293   351    24    83    19    94 0.85 NODE_17_length_84920_cov_37.904058_29 # 43663 # 44070 # -1 # ID=17_29;partial=00;start_type=ATG;rbs_motif=TAAA;rbs_spacer=11bp;gc_cont=0.458
#
# Program:         hmmsearch
# Version:         3.4 (Aug 2023)
# Pipeline mode:   SEARCH
# Query file:      /home/kpchuang/Documents/03_whole_genome_assembly/01_raw_reads/short_reads_assembly/04_short_reads_assembly/04_busco_assessment/busco_downloads/lineages/archaea_odb12/hmms/146558at2157.hmm
# Target file:     /home/kpchuang/Documents/03_whole_genome_assembly/01_raw_reads/short_reads_assembly/04_short_reads_assembly/04_busco_assessment/busco_results/prodigal_output/predicted_genes/predicted.faa
# Option settings: hmmsearch --domtblout /home/kpchuang/Documents/03_whole_genome_assembly/01_raw_reads/short_reads_assembly/04_short_reads_assembly/04_busco_assessment/busco_results/auto_lineage/run_archaea_odb12/hmmer_output/146558at2157.out --cpu 1 /home/kpchuang/Documents/03_whole_genome_assembly/01_raw_reads/short_reads_assembly/04_short_reads_assembly/04_busco_assessment/busco_downloads/lineages/archaea_odb12/hmms/146558at2157.hmm /home/kpchuang/Documents/03_whole_genome_assembly/01_raw_reads/short_reads_assembly/04_short_reads_assembly/04_busco_assessment/busco_results/prodigal_output/predicted_genes/predicted.faa 
# Current dir:     /home/kpchuang/Documents/03_whole_genome_assembly/01_raw_reads/short_reads_assembly/04_short_reads_assembly/04_busco_assessment
# Date:            Thu Jan  1 15:36:29 2026
# [ok]
