#                                                                                                           --- full sequence --- -------------- this domain -------------   hmm coord   ali coord   env coord
# target name                                       accession   tlen query name           accession   qlen   E-value  score  bias   #  of  c-Evalue  i-Evalue  score  bias  from    to  from    to  from    to  acc description of target
#                               ------------------- ---------- ----- -------------------- ---------- ----- --------- ------ ----- --- --- --------- --------- ------ ----- ----- ----- ----- ----- ----- ----- ---- ---------------------
NODE_25_length_59335_cov_37.855614:35814-37169|+    -            452 15212                -            460     5e-25   86.2   5.2   1   2   1.1e-06   0.00076   16.4   0.2   118   150    11    43     3    45 0.88 NODE_25_length_59335_cov_37.855614_34 # 35814 # 37169 # 1 # ID=25_34;partial=00;start_type=ATG;rbs_motif=AATAA;rbs_spacer=4bp;gc_cont=0.462
NODE_25_length_59335_cov_37.855614:35814-37169|+    -            452 15212                -            460     5e-25   86.2   5.2   2   2   8.3e-22   5.5e-19   66.3   1.2   167   450    96   440    93   447 0.74 NODE_25_length_59335_cov_37.855614_34 # 35814 # 37169 # 1 # ID=25_34;partial=00;start_type=ATG;rbs_motif=AATAA;rbs_spacer=4bp;gc_cont=0.462
NODE_13_length_112248_cov_33.996069:101011-102558|+ -            516 15212                -            460   2.8e-13   47.5   0.2   1   2   6.9e-11   4.6e-08   30.3   0.2   208   270   335   404   331   434 0.83 NODE_13_length_112248_cov_33.996069_99 # 101011 # 102558 # 1 # ID=13_99;partial=00;start_type=ATG;rbs_motif=TAAAAA;rbs_spacer=7bp;gc_cont=0.502
NODE_13_length_112248_cov_33.996069:101011-102558|+ -            516 15212                -            460   2.8e-13   47.5   0.2   2   2   3.8e-06    0.0025   14.6   0.0   210   255   442   485   437   507 0.86 NODE_13_length_112248_cov_33.996069_99 # 101011 # 102558 # 1 # ID=13_99;partial=00;start_type=ATG;rbs_motif=TAAAAA;rbs_spacer=7bp;gc_cont=0.502
NODE_6_length_338063_cov_36.607788:1392-3119|-      -            576 15212                -            460   0.00074   16.4   0.0   1   1   2.1e-06    0.0014   15.5   0.0   203   289   107   199   101   247 0.77 NODE_6_length_338063_cov_36.607788_3 # 1392 # 3119 # -1 # ID=6_3;partial=00;start_type=ATG;rbs_motif=TAA;rbs_spacer=11bp;gc_cont=0.480
NODE_2_length_424706_cov_34.285840:224488-225858|+  -            457 15212                -            460   0.00091   16.1   0.1   1   2   2.4e-06    0.0016   15.3   0.0   211   269   113   168   106   237 0.78 NODE_2_length_424706_cov_34.285840_178 # 224488 # 225858 # 1 # ID=2_178;partial=00;start_type=ATG;rbs_motif=None;rbs_spacer=None;gc_cont=0.427
NODE_2_length_424706_cov_34.285840:224488-225858|+  -            457 15212                -            460   0.00091   16.1   0.1   2   2       1.2   8.2e+02   -3.5   0.0   234   264   283   313   272   348 0.65 NODE_2_length_424706_cov_34.285840_178 # 224488 # 225858 # 1 # ID=2_178;partial=00;start_type=ATG;rbs_motif=None;rbs_spacer=None;gc_cont=0.427
NODE_16_length_96149_cov_39.011366:52589-54274|+    -            562 15212                -            460     0.003   14.4   0.0   1   1   7.3e-06    0.0048   13.7   0.0   212   289   113   197    99   235 0.74 NODE_16_length_96149_cov_39.011366_41 # 52589 # 54274 # 1 # ID=16_41;partial=00;start_type=ATG;rbs_motif=TAA;rbs_spacer=10bp;gc_cont=0.482
NODE_5_length_339081_cov_37.984555:273390-276662|+  -           1091 15212                -            460    0.0031   14.4   0.0   1   1   6.9e-06    0.0046   13.8   0.0   206   271   797   865   787   891 0.79 NODE_5_length_339081_cov_37.984555_212 # 273390 # 276662 # 1 # ID=5_212;partial=00;start_type=ATG;rbs_motif=TAA;rbs_spacer=11bp;gc_cont=0.476
NODE_34_length_34313_cov_39.172538:1944-3566|-      -            541 15212                -            460    0.0092   12.8   0.0   1   1   2.2e-05     0.014   12.2   0.0   205   269    94   159    87   216 0.66 NODE_34_length_34313_cov_39.172538_3 # 1944 # 3566 # -1 # ID=34_3;partial=00;start_type=ATG;rbs_motif=TAAA;rbs_spacer=11bp;gc_cont=0.446
#
# Program:         hmmsearch
# Version:         3.4 (Aug 2023)
# Pipeline mode:   SEARCH
# Query file:      /home/kpchuang/Documents/03_whole_genome_assembly/01_raw_reads/short_reads_assembly/04_short_reads_assembly/04_busco_assessment/busco_downloads/lineages/archaea_odb12/hmms/15212at2157.hmm
# Target file:     /home/kpchuang/Documents/03_whole_genome_assembly/01_raw_reads/short_reads_assembly/04_short_reads_assembly/04_busco_assessment/busco_results/prodigal_output/predicted_genes/predicted.faa
# Option settings: hmmsearch --domtblout /home/kpchuang/Documents/03_whole_genome_assembly/01_raw_reads/short_reads_assembly/04_short_reads_assembly/04_busco_assessment/busco_results/auto_lineage/run_archaea_odb12/hmmer_output/15212at2157.out --cpu 1 /home/kpchuang/Documents/03_whole_genome_assembly/01_raw_reads/short_reads_assembly/04_short_reads_assembly/04_busco_assessment/busco_downloads/lineages/archaea_odb12/hmms/15212at2157.hmm /home/kpchuang/Documents/03_whole_genome_assembly/01_raw_reads/short_reads_assembly/04_short_reads_assembly/04_busco_assessment/busco_results/prodigal_output/predicted_genes/predicted.faa 
# Current dir:     /home/kpchuang/Documents/03_whole_genome_assembly/01_raw_reads/short_reads_assembly/04_short_reads_assembly/04_busco_assessment
# Date:            Thu Jan  1 15:36:29 2026
# [ok]
