#                                                                                                          --- full sequence --- -------------- this domain -------------   hmm coord   ali coord   env coord
# target name                                      accession   tlen query name           accession   qlen   E-value  score  bias   #  of  c-Evalue  i-Evalue  score  bias  from    to  from    to  from    to  acc description of target
#                              ------------------- ---------- ----- -------------------- ---------- ----- --------- ------ ----- --- --- --------- --------- ------ ----- ----- ----- ----- ----- ----- ----- ---- ---------------------
NODE_3_length_402718_cov_33.543387:122434-125859|+ -           1142 30823                -            882  4.6e-213  707.6  23.5   1   4   3.7e-82   2.8e-79  264.9   2.9     4   327    12   381     9   403 0.85 NODE_3_length_402718_cov_33.543387_103 # 122434 # 125859 # 1 # ID=3_103;partial=00;start_type=ATG;rbs_motif=TAAAA;rbs_spacer=14bp;gc_cont=0.415
NODE_3_length_402718_cov_33.543387:122434-125859|+ -           1142 30823                -            882  4.6e-213  707.6  23.5   2   4   1.3e-35   9.7e-33  111.0   2.9   339   453   435   552   398   555 0.83 NODE_3_length_402718_cov_33.543387_103 # 122434 # 125859 # 1 # ID=3_103;partial=00;start_type=ATG;rbs_motif=TAAAA;rbs_spacer=14bp;gc_cont=0.415
NODE_3_length_402718_cov_33.543387:122434-125859|+ -           1142 30823                -            882  4.6e-213  707.6  23.5   3   4   2.8e-94   2.2e-91  305.0   0.1   447   788   578   960   572   967 0.86 NODE_3_length_402718_cov_33.543387_103 # 122434 # 125859 # 1 # ID=3_103;partial=00;start_type=ATG;rbs_motif=TAAAA;rbs_spacer=14bp;gc_cont=0.415
NODE_3_length_402718_cov_33.543387:122434-125859|+ -           1142 30823                -            882  4.6e-213  707.6  23.5   4   4   3.2e-12   2.5e-09   33.5   0.2   735   844   985  1092   963  1125 0.76 NODE_3_length_402718_cov_33.543387_103 # 122434 # 125859 # 1 # ID=3_103;partial=00;start_type=ATG;rbs_motif=TAAAA;rbs_spacer=14bp;gc_cont=0.415
NODE_6_length_338063_cov_36.607788:103793-106423|+ -            877 30823                -            882   2.5e-98  328.0   0.2   1   2   1.2e-36   9.5e-34  114.3   0.4     4   226     8   232     5   246 0.95 NODE_6_length_338063_cov_36.607788_86 # 103793 # 106423 # 1 # ID=6_86;partial=00;start_type=ATG;rbs_motif=TAAAA;rbs_spacer=14bp;gc_cont=0.452
NODE_6_length_338063_cov_36.607788:103793-106423|+ -            877 30823                -            882   2.5e-98  328.0   0.2   2   2   5.1e-66   3.9e-63  211.5   0.0   280   800   252   794   234   801 0.86 NODE_6_length_338063_cov_36.607788_86 # 103793 # 106423 # 1 # ID=6_86;partial=00;start_type=ATG;rbs_motif=TAAAA;rbs_spacer=14bp;gc_cont=0.452
NODE_5_length_339081_cov_37.984555:335390-338221|- -            944 30823                -            882   2.3e-33  113.0  14.6   1   6   3.8e-16   2.9e-13   46.5   2.5     4   156     4   143     1   155 0.83 NODE_5_length_339081_cov_37.984555_271 # 335390 # 338221 # -1 # ID=5_271;partial=00;start_type=ATG;rbs_motif=TAAA;rbs_spacer=15bp;gc_cont=0.430
NODE_5_length_339081_cov_37.984555:335390-338221|- -            944 30823                -            882   2.3e-33  113.0  14.6   2   6    0.0052         4    3.0   0.0   162   183   206   227   178   233 0.73 NODE_5_length_339081_cov_37.984555_271 # 335390 # 338221 # -1 # ID=5_271;partial=00;start_type=ATG;rbs_motif=TAAA;rbs_spacer=15bp;gc_cont=0.430
NODE_5_length_339081_cov_37.984555:335390-338221|- -            944 30823                -            882   2.3e-33  113.0  14.6   3   6     8e-05     0.062    9.0   0.0   367   413   234   279   229   286 0.85 NODE_5_length_339081_cov_37.984555_271 # 335390 # 338221 # -1 # ID=5_271;partial=00;start_type=ATG;rbs_motif=TAAA;rbs_spacer=15bp;gc_cont=0.430
NODE_5_length_339081_cov_37.984555:335390-338221|- -            944 30823                -            882   2.3e-33  113.0  14.6   4   6    0.0035       2.7    3.6   0.0   278   322   371   417   281   428 0.62 NODE_5_length_339081_cov_37.984555_271 # 335390 # 338221 # -1 # ID=5_271;partial=00;start_type=ATG;rbs_motif=TAAA;rbs_spacer=15bp;gc_cont=0.430
NODE_5_length_339081_cov_37.984555:335390-338221|- -            944 30823                -            882   2.3e-33  113.0  14.6   5   6   8.3e-06    0.0065   12.3   0.0   415   439   477   501   453   509 0.75 NODE_5_length_339081_cov_37.984555_271 # 335390 # 338221 # -1 # ID=5_271;partial=00;start_type=ATG;rbs_motif=TAAA;rbs_spacer=15bp;gc_cont=0.430
NODE_5_length_339081_cov_37.984555:335390-338221|- -            944 30823                -            882   2.3e-33  113.0  14.6   6   6   1.3e-11     1e-08   31.5   0.1   540   727   716   876   705   893 0.81 NODE_5_length_339081_cov_37.984555_271 # 335390 # 338221 # -1 # ID=5_271;partial=00;start_type=ATG;rbs_motif=TAAA;rbs_spacer=15bp;gc_cont=0.430
NODE_22_length_72694_cov_38.560489:57864-59903|+   -            680 30823                -            882     3e-16   56.4   5.6   1   3   5.4e-10   4.2e-07   26.2   0.0    38    89    15    67     6   126 0.94 NODE_22_length_72694_cov_38.560489_54 # 57864 # 59903 # 1 # ID=22_54;partial=00;start_type=ATG;rbs_motif=None;rbs_spacer=None;gc_cont=0.486
NODE_22_length_72694_cov_38.560489:57864-59903|+   -            680 30823                -            882     3e-16   56.4   5.6   2   3   9.6e-05     0.074    8.8   1.1   373   442   185   256   179   266 0.81 NODE_22_length_72694_cov_38.560489_54 # 57864 # 59903 # 1 # ID=22_54;partial=00;start_type=ATG;rbs_motif=None;rbs_spacer=None;gc_cont=0.486
NODE_22_length_72694_cov_38.560489:57864-59903|+   -            680 30823                -            882     3e-16   56.4   5.6   3   3   9.7e-09   7.5e-06   22.0   0.1   535   710   326   509   317   552 0.77 NODE_22_length_72694_cov_38.560489_54 # 57864 # 59903 # 1 # ID=22_54;partial=00;start_type=ATG;rbs_motif=None;rbs_spacer=None;gc_cont=0.486
NODE_5_length_339081_cov_37.984555:181574-183049|+ -            492 30823                -            882   7.2e-07   25.4   0.2   1   2   9.3e-05     0.072    8.8   0.0    33    70    29    65    11    68 0.88 NODE_5_length_339081_cov_37.984555_138 # 181574 # 183049 # 1 # ID=5_138;partial=00;start_type=ATG;rbs_motif=TAAA;rbs_spacer=11bp;gc_cont=0.488
NODE_5_length_339081_cov_37.984555:181574-183049|+ -            492 30823                -            882   7.2e-07   25.4   0.2   2   2   1.9e-06    0.0015   14.4   0.0   528   595   270   346   255   359 0.80 NODE_5_length_339081_cov_37.984555_138 # 181574 # 183049 # 1 # ID=5_138;partial=00;start_type=ATG;rbs_motif=TAAA;rbs_spacer=11bp;gc_cont=0.488
NODE_14_length_106925_cov_32.864293:81007-81603|+  -            199 30823                -            882    0.0018   14.1   1.0   1   1     3e-06    0.0023   13.8   1.0   628   697    28    97    10   112 0.90 NODE_14_length_106925_cov_32.864293_72 # 81007 # 81603 # 1 # ID=14_72;partial=00;start_type=ATG;rbs_motif=TAAAA;rbs_spacer=13bp;gc_cont=0.302
#
# Program:         hmmsearch
# Version:         3.4 (Aug 2023)
# Pipeline mode:   SEARCH
# Query file:      /home/kpchuang/Documents/03_whole_genome_assembly/01_raw_reads/short_reads_assembly/04_short_reads_assembly/04_busco_assessment/busco_downloads/lineages/archaea_odb12/hmms/30823at2157.hmm
# Target file:     /home/kpchuang/Documents/03_whole_genome_assembly/01_raw_reads/short_reads_assembly/04_short_reads_assembly/04_busco_assessment/busco_results/prodigal_output/predicted_genes/predicted.faa
# Option settings: hmmsearch --domtblout /home/kpchuang/Documents/03_whole_genome_assembly/01_raw_reads/short_reads_assembly/04_short_reads_assembly/04_busco_assessment/busco_results/auto_lineage/run_archaea_odb12/hmmer_output/30823at2157.out --cpu 1 /home/kpchuang/Documents/03_whole_genome_assembly/01_raw_reads/short_reads_assembly/04_short_reads_assembly/04_busco_assessment/busco_downloads/lineages/archaea_odb12/hmms/30823at2157.hmm /home/kpchuang/Documents/03_whole_genome_assembly/01_raw_reads/short_reads_assembly/04_short_reads_assembly/04_busco_assessment/busco_results/prodigal_output/predicted_genes/predicted.faa 
# Current dir:     /home/kpchuang/Documents/03_whole_genome_assembly/01_raw_reads/short_reads_assembly/04_short_reads_assembly/04_busco_assessment
# Date:            Thu Jan  1 15:36:30 2026
# [ok]
