#                                                                                                           --- full sequence --- -------------- this domain -------------   hmm coord   ali coord   env coord
# target name                                       accession   tlen query name           accession   qlen   E-value  score  bias   #  of  c-Evalue  i-Evalue  score  bias  from    to  from    to  from    to  acc description of target
#                               ------------------- ---------- ----- -------------------- ---------- ----- --------- ------ ----- --- --- --------- --------- ------ ----- ----- ----- ----- ----- ----- ----- ---- ---------------------
NODE_5_length_339081_cov_37.984555:116141-119191|-  -           1017 30957                -            582   3.1e-45  153.0  38.4   1   3   2.7e-39     1e-36  124.8   4.6     3   133   515   631   513   646 0.92 NODE_5_length_339081_cov_37.984555_82 # 116141 # 119191 # -1 # ID=5_82;partial=00;start_type=ATG;rbs_motif=TAAA;rbs_spacer=7bp;gc_cont=0.442
NODE_5_length_339081_cov_37.984555:116141-119191|-  -           1017 30957                -            582   3.1e-45  153.0  38.4   2   3   2.1e-06   0.00081   16.2   0.2   194   274   660   734   648   746 0.82 NODE_5_length_339081_cov_37.984555_82 # 116141 # 119191 # -1 # ID=5_82;partial=00;start_type=ATG;rbs_motif=TAAA;rbs_spacer=7bp;gc_cont=0.442
NODE_5_length_339081_cov_37.984555:116141-119191|-  -           1017 30957                -            582   3.1e-45  153.0  38.4   3   3   8.1e-11   3.1e-08   30.8   8.0   344   523   814   992   801  1013 0.76 NODE_5_length_339081_cov_37.984555_82 # 116141 # 119191 # -1 # ID=5_82;partial=00;start_type=ATG;rbs_motif=TAAA;rbs_spacer=7bp;gc_cont=0.442
NODE_15_length_100586_cov_37.517506:75446-77371|+   -            642 30957                -            582   2.5e-12   44.3   0.6   1   1   1.7e-14   6.6e-12   42.9   0.6    10   170     8   171     3   180 0.86 NODE_15_length_100586_cov_37.517506_60 # 75446 # 77371 # 1 # ID=15_60;partial=00;start_type=ATG;rbs_motif=TAA;rbs_spacer=5bp;gc_cont=0.398
NODE_11_length_153230_cov_39.213473:104491-105675|- -            395 30957                -            582   1.1e-11   42.1   0.7   1   2     3e-14   1.1e-11   42.1   0.7    10   134    17   143     8   154 0.84 NODE_11_length_153230_cov_39.213473_98 # 104491 # 105675 # -1 # ID=11_98;partial=00;start_type=ATG;rbs_motif=TAA;rbs_spacer=11bp;gc_cont=0.449
NODE_11_length_153230_cov_39.213473:104491-105675|- -            395 30957                -            582   1.1e-11   42.1   0.7   2   2       2.7   1.1e+03   -4.0   0.3   239   272   222   258   217   264 0.66 NODE_11_length_153230_cov_39.213473_98 # 104491 # 105675 # -1 # ID=11_98;partial=00;start_type=ATG;rbs_motif=TAA;rbs_spacer=11bp;gc_cont=0.449
NODE_39_length_22776_cov_32.999692:1170-3095|+      -            642 30957                -            582   2.8e-11   40.8   1.2   1   1   1.6e-13   6.2e-11   39.7   1.2    10   165     8   166     3   179 0.81 NODE_39_length_22776_cov_32.999692_2 # 1170 # 3095 # 1 # ID=39_2;partial=00;start_type=ATG;rbs_motif=TAA;rbs_spacer=4bp;gc_cont=0.381
NODE_24_length_70082_cov_35.438369:46377-47951|-    -            525 30957                -            582   3.6e-11   40.5   0.3   1   1   1.4e-13   5.6e-11   39.8   0.3     3   131     8   143     6   147 0.77 NODE_24_length_70082_cov_35.438369_44 # 46377 # 47951 # -1 # ID=24_44;partial=00;start_type=ATG;rbs_motif=None;rbs_spacer=None;gc_cont=0.451
NODE_31_length_40986_cov_32.361314:4078-5859|+      -            594 30957                -            582   6.2e-11   39.7   0.1   1   3   1.6e-13   6.2e-11   39.7   0.1     9   147     8   148     3   172 0.87 NODE_31_length_40986_cov_32.361314_7 # 4078 # 5859 # 1 # ID=31_7;partial=00;start_type=ATG;rbs_motif=TAA;rbs_spacer=14bp;gc_cont=0.453
NODE_31_length_40986_cov_32.361314:4078-5859|+      -            594 30957                -            582   6.2e-11   39.7   0.1   2   3      0.32   1.2e+02   -0.9   0.1   462   538   193   271   186   288 0.62 NODE_31_length_40986_cov_32.361314_7 # 4078 # 5859 # 1 # ID=31_7;partial=00;start_type=ATG;rbs_motif=TAA;rbs_spacer=14bp;gc_cont=0.453
NODE_31_length_40986_cov_32.361314:4078-5859|+      -            594 30957                -            582   6.2e-11   39.7   0.1   3   3      0.96   3.7e+02   -2.5   0.1   282   314   513   543   509   547 0.74 NODE_31_length_40986_cov_32.361314_7 # 4078 # 5859 # 1 # ID=31_7;partial=00;start_type=ATG;rbs_motif=TAA;rbs_spacer=14bp;gc_cont=0.453
NODE_4_length_379350_cov_35.042700:42972-44402|-    -            477 30957                -            582   1.1e-10   38.9   0.0   1   2   1.2e-11   4.6e-09   33.5   0.0    69   141   101   174    91   183 0.85 NODE_4_length_379350_cov_35.042700_38 # 42972 # 44402 # -1 # ID=4_38;partial=00;start_type=ATG;rbs_motif=TAA;rbs_spacer=11bp;gc_cont=0.435
NODE_4_length_379350_cov_35.042700:42972-44402|-    -            477 30957                -            582   1.1e-10   38.9   0.0   2   2     0.021       8.3    2.9   0.0   477   527   257   307   230   323 0.90 NODE_4_length_379350_cov_35.042700_38 # 42972 # 44402 # -1 # ID=4_38;partial=00;start_type=ATG;rbs_motif=TAA;rbs_spacer=11bp;gc_cont=0.435
NODE_18_length_83461_cov_37.247170:78998-80311|-    -            438 30957                -            582   1.6e-10   38.3   3.4   1   3      0.42   1.6e+02   -1.3   0.0     7    37     4    36     3    40 0.84 NODE_18_length_83461_cov_37.247170_65 # 78998 # 80311 # -1 # ID=18_65;partial=00;start_type=ATG;rbs_motif=TAAA;rbs_spacer=11bp;gc_cont=0.432
NODE_18_length_83461_cov_37.247170:78998-80311|-    -            438 30957                -            582   1.6e-10   38.3   3.4   2   3   3.8e-07   0.00015   18.6   0.2    91   131    83   123    79   132 0.94 NODE_18_length_83461_cov_37.247170_65 # 78998 # 80311 # -1 # ID=18_65;partial=00;start_type=ATG;rbs_motif=TAAA;rbs_spacer=11bp;gc_cont=0.432
NODE_18_length_83461_cov_37.247170:78998-80311|-    -            438 30957                -            582   1.6e-10   38.3   3.4   3   3   2.7e-07    0.0001   19.1   0.1    91   148   258   315   244   320 0.87 NODE_18_length_83461_cov_37.247170_65 # 78998 # 80311 # -1 # ID=18_65;partial=00;start_type=ATG;rbs_motif=TAAA;rbs_spacer=11bp;gc_cont=0.432
NODE_27_length_55795_cov_35.058976:20133-21932|+    -            600 30957                -            582   5.3e-10   36.6   2.1   1   2   1.6e-12   6.3e-10   36.4   0.8     8   131     7   131     2   158 0.75 NODE_27_length_55795_cov_35.058976_17 # 20133 # 21932 # 1 # ID=27_17;partial=00;start_type=ATG;rbs_motif=AATAA;rbs_spacer=10bp;gc_cont=0.445
NODE_27_length_55795_cov_35.058976:20133-21932|+    -            600 30957                -            582   5.3e-10   36.6   2.1   2   2       2.7     1e+03   -4.0   0.0   251   274   226   250   223   258 0.66 NODE_27_length_55795_cov_35.058976_17 # 20133 # 21932 # 1 # ID=27_17;partial=00;start_type=ATG;rbs_motif=AATAA;rbs_spacer=10bp;gc_cont=0.445
NODE_27_length_55795_cov_35.058976:33864-35663|-    -            600 30957                -            582   5.3e-10   36.6   2.1   1   2   1.6e-12   6.3e-10   36.4   0.8     8   131     7   131     2   158 0.75 NODE_27_length_55795_cov_35.058976_22 # 33864 # 35663 # -1 # ID=27_22;partial=00;start_type=ATG;rbs_motif=AATAA;rbs_spacer=10bp;gc_cont=0.444
NODE_27_length_55795_cov_35.058976:33864-35663|-    -            600 30957                -            582   5.3e-10   36.6   2.1   2   2       2.7     1e+03   -4.0   0.0   251   274   226   250   223   258 0.66 NODE_27_length_55795_cov_35.058976_22 # 33864 # 35663 # -1 # ID=27_22;partial=00;start_type=ATG;rbs_motif=AATAA;rbs_spacer=10bp;gc_cont=0.444
NODE_11_length_153230_cov_39.213473:86373-88490|-   -            706 30957                -            582    0.0016   15.3   0.0   1   1   8.5e-06    0.0033   14.2   0.0     9   131    13   142     8   153 0.72 NODE_11_length_153230_cov_39.213473_83 # 86373 # 88490 # -1 # ID=11_83;partial=00;start_type=ATG;rbs_motif=TAAA;rbs_spacer=11bp;gc_cont=0.447
NODE_49_length_8408_cov_766.459609:4368-5348|+      -            327 30957                -            582     0.028   11.1   0.9   1   2     0.027        10    2.6   0.1   411   445    14    48     5    66 0.77 NODE_49_length_8408_cov_766.459609_8 # 4368 # 5348 # 1 # ID=49_8;partial=00;start_type=ATG;rbs_motif=AAAA;rbs_spacer=11bp;gc_cont=0.383
NODE_49_length_8408_cov_766.459609:4368-5348|+      -            327 30957                -            582     0.028   11.1   0.9   2   2    0.0012      0.47    7.1   0.1   141   189   147   195   131   198 0.69 NODE_49_length_8408_cov_766.459609_8 # 4368 # 5348 # 1 # ID=49_8;partial=00;start_type=ATG;rbs_motif=AAAA;rbs_spacer=11bp;gc_cont=0.383
#
# Program:         hmmsearch
# Version:         3.4 (Aug 2023)
# Pipeline mode:   SEARCH
# Query file:      /home/kpchuang/Documents/03_whole_genome_assembly/01_raw_reads/short_reads_assembly/04_short_reads_assembly/04_busco_assessment/busco_downloads/lineages/archaea_odb12/hmms/30957at2157.hmm
# Target file:     /home/kpchuang/Documents/03_whole_genome_assembly/01_raw_reads/short_reads_assembly/04_short_reads_assembly/04_busco_assessment/busco_results/prodigal_output/predicted_genes/predicted.faa
# Option settings: hmmsearch --domtblout /home/kpchuang/Documents/03_whole_genome_assembly/01_raw_reads/short_reads_assembly/04_short_reads_assembly/04_busco_assessment/busco_results/auto_lineage/run_archaea_odb12/hmmer_output/30957at2157.out --cpu 1 /home/kpchuang/Documents/03_whole_genome_assembly/01_raw_reads/short_reads_assembly/04_short_reads_assembly/04_busco_assessment/busco_downloads/lineages/archaea_odb12/hmms/30957at2157.hmm /home/kpchuang/Documents/03_whole_genome_assembly/01_raw_reads/short_reads_assembly/04_short_reads_assembly/04_busco_assessment/busco_results/prodigal_output/predicted_genes/predicted.faa 
# Current dir:     /home/kpchuang/Documents/03_whole_genome_assembly/01_raw_reads/short_reads_assembly/04_short_reads_assembly/04_busco_assessment
# Date:            Thu Jan  1 15:36:30 2026
# [ok]
