#                                                                                                           --- full sequence --- -------------- this domain -------------   hmm coord   ali coord   env coord
# target name                                       accession   tlen query name           accession   qlen   E-value  score  bias   #  of  c-Evalue  i-Evalue  score  bias  from    to  from    to  from    to  acc description of target
#                               ------------------- ---------- ----- -------------------- ---------- ----- --------- ------ ----- --- --- --------- --------- ------ ----- ----- ----- ----- ----- ----- ----- ---- ---------------------
NODE_10_length_157613_cov_33.680873:152573-153892|- -            440 32941                -            451  5.4e-104  346.3   0.1   1   1  6.7e-107  6.2e-104  346.1   0.1     2   450     8   438     7   439 0.93 NODE_10_length_157613_cov_33.680873_130 # 152573 # 153892 # -1 # ID=10_130;partial=00;start_type=ATG;rbs_motif=AATAA;rbs_spacer=4bp;gc_cont=0.473
NODE_14_length_106925_cov_32.864293:7474-9057|+     -            528 32941                -            451   1.7e-37  127.1   2.6   1   1   2.8e-38   2.6e-35  119.9   2.5     5   349    31   394    27   402 0.87 NODE_14_length_106925_cov_32.864293_10 # 7474 # 9057 # 1 # ID=14_10;partial=00;start_type=ATG;rbs_motif=TAA;rbs_spacer=13bp;gc_cont=0.463
NODE_14_length_106925_cov_32.864293:2728-4245|+     -            506 32941                -            451   1.4e-35  120.8   3.3   1   2   5.4e-17     5e-14   49.8   0.7    24   201    31   208     3   219 0.83 NODE_14_length_106925_cov_32.864293_3 # 2728 # 4245 # 1 # ID=14_3;partial=00;start_type=ATG;rbs_motif=TAAAAA;rbs_spacer=8bp;gc_cont=0.458
NODE_14_length_106925_cov_32.864293:2728-4245|+     -            506 32941                -            451   1.4e-35  120.8   3.3   2   2   1.3e-23   1.2e-20   71.6   0.1   203   412   237   443   225   449 0.88 NODE_14_length_106925_cov_32.864293_3 # 2728 # 4245 # 1 # ID=14_3;partial=00;start_type=ATG;rbs_motif=TAAAAA;rbs_spacer=8bp;gc_cont=0.458
NODE_10_length_157613_cov_33.680873:153922-155679|- -            586 32941                -            451   9.3e-32  108.2   2.1   1   2     4e-10   3.7e-07   27.1   0.3     6   100     6   100     1   106 0.90 NODE_10_length_157613_cov_33.680873_131 # 153922 # 155679 # -1 # ID=10_131;partial=00;start_type=ATG;rbs_motif=TAAAAA;rbs_spacer=5bp;gc_cont=0.451
NODE_10_length_157613_cov_33.680873:153922-155679|- -            586 32941                -            451   9.3e-32  108.2   2.1   2   2     2e-26   1.9e-23   80.8   0.1   107   389   194   484   171   513 0.84 NODE_10_length_157613_cov_33.680873_131 # 153922 # 155679 # -1 # ID=10_131;partial=00;start_type=ATG;rbs_motif=TAAAAA;rbs_spacer=5bp;gc_cont=0.451
NODE_7_length_286996_cov_37.800226:109520-110008|+  -            163 32941                -            451    0.0028   14.3   0.0   1   1   3.8e-06    0.0036   14.0   0.0   396   438    62   104    43   110 0.86 NODE_7_length_286996_cov_37.800226_79 # 109520 # 110008 # 1 # ID=7_79;partial=00;start_type=ATG;rbs_motif=TAA;rbs_spacer=12bp;gc_cont=0.483
#
# Program:         hmmsearch
# Version:         3.4 (Aug 2023)
# Pipeline mode:   SEARCH
# Query file:      /home/kpchuang/Documents/03_whole_genome_assembly/01_raw_reads/short_reads_assembly/04_short_reads_assembly/04_busco_assessment/busco_downloads/lineages/archaea_odb12/hmms/32941at2157.hmm
# Target file:     /home/kpchuang/Documents/03_whole_genome_assembly/01_raw_reads/short_reads_assembly/04_short_reads_assembly/04_busco_assessment/busco_results/prodigal_output/predicted_genes/predicted.faa
# Option settings: hmmsearch --domtblout /home/kpchuang/Documents/03_whole_genome_assembly/01_raw_reads/short_reads_assembly/04_short_reads_assembly/04_busco_assessment/busco_results/auto_lineage/run_archaea_odb12/hmmer_output/32941at2157.out --cpu 1 /home/kpchuang/Documents/03_whole_genome_assembly/01_raw_reads/short_reads_assembly/04_short_reads_assembly/04_busco_assessment/busco_downloads/lineages/archaea_odb12/hmms/32941at2157.hmm /home/kpchuang/Documents/03_whole_genome_assembly/01_raw_reads/short_reads_assembly/04_short_reads_assembly/04_busco_assessment/busco_results/prodigal_output/predicted_genes/predicted.faa 
# Current dir:     /home/kpchuang/Documents/03_whole_genome_assembly/01_raw_reads/short_reads_assembly/04_short_reads_assembly/04_busco_assessment
# Date:            Thu Jan  1 15:36:30 2026
# [ok]
