#                                                                                                          --- full sequence --- -------------- this domain -------------   hmm coord   ali coord   env coord
# target name                                      accession   tlen query name           accession   qlen   E-value  score  bias   #  of  c-Evalue  i-Evalue  score  bias  from    to  from    to  from    to  acc description of target
#                              ------------------- ---------- ----- -------------------- ---------- ----- --------- ------ ----- --- --- --------- --------- ------ ----- ----- ----- ----- ----- ----- ----- ---- ---------------------
NODE_4_length_379350_cov_35.042700:246988-247767|+ -            260 35104                -             53    0.0004   18.3   1.4   1   1   7.3e-07   0.00068   17.6   1.4     3    31   103   131   101   135 0.92 NODE_4_length_379350_cov_35.042700_210 # 246988 # 247767 # 1 # ID=4_210;partial=00;start_type=ATG;rbs_motif=AAAAA;rbs_spacer=12bp;gc_cont=0.471
NODE_13_length_112248_cov_33.996069:23192-23428|+  -             79 35104                -             53    0.0016   16.4   1.7   1   2     7e-06    0.0065   14.4   1.8    14    49     8    43     4    45 0.89 NODE_13_length_112248_cov_33.996069_20 # 23192 # 23428 # 1 # ID=13_20;partial=00;start_type=ATG;rbs_motif=AAA;rbs_spacer=3bp;gc_cont=0.430
NODE_13_length_112248_cov_33.996069:23192-23428|+  -             79 35104                -             53    0.0016   16.4   1.7   2   2     0.006       5.6    5.0   0.1    21    27    37    43    27    53 0.67 NODE_13_length_112248_cov_33.996069_20 # 23192 # 23428 # 1 # ID=13_20;partial=00;start_type=ATG;rbs_motif=AAA;rbs_spacer=3bp;gc_cont=0.430
NODE_5_length_339081_cov_37.984555:287715-288614|- -            300 35104                -             53    0.0064   14.4   3.7   1   1   2.3e-05     0.021   12.8   3.7    20    51     6    44     1    45 0.73 NODE_5_length_339081_cov_37.984555_227 # 287715 # 288614 # -1 # ID=5_227;partial=00;start_type=ATG;rbs_motif=TAAA;rbs_spacer=4bp;gc_cont=0.457
NODE_1_length_523019_cov_35.337313:7554-8393|+     -            280 35104                -             53      0.02   12.8   1.6   1   2       3.3   3.1e+03   -3.8   0.0     8    13    18    23    15    25 0.58 NODE_1_length_523019_cov_35.337313_9 # 7554 # 8393 # 1 # ID=1_9;partial=00;start_type=ATG;rbs_motif=TAA;rbs_spacer=11bp;gc_cont=0.486
NODE_1_length_523019_cov_35.337313:7554-8393|+     -            280 35104                -             53      0.02   12.8   1.6   2   2   4.1e-05     0.038   12.0   0.5    16    48   245   275   240   277 0.73 NODE_1_length_523019_cov_35.337313_9 # 7554 # 8393 # 1 # ID=1_9;partial=00;start_type=ATG;rbs_motif=TAA;rbs_spacer=11bp;gc_cont=0.486
NODE_7_length_286996_cov_37.800226:242877-243800|- -            308 35104                -             53     0.071   11.1   4.0   1   2    0.0025       2.3    6.2   3.5    21    50   210   248   203   250 0.64 NODE_7_length_286996_cov_37.800226_181 # 242877 # 243800 # -1 # ID=7_181;partial=00;start_type=ATG;rbs_motif=None;rbs_spacer=None;gc_cont=0.496
NODE_7_length_286996_cov_37.800226:242877-243800|- -            308 35104                -             53     0.071   11.1   4.0   2   2    0.0012       1.2    7.2   0.2    18    35   238   255   228   260 0.74 NODE_7_length_286996_cov_37.800226_181 # 242877 # 243800 # -1 # ID=7_181;partial=00;start_type=ATG;rbs_motif=None;rbs_spacer=None;gc_cont=0.496
#
# Program:         hmmsearch
# Version:         3.4 (Aug 2023)
# Pipeline mode:   SEARCH
# Query file:      /home/kpchuang/Documents/03_whole_genome_assembly/01_raw_reads/short_reads_assembly/04_short_reads_assembly/04_busco_assessment/busco_downloads/lineages/archaea_odb12/hmms/35104at2157.hmm
# Target file:     /home/kpchuang/Documents/03_whole_genome_assembly/01_raw_reads/short_reads_assembly/04_short_reads_assembly/04_busco_assessment/busco_results/prodigal_output/predicted_genes/predicted.faa
# Option settings: hmmsearch --domtblout /home/kpchuang/Documents/03_whole_genome_assembly/01_raw_reads/short_reads_assembly/04_short_reads_assembly/04_busco_assessment/busco_results/auto_lineage/run_archaea_odb12/hmmer_output/35104at2157.out --cpu 1 /home/kpchuang/Documents/03_whole_genome_assembly/01_raw_reads/short_reads_assembly/04_short_reads_assembly/04_busco_assessment/busco_downloads/lineages/archaea_odb12/hmms/35104at2157.hmm /home/kpchuang/Documents/03_whole_genome_assembly/01_raw_reads/short_reads_assembly/04_short_reads_assembly/04_busco_assessment/busco_results/prodigal_output/predicted_genes/predicted.faa 
# Current dir:     /home/kpchuang/Documents/03_whole_genome_assembly/01_raw_reads/short_reads_assembly/04_short_reads_assembly/04_busco_assessment
# Date:            Thu Jan  1 15:36:30 2026
# [ok]
