#                                                                                                          --- full sequence --- -------------- this domain -------------   hmm coord   ali coord   env coord
# target name                                      accession   tlen query name           accession   qlen   E-value  score  bias   #  of  c-Evalue  i-Evalue  score  bias  from    to  from    to  from    to  acc description of target
#                              ------------------- ---------- ----- -------------------- ---------- ----- --------- ------ ----- --- --- --------- --------- ------ ----- ----- ----- ----- ----- ----- ----- ---- ---------------------
NODE_3_length_402718_cov_33.543387:77460-78398|-   -            313 371997               -            249   1.2e-38  130.8   0.2   1   1   2.4e-41   1.6e-38  130.4   0.2    14   242    28   285    13   293 0.79 NODE_3_length_402718_cov_33.543387_65 # 77460 # 78398 # -1 # ID=3_65;partial=00;start_type=ATG;rbs_motif=TAA;rbs_spacer=15bp;gc_cont=0.448
NODE_5_length_339081_cov_37.984555:234287-234817|+ -            177 371997               -            249   8.2e-07   26.5   0.0   1   1   1.7e-09   1.1e-06   26.1   0.0   159   208    98   149    89   168 0.81 NODE_5_length_339081_cov_37.984555_180 # 234287 # 234817 # 1 # ID=5_180;partial=00;start_type=ATG;rbs_motif=TAAAA;rbs_spacer=8bp;gc_cont=0.426
NODE_6_length_338063_cov_36.607788:177646-178182|+ -            179 371997               -            249   2.5e-06   24.9   0.7   1   1   7.6e-09   5.1e-06   23.9   0.8    96   204     8   126     1   134 0.64 NODE_6_length_338063_cov_36.607788_144 # 177646 # 178182 # 1 # ID=6_144;partial=00;start_type=ATG;rbs_motif=TAA;rbs_spacer=11bp;gc_cont=0.404
NODE_15_length_100586_cov_37.517506:59008-59646|-  -            213 371997               -            249   4.8e-05   20.7   0.0   1   1   8.8e-08   5.8e-05   20.4   0.0   120   200    59   141    47   169 0.66 NODE_15_length_100586_cov_37.517506_47 # 59008 # 59646 # -1 # ID=15_47;partial=00;start_type=ATG;rbs_motif=None;rbs_spacer=None;gc_cont=0.433
NODE_16_length_96149_cov_39.011366:26224-26916|+   -            231 371997               -            249   0.00015   19.1   0.1   1   1     3e-07    0.0002   18.7   0.1   169   206   184   221   160   229 0.85 NODE_16_length_96149_cov_39.011366_26 # 26224 # 26916 # 1 # ID=16_26;partial=00;start_type=ATG;rbs_motif=AAAAA;rbs_spacer=6bp;gc_cont=0.437
NODE_35_length_32428_cov_36.989954:2145-2798|+     -            218 371997               -            249    0.0053   14.0   0.0   1   1   1.2e-05    0.0079   13.5   0.0   165   207   118   161    99   181 0.70 NODE_35_length_32428_cov_36.989954_2 # 2145 # 2798 # 1 # ID=35_2;partial=00;start_type=ATG;rbs_motif=TAAAA;rbs_spacer=13bp;gc_cont=0.445
NODE_8_length_282777_cov_37.165398:14921-18301|+   -           1127 371997               -            249     0.019   12.2   0.0   1   1   5.2e-05     0.034   11.4   0.0    63   103   181   221   175   239 0.87 NODE_8_length_282777_cov_37.165398_19 # 14921 # 18301 # 1 # ID=8_19;partial=00;start_type=ATG;rbs_motif=TAAA;rbs_spacer=8bp;gc_cont=0.443
#
# Program:         hmmsearch
# Version:         3.4 (Aug 2023)
# Pipeline mode:   SEARCH
# Query file:      /home/kpchuang/Documents/03_whole_genome_assembly/01_raw_reads/short_reads_assembly/04_short_reads_assembly/04_busco_assessment/busco_downloads/lineages/archaea_odb12/hmms/371997at2157.hmm
# Target file:     /home/kpchuang/Documents/03_whole_genome_assembly/01_raw_reads/short_reads_assembly/04_short_reads_assembly/04_busco_assessment/busco_results/prodigal_output/predicted_genes/predicted.faa
# Option settings: hmmsearch --domtblout /home/kpchuang/Documents/03_whole_genome_assembly/01_raw_reads/short_reads_assembly/04_short_reads_assembly/04_busco_assessment/busco_results/auto_lineage/run_archaea_odb12/hmmer_output/371997at2157.out --cpu 1 /home/kpchuang/Documents/03_whole_genome_assembly/01_raw_reads/short_reads_assembly/04_short_reads_assembly/04_busco_assessment/busco_downloads/lineages/archaea_odb12/hmms/371997at2157.hmm /home/kpchuang/Documents/03_whole_genome_assembly/01_raw_reads/short_reads_assembly/04_short_reads_assembly/04_busco_assessment/busco_results/prodigal_output/predicted_genes/predicted.faa 
# Current dir:     /home/kpchuang/Documents/03_whole_genome_assembly/01_raw_reads/short_reads_assembly/04_short_reads_assembly/04_busco_assessment
# Date:            Thu Jan  1 15:36:30 2026
# [ok]
