#                                                                                                          --- full sequence --- -------------- this domain -------------   hmm coord   ali coord   env coord
# target name                                      accession   tlen query name           accession   qlen   E-value  score  bias   #  of  c-Evalue  i-Evalue  score  bias  from    to  from    to  from    to  acc description of target
#                              ------------------- ---------- ----- -------------------- ---------- ----- --------- ------ ----- --- --- --------- --------- ------ ----- ----- ----- ----- ----- ----- ----- ---- ---------------------
NODE_5_length_339081_cov_37.984555:309877-311250|- -            458 372134               -            357   4.3e-72  241.1   4.3   1   2   1.8e-16   8.4e-14   49.3   0.5     2    78    19   107    18   116 0.76 NODE_5_length_339081_cov_37.984555_248 # 309877 # 311250 # -1 # ID=5_248;partial=00;start_type=ATG;rbs_motif=TAA;rbs_spacer=11bp;gc_cont=0.459
NODE_5_length_339081_cov_37.984555:309877-311250|- -            458 372134               -            357   4.3e-72  241.1   4.3   2   2   2.9e-60   1.3e-57  193.4   0.2    84   357   161   453   145   453 0.88 NODE_5_length_339081_cov_37.984555_248 # 309877 # 311250 # -1 # ID=5_248;partial=00;start_type=ATG;rbs_motif=TAA;rbs_spacer=11bp;gc_cont=0.459
NODE_8_length_282777_cov_37.165398:126079-127398|+ -            440 372134               -            357     2e-57  192.9   0.5   1   2   6.1e-13   2.8e-10   37.7   0.7     6    80    15    98    10   105 0.84 NODE_8_length_282777_cov_37.165398_116 # 126079 # 127398 # 1 # ID=8_116;partial=00;start_type=ATG;rbs_motif=None;rbs_spacer=None;gc_cont=0.494
NODE_8_length_282777_cov_37.165398:126079-127398|+ -            440 372134               -            357     2e-57  192.9   0.5   2   2   5.4e-48   2.5e-45  153.0   0.0    87   335   152   409   146   422 0.88 NODE_8_length_282777_cov_37.165398_116 # 126079 # 127398 # 1 # ID=8_116;partial=00;start_type=ATG;rbs_motif=None;rbs_spacer=None;gc_cont=0.494
NODE_3_length_402718_cov_33.543387:323530-324828|- -            433 372134               -            357   2.8e-53  179.2   1.3   1   2   7.3e-08   3.4e-05   21.0   0.1     3    76     6    93     4   102 0.76 NODE_3_length_402718_cov_33.543387_300 # 323530 # 324828 # -1 # ID=3_300;partial=00;start_type=ATG;rbs_motif=None;rbs_spacer=None;gc_cont=0.409
NODE_3_length_402718_cov_33.543387:323530-324828|- -            433 372134               -            357   2.8e-53  179.2   1.3   2   2   2.7e-49   1.3e-46  157.3   0.2    83   324   135   382   122   430 0.91 NODE_3_length_402718_cov_33.543387_300 # 323530 # 324828 # -1 # ID=3_300;partial=00;start_type=ATG;rbs_motif=None;rbs_spacer=None;gc_cont=0.409
NODE_1_length_523019_cov_35.337313:61958-63811|+   -            618 372134               -            357   8.4e-08   29.6   0.3   1   2   1.9e-07     9e-05   19.6   0.1    87   127   317   358   308   361 0.89 NODE_1_length_523019_cov_35.337313_57 # 61958 # 63811 # 1 # ID=1_57;partial=00;start_type=ATG;rbs_motif=None;rbs_spacer=None;gc_cont=0.472
NODE_1_length_523019_cov_35.337313:61958-63811|+   -            618 372134               -            357   8.4e-08   29.6   0.3   2   2   0.00076      0.35    7.8   0.0   200   279   474   556   453   562 0.89 NODE_1_length_523019_cov_35.337313_57 # 61958 # 63811 # 1 # ID=1_57;partial=00;start_type=ATG;rbs_motif=None;rbs_spacer=None;gc_cont=0.472
NODE_13_length_112248_cov_33.996069:32580-34397|+  -            606 372134               -            357   1.9e-05   21.8   0.5   1   1   2.5e-07   0.00011   19.3   0.5    90   277   212   403   203   439 0.82 NODE_13_length_112248_cov_33.996069_33 # 32580 # 34397 # 1 # ID=13_33;partial=00;start_type=ATG;rbs_motif=TAA;rbs_spacer=11bp;gc_cont=0.339
NODE_8_length_282777_cov_37.165398:112746-113879|- -            378 372134               -            357     7e-05   20.0   0.0   1   2       6.4     3e+03   -5.1   1.3    94   104    11    21    11    41 0.70 NODE_8_length_282777_cov_37.165398_100 # 112746 # 113879 # -1 # ID=8_100;partial=00;start_type=ATG;rbs_motif=TAA;rbs_spacer=11bp;gc_cont=0.488
NODE_8_length_282777_cov_37.165398:112746-113879|- -            378 372134               -            357     7e-05   20.0   0.0   2   2   1.5e-07     7e-05   20.0   0.0   190   283   111   203    73   233 0.84 NODE_8_length_282777_cov_37.165398_100 # 112746 # 113879 # -1 # ID=8_100;partial=00;start_type=ATG;rbs_motif=TAA;rbs_spacer=11bp;gc_cont=0.488
NODE_2_length_424706_cov_34.285840:191697-192977|+ -            427 372134               -            357   0.00093   16.3   1.3   1   2       1.1   5.1e+02   -2.6   0.3    94   103    53    62    52    99 0.64 NODE_2_length_424706_cov_34.285840_154 # 191697 # 192977 # 1 # ID=2_154;partial=00;start_type=ATG;rbs_motif=None;rbs_spacer=None;gc_cont=0.482
NODE_2_length_424706_cov_34.285840:191697-192977|+ -            427 372134               -            357   0.00093   16.3   1.3   2   2   2.1e-06   0.00096   16.2   0.0   194   279   159   243   139   283 0.82 NODE_2_length_424706_cov_34.285840_154 # 191697 # 192977 # 1 # ID=2_154;partial=00;start_type=ATG;rbs_motif=None;rbs_spacer=None;gc_cont=0.482
NODE_2_length_424706_cov_34.285840:230050-231414|- -            455 372134               -            357    0.0012   15.9   0.0   1   1   4.3e-06     0.002   15.2   0.0   193   273   163   241   156   287 0.85 NODE_2_length_424706_cov_34.285840_183 # 230050 # 231414 # -1 # ID=2_183;partial=00;start_type=ATG;rbs_motif=TAA;rbs_spacer=5bp;gc_cont=0.451
NODE_19_length_79805_cov_35.801074:13606-14151|-   -            182 372134               -            357    0.0087   13.1   0.0   1   1   2.6e-05     0.012   12.7   0.0    92   153    28    84    18    89 0.85 NODE_19_length_79805_cov_35.801074_14 # 13606 # 14151 # -1 # ID=19_14;partial=00;start_type=ATG;rbs_motif=AAA;rbs_spacer=11bp;gc_cont=0.427
NODE_8_length_282777_cov_37.165398:86307-87344|-   -            346 372134               -            357     0.035   11.1   0.4   1   2    0.0016      0.75    6.7   0.4    86   110    54    78    40   139 0.78 NODE_8_length_282777_cov_37.165398_77 # 86307 # 87344 # -1 # ID=8_77;partial=00;start_type=ATG;rbs_motif=TAAAA;rbs_spacer=13bp;gc_cont=0.487
NODE_8_length_282777_cov_37.165398:86307-87344|-   -            346 372134               -            357     0.035   11.1   0.4   2   2     0.037        17    2.2   0.0   234   276   197   239   175   246 0.89 NODE_8_length_282777_cov_37.165398_77 # 86307 # 87344 # -1 # ID=8_77;partial=00;start_type=ATG;rbs_motif=TAAAA;rbs_spacer=13bp;gc_cont=0.487
#
# Program:         hmmsearch
# Version:         3.4 (Aug 2023)
# Pipeline mode:   SEARCH
# Query file:      /home/kpchuang/Documents/03_whole_genome_assembly/01_raw_reads/short_reads_assembly/04_short_reads_assembly/04_busco_assessment/busco_downloads/lineages/archaea_odb12/hmms/372134at2157.hmm
# Target file:     /home/kpchuang/Documents/03_whole_genome_assembly/01_raw_reads/short_reads_assembly/04_short_reads_assembly/04_busco_assessment/busco_results/prodigal_output/predicted_genes/predicted.faa
# Option settings: hmmsearch --domtblout /home/kpchuang/Documents/03_whole_genome_assembly/01_raw_reads/short_reads_assembly/04_short_reads_assembly/04_busco_assessment/busco_results/auto_lineage/run_archaea_odb12/hmmer_output/372134at2157.out --cpu 1 /home/kpchuang/Documents/03_whole_genome_assembly/01_raw_reads/short_reads_assembly/04_short_reads_assembly/04_busco_assessment/busco_downloads/lineages/archaea_odb12/hmms/372134at2157.hmm /home/kpchuang/Documents/03_whole_genome_assembly/01_raw_reads/short_reads_assembly/04_short_reads_assembly/04_busco_assessment/busco_results/prodigal_output/predicted_genes/predicted.faa 
# Current dir:     /home/kpchuang/Documents/03_whole_genome_assembly/01_raw_reads/short_reads_assembly/04_short_reads_assembly/04_busco_assessment
# Date:            Thu Jan  1 15:36:31 2026
# [ok]
