#                                                                                                          --- full sequence --- -------------- this domain -------------   hmm coord   ali coord   env coord
# target name                                      accession   tlen query name           accession   qlen   E-value  score  bias   #  of  c-Evalue  i-Evalue  score  bias  from    to  from    to  from    to  acc description of target
#                              ------------------- ---------- ----- -------------------- ---------- ----- --------- ------ ----- --- --- --------- --------- ------ ----- ----- ----- ----- ----- ----- ----- ---- ---------------------
NODE_9_length_160020_cov_39.719382:62043-63584|+   -            514 6113                 -            535  1.5e-128  428.0  12.0   1   4   1.5e-29   2.3e-26   90.7   0.1     3   106     7   111     5   127 0.89 NODE_9_length_160020_cov_39.719382_44 # 62043 # 63584 # 1 # ID=9_44;partial=00;start_type=ATG;rbs_motif=AATAA;rbs_spacer=4bp;gc_cont=0.444
NODE_9_length_160020_cov_39.719382:62043-63584|+   -            514 6113                 -            535  1.5e-128  428.0  12.0   2   4   4.8e-45   7.4e-42  141.8   1.1   105   233   161   292   145   295 0.90 NODE_9_length_160020_cov_39.719382_44 # 62043 # 63584 # 1 # ID=9_44;partial=00;start_type=ATG;rbs_motif=AATAA;rbs_spacer=4bp;gc_cont=0.444
NODE_9_length_160020_cov_39.719382:62043-63584|+   -            514 6113                 -            535  1.5e-128  428.0  12.0   3   4   5.8e-14   8.9e-11   39.3   0.4   271   339   291   358   287   363 0.90 NODE_9_length_160020_cov_39.719382_44 # 62043 # 63584 # 1 # ID=9_44;partial=00;start_type=ATG;rbs_motif=AATAA;rbs_spacer=4bp;gc_cont=0.444
NODE_9_length_160020_cov_39.719382:62043-63584|+   -            514 6113                 -            535  1.5e-128  428.0  12.0   4   4   9.5e-52   1.5e-48  163.9   0.1   396   531   362   502   358   506 0.92 NODE_9_length_160020_cov_39.719382_44 # 62043 # 63584 # 1 # ID=9_44;partial=00;start_type=ATG;rbs_motif=AATAA;rbs_spacer=4bp;gc_cont=0.444
NODE_4_length_379350_cov_35.042700:22027-23967|-   -            647 6113                 -            535   2.7e-18   64.1   0.0   1   3   0.00024      0.37    7.5   0.0    28    80   262   313   254   322 0.87 NODE_4_length_379350_cov_35.042700_21 # 22027 # 23967 # -1 # ID=4_21;partial=00;start_type=ATG;rbs_motif=TAA;rbs_spacer=4bp;gc_cont=0.434
NODE_4_length_379350_cov_35.042700:22027-23967|-   -            647 6113                 -            535   2.7e-18   64.1   0.0   2   3   5.4e-10   8.4e-07   26.1   0.0   146   254   323   431   317   440 0.82 NODE_4_length_379350_cov_35.042700_21 # 22027 # 23967 # -1 # ID=4_21;partial=00;start_type=ATG;rbs_motif=TAA;rbs_spacer=4bp;gc_cont=0.434
NODE_4_length_379350_cov_35.042700:22027-23967|-   -            647 6113                 -            535   2.7e-18   64.1   0.0   3   3   3.2e-10     5e-07   26.9   0.0   432   532   539   639   514   642 0.86 NODE_4_length_379350_cov_35.042700_21 # 22027 # 23967 # -1 # ID=4_21;partial=00;start_type=ATG;rbs_motif=TAA;rbs_spacer=4bp;gc_cont=0.434
NODE_3_length_402718_cov_33.543387:334241-335734|- -            498 6113                 -            535   8.9e-13   45.9   0.1   1   3      0.25   3.8e+02   -2.4   0.0    26    81    34    89    32    95 0.79 NODE_3_length_402718_cov_33.543387_309 # 334241 # 335734 # -1 # ID=3_309;partial=00;start_type=ATG;rbs_motif=TAAAA;rbs_spacer=13bp;gc_cont=0.467
NODE_3_length_402718_cov_33.543387:334241-335734|- -            498 6113                 -            535   8.9e-13   45.9   0.1   2   3   0.00072       1.1    5.9   0.0   150   212   118   178   112   216 0.80 NODE_3_length_402718_cov_33.543387_309 # 334241 # 335734 # -1 # ID=3_309;partial=00;start_type=ATG;rbs_motif=TAAAA;rbs_spacer=13bp;gc_cont=0.467
NODE_3_length_402718_cov_33.543387:334241-335734|- -            498 6113                 -            535   8.9e-13   45.9   0.1   3   3   2.5e-13   3.9e-10   37.1   0.0   391   533   257   403   223   405 0.83 NODE_3_length_402718_cov_33.543387_309 # 334241 # 335734 # -1 # ID=3_309;partial=00;start_type=ATG;rbs_motif=TAAAA;rbs_spacer=13bp;gc_cont=0.467
#
# Program:         hmmsearch
# Version:         3.4 (Aug 2023)
# Pipeline mode:   SEARCH
# Query file:      /home/kpchuang/Documents/03_whole_genome_assembly/01_raw_reads/short_reads_assembly/04_short_reads_assembly/04_busco_assessment/busco_downloads/lineages/archaea_odb12/hmms/6113at2157.hmm
# Target file:     /home/kpchuang/Documents/03_whole_genome_assembly/01_raw_reads/short_reads_assembly/04_short_reads_assembly/04_busco_assessment/busco_results/prodigal_output/predicted_genes/predicted.faa
# Option settings: hmmsearch --domtblout /home/kpchuang/Documents/03_whole_genome_assembly/01_raw_reads/short_reads_assembly/04_short_reads_assembly/04_busco_assessment/busco_results/auto_lineage/run_archaea_odb12/hmmer_output/6113at2157.out --cpu 1 /home/kpchuang/Documents/03_whole_genome_assembly/01_raw_reads/short_reads_assembly/04_short_reads_assembly/04_busco_assessment/busco_downloads/lineages/archaea_odb12/hmms/6113at2157.hmm /home/kpchuang/Documents/03_whole_genome_assembly/01_raw_reads/short_reads_assembly/04_short_reads_assembly/04_busco_assessment/busco_results/prodigal_output/predicted_genes/predicted.faa 
# Current dir:     /home/kpchuang/Documents/03_whole_genome_assembly/01_raw_reads/short_reads_assembly/04_short_reads_assembly/04_busco_assessment
# Date:            Thu Jan  1 15:36:32 2026
# [ok]
