#                                                                                                           --- full sequence --- -------------- this domain -------------   hmm coord   ali coord   env coord
# target name                                       accession   tlen query name           accession   qlen   E-value  score  bias   #  of  c-Evalue  i-Evalue  score  bias  from    to  from    to  from    to  acc description of target
#                               ------------------- ---------- ----- -------------------- ---------- ----- --------- ------ ----- --- --- --------- --------- ------ ----- ----- ----- ----- ----- ----- ----- ---- ---------------------
NODE_11_length_153230_cov_39.213473:86373-88490|-   -            706 6290                 -            701  2.2e-115  384.1   1.2   1   3   9.2e-48   3.9e-45  151.9   0.1    17   151     7   143     1   159 0.92 NODE_11_length_153230_cov_39.213473_83 # 86373 # 88490 # -1 # ID=11_83;partial=00;start_type=ATG;rbs_motif=TAAA;rbs_spacer=11bp;gc_cont=0.447
NODE_11_length_153230_cov_39.213473:86373-88490|-   -            706 6290                 -            701  2.2e-115  384.1   1.2   2   3   1.4e-41     6e-39  131.5   0.0   238   459   273   495   268   526 0.83 NODE_11_length_153230_cov_39.213473_83 # 86373 # 88490 # -1 # ID=11_83;partial=00;start_type=ATG;rbs_motif=TAAA;rbs_spacer=11bp;gc_cont=0.447
NODE_11_length_153230_cov_39.213473:86373-88490|-   -            706 6290                 -            701  2.2e-115  384.1   1.2   3   3   1.9e-31   8.2e-29   98.0   0.0   524   695   531   701   524   704 0.92 NODE_11_length_153230_cov_39.213473_83 # 86373 # 88490 # -1 # ID=11_83;partial=00;start_type=ATG;rbs_motif=TAAA;rbs_spacer=11bp;gc_cont=0.447
NODE_27_length_55795_cov_35.058976:20133-21932|+    -            600 6290                 -            701   1.4e-74  249.2   4.1   1   3   2.2e-46   9.4e-44  147.4   0.2    17   150     2   131     1   144 0.96 NODE_27_length_55795_cov_35.058976_17 # 20133 # 21932 # 1 # ID=27_17;partial=00;start_type=ATG;rbs_motif=AATAA;rbs_spacer=10bp;gc_cont=0.445
NODE_27_length_55795_cov_35.058976:20133-21932|+    -            600 6290                 -            701   1.4e-74  249.2   4.1   2   3     1e-22   4.4e-20   69.1   0.0   285   452   204   389   197   394 0.77 NODE_27_length_55795_cov_35.058976_17 # 20133 # 21932 # 1 # ID=27_17;partial=00;start_type=ATG;rbs_motif=AATAA;rbs_spacer=10bp;gc_cont=0.445
NODE_27_length_55795_cov_35.058976:20133-21932|+    -            600 6290                 -            701   1.4e-74  249.2   4.1   3   3   1.1e-11   4.7e-09   32.7   0.1   603   686   395   478   390   486 0.94 NODE_27_length_55795_cov_35.058976_17 # 20133 # 21932 # 1 # ID=27_17;partial=00;start_type=ATG;rbs_motif=AATAA;rbs_spacer=10bp;gc_cont=0.445
NODE_27_length_55795_cov_35.058976:33864-35663|-    -            600 6290                 -            701   1.4e-74  249.2   4.1   1   3   2.2e-46   9.4e-44  147.4   0.2    17   150     2   131     1   144 0.96 NODE_27_length_55795_cov_35.058976_22 # 33864 # 35663 # -1 # ID=27_22;partial=00;start_type=ATG;rbs_motif=AATAA;rbs_spacer=10bp;gc_cont=0.444
NODE_27_length_55795_cov_35.058976:33864-35663|-    -            600 6290                 -            701   1.4e-74  249.2   4.1   2   3     1e-22   4.4e-20   69.1   0.0   285   452   204   389   197   394 0.77 NODE_27_length_55795_cov_35.058976_22 # 33864 # 35663 # -1 # ID=27_22;partial=00;start_type=ATG;rbs_motif=AATAA;rbs_spacer=10bp;gc_cont=0.444
NODE_27_length_55795_cov_35.058976:33864-35663|-    -            600 6290                 -            701   1.4e-74  249.2   4.1   3   3   1.1e-11   4.7e-09   32.7   0.1   603   686   395   478   390   486 0.94 NODE_27_length_55795_cov_35.058976_22 # 33864 # 35663 # -1 # ID=27_22;partial=00;start_type=ATG;rbs_motif=AATAA;rbs_spacer=10bp;gc_cont=0.444
NODE_8_length_282777_cov_37.165398:116773-118929|+  -            719 6290                 -            701   2.5e-65  218.7   0.0   1   3   3.4e-14   1.4e-11   41.0   0.0    14   149     4   137     1   153 0.86 NODE_8_length_282777_cov_37.165398_106 # 116773 # 118929 # 1 # ID=8_106;partial=00;start_type=ATG;rbs_motif=TAAA;rbs_spacer=11bp;gc_cont=0.464
NODE_8_length_282777_cov_37.165398:116773-118929|+  -            719 6290                 -            701   2.5e-65  218.7   0.0   2   3   2.1e-26     9e-24   81.3   0.0   274   458   291   482   283   492 0.89 NODE_8_length_282777_cov_37.165398_106 # 116773 # 118929 # 1 # ID=8_106;partial=00;start_type=ATG;rbs_motif=TAAA;rbs_spacer=11bp;gc_cont=0.464
NODE_8_length_282777_cov_37.165398:116773-118929|+  -            719 6290                 -            701   2.5e-65  218.7   0.0   3   3   7.7e-30   3.2e-27   92.7   0.0   533   694   554   713   537   716 0.93 NODE_8_length_282777_cov_37.165398_106 # 116773 # 118929 # 1 # ID=8_106;partial=00;start_type=ATG;rbs_motif=TAAA;rbs_spacer=11bp;gc_cont=0.464
NODE_15_length_100586_cov_37.517506:75446-77371|+   -            642 6290                 -            701   1.5e-50  169.8   0.1   1   3   1.3e-32   5.7e-30  101.8   1.3    18   166     2   148     1   162 0.89 NODE_15_length_100586_cov_37.517506_60 # 75446 # 77371 # 1 # ID=15_60;partial=00;start_type=ATG;rbs_motif=TAA;rbs_spacer=5bp;gc_cont=0.398
NODE_15_length_100586_cov_37.517506:75446-77371|+   -            642 6290                 -            701   1.5e-50  169.8   0.1   2   3   3.5e-11   1.5e-08   31.0   0.0   288   453   254   424   243   453 0.83 NODE_15_length_100586_cov_37.517506_60 # 75446 # 77371 # 1 # ID=15_60;partial=00;start_type=ATG;rbs_motif=TAA;rbs_spacer=5bp;gc_cont=0.398
NODE_15_length_100586_cov_37.517506:75446-77371|+   -            642 6290                 -            701   1.5e-50  169.8   0.1   3   3   1.5e-11   6.3e-09   32.3   0.0   537   685   474   619   459   629 0.86 NODE_15_length_100586_cov_37.517506_60 # 75446 # 77371 # 1 # ID=15_60;partial=00;start_type=ATG;rbs_motif=TAA;rbs_spacer=5bp;gc_cont=0.398
NODE_31_length_40986_cov_32.361314:4078-5859|+      -            594 6290                 -            701   1.9e-49  166.2   0.1   1   3   3.1e-40   1.3e-37  127.1   0.4    17   149     2   131     1   149 0.93 NODE_31_length_40986_cov_32.361314_7 # 4078 # 5859 # 1 # ID=31_7;partial=00;start_type=ATG;rbs_motif=TAA;rbs_spacer=14bp;gc_cont=0.453
NODE_31_length_40986_cov_32.361314:4078-5859|+      -            594 6290                 -            701   1.9e-49  166.2   0.1   2   3     1e-08   4.3e-06   22.9   0.0   279   462   183   381   177   387 0.76 NODE_31_length_40986_cov_32.361314_7 # 4078 # 5859 # 1 # ID=31_7;partial=00;start_type=ATG;rbs_motif=TAA;rbs_spacer=14bp;gc_cont=0.453
NODE_31_length_40986_cov_32.361314:4078-5859|+      -            594 6290                 -            701   1.9e-49  166.2   0.1   3   3   1.6e-05     0.007   12.3   0.0   601   679   395   475   391   483 0.90 NODE_31_length_40986_cov_32.361314_7 # 4078 # 5859 # 1 # ID=31_7;partial=00;start_type=ATG;rbs_motif=TAA;rbs_spacer=14bp;gc_cont=0.453
NODE_39_length_22776_cov_32.999692:1170-3095|+      -            642 6290                 -            701     5e-49  164.8   0.4   1   3   2.9e-33   1.2e-30  104.0   1.3    18   157     2   139     1   164 0.88 NODE_39_length_22776_cov_32.999692_2 # 1170 # 3095 # 1 # ID=39_2;partial=00;start_type=ATG;rbs_motif=TAA;rbs_spacer=4bp;gc_cont=0.381
NODE_39_length_22776_cov_32.999692:1170-3095|+      -            642 6290                 -            701     5e-49  164.8   0.4   2   3   1.6e-10   6.9e-08   28.8   0.0   307   455   274   426   251   453 0.81 NODE_39_length_22776_cov_32.999692_2 # 1170 # 3095 # 1 # ID=39_2;partial=00;start_type=ATG;rbs_motif=TAA;rbs_spacer=4bp;gc_cont=0.381
NODE_39_length_22776_cov_32.999692:1170-3095|+      -            642 6290                 -            701     5e-49  164.8   0.4   3   3   3.9e-10   1.7e-07   27.6   0.0   533   679   469   613   456   627 0.84 NODE_39_length_22776_cov_32.999692_2 # 1170 # 3095 # 1 # ID=39_2;partial=00;start_type=ATG;rbs_motif=TAA;rbs_spacer=4bp;gc_cont=0.381
NODE_24_length_70082_cov_35.438369:46377-47951|-    -            525 6290                 -            701   3.3e-33  112.5   0.0   1   3   5.5e-28   2.3e-25   86.6   0.7    19   150    10   143     1   164 0.83 NODE_24_length_70082_cov_35.438369_44 # 46377 # 47951 # -1 # ID=24_44;partial=00;start_type=ATG;rbs_motif=None;rbs_spacer=None;gc_cont=0.451
NODE_24_length_70082_cov_35.438369:46377-47951|-    -            525 6290                 -            701   3.3e-33  112.5   0.0   2   3      0.42   1.8e+02   -2.3   0.0   188   206   242   260   202   262 0.68 NODE_24_length_70082_cov_35.438369_44 # 46377 # 47951 # -1 # ID=24_44;partial=00;start_type=ATG;rbs_motif=None;rbs_spacer=None;gc_cont=0.451
NODE_24_length_70082_cov_35.438369:46377-47951|-    -            525 6290                 -            701   3.3e-33  112.5   0.0   3   3   1.5e-08   6.1e-06   22.4   0.0   288   451   299   465   286   491 0.82 NODE_24_length_70082_cov_35.438369_44 # 46377 # 47951 # -1 # ID=24_44;partial=00;start_type=ATG;rbs_motif=None;rbs_spacer=None;gc_cont=0.451
NODE_11_length_153230_cov_39.213473:104491-105675|- -            395 6290                 -            701   1.3e-24   84.1   1.4   1   2   7.1e-24     3e-21   73.0   0.7    20   153    13   143     2   161 0.76 NODE_11_length_153230_cov_39.213473_98 # 104491 # 105675 # -1 # ID=11_98;partial=00;start_type=ATG;rbs_motif=TAA;rbs_spacer=11bp;gc_cont=0.449
NODE_11_length_153230_cov_39.213473:104491-105675|- -            395 6290                 -            701   1.3e-24   84.1   1.4   2   2   9.5e-05      0.04    9.8   0.0   279   327   206   255   198   285 0.77 NODE_11_length_153230_cov_39.213473_98 # 104491 # 105675 # -1 # ID=11_98;partial=00;start_type=ATG;rbs_motif=TAA;rbs_spacer=11bp;gc_cont=0.449
NODE_5_length_339081_cov_37.984555:116141-119191|-  -           1017 6290                 -            701   5.1e-10   35.9   2.0   1   3      0.77   3.2e+02   -3.2   1.0   500   560   378   437   364   461 0.74 NODE_5_length_339081_cov_37.984555_82 # 116141 # 119191 # -1 # ID=5_82;partial=00;start_type=ATG;rbs_motif=TAAA;rbs_spacer=7bp;gc_cont=0.442
NODE_5_length_339081_cov_37.984555:116141-119191|-  -           1017 6290                 -            701   5.1e-10   35.9   2.0   2   3   1.2e-12   5.1e-10   35.9   2.0    24   150   522   629   498   657 0.76 NODE_5_length_339081_cov_37.984555_82 # 116141 # 119191 # -1 # ID=5_82;partial=00;start_type=ATG;rbs_motif=TAAA;rbs_spacer=7bp;gc_cont=0.442
NODE_5_length_339081_cov_37.984555:116141-119191|-  -           1017 6290                 -            701   5.1e-10   35.9   2.0   3   3      0.12        50   -0.5   0.1   278   369   686   775   678   782 0.73 NODE_5_length_339081_cov_37.984555_82 # 116141 # 119191 # -1 # ID=5_82;partial=00;start_type=ATG;rbs_motif=TAAA;rbs_spacer=7bp;gc_cont=0.442
NODE_4_length_379350_cov_35.042700:42972-44402|-    -            477 6290                 -            701   2.1e-07   27.2   0.5   1   2   1.3e-09   5.5e-07   25.8   0.1    54   149    71   163    61   184 0.84 NODE_4_length_379350_cov_35.042700_38 # 42972 # 44402 # -1 # ID=4_38;partial=00;start_type=ATG;rbs_motif=TAA;rbs_spacer=11bp;gc_cont=0.435
NODE_4_length_379350_cov_35.042700:42972-44402|-    -            477 6290                 -            701   2.1e-07   27.2   0.5   2   2      0.29   1.2e+02   -1.7   0.0   302   334   256   289   254   293 0.74 NODE_4_length_379350_cov_35.042700_38 # 42972 # 44402 # -1 # ID=4_38;partial=00;start_type=ATG;rbs_motif=TAA;rbs_spacer=11bp;gc_cont=0.435
#
# Program:         hmmsearch
# Version:         3.4 (Aug 2023)
# Pipeline mode:   SEARCH
# Query file:      /home/kpchuang/Documents/03_whole_genome_assembly/01_raw_reads/short_reads_assembly/04_short_reads_assembly/04_busco_assessment/busco_downloads/lineages/archaea_odb12/hmms/6290at2157.hmm
# Target file:     /home/kpchuang/Documents/03_whole_genome_assembly/01_raw_reads/short_reads_assembly/04_short_reads_assembly/04_busco_assessment/busco_results/prodigal_output/predicted_genes/predicted.faa
# Option settings: hmmsearch --domtblout /home/kpchuang/Documents/03_whole_genome_assembly/01_raw_reads/short_reads_assembly/04_short_reads_assembly/04_busco_assessment/busco_results/auto_lineage/run_archaea_odb12/hmmer_output/6290at2157.out --cpu 1 /home/kpchuang/Documents/03_whole_genome_assembly/01_raw_reads/short_reads_assembly/04_short_reads_assembly/04_busco_assessment/busco_downloads/lineages/archaea_odb12/hmms/6290at2157.hmm /home/kpchuang/Documents/03_whole_genome_assembly/01_raw_reads/short_reads_assembly/04_short_reads_assembly/04_busco_assessment/busco_results/prodigal_output/predicted_genes/predicted.faa 
# Current dir:     /home/kpchuang/Documents/03_whole_genome_assembly/01_raw_reads/short_reads_assembly/04_short_reads_assembly/04_busco_assessment
# Date:            Thu Jan  1 15:36:32 2026
# [ok]
