#                                                                                                          --- full sequence --- -------------- this domain -------------   hmm coord   ali coord   env coord
# target name                                      accession   tlen query name           accession   qlen   E-value  score  bias   #  of  c-Evalue  i-Evalue  score  bias  from    to  from    to  from    to  acc description of target
#                              ------------------- ---------- ----- -------------------- ---------- ----- --------- ------ ----- --- --- --------- --------- ------ ----- ----- ----- ----- ----- ----- ----- ---- ---------------------
NODE_34_length_34313_cov_39.172538:4037-5908|-     -            624 65493                -            558   4.9e-07   26.5   0.1   1   1   3.4e-09   1.1e-06   25.3   0.1    32   118    47   131    43   142 0.81 NODE_34_length_34313_cov_39.172538_5 # 4037 # 5908 # -1 # ID=34_5;partial=00;start_type=ATG;rbs_motif=TAAA;rbs_spacer=4bp;gc_cont=0.467
NODE_3_length_402718_cov_33.543387:247709-248986|- -            426 65493                -            558   3.1e-06   23.9   0.0   1   1     2e-08   6.5e-06   22.8   0.0    38    97   324   382   318   386 0.89 NODE_3_length_402718_cov_33.543387_243 # 247709 # 248986 # -1 # ID=3_243;partial=00;start_type=ATG;rbs_motif=AAAAA;rbs_spacer=8bp;gc_cont=0.456
NODE_5_length_339081_cov_37.984555:85360-87318|+   -            653 65493                -            558   3.7e-05   20.3   0.3   1   2   6.8e-07   0.00022   17.7   0.0    30   117    37   130    24   144 0.67 NODE_5_length_339081_cov_37.984555_61 # 85360 # 87318 # 1 # ID=5_61;partial=00;start_type=ATG;rbs_motif=TAA;rbs_spacer=14bp;gc_cont=0.457
NODE_5_length_339081_cov_37.984555:85360-87318|+   -            653 65493                -            558   3.7e-05   20.3   0.3   2   2      0.16        52    0.0   0.0   427   496   344   409   328   414 0.77 NODE_5_length_339081_cov_37.984555_61 # 85360 # 87318 # 1 # ID=5_61;partial=00;start_type=ATG;rbs_motif=TAA;rbs_spacer=14bp;gc_cont=0.457
NODE_5_length_339081_cov_37.984555:178080-179432|+ -            451 65493                -            558     5e-05   19.9   0.6   1   2      0.79   2.6e+02   -2.3   0.2   493   521   257   283   221   317 0.59 NODE_5_length_339081_cov_37.984555_135 # 178080 # 179432 # 1 # ID=5_135;partial=00;start_type=ATG;rbs_motif=AAAAA;rbs_spacer=5bp;gc_cont=0.336
NODE_5_length_339081_cov_37.984555:178080-179432|+ -            451 65493                -            558     5e-05   19.9   0.6   2   2   1.5e-07     5e-05   19.9   0.6    38   134   347   437   341   448 0.74 NODE_5_length_339081_cov_37.984555_135 # 178080 # 179432 # 1 # ID=5_135;partial=00;start_type=ATG;rbs_motif=AAAAA;rbs_spacer=5bp;gc_cont=0.336
NODE_39_length_22776_cov_32.999692:9859-11853|+    -            665 65493                -            558   0.00031   17.2   0.0   1   3   9.5e-07   0.00031   17.2   0.0    39   174    25   157    21   180 0.75 NODE_39_length_22776_cov_32.999692_8 # 9859 # 11853 # 1 # ID=39_8;partial=00;start_type=ATG;rbs_motif=TAAAAA;rbs_spacer=9bp;gc_cont=0.320
NODE_39_length_22776_cov_32.999692:9859-11853|+    -            665 65493                -            558   0.00031   17.2   0.0   2   3       3.6   1.2e+03   -4.5   0.4   450   479   310   339   307   342 0.74 NODE_39_length_22776_cov_32.999692_8 # 9859 # 11853 # 1 # ID=39_8;partial=00;start_type=ATG;rbs_motif=TAAAAA;rbs_spacer=9bp;gc_cont=0.320
NODE_39_length_22776_cov_32.999692:9859-11853|+    -            665 65493                -            558   0.00031   17.2   0.0   3   3       0.1        33    0.7   0.2   450   491   622   663   617   664 0.91 NODE_39_length_22776_cov_32.999692_8 # 9859 # 11853 # 1 # ID=39_8;partial=00;start_type=ATG;rbs_motif=TAAAAA;rbs_spacer=9bp;gc_cont=0.320
NODE_4_length_379350_cov_35.042700:148955-150736|+ -            594 65493                -            558   0.00046   16.7   0.1   1   1   2.7e-06   0.00089   15.8   0.1    11   115   463   560   453   578 0.82 NODE_4_length_379350_cov_35.042700_124 # 148955 # 150736 # 1 # ID=4_124;partial=00;start_type=ATG;rbs_motif=TAAAAA;rbs_spacer=10bp;gc_cont=0.487
NODE_5_length_339081_cov_37.984555:141100-142866|- -            589 65493                -            558    0.0021   14.5   0.0   1   1   9.8e-06    0.0032   13.9   0.0    38   117    30   113    26   120 0.79 NODE_5_length_339081_cov_37.984555_104 # 141100 # 142866 # -1 # ID=5_104;partial=00;start_type=ATG;rbs_motif=TAAA;rbs_spacer=5bp;gc_cont=0.444
NODE_14_length_106925_cov_32.864293:19535-20872|+  -            446 65493                -            558    0.0025   14.2   0.3   1   2      0.11        35    0.6   0.0   192   254    41   228    35   329 0.55 NODE_14_length_106925_cov_32.864293_18 # 19535 # 20872 # 1 # ID=14_18;partial=00;start_type=ATG;rbs_motif=TAAAAA;rbs_spacer=10bp;gc_cont=0.446
NODE_14_length_106925_cov_32.864293:19535-20872|+  -            446 65493                -            558    0.0025   14.2   0.3   2   2   4.8e-05     0.016   11.6   0.1    59   115   363   415   343   441 0.76 NODE_14_length_106925_cov_32.864293_18 # 19535 # 20872 # 1 # ID=14_18;partial=00;start_type=ATG;rbs_motif=TAAAAA;rbs_spacer=10bp;gc_cont=0.446
NODE_2_length_424706_cov_34.285840:312256-314358|- -            701 65493                -            558    0.0037   13.7   0.1   1   2   0.00025     0.082    9.3   0.0    39    91    29    76     8   111 0.86 NODE_2_length_424706_cov_34.285840_270 # 312256 # 314358 # -1 # ID=2_270;partial=00;start_type=ATG;rbs_motif=TAAA;rbs_spacer=9bp;gc_cont=0.320
NODE_2_length_424706_cov_34.285840:312256-314358|- -            701 65493                -            558    0.0037   13.7   0.1   2   2     0.039        13    2.0   0.0    34    83   580   636   568   650 0.79 NODE_2_length_424706_cov_34.285840_270 # 312256 # 314358 # -1 # ID=2_270;partial=00;start_type=ATG;rbs_motif=TAAA;rbs_spacer=9bp;gc_cont=0.320
NODE_4_length_379350_cov_35.042700:130308-131564|+ -            419 65493                -            558    0.0058   13.1   0.0   1   1   2.8e-05    0.0093   12.4   0.0    30    95   311   373   299   379 0.84 NODE_4_length_379350_cov_35.042700_109 # 130308 # 131564 # 1 # ID=4_109;partial=00;start_type=ATG;rbs_motif=AAA;rbs_spacer=11bp;gc_cont=0.490
NODE_34_length_34313_cov_39.172538:16615-19371|+   -            919 65493                -            558    0.0072   12.8   0.7   1   2      0.41   1.3e+02   -1.3   0.1   166   216   270   321   260   334 0.70 NODE_34_length_34313_cov_39.172538_12 # 16615 # 19371 # 1 # ID=34_12;partial=00;start_type=ATG;rbs_motif=TAA;rbs_spacer=12bp;gc_cont=0.465
NODE_34_length_34313_cov_39.172538:16615-19371|+   -            919 65493                -            558    0.0072   12.8   0.7   2   2   6.6e-05     0.022   11.2   0.1    59   183   541   659   511   688 0.81 NODE_34_length_34313_cov_39.172538_12 # 16615 # 19371 # 1 # ID=34_12;partial=00;start_type=ATG;rbs_motif=TAA;rbs_spacer=12bp;gc_cont=0.465
NODE_8_length_282777_cov_37.165398:119319-120878|+ -            520 65493                -            558    0.0087   12.5   0.1   1   2       1.2   4.1e+02   -3.0   0.2   241   314    29   103    27   115 0.49 NODE_8_length_282777_cov_37.165398_107 # 119319 # 120878 # 1 # ID=8_107;partial=00;start_type=ATG;rbs_motif=TAA;rbs_spacer=10bp;gc_cont=0.419
NODE_8_length_282777_cov_37.165398:119319-120878|+ -            520 65493                -            558    0.0087   12.5   0.1   2   2   2.6e-05    0.0087   12.5   0.1    69   114   439   483   406   487 0.80 NODE_8_length_282777_cov_37.165398_107 # 119319 # 120878 # 1 # ID=8_107;partial=00;start_type=ATG;rbs_motif=TAA;rbs_spacer=10bp;gc_cont=0.419
NODE_12_length_125646_cov_35.366054:99999-101630|- -            544 65493                -            558     0.011   12.2   0.0   1   1   5.2e-05     0.017   11.5   0.0    39   102   442   501   435   508 0.82 NODE_12_length_125646_cov_35.366054_93 # 99999 # 101630 # -1 # ID=12_93;partial=00;start_type=ATG;rbs_motif=None;rbs_spacer=None;gc_cont=0.519
NODE_7_length_286996_cov_37.800226:173771-176530|+ -            920 65493                -            558     0.026   10.9   0.0   1   1   0.00012      0.04   10.3   0.0    34    95   817   873   812   880 0.84 NODE_7_length_286996_cov_37.800226_129 # 173771 # 176530 # 1 # ID=7_129;partial=00;start_type=ATG;rbs_motif=TAAA;rbs_spacer=8bp;gc_cont=0.476
#
# Program:         hmmsearch
# Version:         3.4 (Aug 2023)
# Pipeline mode:   SEARCH
# Query file:      /home/kpchuang/Documents/03_whole_genome_assembly/01_raw_reads/short_reads_assembly/04_short_reads_assembly/04_busco_assessment/busco_downloads/lineages/archaea_odb12/hmms/65493at2157.hmm
# Target file:     /home/kpchuang/Documents/03_whole_genome_assembly/01_raw_reads/short_reads_assembly/04_short_reads_assembly/04_busco_assessment/busco_results/prodigal_output/predicted_genes/predicted.faa
# Option settings: hmmsearch --domtblout /home/kpchuang/Documents/03_whole_genome_assembly/01_raw_reads/short_reads_assembly/04_short_reads_assembly/04_busco_assessment/busco_results/auto_lineage/run_archaea_odb12/hmmer_output/65493at2157.out --cpu 1 /home/kpchuang/Documents/03_whole_genome_assembly/01_raw_reads/short_reads_assembly/04_short_reads_assembly/04_busco_assessment/busco_downloads/lineages/archaea_odb12/hmms/65493at2157.hmm /home/kpchuang/Documents/03_whole_genome_assembly/01_raw_reads/short_reads_assembly/04_short_reads_assembly/04_busco_assessment/busco_results/prodigal_output/predicted_genes/predicted.faa 
# Current dir:     /home/kpchuang/Documents/03_whole_genome_assembly/01_raw_reads/short_reads_assembly/04_short_reads_assembly/04_busco_assessment
# Date:            Thu Jan  1 15:36:32 2026
# [ok]
