#                                                                                                          --- full sequence --- -------------- this domain -------------   hmm coord   ali coord   env coord
# target name                                      accession   tlen query name           accession   qlen   E-value  score  bias   #  of  c-Evalue  i-Evalue  score  bias  from    to  from    to  from    to  acc description of target
#                              ------------------- ---------- ----- -------------------- ---------- ----- --------- ------ ----- --- --- --------- --------- ------ ----- ----- ----- ----- ----- ----- ----- ---- ---------------------
NODE_3_length_402718_cov_33.543387:334241-335734|- -            498 7375                 -            480  1.5e-163  542.8   2.7   1   1  2.2e-166  2.6e-163  542.0   2.7     4   480     5   497     2   497 0.95 NODE_3_length_402718_cov_33.543387_309 # 334241 # 335734 # -1 # ID=3_309;partial=00;start_type=ATG;rbs_motif=TAAAA;rbs_spacer=13bp;gc_cont=0.467
NODE_4_length_379350_cov_35.042700:22027-23967|-   -            647 7375                 -            480   8.1e-31  105.1   0.3   1   2   5.4e-13   6.3e-10   36.2   0.0    35   211   261   438   243   449 0.81 NODE_4_length_379350_cov_35.042700_21 # 22027 # 23967 # -1 # ID=4_21;partial=00;start_type=ATG;rbs_motif=TAA;rbs_spacer=4bp;gc_cont=0.434
NODE_4_length_379350_cov_35.042700:22027-23967|-   -            647 7375                 -            480   8.1e-31  105.1   0.3   2   2   2.3e-22   2.7e-19   67.1   0.1   223   392   482   643   465   646 0.88 NODE_4_length_379350_cov_35.042700_21 # 22027 # 23967 # -1 # ID=4_21;partial=00;start_type=ATG;rbs_motif=TAA;rbs_spacer=4bp;gc_cont=0.434
NODE_9_length_160020_cov_39.719382:62043-63584|+   -            514 7375                 -            480   1.4e-14   51.5   0.0   1   1   2.2e-17   2.5e-14   50.7   0.0   101   387   206   502   190   511 0.81 NODE_9_length_160020_cov_39.719382_44 # 62043 # 63584 # 1 # ID=9_44;partial=00;start_type=ATG;rbs_motif=AATAA;rbs_spacer=4bp;gc_cont=0.444
NODE_6_length_338063_cov_36.607788:61515-62789|-   -            425 7375                 -            480     6e-10   36.2   1.2   1   3     0.023        27    1.1   3.5   362   422    34    92    15   101 0.78 NODE_6_length_338063_cov_36.607788_49 # 61515 # 62789 # -1 # ID=6_49;partial=00;start_type=ATG;rbs_motif=TAAA;rbs_spacer=12bp;gc_cont=0.467
NODE_6_length_338063_cov_36.607788:61515-62789|-   -            425 7375                 -            480     6e-10   36.2   1.2   2   3     0.033        38    0.6   0.0    26    74   152   204   142   208 0.81 NODE_6_length_338063_cov_36.607788_49 # 61515 # 62789 # -1 # ID=6_49;partial=00;start_type=ATG;rbs_motif=TAAA;rbs_spacer=12bp;gc_cont=0.467
NODE_6_length_338063_cov_36.607788:61515-62789|-   -            425 7375                 -            480     6e-10   36.2   1.2   3   3   1.4e-10   1.7e-07   28.2   0.0   106   289   228   416   217   418 0.87 NODE_6_length_338063_cov_36.607788_49 # 61515 # 62789 # -1 # ID=6_49;partial=00;start_type=ATG;rbs_motif=TAAA;rbs_spacer=12bp;gc_cont=0.467
#
# Program:         hmmsearch
# Version:         3.4 (Aug 2023)
# Pipeline mode:   SEARCH
# Query file:      /home/kpchuang/Documents/03_whole_genome_assembly/01_raw_reads/short_reads_assembly/04_short_reads_assembly/04_busco_assessment/busco_downloads/lineages/archaea_odb12/hmms/7375at2157.hmm
# Target file:     /home/kpchuang/Documents/03_whole_genome_assembly/01_raw_reads/short_reads_assembly/04_short_reads_assembly/04_busco_assessment/busco_results/prodigal_output/predicted_genes/predicted.faa
# Option settings: hmmsearch --domtblout /home/kpchuang/Documents/03_whole_genome_assembly/01_raw_reads/short_reads_assembly/04_short_reads_assembly/04_busco_assessment/busco_results/auto_lineage/run_archaea_odb12/hmmer_output/7375at2157.out --cpu 1 /home/kpchuang/Documents/03_whole_genome_assembly/01_raw_reads/short_reads_assembly/04_short_reads_assembly/04_busco_assessment/busco_downloads/lineages/archaea_odb12/hmms/7375at2157.hmm /home/kpchuang/Documents/03_whole_genome_assembly/01_raw_reads/short_reads_assembly/04_short_reads_assembly/04_busco_assessment/busco_results/prodigal_output/predicted_genes/predicted.faa 
# Current dir:     /home/kpchuang/Documents/03_whole_genome_assembly/01_raw_reads/short_reads_assembly/04_short_reads_assembly/04_busco_assessment
# Date:            Thu Jan  1 15:36:32 2026
# [ok]
