#                                                                                                           --- full sequence --- -------------- this domain -------------   hmm coord   ali coord   env coord
# target name                                       accession   tlen query name           accession   qlen   E-value  score  bias   #  of  c-Evalue  i-Evalue  score  bias  from    to  from    to  from    to  acc description of target
#                               ------------------- ---------- ----- -------------------- ---------- ----- --------- ------ ----- --- --- --------- --------- ------ ----- ----- ----- ----- ----- ----- ----- ---- ---------------------
NODE_11_length_153230_cov_39.213473:104491-105675|- -            395 7798                 -            379   7.4e-39  132.2   0.4   1   1   2.8e-41   1.1e-38  131.6   0.4     2   362    10   377     9   390 0.79 NODE_11_length_153230_cov_39.213473_98 # 104491 # 105675 # -1 # ID=11_98;partial=00;start_type=ATG;rbs_motif=TAA;rbs_spacer=11bp;gc_cont=0.449
NODE_4_length_379350_cov_35.042700:42972-44402|-    -            477 7798                 -            379   5.1e-18   63.6   0.0   1   2      0.17        65    0.7   0.0     8    24    23    39    17    61 0.87 NODE_4_length_379350_cov_35.042700_38 # 42972 # 44402 # -1 # ID=4_38;partial=00;start_type=ATG;rbs_motif=TAA;rbs_spacer=11bp;gc_cont=0.435
NODE_4_length_379350_cov_35.042700:42972-44402|-    -            477 7798                 -            379   5.1e-18   63.6   0.0   2   2   1.6e-19   6.3e-17   60.0   0.0    59   165    96   204    80   208 0.92 NODE_4_length_379350_cov_35.042700_38 # 42972 # 44402 # -1 # ID=4_38;partial=00;start_type=ATG;rbs_motif=TAA;rbs_spacer=11bp;gc_cont=0.435
NODE_5_length_339081_cov_37.984555:116141-119191|-  -           1017 7798                 -            379   1.2e-16   59.1   1.4   1   1   1.4e-18   5.3e-16   56.9   1.4     6   172   519   675   515   702 0.81 NODE_5_length_339081_cov_37.984555_82 # 116141 # 119191 # -1 # ID=5_82;partial=00;start_type=ATG;rbs_motif=TAAA;rbs_spacer=7bp;gc_cont=0.442
NODE_31_length_40986_cov_32.361314:4078-5859|+      -            594 7798                 -            379   1.9e-12   45.2   0.6   1   1   7.8e-15     3e-12   44.6   0.6     6   212     6   214     3   268 0.78 NODE_31_length_40986_cov_32.361314_7 # 4078 # 5859 # 1 # ID=31_7;partial=00;start_type=ATG;rbs_motif=TAA;rbs_spacer=14bp;gc_cont=0.453
NODE_39_length_22776_cov_32.999692:1170-3095|+      -            642 7798                 -            379   1.2e-11   42.6   0.4   1   1   9.5e-14   3.7e-11   41.0   0.4     5   127     4   132     1   159 0.70 NODE_39_length_22776_cov_32.999692_2 # 1170 # 3095 # 1 # ID=39_2;partial=00;start_type=ATG;rbs_motif=TAA;rbs_spacer=4bp;gc_cont=0.381
NODE_15_length_100586_cov_37.517506:75446-77371|+   -            642 7798                 -            379   2.5e-11   41.5   1.7   1   2   1.2e-13   4.7e-11   40.6   0.6     5   144     4   148     1   173 0.67 NODE_15_length_100586_cov_37.517506_60 # 75446 # 77371 # 1 # ID=15_60;partial=00;start_type=ATG;rbs_motif=TAA;rbs_spacer=5bp;gc_cont=0.398
NODE_15_length_100586_cov_37.517506:75446-77371|+   -            642 7798                 -            379   2.5e-11   41.5   1.7   2   2       1.5   5.9e+02   -2.5   0.0   152   181   213   245   205   253 0.76 NODE_15_length_100586_cov_37.517506_60 # 75446 # 77371 # 1 # ID=15_60;partial=00;start_type=ATG;rbs_motif=TAA;rbs_spacer=5bp;gc_cont=0.398
NODE_27_length_55795_cov_35.058976:20133-21932|+    -            600 7798                 -            379   6.1e-10   37.0   0.1   1   1   5.2e-12     2e-09   35.3   0.1     4   126     4   130     1   143 0.80 NODE_27_length_55795_cov_35.058976_17 # 20133 # 21932 # 1 # ID=27_17;partial=00;start_type=ATG;rbs_motif=AATAA;rbs_spacer=10bp;gc_cont=0.445
NODE_27_length_55795_cov_35.058976:33864-35663|-    -            600 7798                 -            379   6.1e-10   37.0   0.1   1   1   5.2e-12     2e-09   35.3   0.1     4   126     4   130     1   143 0.80 NODE_27_length_55795_cov_35.058976_22 # 33864 # 35663 # -1 # ID=27_22;partial=00;start_type=ATG;rbs_motif=AATAA;rbs_spacer=10bp;gc_cont=0.444
NODE_18_length_83461_cov_37.247170:80364-81245|-    -            294 7798                 -            379   5.9e-08   30.4   0.1   1   1   4.2e-10   1.6e-07   29.0   0.1    63   180    53   171     4   190 0.75 NODE_18_length_83461_cov_37.247170_66 # 80364 # 81245 # -1 # ID=18_66;partial=00;start_type=ATG;rbs_motif=AATAA;rbs_spacer=10bp;gc_cont=0.416
NODE_24_length_70082_cov_35.438369:46377-47951|-    -            525 7798                 -            379   0.00013   19.5   0.0   1   1   7.2e-07   0.00028   18.3   0.0     8   126    14   142    10   149 0.71 NODE_24_length_70082_cov_35.438369_44 # 46377 # 47951 # -1 # ID=24_44;partial=00;start_type=ATG;rbs_motif=None;rbs_spacer=None;gc_cont=0.451
NODE_11_length_153230_cov_39.213473:86373-88490|-   -            706 7798                 -            379   0.00018   19.0   0.1   1   1   1.2e-06   0.00046   17.6   0.1     5   126    10   141     7   187 0.67 NODE_11_length_153230_cov_39.213473_83 # 86373 # 88490 # -1 # ID=11_83;partial=00;start_type=ATG;rbs_motif=TAAA;rbs_spacer=11bp;gc_cont=0.447
NODE_8_length_282777_cov_37.165398:116773-118929|+  -            719 7798                 -            379     0.001   16.5   0.0   1   1   4.6e-06    0.0018   15.7   0.0     5   125    10   136     6   155 0.84 NODE_8_length_282777_cov_37.165398_106 # 116773 # 118929 # 1 # ID=8_106;partial=00;start_type=ATG;rbs_motif=TAAA;rbs_spacer=11bp;gc_cont=0.464
#
# Program:         hmmsearch
# Version:         3.4 (Aug 2023)
# Pipeline mode:   SEARCH
# Query file:      /home/kpchuang/Documents/03_whole_genome_assembly/01_raw_reads/short_reads_assembly/04_short_reads_assembly/04_busco_assessment/busco_downloads/lineages/archaea_odb12/hmms/7798at2157.hmm
# Target file:     /home/kpchuang/Documents/03_whole_genome_assembly/01_raw_reads/short_reads_assembly/04_short_reads_assembly/04_busco_assessment/busco_results/prodigal_output/predicted_genes/predicted.faa
# Option settings: hmmsearch --domtblout /home/kpchuang/Documents/03_whole_genome_assembly/01_raw_reads/short_reads_assembly/04_short_reads_assembly/04_busco_assessment/busco_results/auto_lineage/run_archaea_odb12/hmmer_output/7798at2157.out --cpu 1 /home/kpchuang/Documents/03_whole_genome_assembly/01_raw_reads/short_reads_assembly/04_short_reads_assembly/04_busco_assessment/busco_downloads/lineages/archaea_odb12/hmms/7798at2157.hmm /home/kpchuang/Documents/03_whole_genome_assembly/01_raw_reads/short_reads_assembly/04_short_reads_assembly/04_busco_assessment/busco_results/prodigal_output/predicted_genes/predicted.faa 
# Current dir:     /home/kpchuang/Documents/03_whole_genome_assembly/01_raw_reads/short_reads_assembly/04_short_reads_assembly/04_busco_assessment
# Date:            Thu Jan  1 15:36:32 2026
# [ok]
