#                                                                                                        --- full sequence --- -------------- this domain -------------   hmm coord   ali coord   env coord
# target name                                    accession   tlen query name           accession   qlen   E-value  score  bias   #  of  c-Evalue  i-Evalue  score  bias  from    to  from    to  from    to  acc description of target
#                            ------------------- ---------- ----- -------------------- ---------- ----- --------- ------ ----- --- --- --------- --------- ------ ----- ----- ----- ----- ----- ----- ----- ---- ---------------------
NODE_6_length_338063_cov_36.607788:97286-99079|+ -            598 84794                -            264   6.4e-24   82.7  18.6   1   5   0.00051      0.79    7.0   0.7    35    90   149   202   143   213 0.80 NODE_6_length_338063_cov_36.607788_79 # 97286 # 99079 # 1 # ID=6_79;partial=00;start_type=ATG;rbs_motif=TAAA;rbs_spacer=13bp;gc_cont=0.434
NODE_6_length_338063_cov_36.607788:97286-99079|+ -            598 84794                -            264   6.4e-24   82.7  18.6   2   5   5.9e-12   9.2e-09   33.0   0.2     8    86   212   287   209   289 0.95 NODE_6_length_338063_cov_36.607788_79 # 97286 # 99079 # 1 # ID=6_79;partial=00;start_type=ATG;rbs_motif=TAAA;rbs_spacer=13bp;gc_cont=0.434
NODE_6_length_338063_cov_36.607788:97286-99079|+ -            598 84794                -            264   6.4e-24   82.7  18.6   3   5   2.8e-10   4.4e-07   27.5   0.3     9    86   298   374   295   384 0.93 NODE_6_length_338063_cov_36.607788_79 # 97286 # 99079 # 1 # ID=6_79;partial=00;start_type=ATG;rbs_motif=TAAA;rbs_spacer=13bp;gc_cont=0.434
NODE_6_length_338063_cov_36.607788:97286-99079|+ -            598 84794                -            264   6.4e-24   82.7  18.6   4   5   3.2e-09   4.9e-06   24.1   0.2    15    85   391   460   379   462 0.92 NODE_6_length_338063_cov_36.607788_79 # 97286 # 99079 # 1 # ID=6_79;partial=00;start_type=ATG;rbs_motif=TAAA;rbs_spacer=13bp;gc_cont=0.434
NODE_6_length_338063_cov_36.607788:97286-99079|+ -            598 84794                -            264   6.4e-24   82.7  18.6   5   5     0.029        45    1.2   0.1    57    97   514   555   478   593 0.70 NODE_6_length_338063_cov_36.607788_79 # 97286 # 99079 # 1 # ID=6_79;partial=00;start_type=ATG;rbs_motif=TAAA;rbs_spacer=13bp;gc_cont=0.434
NODE_44_length_13308_cov_36.472300:7186-9312|-   -            709 84794                -            264   8.9e-09   33.1   1.6   1   2      0.94   1.5e+03   -3.7   0.2   159   179   199   219   176   235 0.48 NODE_44_length_13308_cov_36.472300_5 # 7186 # 9312 # -1 # ID=44_5;partial=00;start_type=ATG;rbs_motif=TAAAA;rbs_spacer=8bp;gc_cont=0.453
NODE_44_length_13308_cov_36.472300:7186-9312|-   -            709 84794                -            264   8.9e-09   33.1   1.6   2   2   7.4e-12   1.2e-08   32.7   0.1     6    81   625   699   622   704 0.94 NODE_44_length_13308_cov_36.472300_5 # 7186 # 9312 # -1 # ID=44_5;partial=00;start_type=ATG;rbs_motif=TAAAA;rbs_spacer=8bp;gc_cont=0.453
NODE_2_length_424706_cov_34.285840:94389-96512|- -            708 84794                -            264   2.1e-07   28.5   0.1   1   1   3.7e-10   5.7e-07   27.1   0.1    15    80   641   704   634   706 0.91 NODE_2_length_424706_cov_34.285840_65 # 94389 # 96512 # -1 # ID=2_65;partial=00;start_type=ATG;rbs_motif=TAAAAA;rbs_spacer=6bp;gc_cont=0.538
#
# Program:         hmmsearch
# Version:         3.4 (Aug 2023)
# Pipeline mode:   SEARCH
# Query file:      /home/kpchuang/Documents/03_whole_genome_assembly/01_raw_reads/short_reads_assembly/04_short_reads_assembly/04_busco_assessment/busco_downloads/lineages/archaea_odb12/hmms/84794at2157.hmm
# Target file:     /home/kpchuang/Documents/03_whole_genome_assembly/01_raw_reads/short_reads_assembly/04_short_reads_assembly/04_busco_assessment/busco_results/prodigal_output/predicted_genes/predicted.faa
# Option settings: hmmsearch --domtblout /home/kpchuang/Documents/03_whole_genome_assembly/01_raw_reads/short_reads_assembly/04_short_reads_assembly/04_busco_assessment/busco_results/auto_lineage/run_archaea_odb12/hmmer_output/84794at2157.out --cpu 1 /home/kpchuang/Documents/03_whole_genome_assembly/01_raw_reads/short_reads_assembly/04_short_reads_assembly/04_busco_assessment/busco_downloads/lineages/archaea_odb12/hmms/84794at2157.hmm /home/kpchuang/Documents/03_whole_genome_assembly/01_raw_reads/short_reads_assembly/04_short_reads_assembly/04_busco_assessment/busco_results/prodigal_output/predicted_genes/predicted.faa 
# Current dir:     /home/kpchuang/Documents/03_whole_genome_assembly/01_raw_reads/short_reads_assembly/04_short_reads_assembly/04_busco_assessment
# Date:            Thu Jan  1 15:36:33 2026
# [ok]
