#                                                                                                           --- full sequence --- -------------- this domain -------------   hmm coord   ali coord   env coord
# target name                                       accession   tlen query name           accession   qlen   E-value  score  bias   #  of  c-Evalue  i-Evalue  score  bias  from    to  from    to  from    to  acc description of target
#                               ------------------- ---------- ----- -------------------- ---------- ----- --------- ------ ----- --- --- --------- --------- ------ ----- ----- ----- ----- ----- ----- ----- ---- ---------------------
NODE_10_length_157613_cov_33.680873:150141-151958|- -            606 85892                -            392   7.6e-43  144.8  32.4   1   3      0.25   2.3e+02   -1.7   0.1     4    29    20    45    17   115 0.72 NODE_10_length_157613_cov_33.680873_128 # 150141 # 151958 # -1 # ID=10_128;partial=00;start_type=ATG;rbs_motif=None;rbs_spacer=None;gc_cont=0.468
NODE_10_length_157613_cov_33.680873:150141-151958|- -            606 85892                -            392   7.6e-43  144.8  32.4   2   3   1.2e-25   1.1e-22   78.4  14.7   119   312   249   478   169   481 0.70 NODE_10_length_157613_cov_33.680873_128 # 150141 # 151958 # -1 # ID=10_128;partial=00;start_type=ATG;rbs_motif=None;rbs_spacer=None;gc_cont=0.468
NODE_10_length_157613_cov_33.680873:150141-151958|- -            606 85892                -            392   7.6e-43  144.8  32.4   3   3   1.2e-23   1.1e-20   71.8   6.5   305   390   507   604   478   605 0.83 NODE_10_length_157613_cov_33.680873_128 # 150141 # 151958 # -1 # ID=10_128;partial=00;start_type=ATG;rbs_motif=None;rbs_spacer=None;gc_cont=0.468
NODE_5_length_339081_cov_37.984555:302176-303393|-  -            406 85892                -            392     0.035   10.9   1.2   1   1   6.3e-05     0.059   10.2   1.2    32    86   250   296   225   345 0.63 NODE_5_length_339081_cov_37.984555_244 # 302176 # 303393 # -1 # ID=5_244;partial=00;start_type=ATG;rbs_motif=AAAAA;rbs_spacer=9bp;gc_cont=0.357
NODE_19_length_79805_cov_35.801074:20257-20652|-    -            132 85892                -            392      0.17    8.7   2.1   1   1   0.00022       0.2    8.4   2.1     8    79    28    97    26   117 0.88 NODE_19_length_79805_cov_35.801074_23 # 20257 # 20652 # -1 # ID=19_23;partial=00;start_type=TTG;rbs_motif=AAAAA;rbs_spacer=12bp;gc_cont=0.389
NODE_3_length_402718_cov_33.543387:282430-283254|+  -            275 85892                -            392       0.2    8.5  19.6   1   2   0.00041      0.38    7.5   2.1    28    89    26    88     8   100 0.71 NODE_3_length_402718_cov_33.543387_268 # 282430 # 283254 # 1 # ID=3_268;partial=00;start_type=ATG;rbs_motif=TAAA;rbs_spacer=14bp;gc_cont=0.410
NODE_3_length_402718_cov_33.543387:282430-283254|+  -            275 85892                -            392       0.2    8.5  19.6   2   2   0.00076       0.7    6.6   9.8    21    86   117   182   104   186 0.72 NODE_3_length_402718_cov_33.543387_268 # 282430 # 283254 # 1 # ID=3_268;partial=00;start_type=ATG;rbs_motif=TAAA;rbs_spacer=14bp;gc_cont=0.410
NODE_2_length_424706_cov_34.285840:42490-43119|-    -            210 85892                -            392         2    5.2   5.4   1   1     0.003       2.7    4.7   5.4    12    75    29    92    20   139 0.71 NODE_2_length_424706_cov_34.285840_20 # 42490 # 43119 # -1 # ID=2_20;partial=00;start_type=ATG;rbs_motif=TAAAA;rbs_spacer=12bp;gc_cont=0.435
#
# Program:         hmmsearch
# Version:         3.4 (Aug 2023)
# Pipeline mode:   SEARCH
# Query file:      /home/kpchuang/Documents/03_whole_genome_assembly/01_raw_reads/short_reads_assembly/04_short_reads_assembly/04_busco_assessment/busco_downloads/lineages/archaea_odb12/hmms/85892at2157.hmm
# Target file:     /home/kpchuang/Documents/03_whole_genome_assembly/01_raw_reads/short_reads_assembly/04_short_reads_assembly/04_busco_assessment/busco_results/prodigal_output/predicted_genes/predicted.faa
# Option settings: hmmsearch --domtblout /home/kpchuang/Documents/03_whole_genome_assembly/01_raw_reads/short_reads_assembly/04_short_reads_assembly/04_busco_assessment/busco_results/auto_lineage/run_archaea_odb12/hmmer_output/85892at2157.out --cpu 1 /home/kpchuang/Documents/03_whole_genome_assembly/01_raw_reads/short_reads_assembly/04_short_reads_assembly/04_busco_assessment/busco_downloads/lineages/archaea_odb12/hmms/85892at2157.hmm /home/kpchuang/Documents/03_whole_genome_assembly/01_raw_reads/short_reads_assembly/04_short_reads_assembly/04_busco_assessment/busco_results/prodigal_output/predicted_genes/predicted.faa 
# Current dir:     /home/kpchuang/Documents/03_whole_genome_assembly/01_raw_reads/short_reads_assembly/04_short_reads_assembly/04_busco_assessment
# Date:            Thu Jan  1 15:36:33 2026
# [ok]
