#                                                                                                          --- full sequence --- -------------- this domain -------------   hmm coord   ali coord   env coord
# target name                                      accession   tlen query name           accession   qlen   E-value  score  bias   #  of  c-Evalue  i-Evalue  score  bias  from    to  from    to  from    to  acc description of target
#                              ------------------- ---------- ----- -------------------- ---------- ----- --------- ------ ----- --- --- --------- --------- ------ ----- ----- ----- ----- ----- ----- ----- ---- ---------------------
NODE_1_length_523019_cov_35.337313:174958-175953|- -            332 8656                 -            348   2.1e-65  219.2   0.0   1   1   3.1e-68   2.4e-65  218.9   0.0     6   330     4   327     1   329 0.92 NODE_1_length_523019_cov_35.337313_152 # 174958 # 175953 # -1 # ID=1_152;partial=00;start_type=ATG;rbs_motif=None;rbs_spacer=None;gc_cont=0.337
NODE_10_length_157613_cov_33.680873:62128-63273|-  -            382 8656                 -            348   3.1e-10   37.7   0.0   1   2   6.5e-12     5e-09   33.7   0.0     8   108     6   106     1   110 0.84 NODE_10_length_157613_cov_33.680873_47 # 62128 # 63273 # -1 # ID=10_47;partial=00;start_type=ATG;rbs_motif=TAA;rbs_spacer=11bp;gc_cont=0.510
NODE_10_length_157613_cov_33.680873:62128-63273|-  -            382 8656                 -            348   3.1e-10   37.7   0.0   2   2     0.038        30    1.6   0.0   130   173   148   191   131   282 0.82 NODE_10_length_157613_cov_33.680873_47 # 62128 # 63273 # -1 # ID=10_47;partial=00;start_type=ATG;rbs_motif=TAA;rbs_spacer=11bp;gc_cont=0.510
NODE_7_length_286996_cov_37.800226:34364-35425|-   -            354 8656                 -            348   2.1e-08   31.7   0.0   1   2   1.7e-09   1.3e-06   25.8   0.0    12   173     4   175     2   200 0.81 NODE_7_length_286996_cov_37.800226_27 # 34364 # 35425 # -1 # ID=7_27;partial=00;start_type=ATG;rbs_motif=AAAAA;rbs_spacer=12bp;gc_cont=0.467
NODE_7_length_286996_cov_37.800226:34364-35425|-   -            354 8656                 -            348   2.1e-08   31.7   0.0   2   2    0.0082       6.3    3.8   0.0   251   284   234   270   227   287 0.81 NODE_7_length_286996_cov_37.800226_27 # 34364 # 35425 # -1 # ID=7_27;partial=00;start_type=ATG;rbs_motif=AAAAA;rbs_spacer=12bp;gc_cont=0.467
NODE_5_length_339081_cov_37.984555:128245-129399|- -            385 8656                 -            348   2.4e-08   31.5   2.2   1   3   2.6e-09     2e-06   25.2   0.0    15   110    12   110     3   120 0.79 NODE_5_length_339081_cov_37.984555_91 # 128245 # 129399 # -1 # ID=5_91;partial=00;start_type=ATG;rbs_motif=AAGAA;rbs_spacer=6bp;gc_cont=0.440
NODE_5_length_339081_cov_37.984555:128245-129399|- -            385 8656                 -            348   2.4e-08   31.5   2.2   2   3    0.0031       2.4    5.2   0.3   108   169   128   193   123   203 0.75 NODE_5_length_339081_cov_37.984555_91 # 128245 # 129399 # -1 # ID=5_91;partial=00;start_type=ATG;rbs_motif=AAGAA;rbs_spacer=6bp;gc_cont=0.440
NODE_5_length_339081_cov_37.984555:128245-129399|- -            385 8656                 -            348   2.4e-08   31.5   2.2   3   3      0.71   5.5e+02   -2.6   0.0   287   308   326   347   299   357 0.61 NODE_5_length_339081_cov_37.984555_91 # 128245 # 129399 # -1 # ID=5_91;partial=00;start_type=ATG;rbs_motif=AAGAA;rbs_spacer=6bp;gc_cont=0.440
NODE_7_length_286996_cov_37.800226:117138-118277|+ -            380 8656                 -            348   7.1e-07   26.6   0.0   1   1   1.2e-08   9.2e-06   23.0   0.0    15   274     9   276     2   292 0.60 NODE_7_length_286996_cov_37.800226_87 # 117138 # 118277 # 1 # ID=7_87;partial=00;start_type=ATG;rbs_motif=None;rbs_spacer=None;gc_cont=0.346
NODE_16_length_96149_cov_39.011366:57412-57918|-   -            169 8656                 -            348    0.0049   14.0   0.1   1   1   9.9e-06    0.0077   13.4   0.1    39   128     7    97     2   107 0.77 NODE_16_length_96149_cov_39.011366_46 # 57412 # 57918 # -1 # ID=16_46;partial=00;start_type=ATG;rbs_motif=TAAA;rbs_spacer=5bp;gc_cont=0.511
#
# Program:         hmmsearch
# Version:         3.4 (Aug 2023)
# Pipeline mode:   SEARCH
# Query file:      /home/kpchuang/Documents/03_whole_genome_assembly/01_raw_reads/short_reads_assembly/04_short_reads_assembly/04_busco_assessment/busco_downloads/lineages/archaea_odb12/hmms/8656at2157.hmm
# Target file:     /home/kpchuang/Documents/03_whole_genome_assembly/01_raw_reads/short_reads_assembly/04_short_reads_assembly/04_busco_assessment/busco_results/prodigal_output/predicted_genes/predicted.faa
# Option settings: hmmsearch --domtblout /home/kpchuang/Documents/03_whole_genome_assembly/01_raw_reads/short_reads_assembly/04_short_reads_assembly/04_busco_assessment/busco_results/auto_lineage/run_archaea_odb12/hmmer_output/8656at2157.out --cpu 1 /home/kpchuang/Documents/03_whole_genome_assembly/01_raw_reads/short_reads_assembly/04_short_reads_assembly/04_busco_assessment/busco_downloads/lineages/archaea_odb12/hmms/8656at2157.hmm /home/kpchuang/Documents/03_whole_genome_assembly/01_raw_reads/short_reads_assembly/04_short_reads_assembly/04_busco_assessment/busco_results/prodigal_output/predicted_genes/predicted.faa 
# Current dir:     /home/kpchuang/Documents/03_whole_genome_assembly/01_raw_reads/short_reads_assembly/04_short_reads_assembly/04_busco_assessment
# Date:            Thu Jan  1 15:36:33 2026
# [ok]
