#                                                                                                          --- full sequence --- -------------- this domain -------------   hmm coord   ali coord   env coord
# target name                                      accession   tlen query name           accession   qlen   E-value  score  bias   #  of  c-Evalue  i-Evalue  score  bias  from    to  from    to  from    to  acc description of target
#                              ------------------- ---------- ----- -------------------- ---------- ----- --------- ------ ----- --- --- --------- --------- ------ ----- ----- ----- ----- ----- ----- ----- ---- ---------------------
NODE_1_length_523019_cov_35.337313:485867-487231|- -            455 8659                 -            358   4.3e-69  231.0  13.5   1   3   9.5e-17   1.5e-13   48.4   0.1     4    67     8    71     6    80 0.93 NODE_1_length_523019_cov_35.337313_383 # 485867 # 487231 # -1 # ID=1_383;partial=00;start_type=ATG;rbs_motif=TAAA;rbs_spacer=12bp;gc_cont=0.434
NODE_1_length_523019_cov_35.337313:485867-487231|- -            455 8659                 -            358   4.3e-69  231.0  13.5   2   3   1.9e-31   2.9e-28   96.7   0.1    72   205    98   237    95   252 0.84 NODE_1_length_523019_cov_35.337313_383 # 485867 # 487231 # -1 # ID=1_383;partial=00;start_type=ATG;rbs_motif=TAAA;rbs_spacer=12bp;gc_cont=0.434
NODE_1_length_523019_cov_35.337313:485867-487231|- -            455 8659                 -            358   4.3e-69  231.0  13.5   3   3   1.2e-28   1.9e-25   87.5   6.1   199   357   271   449   248   450 0.76 NODE_1_length_523019_cov_35.337313_383 # 485867 # 487231 # -1 # ID=1_383;partial=00;start_type=ATG;rbs_motif=TAAA;rbs_spacer=12bp;gc_cont=0.434
NODE_4_length_379350_cov_35.042700:22027-23967|-   -            647 8659                 -            358   1.1e-10   38.9   0.2   1   2   2.6e-08     4e-05   20.6   0.0     5   155   261   426   258   435 0.76 NODE_4_length_379350_cov_35.042700_21 # 22027 # 23967 # -1 # ID=4_21;partial=00;start_type=ATG;rbs_motif=TAA;rbs_spacer=4bp;gc_cont=0.434
NODE_4_length_379350_cov_35.042700:22027-23967|-   -            647 8659                 -            358   1.1e-10   38.9   0.2   2   2   5.9e-07   0.00092   16.1   0.0   286   356   556   631   537   633 0.69 NODE_4_length_379350_cov_35.042700_21 # 22027 # 23967 # -1 # ID=4_21;partial=00;start_type=ATG;rbs_motif=TAA;rbs_spacer=4bp;gc_cont=0.434
NODE_9_length_160020_cov_39.719382:62043-63584|+   -            514 8659                 -            358   0.00058   16.8   0.7   1   2    0.0013         2    5.2   0.2    70   124   211   272   204   281 0.77 NODE_9_length_160020_cov_39.719382_44 # 62043 # 63584 # 1 # ID=9_44;partial=00;start_type=ATG;rbs_motif=AATAA;rbs_spacer=4bp;gc_cont=0.444
NODE_9_length_160020_cov_39.719382:62043-63584|+   -            514 8659                 -            358   0.00058   16.8   0.7   2   2   5.5e-05     0.086    9.7   0.0   289   356   425   495   411   497 0.79 NODE_9_length_160020_cov_39.719382_44 # 62043 # 63584 # 1 # ID=9_44;partial=00;start_type=ATG;rbs_motif=AATAA;rbs_spacer=4bp;gc_cont=0.444
#
# Program:         hmmsearch
# Version:         3.4 (Aug 2023)
# Pipeline mode:   SEARCH
# Query file:      /home/kpchuang/Documents/03_whole_genome_assembly/01_raw_reads/short_reads_assembly/04_short_reads_assembly/04_busco_assessment/busco_downloads/lineages/archaea_odb12/hmms/8659at2157.hmm
# Target file:     /home/kpchuang/Documents/03_whole_genome_assembly/01_raw_reads/short_reads_assembly/04_short_reads_assembly/04_busco_assessment/busco_results/prodigal_output/predicted_genes/predicted.faa
# Option settings: hmmsearch --domtblout /home/kpchuang/Documents/03_whole_genome_assembly/01_raw_reads/short_reads_assembly/04_short_reads_assembly/04_busco_assessment/busco_results/auto_lineage/run_archaea_odb12/hmmer_output/8659at2157.out --cpu 1 /home/kpchuang/Documents/03_whole_genome_assembly/01_raw_reads/short_reads_assembly/04_short_reads_assembly/04_busco_assessment/busco_downloads/lineages/archaea_odb12/hmms/8659at2157.hmm /home/kpchuang/Documents/03_whole_genome_assembly/01_raw_reads/short_reads_assembly/04_short_reads_assembly/04_busco_assessment/busco_results/prodigal_output/predicted_genes/predicted.faa 
# Current dir:     /home/kpchuang/Documents/03_whole_genome_assembly/01_raw_reads/short_reads_assembly/04_short_reads_assembly/04_busco_assessment
# Date:            Thu Jan  1 15:36:33 2026
# [ok]
