#                                                                                                          --- full sequence --- -------------- this domain -------------   hmm coord   ali coord   env coord
# target name                                      accession   tlen query name           accession   qlen   E-value  score  bias   #  of  c-Evalue  i-Evalue  score  bias  from    to  from    to  from    to  acc description of target
#                              ------------------- ---------- ----- -------------------- ---------- ----- --------- ------ ----- --- --- --------- --------- ------ ----- ----- ----- ----- ----- ----- ----- ---- ---------------------
NODE_15_length_100586_cov_37.517506:59008-59646|-  -            213 9089                 -            160   3.2e-31  106.2   0.0   1   1   4.8e-34   4.4e-31  105.7   0.0     3   158     9   179     7   181 0.83 NODE_15_length_100586_cov_37.517506_47 # 59008 # 59646 # -1 # ID=15_47;partial=00;start_type=ATG;rbs_motif=None;rbs_spacer=None;gc_cont=0.433
NODE_4_length_379350_cov_35.042700:18735-19304|+   -            190 9089                 -            160   3.5e-07   28.0   0.1   1   2     0.019        18    3.0   0.0    49    81    49    82    29    94 0.81 NODE_4_length_379350_cov_35.042700_16 # 18735 # 19304 # 1 # ID=4_16;partial=00;start_type=ATG;rbs_motif=TAA;rbs_spacer=15bp;gc_cont=0.409
NODE_4_length_379350_cov_35.042700:18735-19304|+   -            190 9089                 -            160   3.5e-07   28.0   0.1   2   2   1.2e-08   1.2e-05   23.1   0.0    96   159   116   180   112   181 0.94 NODE_4_length_379350_cov_35.042700_16 # 18735 # 19304 # 1 # ID=4_16;partial=00;start_type=ATG;rbs_motif=TAA;rbs_spacer=15bp;gc_cont=0.409
NODE_3_length_402718_cov_33.543387:77460-78398|-   -            313 9089                 -            160   9.7e-07   26.6   1.1   1   2   2.3e-09   2.1e-06   25.5   0.6    48   130   161   247   142   255 0.79 NODE_3_length_402718_cov_33.543387_65 # 77460 # 78398 # -1 # ID=3_65;partial=00;start_type=ATG;rbs_motif=TAA;rbs_spacer=15bp;gc_cont=0.448
NODE_3_length_402718_cov_33.543387:77460-78398|-   -            313 9089                 -            160   9.7e-07   26.6   1.1   2   2      0.83   7.7e+02   -2.3   0.0    35    55   281   301   258   304 0.75 NODE_3_length_402718_cov_33.543387_65 # 77460 # 78398 # -1 # ID=3_65;partial=00;start_type=ATG;rbs_motif=TAA;rbs_spacer=15bp;gc_cont=0.448
NODE_5_length_339081_cov_37.984555:234287-234817|+ -            177 9089                 -            160    0.0042   14.8   0.2   1   1   1.2e-05     0.011   13.4   0.2    82   154    96   174    22   176 0.78 NODE_5_length_339081_cov_37.984555_180 # 234287 # 234817 # 1 # ID=5_180;partial=00;start_type=ATG;rbs_motif=TAAAA;rbs_spacer=8bp;gc_cont=0.426
NODE_16_length_96149_cov_39.011366:26224-26916|+   -            231 9089                 -            160    0.0043   14.8   0.5   1   2      0.98   9.1e+02   -2.6   0.0    69    69   144   144   119   171 0.57 NODE_16_length_96149_cov_39.011366_26 # 26224 # 26916 # 1 # ID=16_26;partial=00;start_type=ATG;rbs_motif=AAAAA;rbs_spacer=6bp;gc_cont=0.437
NODE_16_length_96149_cov_39.011366:26224-26916|+   -            231 9089                 -            160    0.0043   14.8   0.5   2   2   9.3e-06    0.0086   13.8   0.4    96   121   190   215   184   229 0.75 NODE_16_length_96149_cov_39.011366_26 # 26224 # 26916 # 1 # ID=16_26;partial=00;start_type=ATG;rbs_motif=AAAAA;rbs_spacer=6bp;gc_cont=0.437
#
# Program:         hmmsearch
# Version:         3.4 (Aug 2023)
# Pipeline mode:   SEARCH
# Query file:      /home/kpchuang/Documents/03_whole_genome_assembly/01_raw_reads/short_reads_assembly/04_short_reads_assembly/04_busco_assessment/busco_downloads/lineages/archaea_odb12/hmms/9089at2157.hmm
# Target file:     /home/kpchuang/Documents/03_whole_genome_assembly/01_raw_reads/short_reads_assembly/04_short_reads_assembly/04_busco_assessment/busco_results/prodigal_output/predicted_genes/predicted.faa
# Option settings: hmmsearch --domtblout /home/kpchuang/Documents/03_whole_genome_assembly/01_raw_reads/short_reads_assembly/04_short_reads_assembly/04_busco_assessment/busco_results/auto_lineage/run_archaea_odb12/hmmer_output/9089at2157.out --cpu 1 /home/kpchuang/Documents/03_whole_genome_assembly/01_raw_reads/short_reads_assembly/04_short_reads_assembly/04_busco_assessment/busco_downloads/lineages/archaea_odb12/hmms/9089at2157.hmm /home/kpchuang/Documents/03_whole_genome_assembly/01_raw_reads/short_reads_assembly/04_short_reads_assembly/04_busco_assessment/busco_results/prodigal_output/predicted_genes/predicted.faa 
# Current dir:     /home/kpchuang/Documents/03_whole_genome_assembly/01_raw_reads/short_reads_assembly/04_short_reads_assembly/04_busco_assessment
# Date:            Thu Jan  1 15:36:33 2026
# [ok]
