#                                                                                                          --- full sequence --- -------------- this domain -------------   hmm coord   ali coord   env coord
# target name                                      accession   tlen query name           accession   qlen   E-value  score  bias   #  of  c-Evalue  i-Evalue  score  bias  from    to  from    to  from    to  acc description of target
#                              ------------------- ---------- ----- -------------------- ---------- ----- --------- ------ ----- --- --- --------- --------- ------ ----- ----- ----- ----- ----- ----- ----- ---- ---------------------
NODE_7_length_286996_cov_37.800226:82130-82972|-   -            281 9883                 -            258   2.1e-62  208.5   0.0   1   1   4.6e-65   2.4e-62  208.3   0.0    11   255     4   257     1   260 0.91 NODE_7_length_286996_cov_37.800226_60 # 82130 # 82972 # -1 # ID=7_60;partial=00;start_type=ATG;rbs_motif=None;rbs_spacer=None;gc_cont=0.452
NODE_39_length_22776_cov_32.999692:83-883|+        -            267 9883                 -            258   2.4e-45  152.6   0.2   1   1     6e-48   3.1e-45  152.2   0.2    17   236    11   231     3   247 0.92 NODE_39_length_22776_cov_32.999692_1 # 83 # 883 # 1 # ID=39_1;partial=00;start_type=ATG;rbs_motif=None;rbs_spacer=None;gc_cont=0.345
NODE_3_length_402718_cov_33.543387:156182-156895|+ -            238 9883                 -            258     1e-08   32.5   0.0   1   1     3e-11   1.5e-08   32.0   0.0    38   114    36   119    29   126 0.83 NODE_3_length_402718_cov_33.543387_131 # 156182 # 156895 # 1 # ID=3_131;partial=00;start_type=ATG;rbs_motif=TAA;rbs_spacer=15bp;gc_cont=0.424
NODE_15_length_100586_cov_37.517506:60203-61039|-  -            279 9883                 -            258   2.5e-06   24.7   0.1   1   1   6.9e-09   3.5e-06   24.2   0.1    27   114    99   189    95   194 0.86 NODE_15_length_100586_cov_37.517506_49 # 60203 # 61039 # -1 # ID=15_49;partial=00;start_type=ATG;rbs_motif=AATAA;rbs_spacer=5bp;gc_cont=0.427
NODE_7_length_286996_cov_37.800226:40565-41056|-   -            164 9883                 -            258   0.00031   17.8   0.0   1   1   8.1e-07   0.00042   17.4   0.0    27   113    18   109    13   113 0.79 NODE_7_length_286996_cov_37.800226_31 # 40565 # 41056 # -1 # ID=7_31;partial=00;start_type=GTG;rbs_motif=TAAAA;rbs_spacer=14bp;gc_cont=0.417
NODE_4_length_379350_cov_35.042700:94512-95342|-   -            277 9883                 -            258    0.0011   16.1   0.0   1   1   3.8e-06     0.002   15.2   0.0    33   109    75   157    73   159 0.85 NODE_4_length_379350_cov_35.042700_84 # 94512 # 95342 # -1 # ID=4_84;partial=00;start_type=ATG;rbs_motif=TAAAAA;rbs_spacer=10bp;gc_cont=0.404
NODE_17_length_84920_cov_37.904058:813-1313|+      -            167 9883                 -            258    0.0074   13.3   0.0   1   1   1.8e-05    0.0093   13.0   0.0    38   110    41   114    33   129 0.85 NODE_17_length_84920_cov_37.904058_1 # 813 # 1313 # 1 # ID=17_1;partial=00;start_type=ATG;rbs_motif=AATAA;rbs_spacer=3bp;gc_cont=0.419
NODE_4_length_379350_cov_35.042700:283580-284314|+ -            245 9883                 -            258     0.018   12.1   0.0   1   1   5.1e-05     0.026   11.5   0.0    39    92    64   117    55   126 0.88 NODE_4_length_379350_cov_35.042700_246 # 283580 # 284314 # 1 # ID=4_246;partial=00;start_type=ATG;rbs_motif=TAAAAA;rbs_spacer=7bp;gc_cont=0.490
NODE_5_length_339081_cov_37.984555:287715-288614|- -            300 9883                 -            258      0.04   10.9   0.0   1   1   0.00011     0.057   10.4   0.0    36    82    98   144    84   155 0.84 NODE_5_length_339081_cov_37.984555_227 # 287715 # 288614 # -1 # ID=5_227;partial=00;start_type=ATG;rbs_motif=TAAA;rbs_spacer=4bp;gc_cont=0.457
#
# Program:         hmmsearch
# Version:         3.4 (Aug 2023)
# Pipeline mode:   SEARCH
# Query file:      /home/kpchuang/Documents/03_whole_genome_assembly/01_raw_reads/short_reads_assembly/04_short_reads_assembly/04_busco_assessment/busco_downloads/lineages/archaea_odb12/hmms/9883at2157.hmm
# Target file:     /home/kpchuang/Documents/03_whole_genome_assembly/01_raw_reads/short_reads_assembly/04_short_reads_assembly/04_busco_assessment/busco_results/prodigal_output/predicted_genes/predicted.faa
# Option settings: hmmsearch --domtblout /home/kpchuang/Documents/03_whole_genome_assembly/01_raw_reads/short_reads_assembly/04_short_reads_assembly/04_busco_assessment/busco_results/auto_lineage/run_archaea_odb12/hmmer_output/9883at2157.out --cpu 1 /home/kpchuang/Documents/03_whole_genome_assembly/01_raw_reads/short_reads_assembly/04_short_reads_assembly/04_busco_assessment/busco_downloads/lineages/archaea_odb12/hmms/9883at2157.hmm /home/kpchuang/Documents/03_whole_genome_assembly/01_raw_reads/short_reads_assembly/04_short_reads_assembly/04_busco_assessment/busco_results/prodigal_output/predicted_genes/predicted.faa 
# Current dir:     /home/kpchuang/Documents/03_whole_genome_assembly/01_raw_reads/short_reads_assembly/04_short_reads_assembly/04_busco_assessment
# Date:            Thu Jan  1 15:36:33 2026
# [ok]
