#                                                                                                          --- full sequence --- -------------- this domain -------------   hmm coord   ali coord   env coord
# target name                                      accession   tlen query name           accession   qlen   E-value  score  bias   #  of  c-Evalue  i-Evalue  score  bias  from    to  from    to  from    to  acc description of target
#                              ------------------- ---------- ----- -------------------- ---------- ----- --------- ------ ----- --- --- --------- --------- ------ ----- ----- ----- ----- ----- ----- ----- ---- ---------------------
NODE_4_length_379350_cov_35.042700:22027-23967|-   -            647 9802304              -            476  2.5e-180  598.0   0.5   1   2   1.4e-08   1.3e-05   21.9   0.0     4    52    73   134    69   145 0.78 NODE_4_length_379350_cov_35.042700_21 # 22027 # 23967 # -1 # ID=4_21;partial=00;start_type=ATG;rbs_motif=TAA;rbs_spacer=4bp;gc_cont=0.434
NODE_4_length_379350_cov_35.042700:22027-23967|-   -            647 9802304              -            476  2.5e-180  598.0   0.5   2   2  3.6e-176  3.3e-173  574.5   0.2    56   461   176   618   166   639 0.89 NODE_4_length_379350_cov_35.042700_21 # 22027 # 23967 # -1 # ID=4_21;partial=00;start_type=ATG;rbs_motif=TAA;rbs_spacer=4bp;gc_cont=0.434
NODE_3_length_402718_cov_33.543387:334241-335734|- -            498 9802304              -            476   2.1e-15   54.1   0.4   1   3     0.016        15    1.8   0.0   122   189    22    92     2   104 0.70 NODE_3_length_402718_cov_33.543387_309 # 334241 # 335734 # -1 # ID=3_309;partial=00;start_type=ATG;rbs_motif=TAAAA;rbs_spacer=13bp;gc_cont=0.467
NODE_3_length_402718_cov_33.543387:334241-335734|- -            498 9802304              -            476   2.1e-15   54.1   0.4   2   3   1.2e-09   1.1e-06   25.4   0.0   193   282   118   206   113   250 0.82 NODE_3_length_402718_cov_33.543387_309 # 334241 # 335734 # -1 # ID=3_309;partial=00;start_type=ATG;rbs_motif=TAAAA;rbs_spacer=13bp;gc_cont=0.467
NODE_3_length_402718_cov_33.543387:334241-335734|- -            498 9802304              -            476   2.1e-15   54.1   0.4   3   3     5e-09   4.7e-06   23.3   0.0   350   465   253   385   222   392 0.72 NODE_3_length_402718_cov_33.543387_309 # 334241 # 335734 # -1 # ID=3_309;partial=00;start_type=ATG;rbs_motif=TAAAA;rbs_spacer=13bp;gc_cont=0.467
NODE_6_length_338063_cov_36.607788:61515-62789|-   -            425 9802304              -            476   7.2e-10   35.9   0.0   1   2     2e-12   1.8e-09   34.6   0.0   130   262   161   298   135   322 0.79 NODE_6_length_338063_cov_36.607788_49 # 61515 # 62789 # -1 # ID=6_49;partial=00;start_type=ATG;rbs_motif=TAAA;rbs_spacer=12bp;gc_cont=0.467
NODE_6_length_338063_cov_36.607788:61515-62789|-   -            425 9802304              -            476   7.2e-10   35.9   0.0   2   2      0.41   3.8e+02   -2.8   0.0   347   388   362   403   338   405 0.66 NODE_6_length_338063_cov_36.607788_49 # 61515 # 62789 # -1 # ID=6_49;partial=00;start_type=ATG;rbs_motif=TAAA;rbs_spacer=12bp;gc_cont=0.467
NODE_9_length_160020_cov_39.719382:62043-63584|+   -            514 9802304              -            476   1.1e-06   25.4   0.1   1   3   0.00011       0.1    9.0   0.0   139   187    36    87    26    95 0.79 NODE_9_length_160020_cov_39.719382_44 # 62043 # 63584 # 1 # ID=9_44;partial=00;start_type=ATG;rbs_motif=AATAA;rbs_spacer=4bp;gc_cont=0.444
NODE_9_length_160020_cov_39.719382:62043-63584|+   -            514 9802304              -            476   1.1e-06   25.4   0.1   2   3    0.0058       5.4    3.3   0.0   198   261   214   277   182   298 0.79 NODE_9_length_160020_cov_39.719382_44 # 62043 # 63584 # 1 # ID=9_44;partial=00;start_type=ATG;rbs_motif=AATAA;rbs_spacer=4bp;gc_cont=0.444
NODE_9_length_160020_cov_39.719382:62043-63584|+   -            514 9802304              -            476   1.1e-06   25.4   0.1   3   3   9.8e-05     0.091    9.2   0.0   390   468   403   489   398   497 0.80 NODE_9_length_160020_cov_39.719382_44 # 62043 # 63584 # 1 # ID=9_44;partial=00;start_type=ATG;rbs_motif=AATAA;rbs_spacer=4bp;gc_cont=0.444
NODE_1_length_523019_cov_35.337313:485867-487231|- -            455 9802304              -            476    0.0043   13.5   0.6   1   2      0.24   2.2e+02   -2.0   0.0   244   290   140   187   139   211 0.60 NODE_1_length_523019_cov_35.337313_383 # 485867 # 487231 # -1 # ID=1_383;partial=00;start_type=ATG;rbs_motif=TAAA;rbs_spacer=12bp;gc_cont=0.434
NODE_1_length_523019_cov_35.337313:485867-487231|- -            455 9802304              -            476    0.0043   13.5   0.6   2   2   1.3e-05     0.012   12.1   0.2   413   468   386   442   380   447 0.85 NODE_1_length_523019_cov_35.337313_383 # 485867 # 487231 # -1 # ID=1_383;partial=00;start_type=ATG;rbs_motif=TAAA;rbs_spacer=12bp;gc_cont=0.434
#
# Program:         hmmsearch
# Version:         3.4 (Aug 2023)
# Pipeline mode:   SEARCH
# Query file:      /home/kpchuang/Documents/03_whole_genome_assembly/01_raw_reads/short_reads_assembly/04_short_reads_assembly/04_busco_assessment/busco_downloads/lineages/bacteria_odb12/hmms/9802304at2.hmm
# Target file:     /home/kpchuang/Documents/03_whole_genome_assembly/01_raw_reads/short_reads_assembly/04_short_reads_assembly/04_busco_assessment/busco_results/prodigal_output/predicted_genes/predicted.faa
# Option settings: hmmsearch --domtblout /home/kpchuang/Documents/03_whole_genome_assembly/01_raw_reads/short_reads_assembly/04_short_reads_assembly/04_busco_assessment/busco_results/auto_lineage/run_bacteria_odb12/hmmer_output/9802304at2.out --cpu 1 /home/kpchuang/Documents/03_whole_genome_assembly/01_raw_reads/short_reads_assembly/04_short_reads_assembly/04_busco_assessment/busco_downloads/lineages/bacteria_odb12/hmms/9802304at2.hmm /home/kpchuang/Documents/03_whole_genome_assembly/01_raw_reads/short_reads_assembly/04_short_reads_assembly/04_busco_assessment/busco_results/prodigal_output/predicted_genes/predicted.faa 
# Current dir:     /home/kpchuang/Documents/03_whole_genome_assembly/01_raw_reads/short_reads_assembly/04_short_reads_assembly/04_busco_assessment
# Date:            Thu Jan  1 15:37:28 2026
# [ok]
