#                                                                                                          --- full sequence --- -------------- this domain -------------   hmm coord   ali coord   env coord
# target name                                      accession   tlen query name           accession   qlen   E-value  score  bias   #  of  c-Evalue  i-Evalue  score  bias  from    to  from    to  from    to  acc description of target
#                              ------------------- ---------- ----- -------------------- ---------- ----- --------- ------ ----- --- --- --------- --------- ------ ----- ----- ----- ----- ----- ----- ----- ---- ---------------------
NODE_16_length_96149_cov_39.011366:80169-81098|+   -            310 9803667              -            285   3.9e-91  303.2   0.0   1   1   4.7e-94   4.3e-91  303.0   0.0     1   283     1   308     1   309 0.95 NODE_16_length_96149_cov_39.011366_63 # 80169 # 81098 # 1 # ID=16_63;partial=00;start_type=ATG;rbs_motif=TAA;rbs_spacer=15bp;gc_cont=0.480
NODE_1_length_523019_cov_35.337313:175943-176371|- -            143 9803667              -            285   2.2e-06   25.1   0.0   1   1   5.2e-09   4.8e-06   24.0   0.0    11    73     3    64     2   139 0.63 NODE_1_length_523019_cov_35.337313_153 # 175943 # 176371 # -1 # ID=1_153;partial=00;start_type=ATG;rbs_motif=None;rbs_spacer=None;gc_cont=0.308
NODE_25_length_59335_cov_37.855614:24583-25173|-   -            197 9803667              -            285   0.00064   17.0   0.0   1   2   2.8e-05     0.026   11.7   0.0     9    72     4    67     1    78 0.82 NODE_25_length_59335_cov_37.855614_22 # 24583 # 25173 # -1 # ID=25_22;partial=00;start_type=ATG;rbs_motif=None;rbs_spacer=None;gc_cont=0.453
NODE_25_length_59335_cov_37.855614:24583-25173|-   -            197 9803667              -            285   0.00064   17.0   0.0   2   2    0.0094       8.7    3.4   0.0   143   156   158   172   148   191 0.87 NODE_25_length_59335_cov_37.855614_22 # 24583 # 25173 # -1 # ID=25_22;partial=00;start_type=ATG;rbs_motif=None;rbs_spacer=None;gc_cont=0.453
NODE_34_length_34313_cov_39.172538:3582-4034|-     -            151 9803667              -            285     0.013   12.7   0.0   1   1   2.6e-05     0.024   11.8   0.0    13   153     5   134     2   142 0.77 NODE_34_length_34313_cov_39.172538_4 # 3582 # 4034 # -1 # ID=34_4;partial=00;start_type=ATG;rbs_motif=AAGAA;rbs_spacer=14bp;gc_cont=0.430
NODE_6_length_338063_cov_36.607788:301360-301926|- -            189 9803667              -            285     0.023   11.9   0.0   1   2     5e-05     0.046   10.9   0.0    36    84    33    80    22    92 0.85 NODE_6_length_338063_cov_36.607788_245 # 301360 # 301926 # -1 # ID=6_245;partial=00;start_type=ATG;rbs_motif=TAAA;rbs_spacer=12bp;gc_cont=0.473
NODE_6_length_338063_cov_36.607788:301360-301926|- -            189 9803667              -            285     0.023   11.9   0.0   2   2      0.74   6.9e+02   -2.8   0.0    56    92   125   160   119   162 0.73 NODE_6_length_338063_cov_36.607788_245 # 301360 # 301926 # -1 # ID=6_245;partial=00;start_type=ATG;rbs_motif=TAAA;rbs_spacer=12bp;gc_cont=0.473
#
# Program:         hmmsearch
# Version:         3.4 (Aug 2023)
# Pipeline mode:   SEARCH
# Query file:      /home/kpchuang/Documents/03_whole_genome_assembly/01_raw_reads/short_reads_assembly/04_short_reads_assembly/04_busco_assessment/busco_downloads/lineages/bacteria_odb12/hmms/9803667at2.hmm
# Target file:     /home/kpchuang/Documents/03_whole_genome_assembly/01_raw_reads/short_reads_assembly/04_short_reads_assembly/04_busco_assessment/busco_results/prodigal_output/predicted_genes/predicted.faa
# Option settings: hmmsearch --domtblout /home/kpchuang/Documents/03_whole_genome_assembly/01_raw_reads/short_reads_assembly/04_short_reads_assembly/04_busco_assessment/busco_results/auto_lineage/run_bacteria_odb12/hmmer_output/9803667at2.out --cpu 1 /home/kpchuang/Documents/03_whole_genome_assembly/01_raw_reads/short_reads_assembly/04_short_reads_assembly/04_busco_assessment/busco_downloads/lineages/bacteria_odb12/hmms/9803667at2.hmm /home/kpchuang/Documents/03_whole_genome_assembly/01_raw_reads/short_reads_assembly/04_short_reads_assembly/04_busco_assessment/busco_results/prodigal_output/predicted_genes/predicted.faa 
# Current dir:     /home/kpchuang/Documents/03_whole_genome_assembly/01_raw_reads/short_reads_assembly/04_short_reads_assembly/04_busco_assessment
# Date:            Thu Jan  1 15:37:29 2026
# [ok]
