#                                                                                                          --- full sequence --- -------------- this domain -------------   hmm coord   ali coord   env coord
# target name                                      accession   tlen query name           accession   qlen   E-value  score  bias   #  of  c-Evalue  i-Evalue  score  bias  from    to  from    to  from    to  acc description of target
#                              ------------------- ---------- ----- -------------------- ---------- ----- --------- ------ ----- --- --- --------- --------- ------ ----- ----- ----- ----- ----- ----- ----- ---- ---------------------
NODE_7_length_286996_cov_37.800226:40565-41056|-   -            164 9803017              -            171   2.8e-39  132.6   0.0   1   1     8e-42   3.1e-39  132.5   0.0    18   166     6   163     1   163 0.91 NODE_7_length_286996_cov_37.800226_31 # 40565 # 41056 # -1 # ID=7_31;partial=00;start_type=GTG;rbs_motif=TAAAA;rbs_spacer=14bp;gc_cont=0.417
NODE_6_length_338063_cov_36.607788:80363-81541|-   -            393 9803017              -            171   6.5e-12   43.5   0.0   1   1   3.4e-14   1.3e-11   42.5   0.0    35   125   215   307   209   322 0.81 NODE_6_length_338063_cov_36.607788_66 # 80363 # 81541 # -1 # ID=6_66;partial=00;start_type=ATG;rbs_motif=AATAA;rbs_spacer=4bp;gc_cont=0.469
NODE_3_length_402718_cov_33.543387:156182-156895|+ -            238 9803017              -            171   1.1e-09   36.3   0.0   1   1     4e-12   1.5e-09   35.8   0.0    39   127    37   127    28   150 0.84 NODE_3_length_402718_cov_33.543387_131 # 156182 # 156895 # 1 # ID=3_131;partial=00;start_type=ATG;rbs_motif=TAA;rbs_spacer=15bp;gc_cont=0.424
NODE_31_length_40986_cov_32.361314:23584-25002|-   -            473 9803017              -            171   1.2e-07   29.6   0.0   1   1   5.8e-10   2.2e-07   28.8   0.0    40   149   326   439   317   451 0.80 NODE_31_length_40986_cov_32.361314_26 # 23584 # 25002 # -1 # ID=31_26;partial=00;start_type=GTG;rbs_motif=TAA;rbs_spacer=13bp;gc_cont=0.457
NODE_4_length_379350_cov_35.042700:78269-79111|+   -            281 9803017              -            171   6.9e-07   27.2   0.0   1   1   4.1e-09   1.6e-06   26.0   0.0    34   113   139   216   131   217 0.90 NODE_4_length_379350_cov_35.042700_72 # 78269 # 79111 # 1 # ID=4_72;partial=00;start_type=ATG;rbs_motif=TAAAAA;rbs_spacer=8bp;gc_cont=0.451
NODE_15_length_100586_cov_37.517506:60203-61039|-  -            279 9803017              -            171   9.4e-07   26.7   0.0   1   1     4e-09   1.5e-06   26.0   0.0    36   120   106   191    94   218 0.76 NODE_15_length_100586_cov_37.517506_49 # 60203 # 61039 # -1 # ID=15_49;partial=00;start_type=ATG;rbs_motif=AATAA;rbs_spacer=5bp;gc_cont=0.427
NODE_17_length_84920_cov_37.904058:813-1313|+      -            167 9803017              -            171   1.2e-06   26.5   0.0   1   1   3.6e-09   1.4e-06   26.2   0.0    32   113    36   112    32   160 0.74 NODE_17_length_84920_cov_37.904058_1 # 813 # 1313 # 1 # ID=17_1;partial=00;start_type=ATG;rbs_motif=AATAA;rbs_spacer=3bp;gc_cont=0.419
NODE_6_length_338063_cov_36.607788:208833-210827|- -            665 9803017              -            171   1.4e-05   22.9   0.1   1   2   1.3e-05    0.0049   14.6   0.0    94   120   112   139    96   167 0.79 NODE_6_length_338063_cov_36.607788_168 # 208833 # 210827 # -1 # ID=6_168;partial=00;start_type=ATG;rbs_motif=AAAAA;rbs_spacer=11bp;gc_cont=0.434
NODE_6_length_338063_cov_36.607788:208833-210827|- -            665 9803017              -            171   1.4e-05   22.9   0.1   2   2     0.012       4.5    5.0   0.0    34    60   423   448   414   501 0.81 NODE_6_length_338063_cov_36.607788_168 # 208833 # 210827 # -1 # ID=6_168;partial=00;start_type=ATG;rbs_motif=AAAAA;rbs_spacer=11bp;gc_cont=0.434
NODE_34_length_34313_cov_39.172538:31010-32209|-   -            400 9803017              -            171   1.8e-05   22.5   0.0   1   1   8.4e-08   3.3e-05   21.7   0.0    40   115    86   159    76   219 0.87 NODE_34_length_34313_cov_39.172538_20 # 31010 # 32209 # -1 # ID=34_20;partial=00;start_type=ATG;rbs_motif=TAAA;rbs_spacer=12bp;gc_cont=0.466
NODE_2_length_424706_cov_34.285840:314355-315611|- -            419 9803017              -            171    0.0026   15.5   0.0   1   2   1.9e-05    0.0073   14.1   0.0    32    84     2    52     1    72 0.83 NODE_2_length_424706_cov_34.285840_271 # 314355 # 315611 # -1 # ID=2_271;partial=00;start_type=ATG;rbs_motif=TAA;rbs_spacer=5bp;gc_cont=0.319
NODE_2_length_424706_cov_34.285840:314355-315611|- -            419 9803017              -            171    0.0026   15.5   0.0   2   2       1.8   7.1e+02   -2.2   0.0    95   119   101   126    86   139 0.70 NODE_2_length_424706_cov_34.285840_271 # 314355 # 315611 # -1 # ID=2_271;partial=00;start_type=ATG;rbs_motif=TAA;rbs_spacer=5bp;gc_cont=0.319
NODE_39_length_22776_cov_32.999692:83-883|+        -            267 9803017              -            171    0.0037   15.0   0.0   1   1   1.4e-05    0.0056   14.5   0.0    39   119    33   108    14   154 0.75 NODE_39_length_22776_cov_32.999692_1 # 83 # 883 # 1 # ID=39_1;partial=00;start_type=ATG;rbs_motif=None;rbs_spacer=None;gc_cont=0.345
NODE_3_length_402718_cov_33.543387:186975-191033|+ -           1353 9803017              -            171    0.0061   14.3   0.0   1   1   8.8e-05     0.034   11.9   0.0    15    53   133   168   127   181 0.85 NODE_3_length_402718_cov_33.543387_181 # 186975 # 191033 # 1 # ID=3_181;partial=00;start_type=ATG;rbs_motif=TAAAAA;rbs_spacer=7bp;gc_cont=0.550
#
# Program:         hmmsearch
# Version:         3.4 (Aug 2023)
# Pipeline mode:   SEARCH
# Query file:      /home/kpchuang/Documents/03_whole_genome_assembly/01_raw_reads/short_reads_assembly/04_short_reads_assembly/04_busco_assessment/busco_downloads/lineages/bacteria_odb12/hmms/9803017at2.hmm
# Target file:     /home/kpchuang/Documents/03_whole_genome_assembly/01_raw_reads/short_reads_assembly/04_short_reads_assembly/04_busco_assessment/busco_results/prodigal_output/predicted_genes/predicted.faa
# Option settings: hmmsearch --domtblout /home/kpchuang/Documents/03_whole_genome_assembly/01_raw_reads/short_reads_assembly/04_short_reads_assembly/04_busco_assessment/busco_results/auto_lineage/run_bacteria_odb12/hmmer_output/9803017at2.out --cpu 1 /home/kpchuang/Documents/03_whole_genome_assembly/01_raw_reads/short_reads_assembly/04_short_reads_assembly/04_busco_assessment/busco_downloads/lineages/bacteria_odb12/hmms/9803017at2.hmm /home/kpchuang/Documents/03_whole_genome_assembly/01_raw_reads/short_reads_assembly/04_short_reads_assembly/04_busco_assessment/busco_results/prodigal_output/predicted_genes/predicted.faa 
# Current dir:     /home/kpchuang/Documents/03_whole_genome_assembly/01_raw_reads/short_reads_assembly/04_short_reads_assembly/04_busco_assessment
# Date:            Thu Jan  1 15:37:29 2026
# [ok]
