#                                                                                                           --- full sequence --- -------------- this domain -------------   hmm coord   ali coord   env coord
# target name                                       accession   tlen query name           accession   qlen   E-value  score  bias   #  of  c-Evalue  i-Evalue  score  bias  from    to  from    to  from    to  acc description of target
#                               ------------------- ---------- ----- -------------------- ---------- ----- --------- ------ ----- --- --- --------- --------- ------ ----- ----- ----- ----- ----- ----- ----- ---- ---------------------
NODE_5_length_339081_cov_37.984555:223889-224917|-  -            343 9804478              -            303  1.7e-142  471.9   0.0   1   1  7.7e-145    2e-142  471.7   0.0     2   302    22   329    21   330 0.98 NODE_5_length_339081_cov_37.984555_171 # 223889 # 224917 # -1 # ID=5_171;partial=00;start_type=ATG;rbs_motif=TAAAA;rbs_spacer=5bp;gc_cont=0.504
NODE_2_length_424706_cov_34.285840:195545-196816|-  -            424 9804478              -            303   1.5e-21   74.8   0.1   1   2   9.5e-21   2.4e-18   64.2   0.0     2   112     7   121     6   124 0.77 NODE_2_length_424706_cov_34.285840_157 # 195545 # 196816 # -1 # ID=2_157;partial=00;start_type=ATG;rbs_motif=AAA;rbs_spacer=5bp;gc_cont=0.484
NODE_2_length_424706_cov_34.285840:195545-196816|-  -            424 9804478              -            303   1.5e-21   74.8   0.1   2   2    0.0005      0.13    9.3   0.3   132   227   122   225   118   249 0.64 NODE_2_length_424706_cov_34.285840_157 # 195545 # 196816 # -1 # ID=2_157;partial=00;start_type=ATG;rbs_motif=AAA;rbs_spacer=5bp;gc_cont=0.484
NODE_7_length_286996_cov_37.800226:75846-77834|-    -            663 9804478              -            303   3.1e-13   47.5   0.0   1   1   2.3e-15   5.9e-13   46.6   0.0     7   177   175   362   172   389 0.74 NODE_7_length_286996_cov_37.800226_56 # 75846 # 77834 # -1 # ID=7_56;partial=00;start_type=ATG;rbs_motif=AATAA;rbs_spacer=7bp;gc_cont=0.466
NODE_1_length_523019_cov_35.337313:210655-212499|-  -            615 9804478              -            303   5.8e-12   43.3   0.0   1   2   5.6e-10   1.5e-07   28.9   0.0     2    70    10    74     9    92 0.83 NODE_1_length_523019_cov_35.337313_183 # 210655 # 212499 # -1 # ID=1_183;partial=00;start_type=ATG;rbs_motif=None;rbs_spacer=None;gc_cont=0.491
NODE_1_length_523019_cov_35.337313:210655-212499|-  -            615 9804478              -            303   5.8e-12   43.3   0.0   2   2   0.00094      0.24    8.4   0.0   134   231   152   248    91   251 0.88 NODE_1_length_523019_cov_35.337313_183 # 210655 # 212499 # -1 # ID=1_183;partial=00;start_type=ATG;rbs_motif=None;rbs_spacer=None;gc_cont=0.491
NODE_3_length_402718_cov_33.543387:153529-155997|-  -            823 9804478              -            303   3.8e-08   30.8   0.1   1   1   2.3e-09     6e-07   26.8   0.1     9   173   352   534   344   558 0.73 NODE_3_length_402718_cov_33.543387_130 # 153529 # 155997 # -1 # ID=3_130;partial=00;start_type=ATG;rbs_motif=TAAA;rbs_spacer=14bp;gc_cont=0.427
NODE_23_length_70738_cov_38.126081:10127-11122|-    -            332 9804478              -            303   9.2e-08   29.5   0.6   1   1   1.8e-09   4.7e-07   27.2   0.6    35   177    53   206    26   223 0.76 NODE_23_length_70738_cov_38.126081_11 # 10127 # 11122 # -1 # ID=23_11;partial=00;start_type=ATG;rbs_motif=TAA;rbs_spacer=11bp;gc_cont=0.466
NODE_18_length_83461_cov_37.247170:70586-71833|-    -            416 9804478              -            303   1.2e-07   29.1   0.2   1   1   1.1e-09   2.9e-07   27.9   0.2    36   101   114   193    72   198 0.76 NODE_18_length_83461_cov_37.247170_57 # 70586 # 71833 # -1 # ID=18_57;partial=00;start_type=ATG;rbs_motif=AAGAA;rbs_spacer=6bp;gc_cont=0.488
NODE_6_length_338063_cov_36.607788:238446-241034|-  -            863 9804478              -            303   3.4e-07   27.6   1.9   1   4     0.026       6.8    3.7   0.0     5    57   172   219   168   224 0.60 NODE_6_length_338063_cov_36.607788_194 # 238446 # 241034 # -1 # ID=6_194;partial=00;start_type=ATG;rbs_motif=AATAA;rbs_spacer=5bp;gc_cont=0.418
NODE_6_length_338063_cov_36.607788:238446-241034|-  -            863 9804478              -            303   3.4e-07   27.6   1.9   2   4   0.00082      0.21    8.6   0.3    72    99   255   282   243   426 0.91 NODE_6_length_338063_cov_36.607788_194 # 238446 # 241034 # -1 # ID=6_194;partial=00;start_type=ATG;rbs_motif=AATAA;rbs_spacer=5bp;gc_cont=0.418
NODE_6_length_338063_cov_36.607788:238446-241034|-  -            863 9804478              -            303   3.4e-07   27.6   1.9   3   4   0.00056      0.14    9.2   0.0    10    57   567   618   559   629 0.76 NODE_6_length_338063_cov_36.607788_194 # 238446 # 241034 # -1 # ID=6_194;partial=00;start_type=ATG;rbs_motif=AATAA;rbs_spacer=5bp;gc_cont=0.418
NODE_6_length_338063_cov_36.607788:238446-241034|-  -            863 9804478              -            303   3.4e-07   27.6   1.9   4   4      0.19        48    0.9   0.0    84   115   666   697   657   703 0.86 NODE_6_length_338063_cov_36.607788_194 # 238446 # 241034 # -1 # ID=6_194;partial=00;start_type=ATG;rbs_motif=AATAA;rbs_spacer=5bp;gc_cont=0.418
NODE_3_length_402718_cov_33.543387:304450-306984|-  -            845 9804478              -            303     9e-07   26.3   2.1   1   4      0.14        36    1.3   0.0     7    52   208   248   202   261 0.71 NODE_3_length_402718_cov_33.543387_285 # 304450 # 306984 # -1 # ID=3_285;partial=00;start_type=ATG;rbs_motif=AAA;rbs_spacer=3bp;gc_cont=0.419
NODE_3_length_402718_cov_33.543387:304450-306984|-  -            845 9804478              -            303     9e-07   26.3   2.1   2   4    0.0013      0.34    7.9   0.2    80    98   294   314   268   389 0.84 NODE_3_length_402718_cov_33.543387_285 # 304450 # 306984 # -1 # ID=3_285;partial=00;start_type=ATG;rbs_motif=AAA;rbs_spacer=3bp;gc_cont=0.419
NODE_3_length_402718_cov_33.543387:304450-306984|-  -            845 9804478              -            303     9e-07   26.3   2.1   3   4   8.9e-05     0.023   11.8   0.0    11    59   540   592   532   599 0.75 NODE_3_length_402718_cov_33.543387_285 # 304450 # 306984 # -1 # ID=3_285;partial=00;start_type=ATG;rbs_motif=AAA;rbs_spacer=3bp;gc_cont=0.419
NODE_3_length_402718_cov_33.543387:304450-306984|-  -            845 9804478              -            303     9e-07   26.3   2.1   4   4      0.22        58    0.6   0.0    85   114   639   668   630   675 0.87 NODE_3_length_402718_cov_33.543387_285 # 304450 # 306984 # -1 # ID=3_285;partial=00;start_type=ATG;rbs_motif=AAA;rbs_spacer=3bp;gc_cont=0.419
NODE_3_length_402718_cov_33.543387:320526-321521|-  -            332 9804478              -            303   3.8e-06   24.2   0.6   1   1     6e-08   1.5e-05   22.2   0.6    34   185    48   210    25   241 0.72 NODE_3_length_402718_cov_33.543387_297 # 320526 # 321521 # -1 # ID=3_297;partial=00;start_type=ATG;rbs_motif=TAAAA;rbs_spacer=12bp;gc_cont=0.420
NODE_22_length_72694_cov_38.560489:36081-37619|+    -            513 9804478              -            303     3e-05   21.3   0.0   1   2    0.0027       0.7    6.9   0.0     8    53   194   232   190   243 0.81 NODE_22_length_72694_cov_38.560489_37 # 36081 # 37619 # 1 # ID=22_37;partial=00;start_type=GTG;rbs_motif=AAAA;rbs_spacer=13bp;gc_cont=0.472
NODE_22_length_72694_cov_38.560489:36081-37619|+    -            513 9804478              -            303     3e-05   21.3   0.0   2   2   0.00013     0.033   11.3   0.0    83   118   296   331   293   348 0.89 NODE_22_length_72694_cov_38.560489_37 # 36081 # 37619 # 1 # ID=22_37;partial=00;start_type=GTG;rbs_motif=AAAA;rbs_spacer=13bp;gc_cont=0.472
NODE_25_length_59335_cov_37.855614:13193-14827|-    -            545 9804478              -            303    0.0004   17.6   0.5   1   3     0.023         6    3.9   0.0    35    57    27    49    24    63 0.87 NODE_25_length_59335_cov_37.855614_13 # 13193 # 14827 # -1 # ID=25_13;partial=00;start_type=ATG;rbs_motif=TAAAA;rbs_spacer=14bp;gc_cont=0.461
NODE_25_length_59335_cov_37.855614:13193-14827|-    -            545 9804478              -            303    0.0004   17.6   0.5   2   3   0.00099      0.26    8.4   0.0    24    69   342   387   339   403 0.86 NODE_25_length_59335_cov_37.855614_13 # 13193 # 14827 # -1 # ID=25_13;partial=00;start_type=ATG;rbs_motif=TAAAA;rbs_spacer=14bp;gc_cont=0.461
NODE_25_length_59335_cov_37.855614:13193-14827|-    -            545 9804478              -            303    0.0004   17.6   0.5   3   3      0.18        46    1.0   0.1    76   120   453   498   437   505 0.83 NODE_25_length_59335_cov_37.855614_13 # 13193 # 14827 # -1 # ID=25_13;partial=00;start_type=ATG;rbs_motif=TAAAA;rbs_spacer=14bp;gc_cont=0.461
NODE_12_length_125646_cov_35.366054:71109-72854|-   -            582 9804478              -            303   0.00056   17.1   0.1   1   2     0.031         8    3.4   0.0    36    54    56    74    37    79 0.85 NODE_12_length_125646_cov_35.366054_72 # 71109 # 72854 # -1 # ID=12_72;partial=00;start_type=ATG;rbs_motif=AAAA;rbs_spacer=11bp;gc_cont=0.348
NODE_12_length_125646_cov_35.366054:71109-72854|-   -            582 9804478              -            303   0.00056   17.1   0.1   2   2   0.00014     0.036   11.1   0.0    91   185   137   228   120   283 0.78 NODE_12_length_125646_cov_35.366054_72 # 71109 # 72854 # -1 # ID=12_72;partial=00;start_type=ATG;rbs_motif=AAAA;rbs_spacer=11bp;gc_cont=0.348
NODE_8_length_282777_cov_37.165398:139986-141413|-  -            476 9804478              -            303    0.0028   14.8   1.1   1   2   0.00034     0.088    9.9   0.1    32    59   163   190   144   245 0.86 NODE_8_length_282777_cov_37.165398_127 # 139986 # 141413 # -1 # ID=8_127;partial=00;start_type=ATG;rbs_motif=TAAA;rbs_spacer=15bp;gc_cont=0.419
NODE_8_length_282777_cov_37.165398:139986-141413|-  -            476 9804478              -            303    0.0028   14.8   1.1   2   2      0.03       7.9    3.5   0.1   150   206   283   341   257   387 0.79 NODE_8_length_282777_cov_37.165398_127 # 139986 # 141413 # -1 # ID=8_127;partial=00;start_type=ATG;rbs_motif=TAAA;rbs_spacer=15bp;gc_cont=0.419
NODE_13_length_112248_cov_33.996069:80852-81445|+   -            198 9804478              -            303    0.0032   14.6   0.0   1   1   2.3e-05    0.0058   13.7   0.0    64   106    39    81    35    94 0.92 NODE_13_length_112248_cov_33.996069_81 # 80852 # 81445 # 1 # ID=13_81;partial=00;start_type=ATG;rbs_motif=TAAAAA;rbs_spacer=9bp;gc_cont=0.426
NODE_5_length_339081_cov_37.984555:145519-146058|-  -            180 9804478              -            303    0.0065   13.6   0.0   1   1   4.1e-05     0.011   12.9   0.0    37    63     3    29     1    33 0.91 NODE_5_length_339081_cov_37.984555_106 # 145519 # 146058 # -1 # ID=5_106;partial=00;start_type=ATG;rbs_motif=AAAA;rbs_spacer=12bp;gc_cont=0.439
NODE_23_length_70738_cov_38.126081:8167-8586|+      -            140 9804478              -            303    0.0082   13.3   0.0   1   1   4.7e-05     0.012   12.7   0.0    39    69    29    58     2    65 0.75 NODE_23_length_70738_cov_38.126081_8 # 8167 # 8586 # 1 # ID=23_8;partial=00;start_type=ATG;rbs_motif=TAAAAA;rbs_spacer=12bp;gc_cont=0.452
NODE_10_length_157613_cov_33.680873:153922-155679|- -            586 9804478              -            303     0.031   11.4   0.0   1   1   0.00021     0.053   10.6   0.0    40    83   233   275   229   279 0.90 NODE_10_length_157613_cov_33.680873_131 # 153922 # 155679 # -1 # ID=10_131;partial=00;start_type=ATG;rbs_motif=TAAAAA;rbs_spacer=5bp;gc_cont=0.451
#
# Program:         hmmsearch
# Version:         3.4 (Aug 2023)
# Pipeline mode:   SEARCH
# Query file:      /home/kpchuang/Documents/03_whole_genome_assembly/01_raw_reads/short_reads_assembly/04_short_reads_assembly/04_busco_assessment/busco_downloads/lineages/bacteria_odb12/hmms/9804478at2.hmm
# Target file:     /home/kpchuang/Documents/03_whole_genome_assembly/01_raw_reads/short_reads_assembly/04_short_reads_assembly/04_busco_assessment/busco_results/prodigal_output/predicted_genes/predicted.faa
# Option settings: hmmsearch --domtblout /home/kpchuang/Documents/03_whole_genome_assembly/01_raw_reads/short_reads_assembly/04_short_reads_assembly/04_busco_assessment/busco_results/auto_lineage/run_bacteria_odb12/hmmer_output/9804478at2.out --cpu 1 /home/kpchuang/Documents/03_whole_genome_assembly/01_raw_reads/short_reads_assembly/04_short_reads_assembly/04_busco_assessment/busco_downloads/lineages/bacteria_odb12/hmms/9804478at2.hmm /home/kpchuang/Documents/03_whole_genome_assembly/01_raw_reads/short_reads_assembly/04_short_reads_assembly/04_busco_assessment/busco_results/prodigal_output/predicted_genes/predicted.faa 
# Current dir:     /home/kpchuang/Documents/03_whole_genome_assembly/01_raw_reads/short_reads_assembly/04_short_reads_assembly/04_busco_assessment
# Date:            Thu Jan  1 15:37:29 2026
# [ok]
