#                                                                                                           --- full sequence --- -------------- this domain -------------   hmm coord   ali coord   env coord
# target name                                       accession   tlen query name           accession   qlen   E-value  score  bias   #  of  c-Evalue  i-Evalue  score  bias  from    to  from    to  from    to  acc description of target
#                               ------------------- ---------- ----- -------------------- ---------- ----- --------- ------ ----- --- --- --------- --------- ------ ----- ----- ----- ----- ----- ----- ----- ---- ---------------------
NODE_10_length_157613_cov_33.680873:16793-18826|+   -            678 9806651              -            592  3.7e-269  892.1  10.8   1   2  7.2e-269  2.8e-266  882.6   2.7     3   571     8   604     6   614 0.93 NODE_10_length_157613_cov_33.680873_17 # 16793 # 18826 # 1 # ID=10_17;partial=00;start_type=ATG;rbs_motif=AAAAA;rbs_spacer=6bp;gc_cont=0.449
NODE_10_length_157613_cov_33.680873:16793-18826|+   -            678 9806651              -            592  3.7e-269  892.1  10.8   2   2   5.2e-06     0.002   14.5   1.2   557   591   633   667   625   668 0.88 NODE_10_length_157613_cov_33.680873_17 # 16793 # 18826 # 1 # ID=10_17;partial=00;start_type=ATG;rbs_motif=AAAAA;rbs_spacer=6bp;gc_cont=0.449
NODE_11_length_153230_cov_39.213473:117662-120157|- -            832 9806651              -            592   4.2e-14   49.8   0.4   1   3   1.7e-06   0.00067   16.1   0.0     9    74   298   366   294   376 0.88 NODE_11_length_153230_cov_39.213473_109 # 117662 # 120157 # -1 # ID=11_109;partial=00;start_type=TTG;rbs_motif=AAA;rbs_spacer=10bp;gc_cont=0.479
NODE_11_length_153230_cov_39.213473:117662-120157|- -            832 9806651              -            592   4.2e-14   49.8   0.4   2   3      0.26        99   -1.0   0.0   443   470   372   400   365   404 0.85 NODE_11_length_153230_cov_39.213473_109 # 117662 # 120157 # -1 # ID=11_109;partial=00;start_type=TTG;rbs_motif=AAA;rbs_spacer=10bp;gc_cont=0.479
NODE_11_length_153230_cov_39.213473:117662-120157|- -            832 9806651              -            592   4.2e-14   49.8   0.4   3   3   7.5e-11   2.9e-08   30.5   0.1   454   527   625   706   598   717 0.81 NODE_11_length_153230_cov_39.213473_109 # 117662 # 120157 # -1 # ID=11_109;partial=00;start_type=TTG;rbs_motif=AAA;rbs_spacer=10bp;gc_cont=0.479
NODE_1_length_523019_cov_35.337313:63917-67294|-    -           1126 9806651              -            592   7.4e-11   39.1   0.3   1   3     3e-08   1.2e-05   21.9   0.0   139   216   133   216    19   248 0.77 NODE_1_length_523019_cov_35.337313_58 # 63917 # 67294 # -1 # ID=1_58;partial=00;start_type=ATG;rbs_motif=TAAAA;rbs_spacer=8bp;gc_cont=0.469
NODE_1_length_523019_cov_35.337313:63917-67294|-    -           1126 9806651              -            592   7.4e-11   39.1   0.3   2   3     0.028        11    2.2   0.0   414   470   610   668   594   686 0.81 NODE_1_length_523019_cov_35.337313_58 # 63917 # 67294 # -1 # ID=1_58;partial=00;start_type=ATG;rbs_motif=TAAAA;rbs_spacer=8bp;gc_cont=0.469
NODE_1_length_523019_cov_35.337313:63917-67294|-    -           1126 9806651              -            592   7.4e-11   39.1   0.3   3   3   6.3e-05     0.024   11.0   0.0   440   511   796   863   770   891 0.85 NODE_1_length_523019_cov_35.337313_58 # 63917 # 67294 # -1 # ID=1_58;partial=00;start_type=ATG;rbs_motif=TAAAA;rbs_spacer=8bp;gc_cont=0.469
NODE_3_length_402718_cov_33.543387:147795-149051|-  -            419 9806651              -            592   6.9e-10   35.9   0.8   1   2       1.7   6.7e+02   -3.7   0.0    52    72    75    95    39   106 0.70 NODE_3_length_402718_cov_33.543387_125 # 147795 # 149051 # -1 # ID=3_125;partial=00;start_type=ATG;rbs_motif=TAAAAA;rbs_spacer=6bp;gc_cont=0.417
NODE_3_length_402718_cov_33.543387:147795-149051|-  -            419 9806651              -            592   6.9e-10   35.9   0.8   2   2   3.9e-12   1.5e-09   34.8   0.6   409   520   240   347   219   365 0.86 NODE_3_length_402718_cov_33.543387_125 # 147795 # 149051 # -1 # ID=3_125;partial=00;start_type=ATG;rbs_motif=TAAAAA;rbs_spacer=6bp;gc_cont=0.417
NODE_18_length_83461_cov_37.247170:68234-70414|-    -            727 9806651              -            592   1.8e-07   27.9   0.0   1   1     1e-09     4e-07   26.8   0.0   393   524   213   342   203   355 0.81 NODE_18_length_83461_cov_37.247170_56 # 68234 # 70414 # -1 # ID=18_56;partial=00;start_type=ATG;rbs_motif=TAAAA;rbs_spacer=14bp;gc_cont=0.451
NODE_2_length_424706_cov_34.285840:361318-362637|+  -            440 9806651              -            592   3.2e-06   23.8   0.0   1   2      0.11        42    0.3   0.0    22    72    29    85    16    92 0.71 NODE_2_length_424706_cov_34.285840_311 # 361318 # 362637 # 1 # ID=2_311;partial=00;start_type=ATG;rbs_motif=AACAA;rbs_spacer=15bp;gc_cont=0.484
NODE_2_length_424706_cov_34.285840:361318-362637|+  -            440 9806651              -            592   3.2e-06   23.8   0.0   2   2   5.9e-08   2.3e-05   21.0   0.0   413   485   229   301   209   313 0.89 NODE_2_length_424706_cov_34.285840_311 # 361318 # 362637 # 1 # ID=2_311;partial=00;start_type=ATG;rbs_motif=AACAA;rbs_spacer=15bp;gc_cont=0.484
NODE_8_length_282777_cov_37.165398:40679-42583|-    -            635 9806651              -            592   6.2e-06   22.8   0.1   1   1   3.2e-08   1.3e-05   21.8   0.1   407   535   220   344   205   357 0.85 NODE_8_length_282777_cov_37.165398_35 # 40679 # 42583 # -1 # ID=8_35;partial=00;start_type=GTG;rbs_motif=None;rbs_spacer=None;gc_cont=0.490
NODE_4_length_379350_cov_35.042700:53460-54743|+    -            428 9806651              -            592   6.9e-05   19.4   0.2   1   2      0.62   2.4e+02   -2.2   0.0    32    70    46    92    34    94 0.61 NODE_4_length_379350_cov_35.042700_46 # 53460 # 54743 # 1 # ID=4_46;partial=00;start_type=ATG;rbs_motif=None;rbs_spacer=None;gc_cont=0.452
NODE_4_length_379350_cov_35.042700:53460-54743|+    -            428 9806651              -            592   6.9e-05   19.4   0.2   2   2   4.4e-07   0.00017   18.1   0.1   392   485   220   313   177   318 0.91 NODE_4_length_379350_cov_35.042700_46 # 53460 # 54743 # 1 # ID=4_46;partial=00;start_type=ATG;rbs_motif=None;rbs_spacer=None;gc_cont=0.452
NODE_5_length_339081_cov_37.984555:215306-217249|+  -            648 9806651              -            592   9.8e-05   18.9   0.0   1   2      0.28   1.1e+02   -1.1   0.0    23    71    50   104    38   107 0.70 NODE_5_length_339081_cov_37.984555_166 # 215306 # 217249 # 1 # ID=5_166;partial=00;start_type=TTG;rbs_motif=TAA;rbs_spacer=9bp;gc_cont=0.496
NODE_5_length_339081_cov_37.984555:215306-217249|+  -            648 9806651              -            592   9.8e-05   18.9   0.0   2   2   1.1e-06   0.00042   16.8   0.0   417   485   257   325   232   351 0.89 NODE_5_length_339081_cov_37.984555_166 # 215306 # 217249 # 1 # ID=5_166;partial=00;start_type=TTG;rbs_motif=TAA;rbs_spacer=9bp;gc_cont=0.496
NODE_4_length_379350_cov_35.042700:204805-207120|-  -            772 9806651              -            592    0.0014   15.0   0.1   1   1   1.1e-05    0.0042   13.5   0.1     3    72   161   237   159   247 0.72 NODE_4_length_379350_cov_35.042700_178 # 204805 # 207120 # -1 # ID=4_178;partial=00;start_type=ATG;rbs_motif=TAAA;rbs_spacer=12bp;gc_cont=0.404
NODE_8_length_282777_cov_37.165398:5413-7509|+      -            699 9806651              -            592    0.0045   13.4   1.1   1   3     0.002      0.77    6.0   0.0     4    73   267   341   265   348 0.80 NODE_8_length_282777_cov_37.165398_9 # 5413 # 7509 # 1 # ID=8_9;partial=00;start_type=ATG;rbs_motif=None;rbs_spacer=None;gc_cont=0.441
NODE_8_length_282777_cov_37.165398:5413-7509|+      -            699 9806651              -            592    0.0045   13.4   1.1   2   3     0.013         5    3.3   0.1   427   470   335   378   328   385 0.88 NODE_8_length_282777_cov_37.165398_9 # 5413 # 7509 # 1 # ID=8_9;partial=00;start_type=ATG;rbs_motif=None;rbs_spacer=None;gc_cont=0.441
NODE_8_length_282777_cov_37.165398:5413-7509|+      -            699 9806651              -            592    0.0045   13.4   1.1   3   3     0.009       3.5    3.8   0.1   437   512   513   587   463   622 0.80 NODE_8_length_282777_cov_37.165398_9 # 5413 # 7509 # 1 # ID=8_9;partial=00;start_type=ATG;rbs_motif=None;rbs_spacer=None;gc_cont=0.441
NODE_1_length_523019_cov_35.337313:498275-500080|+  -            602 9806651              -            592     0.022   11.1   0.0   1   1   9.9e-05     0.038   10.3   0.0   398   513   212   321   154   365 0.80 NODE_1_length_523019_cov_35.337313_393 # 498275 # 500080 # 1 # ID=1_393;partial=00;start_type=ATG;rbs_motif=AAAAA;rbs_spacer=6bp;gc_cont=0.502
#
# Program:         hmmsearch
# Version:         3.4 (Aug 2023)
# Pipeline mode:   SEARCH
# Query file:      /home/kpchuang/Documents/03_whole_genome_assembly/01_raw_reads/short_reads_assembly/04_short_reads_assembly/04_busco_assessment/busco_downloads/lineages/bacteria_odb12/hmms/9806651at2.hmm
# Target file:     /home/kpchuang/Documents/03_whole_genome_assembly/01_raw_reads/short_reads_assembly/04_short_reads_assembly/04_busco_assessment/busco_results/prodigal_output/predicted_genes/predicted.faa
# Option settings: hmmsearch --domtblout /home/kpchuang/Documents/03_whole_genome_assembly/01_raw_reads/short_reads_assembly/04_short_reads_assembly/04_busco_assessment/busco_results/auto_lineage/run_bacteria_odb12/hmmer_output/9806651at2.out --cpu 1 /home/kpchuang/Documents/03_whole_genome_assembly/01_raw_reads/short_reads_assembly/04_short_reads_assembly/04_busco_assessment/busco_downloads/lineages/bacteria_odb12/hmms/9806651at2.hmm /home/kpchuang/Documents/03_whole_genome_assembly/01_raw_reads/short_reads_assembly/04_short_reads_assembly/04_busco_assessment/busco_results/prodigal_output/predicted_genes/predicted.faa 
# Current dir:     /home/kpchuang/Documents/03_whole_genome_assembly/01_raw_reads/short_reads_assembly/04_short_reads_assembly/04_busco_assessment
# Date:            Thu Jan  1 15:37:30 2026
# [ok]
