#                                                                                                          --- full sequence --- -------------- this domain -------------   hmm coord   ali coord   env coord
# target name                                      accession   tlen query name           accession   qlen   E-value  score  bias   #  of  c-Evalue  i-Evalue  score  bias  from    to  from    to  from    to  acc description of target
#                              ------------------- ---------- ----- -------------------- ---------- ----- --------- ------ ----- --- --- --------- --------- ------ ----- ----- ----- ----- ----- ----- ----- ---- ---------------------
NODE_13_length_112248_cov_33.996069:663-2039|-     -            459 9809356              -            390  1.2e-131  437.2   0.0   1   1    2e-134  1.6e-131  436.9   0.0     3   384     1   450     1   455 0.92 NODE_13_length_112248_cov_33.996069_2 # 663 # 2039 # -1 # ID=13_2;partial=00;start_type=ATG;rbs_motif=TAAA;rbs_spacer=11bp;gc_cont=0.452
NODE_5_length_339081_cov_37.984555:71298-72755|+   -            486 9809356              -            390   7.2e-17   59.4   0.3   1   2     1e-08     8e-06   23.0   0.1    29    70    95   136    71   138 0.87 NODE_5_length_339081_cov_37.984555_49 # 71298 # 72755 # 1 # ID=5_49;partial=00;start_type=ATG;rbs_motif=TAA;rbs_spacer=3bp;gc_cont=0.457
NODE_5_length_339081_cov_37.984555:71298-72755|+   -            486 9809356              -            390   7.2e-17   59.4   0.3   2   2   3.2e-12   2.5e-09   34.6   0.0   220   374   274   455   199   457 0.74 NODE_5_length_339081_cov_37.984555_49 # 71298 # 72755 # 1 # ID=5_49;partial=00;start_type=ATG;rbs_motif=TAA;rbs_spacer=3bp;gc_cont=0.457
NODE_9_length_160020_cov_39.719382:111926-113224|- -            433 9809356              -            390   3.4e-12   44.0   0.3   1   2   3.3e-08   2.5e-05   21.4   0.1    20    64    75   118    55   124 0.76 NODE_9_length_160020_cov_39.719382_80 # 111926 # 113224 # -1 # ID=9_80;partial=00;start_type=ATG;rbs_motif=TAAAAA;rbs_spacer=9bp;gc_cont=0.462
NODE_9_length_160020_cov_39.719382:111926-113224|- -            433 9809356              -            390   3.4e-12   44.0   0.3   2   2   9.7e-08   7.5e-05   19.8   0.0   126   375   143   420   130   423 0.66 NODE_9_length_160020_cov_39.719382_80 # 111926 # 113224 # -1 # ID=9_80;partial=00;start_type=ATG;rbs_motif=TAAAAA;rbs_spacer=9bp;gc_cont=0.462
NODE_5_length_339081_cov_37.984555:74249-75583|+   -            445 9809356              -            390   1.1e-11   42.3   1.3   1   2     4e-08   3.1e-05   21.1   0.2    37    69   101   133    89   134 0.90 NODE_5_length_339081_cov_37.984555_51 # 74249 # 75583 # 1 # ID=5_51;partial=00;start_type=ATG;rbs_motif=TAAA;rbs_spacer=15bp;gc_cont=0.446
NODE_5_length_339081_cov_37.984555:74249-75583|+   -            445 9809356              -            390   1.1e-11   42.3   1.3   2   2   8.4e-08   6.5e-05   20.0   0.1   119   367   142   412   137   424 0.71 NODE_5_length_339081_cov_37.984555_51 # 74249 # 75583 # 1 # ID=5_51;partial=00;start_type=ATG;rbs_motif=TAAA;rbs_spacer=15bp;gc_cont=0.446
NODE_5_length_339081_cov_37.984555:78078-79472|+   -            465 9809356              -            390   3.2e-11   40.8   0.1   1   2   1.9e-06    0.0015   15.5   0.4    24    67    98   141    83   146 0.84 NODE_5_length_339081_cov_37.984555_54 # 78078 # 79472 # 1 # ID=5_54;partial=00;start_type=ATG;rbs_motif=TAAAA;rbs_spacer=14bp;gc_cont=0.457
NODE_5_length_339081_cov_37.984555:78078-79472|+   -            465 9809356              -            390   3.2e-11   40.8   0.1   2   2   1.2e-08   9.2e-06   22.8   0.0   147   309   180   361   175   400 0.75 NODE_5_length_339081_cov_37.984555_54 # 78078 # 79472 # 1 # ID=5_54;partial=00;start_type=ATG;rbs_motif=TAAAA;rbs_spacer=14bp;gc_cont=0.457
NODE_7_length_286996_cov_37.800226:222480-225026|- -            849 9809356              -            390   5.7e-05   20.2   0.0   1   2   0.00016      0.12    9.2   0.0    22    61   115   157    95   164 0.72 NODE_7_length_286996_cov_37.800226_161 # 222480 # 225026 # -1 # ID=7_161;partial=00;start_type=GTG;rbs_motif=AAAAA;rbs_spacer=11bp;gc_cont=0.474
NODE_7_length_286996_cov_37.800226:222480-225026|- -            849 9809356              -            390   5.7e-05   20.2   0.0   2   2   0.00023      0.18    8.7   0.0   142   281   204   361   174   471 0.79 NODE_7_length_286996_cov_37.800226_161 # 222480 # 225026 # -1 # ID=7_161;partial=00;start_type=GTG;rbs_motif=AAAAA;rbs_spacer=11bp;gc_cont=0.474
#
# Program:         hmmsearch
# Version:         3.4 (Aug 2023)
# Pipeline mode:   SEARCH
# Query file:      /home/kpchuang/Documents/03_whole_genome_assembly/01_raw_reads/short_reads_assembly/04_short_reads_assembly/04_busco_assessment/busco_downloads/lineages/bacteria_odb12/hmms/9809356at2.hmm
# Target file:     /home/kpchuang/Documents/03_whole_genome_assembly/01_raw_reads/short_reads_assembly/04_short_reads_assembly/04_busco_assessment/busco_results/prodigal_output/predicted_genes/predicted.faa
# Option settings: hmmsearch --domtblout /home/kpchuang/Documents/03_whole_genome_assembly/01_raw_reads/short_reads_assembly/04_short_reads_assembly/04_busco_assessment/busco_results/auto_lineage/run_bacteria_odb12/hmmer_output/9809356at2.out --cpu 1 /home/kpchuang/Documents/03_whole_genome_assembly/01_raw_reads/short_reads_assembly/04_short_reads_assembly/04_busco_assessment/busco_downloads/lineages/bacteria_odb12/hmms/9809356at2.hmm /home/kpchuang/Documents/03_whole_genome_assembly/01_raw_reads/short_reads_assembly/04_short_reads_assembly/04_busco_assessment/busco_results/prodigal_output/predicted_genes/predicted.faa 
# Current dir:     /home/kpchuang/Documents/03_whole_genome_assembly/01_raw_reads/short_reads_assembly/04_short_reads_assembly/04_busco_assessment
# Date:            Thu Jan  1 15:37:31 2026
# [ok]
