#                                                                                                          --- full sequence --- -------------- this domain -------------   hmm coord   ali coord   env coord
# target name                                      accession   tlen query name           accession   qlen   E-value  score  bias   #  of  c-Evalue  i-Evalue  score  bias  from    to  from    to  from    to  acc description of target
#                              ------------------- ---------- ----- -------------------- ---------- ----- --------- ------ ----- --- --- --------- --------- ------ ----- ----- ----- ----- ----- ----- ----- ---- ---------------------
NODE_46_length_10522_cov_39.084442:7076-7750|-     -            225 9809084              -            236   4.1e-82  272.8   0.0   1   1   4.9e-85   4.6e-82  272.7   0.0     2   211     2   221     1   224 0.92 NODE_46_length_10522_cov_39.084442_6 # 7076 # 7750 # -1 # ID=46_6;partial=00;start_type=ATG;rbs_motif=TAAAAA;rbs_spacer=15bp;gc_cont=0.456
NODE_6_length_338063_cov_36.607788:24234-24938|+   -            235 9809084              -            236   3.2e-34  116.1   0.0   1   1   4.8e-37   4.5e-34  115.6   0.0     4   197     5   219     2   224 0.83 NODE_6_length_338063_cov_36.607788_18 # 24234 # 24938 # 1 # ID=6_18;partial=00;start_type=ATG;rbs_motif=TAAAAA;rbs_spacer=10bp;gc_cont=0.472
NODE_3_length_402718_cov_33.543387:372783-374582|+ -            600 9809084              -            236    0.0024   15.0   0.0   1   2      0.19   1.8e+02   -0.9   0.0     6    32   356   382   351   472 0.76 NODE_3_length_402718_cov_33.543387_341 # 372783 # 374582 # 1 # ID=3_341;partial=00;start_type=ATG;rbs_motif=AAA;rbs_spacer=11bp;gc_cont=0.535
NODE_3_length_402718_cov_33.543387:372783-374582|+ -            600 9809084              -            236    0.0024   15.0   0.0   2   2   1.2e-05     0.011   12.8   0.0   130   201   494   565   489   593 0.81 NODE_3_length_402718_cov_33.543387_341 # 372783 # 374582 # 1 # ID=3_341;partial=00;start_type=ATG;rbs_motif=AAA;rbs_spacer=11bp;gc_cont=0.535
NODE_3_length_402718_cov_33.543387:370106-371515|+ -            470 9809084              -            236    0.0047   14.1   0.0   1   1     9e-06    0.0083   13.3   0.0     4   121     6   127     3   132 0.84 NODE_3_length_402718_cov_33.543387_339 # 370106 # 371515 # 1 # ID=3_339;partial=00;start_type=ATG;rbs_motif=TAA;rbs_spacer=3bp;gc_cont=0.518
NODE_14_length_106925_cov_32.864293:24260-24964|-  -            235 9809084              -            236     0.049   10.7   0.8   1   2    0.0019       1.7    5.7   0.1    68   120    93   144     9   148 0.75 NODE_14_length_106925_cov_32.864293_22 # 24260 # 24964 # -1 # ID=14_22;partial=00;start_type=ATG;rbs_motif=TAA;rbs_spacer=11bp;gc_cont=0.461
NODE_14_length_106925_cov_32.864293:24260-24964|-  -            235 9809084              -            236     0.049   10.7   0.8   2   2     0.033        30    1.6   0.1   160   188   161   189   159   200 0.87 NODE_14_length_106925_cov_32.864293_22 # 24260 # 24964 # -1 # ID=14_22;partial=00;start_type=ATG;rbs_motif=TAA;rbs_spacer=11bp;gc_cont=0.461
#
# Program:         hmmsearch
# Version:         3.4 (Aug 2023)
# Pipeline mode:   SEARCH
# Query file:      /home/kpchuang/Documents/03_whole_genome_assembly/01_raw_reads/short_reads_assembly/04_short_reads_assembly/04_busco_assessment/busco_downloads/lineages/bacteria_odb12/hmms/9809084at2.hmm
# Target file:     /home/kpchuang/Documents/03_whole_genome_assembly/01_raw_reads/short_reads_assembly/04_short_reads_assembly/04_busco_assessment/busco_results/prodigal_output/predicted_genes/predicted.faa
# Option settings: hmmsearch --domtblout /home/kpchuang/Documents/03_whole_genome_assembly/01_raw_reads/short_reads_assembly/04_short_reads_assembly/04_busco_assessment/busco_results/auto_lineage/run_bacteria_odb12/hmmer_output/9809084at2.out --cpu 1 /home/kpchuang/Documents/03_whole_genome_assembly/01_raw_reads/short_reads_assembly/04_short_reads_assembly/04_busco_assessment/busco_downloads/lineages/bacteria_odb12/hmms/9809084at2.hmm /home/kpchuang/Documents/03_whole_genome_assembly/01_raw_reads/short_reads_assembly/04_short_reads_assembly/04_busco_assessment/busco_results/prodigal_output/predicted_genes/predicted.faa 
# Current dir:     /home/kpchuang/Documents/03_whole_genome_assembly/01_raw_reads/short_reads_assembly/04_short_reads_assembly/04_busco_assessment
# Date:            Thu Jan  1 15:37:30 2026
# [ok]
