#                                                                                                           --- full sequence --- -------------- this domain -------------   hmm coord   ali coord   env coord
# target name                                       accession   tlen query name           accession   qlen   E-value  score  bias   #  of  c-Evalue  i-Evalue  score  bias  from    to  from    to  from    to  acc description of target
#                               ------------------- ---------- ----- -------------------- ---------- ----- --------- ------ ----- --- --- --------- --------- ------ ----- ----- ----- ----- ----- ----- ----- ---- ---------------------
NODE_5_length_339081_cov_37.984555:116141-119191|-  -           1017 9811804              -            669    1e-282  937.7  27.7   1   1  2.8e-285    1e-282  937.7  27.7    28   669   380  1016   362  1016 0.93 NODE_5_length_339081_cov_37.984555_82 # 116141 # 119191 # -1 # ID=5_82;partial=00;start_type=ATG;rbs_motif=TAAA;rbs_spacer=7bp;gc_cont=0.442
NODE_11_length_153230_cov_39.213473:104491-105675|- -            395 9811804              -            669   4.7e-17   59.8   3.1   1   2   5.1e-05     0.018   11.6   0.1   169   194    10    34     1    40 0.70 NODE_11_length_153230_cov_39.213473_98 # 104491 # 105675 # -1 # ID=11_98;partial=00;start_type=ATG;rbs_motif=TAA;rbs_spacer=11bp;gc_cont=0.449
NODE_11_length_153230_cov_39.213473:104491-105675|- -            395 9811804              -            669   4.7e-17   59.8   3.1   2   2   4.2e-16   1.5e-13   48.3   0.5   206   374    65   241    47   247 0.80 NODE_11_length_153230_cov_39.213473_98 # 104491 # 105675 # -1 # ID=11_98;partial=00;start_type=ATG;rbs_motif=TAA;rbs_spacer=11bp;gc_cont=0.449
NODE_31_length_40986_cov_32.361314:4078-5859|+      -            594 9811804              -            669   1.2e-16   58.5   0.2   1   1   1.4e-18     5e-16   56.4   0.2   175   376     7   220     2   231 0.83 NODE_31_length_40986_cov_32.361314_7 # 4078 # 5859 # 1 # ID=31_7;partial=00;start_type=ATG;rbs_motif=TAA;rbs_spacer=14bp;gc_cont=0.453
NODE_27_length_55795_cov_35.058976:20133-21932|+    -            600 9811804              -            669     5e-16   56.5   1.2   1   2     2e-17   7.1e-15   52.6   0.2   175   291     7   141     2   154 0.82 NODE_27_length_55795_cov_35.058976_17 # 20133 # 21932 # 1 # ID=27_17;partial=00;start_type=ATG;rbs_motif=AATAA;rbs_spacer=10bp;gc_cont=0.445
NODE_27_length_55795_cov_35.058976:20133-21932|+    -            600 9811804              -            669     5e-16   56.5   1.2   2   2       1.9   6.7e+02   -3.4   0.0   358   610   217   237   207   256 0.57 NODE_27_length_55795_cov_35.058976_17 # 20133 # 21932 # 1 # ID=27_17;partial=00;start_type=ATG;rbs_motif=AATAA;rbs_spacer=10bp;gc_cont=0.445
NODE_27_length_55795_cov_35.058976:33864-35663|-    -            600 9811804              -            669     5e-16   56.5   1.2   1   2     2e-17   7.1e-15   52.6   0.2   175   291     7   141     2   154 0.82 NODE_27_length_55795_cov_35.058976_22 # 33864 # 35663 # -1 # ID=27_22;partial=00;start_type=ATG;rbs_motif=AATAA;rbs_spacer=10bp;gc_cont=0.444
NODE_27_length_55795_cov_35.058976:33864-35663|-    -            600 9811804              -            669     5e-16   56.5   1.2   2   2       1.9   6.7e+02   -3.4   0.0   358   610   217   237   207   256 0.57 NODE_27_length_55795_cov_35.058976_22 # 33864 # 35663 # -1 # ID=27_22;partial=00;start_type=ATG;rbs_motif=AATAA;rbs_spacer=10bp;gc_cont=0.444
NODE_24_length_70082_cov_35.438369:46377-47951|-    -            525 9811804              -            669   2.6e-15   54.1   0.1   1   2     0.042        15    2.0   0.0   167   192     5    30     1    33 0.85 NODE_24_length_70082_cov_35.438369_44 # 46377 # 47951 # -1 # ID=24_44;partial=00;start_type=ATG;rbs_motif=None;rbs_spacer=None;gc_cont=0.451
NODE_24_length_70082_cov_35.438369:46377-47951|-    -            525 9811804              -            669   2.6e-15   54.1   0.1   2   2   1.6e-16   5.6e-14   49.7   0.1   218   297    80   159    66   164 0.94 NODE_24_length_70082_cov_35.438369_44 # 46377 # 47951 # -1 # ID=24_44;partial=00;start_type=ATG;rbs_motif=None;rbs_spacer=None;gc_cont=0.451
NODE_15_length_100586_cov_37.517506:75446-77371|+   -            642 9811804              -            669     8e-10   35.9   0.0   1   1   4.7e-12   1.7e-09   34.9   0.0   218   293    69   144    33   162 0.88 NODE_15_length_100586_cov_37.517506_60 # 75446 # 77371 # 1 # ID=15_60;partial=00;start_type=ATG;rbs_motif=TAA;rbs_spacer=5bp;gc_cont=0.398
NODE_39_length_22776_cov_32.999692:1170-3095|+      -            642 9811804              -            669   9.4e-10   35.7   0.1   1   1   5.5e-12     2e-09   34.7   0.1   218   290    69   141    34   163 0.88 NODE_39_length_22776_cov_32.999692_2 # 1170 # 3095 # 1 # ID=39_2;partial=00;start_type=ATG;rbs_motif=TAA;rbs_spacer=4bp;gc_cont=0.381
NODE_4_length_379350_cov_35.042700:42972-44402|-    -            477 9811804              -            669   3.5e-09   33.8   0.0   1   2       1.4   4.9e+02   -3.0   0.0   350   393     8    51     5    58 0.56 NODE_4_length_379350_cov_35.042700_38 # 42972 # 44402 # -1 # ID=4_38;partial=00;start_type=ATG;rbs_motif=TAA;rbs_spacer=11bp;gc_cont=0.435
NODE_4_length_379350_cov_35.042700:42972-44402|-    -            477 9811804              -            669   3.5e-09   33.8   0.0   2   2   2.6e-11   9.3e-09   32.4   0.0   215   321    97   205    75   210 0.85 NODE_4_length_379350_cov_35.042700_38 # 42972 # 44402 # -1 # ID=4_38;partial=00;start_type=ATG;rbs_motif=TAA;rbs_spacer=11bp;gc_cont=0.435
NODE_11_length_153230_cov_39.213473:86373-88490|-   -            706 9811804              -            669   3.3e-08   30.6   0.5   1   3      0.87   3.1e+02   -2.3   0.0   175   187    12    24     3    29 0.78 NODE_11_length_153230_cov_39.213473_83 # 86373 # 88490 # -1 # ID=11_83;partial=00;start_type=ATG;rbs_motif=TAAA;rbs_spacer=11bp;gc_cont=0.447
NODE_11_length_153230_cov_39.213473:86373-88490|-   -            706 9811804              -            669   3.3e-08   30.6   0.5   2   3   3.1e-10   1.1e-07   28.9   0.0   214   294    75   155    65   159 0.94 NODE_11_length_153230_cov_39.213473_83 # 86373 # 88490 # -1 # ID=11_83;partial=00;start_type=ATG;rbs_motif=TAAA;rbs_spacer=11bp;gc_cont=0.447
NODE_11_length_153230_cov_39.213473:86373-88490|-   -            706 9811804              -            669   3.3e-08   30.6   0.5   3   3       1.2   4.4e+02   -2.9   0.0   549   588   464   504   433   520 0.66 NODE_11_length_153230_cov_39.213473_83 # 86373 # 88490 # -1 # ID=11_83;partial=00;start_type=ATG;rbs_motif=TAAA;rbs_spacer=11bp;gc_cont=0.447
NODE_18_length_83461_cov_37.247170:78998-80311|-    -            438 9811804              -            669   2.5e-05   21.1   0.3   1   2       1.3   4.8e+02   -3.0   0.7   241   282    83   124    80   128 0.80 NODE_18_length_83461_cov_37.247170_65 # 78998 # 80311 # -1 # ID=18_65;partial=00;start_type=ATG;rbs_motif=TAAA;rbs_spacer=11bp;gc_cont=0.432
NODE_18_length_83461_cov_37.247170:78998-80311|-    -            438 9811804              -            669   2.5e-05   21.1   0.3   2   2     7e-08   2.5e-05   21.1   0.3   237   336   254   353   249   362 0.88 NODE_18_length_83461_cov_37.247170_65 # 78998 # 80311 # -1 # ID=18_65;partial=00;start_type=ATG;rbs_motif=TAAA;rbs_spacer=11bp;gc_cont=0.432
NODE_8_length_282777_cov_37.165398:116773-118929|+  -            719 9811804              -            669   0.00082   16.1   0.0   1   1   4.2e-06    0.0015   15.2   0.0   217   295    74   152    64   164 0.94 NODE_8_length_282777_cov_37.165398_106 # 116773 # 118929 # 1 # ID=8_106;partial=00;start_type=ATG;rbs_motif=TAAA;rbs_spacer=11bp;gc_cont=0.464
NODE_8_length_282777_cov_37.165398:83695-84879|-    -            395 9811804              -            669     0.014   12.0   0.0   1   1   7.3e-05     0.026   11.1   0.0   239   332    87   169     6   177 0.83 NODE_8_length_282777_cov_37.165398_75 # 83695 # 84879 # -1 # ID=8_75;partial=00;start_type=TTG;rbs_motif=AAA;rbs_spacer=13bp;gc_cont=0.489
#
# Program:         hmmsearch
# Version:         3.4 (Aug 2023)
# Pipeline mode:   SEARCH
# Query file:      /home/kpchuang/Documents/03_whole_genome_assembly/01_raw_reads/short_reads_assembly/04_short_reads_assembly/04_busco_assessment/busco_downloads/lineages/bacteria_odb12/hmms/9811804at2.hmm
# Target file:     /home/kpchuang/Documents/03_whole_genome_assembly/01_raw_reads/short_reads_assembly/04_short_reads_assembly/04_busco_assessment/busco_results/prodigal_output/predicted_genes/predicted.faa
# Option settings: hmmsearch --domtblout /home/kpchuang/Documents/03_whole_genome_assembly/01_raw_reads/short_reads_assembly/04_short_reads_assembly/04_busco_assessment/busco_results/auto_lineage/run_bacteria_odb12/hmmer_output/9811804at2.out --cpu 1 /home/kpchuang/Documents/03_whole_genome_assembly/01_raw_reads/short_reads_assembly/04_short_reads_assembly/04_busco_assessment/busco_downloads/lineages/bacteria_odb12/hmms/9811804at2.hmm /home/kpchuang/Documents/03_whole_genome_assembly/01_raw_reads/short_reads_assembly/04_short_reads_assembly/04_busco_assessment/busco_results/prodigal_output/predicted_genes/predicted.faa 
# Current dir:     /home/kpchuang/Documents/03_whole_genome_assembly/01_raw_reads/short_reads_assembly/04_short_reads_assembly/04_busco_assessment
# Date:            Thu Jan  1 15:37:31 2026
# [ok]
