#                                                                                                                                        --- full sequence --- -------------- this domain -------------   hmm coord   ali coord   env coord
# target name                                                                    accession   tlen query name           accession   qlen   E-value  score  bias   #  of  c-Evalue  i-Evalue  score  bias  from    to  from    to  from    to  acc description of target
#                                                            ------------------- ---------- ----- -------------------- ---------- ----- --------- ------ ----- --- --- --------- --------- ------ ----- ----- ----- ----- ----- ----- ----- ---- ---------------------
1715808at2759_3821_0:003aa6|NODE_1_length_523019_cov_35.337313:433805-435599|+   -            321 1715808              -            185   9.7e-30   92.9   0.2   1   1   2.2e-27   2.2e-27   85.2   0.2    34   185    79   258    59   258 0.74 <unknown description>
1715808at2759_57412_0:002b7d|NODE_1_length_523019_cov_35.337313:434636-435413|+  -            260 1715808              -            185   2.9e-29   91.3   0.1   1   1   3.4e-26   3.4e-26   81.3   0.1    24   185    61   259    38   259 0.69 <unknown description>
1715808at2759_34506_0:000eda|NODE_1_length_523019_cov_35.337313:434588-435599|+  -            338 1715808              -            185   9.5e-29   89.7   0.1   1   1     8e-26     8e-26   80.1   0.1    24   185    77   275    55   275 0.69 <unknown description>
1715808at2759_37344_0:0022c4|NODE_1_length_523019_cov_35.337313:429643-435587|+  -            352 1715808              -            185   1.1e-28   89.5   0.0   1   1   8.7e-26   8.7e-26   80.0   0.0    24   185    95   293    72   293 0.69 <unknown description>
1715808at2759_103695_0:00357a|NODE_1_length_523019_cov_35.337313:431998-435593|+ -            353 1715808              -            185   1.1e-28   89.4   0.1   1   1   9.1e-26   9.1e-26   79.9   0.1    24   185    94   292    72   292 0.69 <unknown description>
1715808at2759_130081_0:00096e|NODE_1_length_523019_cov_35.337313:434870-435602|+ -            245 1715808              -            185     3e-27   84.8   0.2   1   2    0.0028    0.0028    6.6   0.0    75   107    49    83     1    99 0.65 <unknown description>
1715808at2759_130081_0:00096e|NODE_1_length_523019_cov_35.337313:434870-435602|+ -            245 1715808              -            185     3e-27   84.8   0.2   2   2   2.7e-24   2.7e-24   75.1   0.1   111   185   106   181    92   181 0.92 <unknown description>
1715808at2759_102211_0:0031e0|NODE_1_length_523019_cov_35.337313:435014-435599|+ -            196 1715808              -            185   1.4e-26   82.6   0.2   1   1   9.4e-25   9.4e-25   76.6   0.2   109   185    56   133     1   133 0.84 <unknown description>
1715808at2759_4686_0:004f81|NODE_1_length_523019_cov_35.337313:435014-440273|+   -            196 1715808              -            185   1.4e-26   82.6   0.2   1   1   9.4e-25   9.4e-25   76.6   0.2   109   185    56   133     1   133 0.84 <unknown description>
1715808at2759_279965_0:002e9f|NODE_1_length_523019_cov_35.337313:435197-435596|+ -            134 1715808              -            185   3.2e-24   74.9   0.1   1   1     4e-24     4e-24   74.6   0.1   119   185     5    72     1    72 0.93 <unknown description>
1715808at2759_154827_0:0094ec|NODE_1_length_523019_cov_35.337313:435230-435413|+ -             62 1715808              -            185   6.2e-24   74.0   0.2   1   1   6.5e-24   6.5e-24   73.9   0.2   127   185     2    61     1    61 0.95 <unknown description>
1715808at2759_7897_0:00196c|NODE_1_length_523019_cov_35.337313:435230-435485|+   -             86 1715808              -            185   1.7e-23   72.5   0.2   1   1     2e-23     2e-23   72.3   0.2   127   185     2    61     1    61 0.95 <unknown description>
#
# Program:         hmmsearch
# Version:         3.4 (Aug 2023)
# Pipeline mode:   SEARCH
# Query file:      /home/kpchuang/Documents/03_whole_genome_assembly/01_raw_reads/short_reads_assembly/04_short_reads_assembly/04_busco_assessment/busco_downloads/lineages/eukaryota_odb12/hmms/1715808at2759.hmm
# Target file:     /home/kpchuang/Documents/03_whole_genome_assembly/01_raw_reads/short_reads_assembly/04_short_reads_assembly/04_busco_assessment/busco_results/auto_lineage/run_eukaryota_odb12/miniprot_output/translated_proteins/1715808at2759.faa
# Option settings: hmmsearch --domtblout /home/kpchuang/Documents/03_whole_genome_assembly/01_raw_reads/short_reads_assembly/04_short_reads_assembly/04_busco_assessment/busco_results/auto_lineage/run_eukaryota_odb12/hmmer_output/1715808at2759.out --cpu 1 /home/kpchuang/Documents/03_whole_genome_assembly/01_raw_reads/short_reads_assembly/04_short_reads_assembly/04_busco_assessment/busco_downloads/lineages/eukaryota_odb12/hmms/1715808at2759.hmm /home/kpchuang/Documents/03_whole_genome_assembly/01_raw_reads/short_reads_assembly/04_short_reads_assembly/04_busco_assessment/busco_results/auto_lineage/run_eukaryota_odb12/miniprot_output/translated_proteins/1715808at2759.faa 
# Current dir:     /home/kpchuang/Documents/03_whole_genome_assembly/01_raw_reads/short_reads_assembly/04_short_reads_assembly/04_busco_assessment
# Date:            Thu Jan  1 15:40:31 2026
# [ok]
