#                                                                                                                                     --- full sequence --- -------------- this domain -------------   hmm coord   ali coord   env coord
# target name                                                                 accession   tlen query name           accession   qlen   E-value  score  bias   #  of  c-Evalue  i-Evalue  score  bias  from    to  from    to  from    to  acc description of target
#                                                         ------------------- ---------- ----- -------------------- ---------- ----- --------- ------ ----- --- --- --------- --------- ------ ----- ----- ----- ----- ----- ----- ----- ---- ---------------------
3370at2759_1477025_0:0017ec|NODE_4_length_379350_cov_35.042700:53444-58916|+  -            426 3370                 -            392   4.7e-68  220.4   0.0   1   1   9.7e-68   9.7e-68  219.4   0.0    31   362    23   354     7   369 0.84 <unknown description>
3370at2759_113334_0:0000db|NODE_4_length_379350_cov_35.042700:53444-54722|+   -            427 3370                 -            392   4.8e-68  220.4   0.0   1   1   9.8e-68   9.8e-68  219.4   0.0    31   362    23   354     7   369 0.84 <unknown description>
3370at2759_497109_0:000069|NODE_3_length_402718_cov_33.543387:147977-149057|- -            361 3370                 -            392   2.1e-67  218.3   0.0   1   1   3.1e-67   3.1e-67  217.7   0.0    21   362     8   354     2   360 0.83 <unknown description>
3370at2759_29031_0:0011fd|NODE_3_length_402718_cov_33.543387:143772-149057|-  -            456 3370                 -            392   2.4e-67  218.1   0.1   1   1   3.7e-67   3.7e-67  217.5   0.1    21   365     8   357     2   383 0.82 <unknown description>
3370at2759_984486_0:0015de|NODE_4_length_379350_cov_35.042700:53576-54488|+   -            305 3370                 -            392   5.8e-63  203.7   0.0   1   1   1.1e-62   1.1e-62  202.8   0.0    57   357     1   305     1   305 0.84 <unknown description>
3370at2759_375433_0:002607|NODE_5_length_339081_cov_37.984555:215350-216730|+ -            461 3370                 -            392   1.4e-59  192.5   0.0   1   1   2.4e-59   2.4e-59  191.8   0.0    21   366     3   350     1   359 0.79 <unknown description>
3370at2759_132113_0:001af6|NODE_5_length_339081_cov_37.984555:215344-216388|+ -            349 3370                 -            392   1.6e-59  192.4   0.0   1   1   2.7e-59   2.7e-59  191.6   0.0    20   361     4   347     1   348 0.79 <unknown description>
3370at2759_32391_0:002383|NODE_5_length_339081_cov_37.984555:215356-217126|+  -            419 3370                 -            392   5.6e-59  190.6   0.0   1   1   9.1e-59   9.1e-59  189.9   0.0    24   361     4   343     1   366 0.79 <unknown description>
3370at2759_396416_0:0027a0|NODE_3_length_402718_cov_33.543387:147950-148835|- -            296 3370                 -            392   4.1e-54  174.6   0.0   1   1   6.1e-54   6.1e-54  174.0   0.0    87   363     2   281     1   293 0.82 <unknown description>
3370at2759_94328_0:000d46|NODE_2_length_424706_cov_34.285840:361326-362328|+  -            335 3370                 -            392   1.9e-53  172.3   0.0   1   1   7.1e-53   7.1e-53  170.5   0.0    33   359     9   331     2   334 0.86 <unknown description>
3370at2759_160734_0:006435|NODE_3_length_402718_cov_33.543387:147983-148508|- -            176 3370                 -            392   4.4e-35  111.9   0.1   1   1   5.3e-35   5.3e-35  111.6   0.1   201   362     1   171     1   175 0.83 <unknown description>
3370at2759_55513_0:0020b3|NODE_4_length_379350_cov_35.042700:53462-54002|+    -            181 3370                 -            392   1.6e-34  110.1   0.0   1   1   2.1e-34   2.1e-34  109.7   0.0    31   172    17   159     3   178 0.82 <unknown description>
3370at2759_55513_0:0020b3|NODE_2_length_424706_cov_34.285840:361326-361797|+  -            158 3370                 -            392   2.2e-33  106.3   0.0   1   1   2.7e-33   2.7e-33  106.0   0.0    33   171     9   146     2   157 0.86 <unknown description>
3370at2759_132908_0:002986|NODE_3_length_402718_cov_33.543387:148562-148976|- -            139 3370                 -            392   6.4e-31   98.2   0.0   1   1   7.3e-31   7.3e-31   98.0   0.0    39   171     1   138     1   139 0.86 <unknown description>
3370at2759_4572_0:002e67|NODE_2_length_424706_cov_34.285840:361326-361698|+   -            125 3370                 -            392   8.6e-26   81.3   0.0   1   1     1e-25     1e-25   81.1   0.0    33   149     9   124     2   125 0.85 <unknown description>
3370at2759_56716_0:004ad1|NODE_3_length_402718_cov_33.543387:147815-148247|-  -            145 3370                 -            392   9.1e-26   81.2   0.0   1   1   1.2e-25   1.2e-25   80.9   0.0   287   364     3    86     2   101 0.88 <unknown description>
3370at2759_4442_0:00bc38|NODE_4_length_379350_cov_35.042700:53624-54002|+     -            127 3370                 -            392   5.9e-23   72.0   0.0   1   1   7.2e-23   7.2e-23   71.7   0.0    74   172     2   105     1   124 0.79 <unknown description>
3370at2759_8208_0:0053d5|NODE_3_length_402718_cov_33.543387:147983-148160|-   -             60 3370                 -            392   8.7e-23   71.4   0.1   1   1   9.9e-23   9.9e-23   71.2   0.1   309   362     1    55     1    59 0.94 <unknown description>
3370at2759_51315_0:001cde|NODE_5_length_339081_cov_37.984555:216163-216502|+  -            114 3370                 -            392   6.1e-22   68.6   0.1   1   1   6.9e-22   6.9e-22   68.4   0.1   296   367     3    80     1    89 0.81 <unknown description>
3370at2759_59463_0:00463c|NODE_3_length_402718_cov_33.543387:148037-148247|-  -             71 3370                 -            392   7.4e-22   68.3   0.1   1   1   7.9e-22   7.9e-22   68.2   0.1   287   349     3    71     1    71 0.91 <unknown description>
3370at2759_4232_0:009b8c|NODE_2_length_424706_cov_34.285840:361326-361572|+   -             83 3370                 -            392   3.5e-21   66.1   0.0   1   1     4e-21     4e-21   65.9   0.0    33   108     9    82     2    83 0.91 <unknown description>
3370at2759_44415_0:0023be|NODE_3_length_402718_cov_33.543387:148772-148976|-  -             69 3370                 -            392     3e-16   49.9   0.0   1   1   3.2e-16   3.2e-16   49.8   0.0    39   105     1    67     1    69 0.90 <unknown description>
3370at2759_55513_0:0037ab|NODE_4_length_379350_cov_35.042700:53810-54002|+    -             65 3370                 -            392   1.7e-15   47.4   0.1   1   1   1.7e-15   1.7e-15   47.4   0.1   134   172     5    43     1    63 0.85 <unknown description>
3370at2759_8208_0:003c11|NODE_3_length_402718_cov_33.543387:148496-148676|-   -             61 3370                 -            392   4.3e-15   46.1   0.0   1   1   4.4e-15   4.4e-15   46.0   0.0   134   180     1    49     1    60 0.79 <unknown description>
3370at2759_75366_0:004d3b|NODE_4_length_379350_cov_35.042700:54392-54635|+    -             82 3370                 -            392   5.1e-15   45.8   0.0   1   1   5.5e-15   5.5e-15   45.7   0.0   325   363     1    39     1    59 0.89 <unknown description>
#
# Program:         hmmsearch
# Version:         3.4 (Aug 2023)
# Pipeline mode:   SEARCH
# Query file:      /home/kpchuang/Documents/03_whole_genome_assembly/01_raw_reads/short_reads_assembly/04_short_reads_assembly/04_busco_assessment/busco_downloads/lineages/eukaryota_odb12/hmms/3370at2759.hmm
# Target file:     /home/kpchuang/Documents/03_whole_genome_assembly/01_raw_reads/short_reads_assembly/04_short_reads_assembly/04_busco_assessment/busco_results/auto_lineage/run_eukaryota_odb12/miniprot_output/translated_proteins/3370at2759.faa
# Option settings: hmmsearch --domtblout /home/kpchuang/Documents/03_whole_genome_assembly/01_raw_reads/short_reads_assembly/04_short_reads_assembly/04_busco_assessment/busco_results/auto_lineage/run_eukaryota_odb12/hmmer_output/3370at2759.out --cpu 1 /home/kpchuang/Documents/03_whole_genome_assembly/01_raw_reads/short_reads_assembly/04_short_reads_assembly/04_busco_assessment/busco_downloads/lineages/eukaryota_odb12/hmms/3370at2759.hmm /home/kpchuang/Documents/03_whole_genome_assembly/01_raw_reads/short_reads_assembly/04_short_reads_assembly/04_busco_assessment/busco_results/auto_lineage/run_eukaryota_odb12/miniprot_output/translated_proteins/3370at2759.faa 
# Current dir:     /home/kpchuang/Documents/03_whole_genome_assembly/01_raw_reads/short_reads_assembly/04_short_reads_assembly/04_busco_assessment
# Date:            Thu Jan  1 15:40:32 2026
# [ok]
