#                                                                                                                                        --- full sequence --- -------------- this domain -------------   hmm coord   ali coord   env coord
# target name                                                                    accession   tlen query name           accession   qlen   E-value  score  bias   #  of  c-Evalue  i-Evalue  score  bias  from    to  from    to  from    to  acc description of target
#                                                            ------------------- ---------- ----- -------------------- ---------- ----- --------- ------ ----- --- --- --------- --------- ------ ----- ----- ----- ----- ----- ----- ----- ---- ---------------------
422663at2759_108931_0:0026ec|NODE_4_length_379350_cov_35.042700:53462-54566|+    -            369 422663               -            669   1.2e-88  288.5   0.1   1   2   2.5e-59   2.7e-59  191.5   0.0    92   322     1   213     1   233 0.93 <unknown description>
422663at2759_108931_0:0026ec|NODE_4_length_379350_cov_35.042700:53462-54566|+    -            369 422663               -            669   1.2e-88  288.5   0.1   2   2   2.6e-30   2.7e-30   95.6   0.0   420   516   261   357   215   366 0.85 <unknown description>
422663at2759_7225_0:0023ce|NODE_3_length_402718_cov_33.543387:147968-152716|-    -            475 422663               -            669   2.5e-88  287.4   0.0   1   2   6.3e-59   6.6e-59  190.2   0.0    81   322   104   331    70   371 0.91 <unknown description>
422663at2759_7225_0:0023ce|NODE_3_length_402718_cov_33.543387:147968-152716|-    -            475 422663               -            669   2.5e-88  287.4   0.0   2   2     5e-30   5.2e-30   94.7   0.0   416   510   374   468   364   474 0.91 <unknown description>
422663at2759_12968_0:000926|NODE_4_length_379350_cov_35.042700:53043-54530|+     -            399 422663               -            669   9.6e-87  282.2   0.1   1   2   9.5e-58     1e-57  186.3   0.0    83   322    28   255     3   272 0.86 <unknown description>
422663at2759_12968_0:000926|NODE_4_length_379350_cov_35.042700:53043-54530|+     -            399 422663               -            669   9.6e-87  282.2   0.1   2   2   6.1e-30   6.4e-30   94.4   0.0   420   515   303   398   258   399 0.85 <unknown description>
422663at2759_1606681_0:001437|NODE_3_length_402718_cov_33.543387:147673-149045|- -            458 422663               -            669   1.9e-86  281.2   0.0   1   1   1.2e-81   1.2e-81  265.3   0.0    93   517     1   360     1   414 0.87 <unknown description>
422663at2759_59895_0:0056d2|NODE_4_length_379350_cov_35.042700:51918-54533|+     -            375 422663               -            669   2.1e-86  281.0   0.1   1   2   2.6e-57   2.8e-57  184.8   0.0   104   322    30   230    27   248 0.92 <unknown description>
422663at2759_59895_0:0056d2|NODE_4_length_379350_cov_35.042700:51918-54533|+     -            375 422663               -            669   2.1e-86  281.0   0.1   2   2   4.3e-30   4.5e-30   94.9   0.0   420   516   278   374   233   375 0.85 <unknown description>
422663at2759_50390_0:003630|NODE_3_length_402718_cov_33.543387:143943-149048|-   -            526 422663               -            669   2.2e-86  281.0   0.0   1   2   1.1e-56   1.1e-56  182.8   0.0    92   322     1   217     1   231 0.93 <unknown description>
422663at2759_50390_0:003630|NODE_3_length_402718_cov_33.543387:143943-149048|-   -            526 422663               -            669   2.2e-86  281.0   0.0   2   2   2.1e-30   2.2e-30   95.9   0.0   415   516   259   360   231   402 0.87 <unknown description>
422663at2759_134920_0:0036a9|NODE_3_length_402718_cov_33.543387:147968-149045|-  -            360 422663               -            669   2.4e-86  280.8   0.0   1   3   9.6e-57     1e-56  183.0   0.0    93   322     1   216     1   230 0.93 <unknown description>
422663at2759_134920_0:0036a9|NODE_3_length_402718_cov_33.543387:147968-149045|-  -            360 422663               -            669   2.4e-86  280.8   0.0   2   3      0.34      0.36   -0.6   0.0   364   395   231   262   207   270 0.73 <unknown description>
422663at2759_134920_0:0036a9|NODE_3_length_402718_cov_33.543387:147968-149045|-  -            360 422663               -            669   2.4e-86  280.8   0.0   3   3   2.9e-30     3e-30   95.5   0.0   416   510   259   353   247   359 0.91 <unknown description>
422663at2759_3075_0:0004a5|NODE_5_length_339081_cov_37.984555:215347-216379|+    -            345 422663               -            669   9.5e-80  259.1   0.2   1   2     2e-50   2.1e-50  162.1   0.0    93   327     1   218     1   249 0.88 <unknown description>
422663at2759_3075_0:0004a5|NODE_5_length_339081_cov_37.984555:215347-216379|+    -            345 422663               -            669   9.5e-80  259.1   0.2   2   2   1.9e-30     2e-30   96.1   0.1   387   502   233   342   227   344 0.91 <unknown description>
422663at2759_3369_0:000ff2|NODE_4_length_379350_cov_35.042700:53669-54533|+      -            289 422663               -            669   1.9e-67  218.4   0.1   1   2   4.2e-38   4.4e-38  121.4   0.0   166   322     1   144     1   161 0.92 <unknown description>
422663at2759_3369_0:000ff2|NODE_4_length_379350_cov_35.042700:53669-54533|+      -            289 422663               -            669   1.9e-67  218.4   0.1   2   2   2.5e-30   2.6e-30   95.7   0.0   420   516   192   288   147   289 0.85 <unknown description>
422663at2759_136037_0:0029e9|NODE_2_length_424706_cov_34.285840:361347-362328|+  -            328 422663               -            669     4e-67  217.3   0.0   1   1   1.6e-63   1.7e-63  205.3   0.0   109   507     1   327     1   328 0.91 <unknown description>
422663at2759_9713_0:00515b|NODE_3_length_402718_cov_33.543387:147995-148706|-    -            238 422663               -            669     4e-57  184.3   0.0   1   3   1.2e-27   1.3e-27   86.8   0.0   210   322     3   103     1   117 0.90 <unknown description>
422663at2759_9713_0:00515b|NODE_3_length_402718_cov_33.543387:147995-148706|-    -            238 422663               -            669     4e-57  184.3   0.0   2   3      0.34      0.36   -0.6   0.0   365   389   119   143   103   154 0.80 <unknown description>
422663at2759_9713_0:00515b|NODE_3_length_402718_cov_33.543387:147995-148706|-    -            238 422663               -            669     4e-57  184.3   0.0   3   3   3.9e-30   4.1e-30   95.1   0.0   415   507   145   237   134   238 0.93 <unknown description>
422663at2759_680683_0:000b68|NODE_3_length_402718_cov_33.543387:148418-149045|-  -            210 422663               -            669   9.3e-57  183.1   0.0   1   1   9.9e-57     1e-56  182.9   0.0    93   314     1   208     1   210 0.94 <unknown description>
422663at2759_6850_0:004ebd|NODE_4_length_379350_cov_35.042700:53528-54233|+      -            236 422663               -            669   2.9e-56  181.4   0.1   1   1   3.3e-56   3.4e-56  181.2   0.1   114   322     1   191     1   210 0.93 <unknown description>
422663at2759_326594_0:00026b|NODE_4_length_379350_cov_35.042700:53492-54011|+    -            174 422663               -            669     8e-52  166.8   0.1   1   1   8.2e-52   8.6e-52  166.7   0.1   104   292     3   173     1   174 0.93 <unknown description>
422663at2759_13642_0:0010ec|NODE_4_length_379350_cov_35.042700:53900-54533|+     -            212 422663               -            669   9.9e-47  149.9   0.1   1   2   4.1e-17   4.3e-17   52.0   0.0   246   322     2    67     1    85 0.87 <unknown description>
422663at2759_13642_0:0010ec|NODE_4_length_379350_cov_35.042700:53900-54533|+     -            212 422663               -            669   9.9e-47  149.9   0.1   2   2   1.1e-30   1.2e-30   96.8   0.0   419   516   114   211    69   212 0.84 <unknown description>
422663at2759_70779_0:000519|NODE_4_length_379350_cov_35.042700:53648-54110|+     -            155 422663               -            669   7.3e-40  127.2   0.0   1   1   8.3e-40   8.7e-40  127.0   0.0   162   319     4   148     1   153 0.93 <unknown description>
422663at2759_4442_0:002d98|NODE_4_length_379350_cov_35.042700:53678-53993|+      -            106 422663               -            669   1.4e-31   99.9   0.0   1   1   1.5e-31   1.5e-31   99.7   0.0   169   275     1   105     1   106 0.95 <unknown description>
422663at2759_294128_0:0003ec|NODE_4_length_379350_cov_35.042700:54140-54557|+    -            140 422663               -            669   4.1e-31   98.3   0.0   1   1   4.1e-31   4.3e-31   98.3   0.0   424   516    39   131     6   138 0.93 <unknown description>
422663at2759_30069_0:002edb|NODE_3_length_402718_cov_33.543387:147968-148220|-   -             85 422663               -            669   9.4e-29   90.5   0.0   1   1   9.2e-29   9.7e-29   90.5   0.0   433   512     1    80     1    85 0.94 <unknown description>
422663at2759_280463_0:006500|NODE_2_length_424706_cov_34.285840:358579-361674|+  -            158 422663               -            669   2.8e-21   65.8   0.1   1   1     3e-21   3.2e-21   65.7   0.1   113   226    53   158    40   158 0.84 <unknown description>
422663at2759_2530218_0:002f3c|NODE_3_length_402718_cov_33.543387:147950-148142|- -             65 422663               -            669   4.5e-21   65.2   0.0   1   1   4.6e-21   4.8e-21   65.1   0.0   460   515     2    57     1    63 0.92 <unknown description>
#
# Program:         hmmsearch
# Version:         3.4 (Aug 2023)
# Pipeline mode:   SEARCH
# Query file:      /home/kpchuang/Documents/03_whole_genome_assembly/01_raw_reads/short_reads_assembly/04_short_reads_assembly/04_busco_assessment/busco_downloads/lineages/eukaryota_odb12/hmms/422663at2759.hmm
# Target file:     /home/kpchuang/Documents/03_whole_genome_assembly/01_raw_reads/short_reads_assembly/04_short_reads_assembly/04_busco_assessment/busco_results/auto_lineage/run_eukaryota_odb12/miniprot_output/translated_proteins/422663at2759.faa
# Option settings: hmmsearch --domtblout /home/kpchuang/Documents/03_whole_genome_assembly/01_raw_reads/short_reads_assembly/04_short_reads_assembly/04_busco_assessment/busco_results/auto_lineage/run_eukaryota_odb12/hmmer_output/422663at2759.out --cpu 1 /home/kpchuang/Documents/03_whole_genome_assembly/01_raw_reads/short_reads_assembly/04_short_reads_assembly/04_busco_assessment/busco_downloads/lineages/eukaryota_odb12/hmms/422663at2759.hmm /home/kpchuang/Documents/03_whole_genome_assembly/01_raw_reads/short_reads_assembly/04_short_reads_assembly/04_busco_assessment/busco_results/auto_lineage/run_eukaryota_odb12/miniprot_output/translated_proteins/422663at2759.faa 
# Current dir:     /home/kpchuang/Documents/03_whole_genome_assembly/01_raw_reads/short_reads_assembly/04_short_reads_assembly/04_busco_assessment
# Date:            Thu Jan  1 15:40:32 2026
# [ok]
