#                                                                                                                                         --- full sequence --- -------------- this domain -------------   hmm coord   ali coord   env coord
# target name                                                                     accession   tlen query name           accession   qlen   E-value  score  bias   #  of  c-Evalue  i-Evalue  score  bias  from    to  from    to  from    to  acc description of target
#                                                             ------------------- ---------- ----- -------------------- ---------- ----- --------- ------ ----- --- --- --------- --------- ------ ----- ----- ----- ----- ----- ----- ----- ---- ---------------------
7396459at2759_6549_0:004da3|NODE_3_length_402718_cov_33.543387:147845-149054|-    -            404 7396459              -            561   8.4e-94  304.6   0.1   1   1   9.8e-94   9.8e-94  304.4   0.1     7   370     3   360     1   380 0.90 <unknown description>
7396459at2759_456900_0:001054|NODE_4_length_379350_cov_35.042700:53471-54533|+    -            355 7396459              -            561   1.5e-91  297.2   0.1   1   1   1.8e-91   1.8e-91  296.9   0.1    14   368     3   350     1   354 0.93 <unknown description>
7396459at2759_1485682_0:000b56|NODE_5_length_339081_cov_37.984555:215350-216529|+ -            394 7396459              -            561   5.6e-85  275.5   0.0   1   1   7.5e-85   7.5e-85  275.1   0.0    15   364     5   347     2   361 0.90 <unknown description>
7396459at2759_187382_0:0035e7|NODE_3_length_402718_cov_33.543387:147989-148946|-  -            320 7396459              -            561     1e-84  274.6   0.1   1   1   1.1e-84   1.1e-84  274.5   0.1    44   365     4   319     1   320 0.92 <unknown description>
7396459at2759_72664_0:00344d|NODE_2_length_424706_cov_34.285840:361332-362346|+   -            339 7396459              -            561   7.2e-76  245.4   0.0   1   1   8.7e-76   8.7e-76  245.1   0.0    25   364     6   333     1   338 0.93 <unknown description>
7396459at2759_35019_0:001f8b|NODE_4_length_379350_cov_35.042700:53786-54572|+     -            263 7396459              -            561   2.2e-64  207.5   0.1   1   1   2.5e-64   2.5e-64  207.3   0.1   117   369     2   246     1   260 0.91 <unknown description>
7396459at2759_64791_0:001b5a|NODE_4_length_379350_cov_35.042700:53471-54248|+     -            260 7396459              -            561   2.1e-61  197.7   0.2   1   1   2.3e-61   2.3e-61  197.6   0.2    14   275     3   258     1   260 0.91 <unknown description>
7396459at2759_49212_0:0021c5|NODE_3_length_402718_cov_33.543387:147992-148592|-   -            201 7396459              -            561     1e-56  182.2   0.2   1   1   1.2e-56   1.2e-56  182.0   0.2   160   364     1   200     1   201 0.93 <unknown description>
7396459at2759_905079_0:0034e6|NODE_3_length_402718_cov_33.543387:148355-149030|-  -            226 7396459              -            561     2e-56  181.2   0.0   1   1   2.3e-56   2.3e-56  181.0   0.0    16   222     2   211     1   225 0.89 <unknown description>
7396459at2759_294128_0:00322c|NODE_4_length_379350_cov_35.042700:53480-54095|+    -            206 7396459              -            561   2.4e-56  180.9   0.1   1   1   2.9e-56   2.9e-56  180.7   0.1    18   217     4   202     1   205 0.92 <unknown description>
7396459at2759_8208_0:005f91|NODE_4_length_379350_cov_35.042700:53462-53945|+      -            162 7396459              -            561   5.1e-45  143.6   0.0   1   1   5.6e-45   5.6e-45  143.4   0.0     8   172     2   161     1   162 0.93 <unknown description>
7396459at2759_49212_0:007ed5|NODE_2_length_424706_cov_34.285840:361326-361689|+   -            122 7396459              -            561   3.3e-27   84.8   0.0   1   1   3.5e-27   3.5e-27   84.7   0.0    21   142     6   121     1   122 0.87 <unknown description>
7396459at2759_88456_0:000897|NODE_3_length_402718_cov_33.543387:148016-148220|-   -             69 7396459              -            561   3.4e-25   78.1   0.1   1   1   3.6e-25   3.6e-25   78.0   0.1   291   356     2    68     1    69 0.94 <unknown description>
7396459at2759_37293_0:00402f|NODE_4_length_379350_cov_35.042700:53879-54077|+     -             67 7396459              -            561   1.7e-20   62.6   0.1   1   1   1.8e-20   1.8e-20   62.6   0.1   152   214     2    66     1    67 0.91 <unknown description>
#
# Program:         hmmsearch
# Version:         3.4 (Aug 2023)
# Pipeline mode:   SEARCH
# Query file:      /home/kpchuang/Documents/03_whole_genome_assembly/01_raw_reads/short_reads_assembly/04_short_reads_assembly/04_busco_assessment/busco_downloads/lineages/eukaryota_odb12/hmms/7396459at2759.hmm
# Target file:     /home/kpchuang/Documents/03_whole_genome_assembly/01_raw_reads/short_reads_assembly/04_short_reads_assembly/04_busco_assessment/busco_results/auto_lineage/run_eukaryota_odb12/miniprot_output/translated_proteins/7396459at2759.faa
# Option settings: hmmsearch --domtblout /home/kpchuang/Documents/03_whole_genome_assembly/01_raw_reads/short_reads_assembly/04_short_reads_assembly/04_busco_assessment/busco_results/auto_lineage/run_eukaryota_odb12/hmmer_output/7396459at2759.out --cpu 1 /home/kpchuang/Documents/03_whole_genome_assembly/01_raw_reads/short_reads_assembly/04_short_reads_assembly/04_busco_assessment/busco_downloads/lineages/eukaryota_odb12/hmms/7396459at2759.hmm /home/kpchuang/Documents/03_whole_genome_assembly/01_raw_reads/short_reads_assembly/04_short_reads_assembly/04_busco_assessment/busco_results/auto_lineage/run_eukaryota_odb12/miniprot_output/translated_proteins/7396459at2759.faa 
# Current dir:     /home/kpchuang/Documents/03_whole_genome_assembly/01_raw_reads/short_reads_assembly/04_short_reads_assembly/04_busco_assessment
# Date:            Thu Jan  1 15:40:32 2026
# [ok]
