#                                                                                                           --- full sequence --- -------------- this domain -------------   hmm coord   ali coord   env coord
# target name                                       accession   tlen query name           accession   qlen   E-value  score  bias   #  of  c-Evalue  i-Evalue  score  bias  from    to  from    to  from    to  acc description of target
#                               ------------------- ---------- ----- -------------------- ---------- ----- --------- ------ ----- --- --- --------- --------- ------ ----- ----- ----- ----- ----- ----- ----- ---- ---------------------
NODE_10_length_157613_cov_33.680873:153922-155679|- -            586 115235               -            558  2.4e-165  548.9   1.9   1   1  3.8e-168  2.9e-165  548.7   1.9     9   557    16   577     4   579 0.91 NODE_10_length_157613_cov_33.680873_131 # 153922 # 155679 # -1 # ID=10_131;partial=00;start_type=ATG;rbs_motif=TAAAAA;rbs_spacer=5bp;gc_cont=0.451
NODE_14_length_106925_cov_32.864293:2728-4245|+     -            506 115235               -            558   8.2e-37  124.6   2.6   1   2     0.002       1.6    4.9   0.4     2    83     6    99     5   111 0.64 NODE_14_length_106925_cov_32.864293_3 # 2728 # 4245 # 1 # ID=14_3;partial=00;start_type=ATG;rbs_motif=TAAAAA;rbs_spacer=8bp;gc_cont=0.458
NODE_14_length_106925_cov_32.864293:2728-4245|+     -            506 115235               -            558   8.2e-37  124.6   2.6   2   2   4.6e-37   3.5e-34  115.9   0.1   179   485   119   442   106   469 0.82 NODE_14_length_106925_cov_32.864293_3 # 2728 # 4245 # 1 # ID=14_3;partial=00;start_type=ATG;rbs_motif=TAAAAA;rbs_spacer=8bp;gc_cont=0.458
NODE_14_length_106925_cov_32.864293:7474-9057|+     -            528 115235               -            558   3.2e-21   73.2   1.7   1   2   0.00027      0.21    7.8   0.1    28    88    58   118    30   123 0.81 NODE_14_length_106925_cov_32.864293_10 # 7474 # 9057 # 1 # ID=14_10;partial=00;start_type=ATG;rbs_motif=TAA;rbs_spacer=13bp;gc_cont=0.463
NODE_14_length_106925_cov_32.864293:7474-9057|+     -            528 115235               -            558   3.2e-21   73.2   1.7   2   2   2.8e-21   2.1e-18   63.8   0.1   184   418   139   390   126   408 0.78 NODE_14_length_106925_cov_32.864293_10 # 7474 # 9057 # 1 # ID=14_10;partial=00;start_type=ATG;rbs_motif=TAA;rbs_spacer=13bp;gc_cont=0.463
NODE_10_length_157613_cov_33.680873:152573-153892|- -            440 115235               -            558   1.1e-16   58.1   0.2   1   2   5.4e-06    0.0042   13.4   0.0    32    87    40    95    16   122 0.87 NODE_10_length_157613_cov_33.680873_130 # 152573 # 153892 # -1 # ID=10_130;partial=00;start_type=ATG;rbs_motif=AATAA;rbs_spacer=4bp;gc_cont=0.473
NODE_10_length_157613_cov_33.680873:152573-153892|- -            440 115235               -            558   1.1e-16   58.1   0.2   2   2   6.2e-15   4.8e-12   42.9   0.0   257   392   181   313   173   327 0.85 NODE_10_length_157613_cov_33.680873_130 # 152573 # 153892 # -1 # ID=10_130;partial=00;start_type=ATG;rbs_motif=AATAA;rbs_spacer=4bp;gc_cont=0.473
NODE_1_length_523019_cov_35.337313:185351-187420|+  -            690 115235               -            558   7.2e-07   25.8   0.0   1   1     4e-08   3.1e-05   20.4   0.0   198   422   430   640   427   656 0.81 NODE_1_length_523019_cov_35.337313_163 # 185351 # 187420 # 1 # ID=1_163;partial=00;start_type=ATG;rbs_motif=TAA;rbs_spacer=14bp;gc_cont=0.481
NODE_17_length_84920_cov_37.904058:28777-29685|-    -            303 115235               -            558    0.0063   12.8   0.0   1   1   1.1e-05    0.0085   12.4   0.0   113   181   149   215   146   246 0.71 NODE_17_length_84920_cov_37.904058_18 # 28777 # 29685 # -1 # ID=17_18;partial=00;start_type=ATG;rbs_motif=TAAA;rbs_spacer=11bp;gc_cont=0.495
#
# Program:         hmmsearch
# Version:         3.4 (Aug 2023)
# Pipeline mode:   SEARCH
# Query file:      /home/kpchuang/Documents/03_whole_genome_assembly/01_raw_reads/short_reads_assembly/04_short_reads_assembly/busco_downloads/lineages/archaea_odb12/hmms/115235at2157.hmm
# Target file:     /home/kpchuang/Documents/03_whole_genome_assembly/01_raw_reads/short_reads_assembly/04_short_reads_assembly/busco_results/prodigal_output/predicted_genes/predicted.faa
# Option settings: hmmsearch --domtblout /home/kpchuang/Documents/03_whole_genome_assembly/01_raw_reads/short_reads_assembly/04_short_reads_assembly/busco_results/auto_lineage/run_archaea_odb12/hmmer_output/115235at2157.out --cpu 1 /home/kpchuang/Documents/03_whole_genome_assembly/01_raw_reads/short_reads_assembly/04_short_reads_assembly/busco_downloads/lineages/archaea_odb12/hmms/115235at2157.hmm /home/kpchuang/Documents/03_whole_genome_assembly/01_raw_reads/short_reads_assembly/04_short_reads_assembly/busco_results/prodigal_output/predicted_genes/predicted.faa 
# Current dir:     /home/kpchuang/Documents/03_whole_genome_assembly/01_raw_reads/short_reads_assembly/04_short_reads_assembly
# Date:            Thu Jan  1 15:31:54 2026
# [ok]
