#                                                                                                          --- full sequence --- -------------- this domain -------------   hmm coord   ali coord   env coord
# target name                                      accession   tlen query name           accession   qlen   E-value  score  bias   #  of  c-Evalue  i-Evalue  score  bias  from    to  from    to  from    to  acc description of target
#                              ------------------- ---------- ----- -------------------- ---------- ----- --------- ------ ----- --- --- --------- --------- ------ ----- ----- ----- ----- ----- ----- ----- ---- ---------------------
NODE_18_length_83461_cov_37.247170:78998-80311|-   -            438 147673               -            329   1.6e-30  104.3   0.7   1   2   1.8e-20   7.6e-18   62.6   0.0   164   325     5   170     3   174 0.89 NODE_18_length_83461_cov_37.247170_65 # 78998 # 80311 # -1 # ID=18_65;partial=00;start_type=ATG;rbs_motif=TAAA;rbs_spacer=11bp;gc_cont=0.432
NODE_18_length_83461_cov_37.247170:78998-80311|-   -            438 147673               -            329   1.6e-30  104.3   0.7   2   2   8.3e-14   3.5e-11   40.8   0.3   158   293   172   306   169   352 0.83 NODE_18_length_83461_cov_37.247170_65 # 78998 # 80311 # -1 # ID=18_65;partial=00;start_type=ATG;rbs_motif=TAAA;rbs_spacer=11bp;gc_cont=0.432
NODE_18_length_83461_cov_37.247170:80364-81245|-   -            294 147673               -            329   3.8e-19   66.9   0.4   1   1   1.4e-21     6e-19   66.3   0.4   166   320     9   169     3   177 0.93 NODE_18_length_83461_cov_37.247170_66 # 80364 # 81245 # -1 # ID=18_66;partial=00;start_type=ATG;rbs_motif=AATAA;rbs_spacer=10bp;gc_cont=0.416
NODE_6_length_338063_cov_36.607788:178840-180057|+ -            406 147673               -            329     1e-16   58.9   0.0   1   1   5.6e-19   2.3e-16   57.8   0.0   166   323   186   352   170   356 0.78 NODE_6_length_338063_cov_36.607788_146 # 178840 # 180057 # 1 # ID=6_146;partial=00;start_type=ATG;rbs_motif=None;rbs_spacer=None;gc_cont=0.460
NODE_33_length_37957_cov_36.578115:31317-32420|+   -            368 147673               -            329   2.6e-10   37.9   0.6   1   3   2.6e-12   1.1e-09   35.9   0.0   166   209     7    50     4    53 0.93 NODE_33_length_37957_cov_36.578115_30 # 31317 # 32420 # 1 # ID=33_30;partial=00;start_type=ATG;rbs_motif=AAAAA;rbs_spacer=12bp;gc_cont=0.459
NODE_33_length_37957_cov_36.578115:31317-32420|+   -            368 147673               -            329   2.6e-10   37.9   0.6   2   3      0.69   2.9e+02   -1.7   0.2   256   288   184   214   160   256 0.63 NODE_33_length_37957_cov_36.578115_30 # 31317 # 32420 # 1 # ID=33_30;partial=00;start_type=ATG;rbs_motif=AAAAA;rbs_spacer=12bp;gc_cont=0.459
NODE_33_length_37957_cov_36.578115:31317-32420|+   -            368 147673               -            329   2.6e-10   37.9   0.6   3   3      0.52   2.2e+02   -1.3   0.1   245   299   205   258   199   285 0.52 NODE_33_length_37957_cov_36.578115_30 # 31317 # 32420 # 1 # ID=33_30;partial=00;start_type=ATG;rbs_motif=AAAAA;rbs_spacer=12bp;gc_cont=0.459
NODE_12_length_125646_cov_35.366054:43547-44944|+  -            466 147673               -            329   2.4e-09   34.7   1.8   1   1   9.5e-12     4e-09   34.0   1.8   134   318   193   386   189   395 0.77 NODE_12_length_125646_cov_35.366054_51 # 43547 # 44944 # 1 # ID=12_51;partial=00;start_type=ATG;rbs_motif=AAAA;rbs_spacer=11bp;gc_cont=0.431
NODE_4_length_379350_cov_35.042700:313213-315735|- -            841 147673               -            329   1.5e-07   28.8   0.4   1   2   7.2e-10     3e-07   27.8   0.0   151   289   114   244    74   285 0.86 NODE_4_length_379350_cov_35.042700_274 # 313213 # 315735 # -1 # ID=4_274;partial=00;start_type=ATG;rbs_motif=AAA;rbs_spacer=3bp;gc_cont=0.454
NODE_4_length_379350_cov_35.042700:313213-315735|- -            841 147673               -            329   1.5e-07   28.8   0.4   2   2       1.6   6.9e+02   -2.9   0.1     7    32   387   412   383   436 0.60 NODE_4_length_379350_cov_35.042700_274 # 313213 # 315735 # -1 # ID=4_274;partial=00;start_type=ATG;rbs_motif=AAA;rbs_spacer=3bp;gc_cont=0.454
NODE_23_length_70738_cov_38.126081:65000-66253|-   -            418 147673               -            329   3.3e-07   27.7   1.4   1   1   9.3e-09   3.9e-06   24.2   1.4   161   319   214   370   186   404 0.87 NODE_23_length_70738_cov_38.126081_57 # 65000 # 66253 # -1 # ID=23_57;partial=00;start_type=ATG;rbs_motif=TAA;rbs_spacer=13bp;gc_cont=0.468
NODE_8_length_282777_cov_37.165398:83695-84879|-   -            395 147673               -            329   3.1e-06   24.5   0.0   1   1   1.3e-08   5.3e-06   23.7   0.0   167   319    15   169     6   176 0.83 NODE_8_length_282777_cov_37.165398_75 # 83695 # 84879 # -1 # ID=8_75;partial=00;start_type=TTG;rbs_motif=AAA;rbs_spacer=13bp;gc_cont=0.489
NODE_31_length_40986_cov_32.361314:4078-5859|+     -            594 147673               -            329   0.00068   16.8   0.1   1   1   4.1e-06    0.0017   15.5   0.1   244   322    95   181    62   186 0.82 NODE_31_length_40986_cov_32.361314_7 # 4078 # 5859 # 1 # ID=31_7;partial=00;start_type=ATG;rbs_motif=TAA;rbs_spacer=14bp;gc_cont=0.453
NODE_23_length_70738_cov_38.126081:37514-38446|+   -            311 147673               -            329    0.0036   14.4   0.1   1   2   0.00053      0.22    8.5   0.0   274   318   118   175   109   182 0.84 NODE_23_length_70738_cov_38.126081_39 # 37514 # 38446 # 1 # ID=23_39;partial=00;start_type=ATG;rbs_motif=TAA;rbs_spacer=3bp;gc_cont=0.472
NODE_23_length_70738_cov_38.126081:37514-38446|+   -            311 147673               -            329    0.0036   14.4   0.1   2   2     0.025        11    3.0   0.7   167   218   179   235   174   236 0.60 NODE_23_length_70738_cov_38.126081_39 # 37514 # 38446 # 1 # ID=23_39;partial=00;start_type=ATG;rbs_motif=TAA;rbs_spacer=3bp;gc_cont=0.472
NODE_1_length_523019_cov_35.337313:441716-442027|- -            104 147673               -            329     0.031   11.3   0.0   1   1     9e-05     0.038   11.1   0.0    59   107    44    92    38   100 0.92 NODE_1_length_523019_cov_35.337313_344 # 441716 # 442027 # -1 # ID=1_344;partial=00;start_type=ATG;rbs_motif=TAA;rbs_spacer=12bp;gc_cont=0.452
#
# Program:         hmmsearch
# Version:         3.4 (Aug 2023)
# Pipeline mode:   SEARCH
# Query file:      /home/kpchuang/Documents/03_whole_genome_assembly/01_raw_reads/short_reads_assembly/04_short_reads_assembly/busco_downloads/lineages/archaea_odb12/hmms/147673at2157.hmm
# Target file:     /home/kpchuang/Documents/03_whole_genome_assembly/01_raw_reads/short_reads_assembly/04_short_reads_assembly/busco_results/prodigal_output/predicted_genes/predicted.faa
# Option settings: hmmsearch --domtblout /home/kpchuang/Documents/03_whole_genome_assembly/01_raw_reads/short_reads_assembly/04_short_reads_assembly/busco_results/auto_lineage/run_archaea_odb12/hmmer_output/147673at2157.out --cpu 1 /home/kpchuang/Documents/03_whole_genome_assembly/01_raw_reads/short_reads_assembly/04_short_reads_assembly/busco_downloads/lineages/archaea_odb12/hmms/147673at2157.hmm /home/kpchuang/Documents/03_whole_genome_assembly/01_raw_reads/short_reads_assembly/04_short_reads_assembly/busco_results/prodigal_output/predicted_genes/predicted.faa 
# Current dir:     /home/kpchuang/Documents/03_whole_genome_assembly/01_raw_reads/short_reads_assembly/04_short_reads_assembly
# Date:            Thu Jan  1 15:31:54 2026
# [ok]
