#                                                                                                          --- full sequence --- -------------- this domain -------------   hmm coord   ali coord   env coord
# target name                                      accession   tlen query name           accession   qlen   E-value  score  bias   #  of  c-Evalue  i-Evalue  score  bias  from    to  from    to  from    to  acc description of target
#                              ------------------- ---------- ----- -------------------- ---------- ----- --------- ------ ----- --- --- --------- --------- ------ ----- ----- ----- ----- ----- ----- ----- ---- ---------------------
NODE_15_length_100586_cov_37.517506:60203-61039|-  -            279 27149                -            189   3.5e-13   47.6   0.0   1   1   1.6e-15   6.9e-13   46.7   0.0    24   110    99   197    81   209 0.74 NODE_15_length_100586_cov_37.517506_49 # 60203 # 61039 # -1 # ID=15_49;partial=00;start_type=ATG;rbs_motif=AATAA;rbs_spacer=5bp;gc_cont=0.427
NODE_3_length_402718_cov_33.543387:156182-156895|+ -            238 27149                -            189   6.6e-13   46.7   0.0   1   1   3.5e-15   1.5e-12   45.6   0.0    32   149    36   162    23   181 0.75 NODE_3_length_402718_cov_33.543387_131 # 156182 # 156895 # 1 # ID=3_131;partial=00;start_type=ATG;rbs_motif=TAA;rbs_spacer=15bp;gc_cont=0.424
NODE_4_length_379350_cov_35.042700:283580-284314|+ -            245 27149                -            189   4.8e-11   40.6   0.1   1   2     5e-12   2.1e-09   35.3   0.1    23    95    55   128    43   172 0.91 NODE_4_length_379350_cov_35.042700_246 # 283580 # 284314 # 1 # ID=4_246;partial=00;start_type=ATG;rbs_motif=TAAAAA;rbs_spacer=7bp;gc_cont=0.490
NODE_4_length_379350_cov_35.042700:283580-284314|+ -            245 27149                -            189   4.8e-11   40.6   0.1   2   2      0.72   3.1e+02   -1.1   0.0   154   175   211   232   209   236 0.83 NODE_4_length_379350_cov_35.042700_246 # 283580 # 284314 # 1 # ID=4_246;partial=00;start_type=ATG;rbs_motif=TAAAAA;rbs_spacer=7bp;gc_cont=0.490
NODE_39_length_22776_cov_32.999692:83-883|+        -            267 27149                -            189   7.8e-06   23.6   0.1   1   1   2.9e-08   1.2e-05   23.0   0.1    31   100    31   106    18   113 0.79 NODE_39_length_22776_cov_32.999692_1 # 83 # 883 # 1 # ID=39_1;partial=00;start_type=ATG;rbs_motif=None;rbs_spacer=None;gc_cont=0.345
NODE_4_length_379350_cov_35.042700:78269-79111|+   -            281 27149                -            189   1.3e-05   22.9   0.1   1   3       4.3   1.8e+03   -3.6   0.0   140   162    37    59    33    63 0.76 NODE_4_length_379350_cov_35.042700_72 # 78269 # 79111 # 1 # ID=4_72;partial=00;start_type=ATG;rbs_motif=TAAAAA;rbs_spacer=8bp;gc_cont=0.451
NODE_4_length_379350_cov_35.042700:78269-79111|+   -            281 27149                -            189   1.3e-05   22.9   0.1   2   3     1e-07   4.4e-05   21.2   0.1    21    97   132   217   127   218 0.79 NODE_4_length_379350_cov_35.042700_72 # 78269 # 79111 # 1 # ID=4_72;partial=00;start_type=ATG;rbs_motif=TAAAAA;rbs_spacer=8bp;gc_cont=0.451
NODE_4_length_379350_cov_35.042700:78269-79111|+   -            281 27149                -            189   1.3e-05   22.9   0.1   3   3       3.3   1.4e+03   -3.2   0.0   151   173   247   269   227   271 0.66 NODE_4_length_379350_cov_35.042700_72 # 78269 # 79111 # 1 # ID=4_72;partial=00;start_type=ATG;rbs_motif=TAAAAA;rbs_spacer=8bp;gc_cont=0.451
NODE_17_length_84920_cov_37.904058:813-1313|+      -            167 27149                -            189   3.8e-05   21.4   0.0   1   2   6.9e-07   0.00029   18.5   0.0    33    74    42    85    33   114 0.86 NODE_17_length_84920_cov_37.904058_1 # 813 # 1313 # 1 # ID=17_1;partial=00;start_type=ATG;rbs_motif=AATAA;rbs_spacer=3bp;gc_cont=0.419
NODE_17_length_84920_cov_37.904058:813-1313|+      -            167 27149                -            189   3.8e-05   21.4   0.0   2   2      0.25     1e+02    0.4   0.0   125   148   120   143   116   146 0.87 NODE_17_length_84920_cov_37.904058_1 # 813 # 1313 # 1 # ID=17_1;partial=00;start_type=ATG;rbs_motif=AATAA;rbs_spacer=3bp;gc_cont=0.419
NODE_5_length_339081_cov_37.984555:287715-288614|- -            300 27149                -            189   9.2e-05   20.2   0.0   1   1   4.2e-07   0.00018   19.2   0.0    30    95    98   165    78   166 0.81 NODE_5_length_339081_cov_37.984555_227 # 287715 # 288614 # -1 # ID=5_227;partial=00;start_type=ATG;rbs_motif=TAAA;rbs_spacer=4bp;gc_cont=0.457
NODE_6_length_338063_cov_36.607788:156682-157317|+ -            212 27149                -            189   0.00034   18.3   0.0   1   2     6e-06    0.0025   15.5   0.0    27    74    43    92    39   103 0.79 NODE_6_length_338063_cov_36.607788_123 # 156682 # 157317 # 1 # ID=6_123;partial=00;start_type=ATG;rbs_motif=AATAA;rbs_spacer=3bp;gc_cont=0.439
NODE_6_length_338063_cov_36.607788:156682-157317|+ -            212 27149                -            189   0.00034   18.3   0.0   2   2      0.27   1.2e+02    0.3   0.0   130   149   135   154   130   171 0.78 NODE_6_length_338063_cov_36.607788_123 # 156682 # 157317 # 1 # ID=6_123;partial=00;start_type=ATG;rbs_motif=AATAA;rbs_spacer=3bp;gc_cont=0.439
NODE_4_length_379350_cov_35.042700:94512-95342|-   -            277 27149                -            189   0.00036   18.2   0.1   1   1     2e-06   0.00084   17.0   0.1    29    82    78   141    53   159 0.73 NODE_4_length_379350_cov_35.042700_84 # 94512 # 95342 # -1 # ID=4_84;partial=00;start_type=ATG;rbs_motif=TAAAAA;rbs_spacer=10bp;gc_cont=0.404
NODE_1_length_523019_cov_35.337313:12330-13367|+   -            346 27149                -            189   0.00068   17.3   0.1   1   3    0.0028       1.2    6.7   0.0    27    72   146   194   142   208 0.75 NODE_1_length_523019_cov_35.337313_15 # 12330 # 13367 # 1 # ID=1_15;partial=00;start_type=GTG;rbs_motif=TAA;rbs_spacer=11bp;gc_cont=0.453
NODE_1_length_523019_cov_35.337313:12330-13367|+   -            346 27149                -            189   0.00068   17.3   0.1   2   3    0.0053       2.3    5.8   0.0    88   163   225   297   218   309 0.72 NODE_1_length_523019_cov_35.337313_15 # 12330 # 13367 # 1 # ID=1_15;partial=00;start_type=GTG;rbs_motif=TAA;rbs_spacer=11bp;gc_cont=0.453
NODE_1_length_523019_cov_35.337313:12330-13367|+   -            346 27149                -            189   0.00068   17.3   0.1   3   3     0.042        18    2.9   0.0   117   174   275   331   266   341 0.84 NODE_1_length_523019_cov_35.337313_15 # 12330 # 13367 # 1 # ID=1_15;partial=00;start_type=GTG;rbs_motif=TAA;rbs_spacer=11bp;gc_cont=0.453
NODE_7_length_286996_cov_37.800226:82130-82972|-   -            281 27149                -            189     0.036   11.7   0.0   1   1   0.00014     0.059   11.0   0.0    36    72    35    72    24    84 0.81 NODE_7_length_286996_cov_37.800226_60 # 82130 # 82972 # -1 # ID=7_60;partial=00;start_type=ATG;rbs_motif=None;rbs_spacer=None;gc_cont=0.452
#
# Program:         hmmsearch
# Version:         3.4 (Aug 2023)
# Pipeline mode:   SEARCH
# Query file:      /home/kpchuang/Documents/03_whole_genome_assembly/01_raw_reads/short_reads_assembly/04_short_reads_assembly/busco_downloads/lineages/archaea_odb12/hmms/27149at2157.hmm
# Target file:     /home/kpchuang/Documents/03_whole_genome_assembly/01_raw_reads/short_reads_assembly/04_short_reads_assembly/busco_results/prodigal_output/predicted_genes/predicted.faa
# Option settings: hmmsearch --domtblout /home/kpchuang/Documents/03_whole_genome_assembly/01_raw_reads/short_reads_assembly/04_short_reads_assembly/busco_results/auto_lineage/run_archaea_odb12/hmmer_output/27149at2157.out --cpu 1 /home/kpchuang/Documents/03_whole_genome_assembly/01_raw_reads/short_reads_assembly/04_short_reads_assembly/busco_downloads/lineages/archaea_odb12/hmms/27149at2157.hmm /home/kpchuang/Documents/03_whole_genome_assembly/01_raw_reads/short_reads_assembly/04_short_reads_assembly/busco_results/prodigal_output/predicted_genes/predicted.faa 
# Current dir:     /home/kpchuang/Documents/03_whole_genome_assembly/01_raw_reads/short_reads_assembly/04_short_reads_assembly
# Date:            Thu Jan  1 15:31:54 2026
# [ok]
