#                                                                                                          --- full sequence --- -------------- this domain -------------   hmm coord   ali coord   env coord
# target name                                      accession   tlen query name           accession   qlen   E-value  score  bias   #  of  c-Evalue  i-Evalue  score  bias  from    to  from    to  from    to  acc description of target
#                              ------------------- ---------- ----- -------------------- ---------- ----- --------- ------ ----- --- --- --------- --------- ------ ----- ----- ----- ----- ----- ----- ----- ---- ---------------------
NODE_15_length_100586_cov_37.517506:4442-4792|+    -            117 30955                -            222   5.8e-06   23.8   0.1   1   1     1e-08   6.9e-06   23.6   0.1     9    78    34   101    22   111 0.81 NODE_15_length_100586_cov_37.517506_3 # 4442 # 4792 # 1 # ID=15_3;partial=00;start_type=ATG;rbs_motif=AATAA;rbs_spacer=6bp;gc_cont=0.453
NODE_2_length_424706_cov_34.285840:420168-420635|+ -            156 30955                -            222   0.00017   19.0   0.0   1   1     4e-07   0.00026   18.4   0.0    16    55    12    51     4    63 0.87 NODE_2_length_424706_cov_34.285840_365 # 420168 # 420635 # 1 # ID=2_365;partial=00;start_type=ATG;rbs_motif=TAAAA;rbs_spacer=14bp;gc_cont=0.338
NODE_1_length_523019_cov_35.337313:289992-290432|+ -            147 30955                -            222   0.00082   16.8   0.4   1   1   1.5e-06   0.00099   16.5   0.4     9    81    37   112    23   134 0.82 NODE_1_length_523019_cov_35.337313_246 # 289992 # 290432 # 1 # ID=1_246;partial=00;start_type=ATG;rbs_motif=TAAA;rbs_spacer=11bp;gc_cont=0.456
NODE_4_length_379350_cov_35.042700:95460-95786|-   -            109 30955                -            222    0.0042   14.5   0.0   1   1   7.3e-06    0.0048   14.3   0.0    15    65    28    78    18    94 0.80 NODE_4_length_379350_cov_35.042700_85 # 95460 # 95786 # -1 # ID=4_85;partial=00;start_type=GTG;rbs_motif=TAA;rbs_spacer=15bp;gc_cont=0.450
NODE_15_length_100586_cov_37.517506:82852-83982|+  -            377 30955                -            222     0.015   12.7   0.0   1   1   3.6e-05     0.024   12.0   0.0    14    57   207   250   197   271 0.75 NODE_15_length_100586_cov_37.517506_65 # 82852 # 83982 # 1 # ID=15_65;partial=00;start_type=ATG;rbs_motif=TAA;rbs_spacer=3bp;gc_cont=0.463
NODE_6_length_338063_cov_36.607788:241864-242760|+ -            299 30955                -            222     0.017   12.4   0.1   1   1   4.1e-05     0.027   11.8   0.1    22    85    13    78     3    87 0.78 NODE_6_length_338063_cov_36.607788_196 # 241864 # 242760 # 1 # ID=6_196;partial=00;start_type=ATG;rbs_motif=TAAA;rbs_spacer=11bp;gc_cont=0.392
NODE_1_length_523019_cov_35.337313:366302-367480|+ -            393 30955                -            222     0.037   11.4   0.0   1   1   8.9e-05     0.059   10.7   0.0     4    55   233   284   230   293 0.90 NODE_1_length_523019_cov_35.337313_291 # 366302 # 367480 # 1 # ID=1_291;partial=00;start_type=ATG;rbs_motif=AAGAA;rbs_spacer=5bp;gc_cont=0.458
#
# Program:         hmmsearch
# Version:         3.4 (Aug 2023)
# Pipeline mode:   SEARCH
# Query file:      /home/kpchuang/Documents/03_whole_genome_assembly/01_raw_reads/short_reads_assembly/04_short_reads_assembly/busco_downloads/lineages/archaea_odb12/hmms/30955at2157.hmm
# Target file:     /home/kpchuang/Documents/03_whole_genome_assembly/01_raw_reads/short_reads_assembly/04_short_reads_assembly/busco_results/prodigal_output/predicted_genes/predicted.faa
# Option settings: hmmsearch --domtblout /home/kpchuang/Documents/03_whole_genome_assembly/01_raw_reads/short_reads_assembly/04_short_reads_assembly/busco_results/auto_lineage/run_archaea_odb12/hmmer_output/30955at2157.out --cpu 1 /home/kpchuang/Documents/03_whole_genome_assembly/01_raw_reads/short_reads_assembly/04_short_reads_assembly/busco_downloads/lineages/archaea_odb12/hmms/30955at2157.hmm /home/kpchuang/Documents/03_whole_genome_assembly/01_raw_reads/short_reads_assembly/04_short_reads_assembly/busco_results/prodigal_output/predicted_genes/predicted.faa 
# Current dir:     /home/kpchuang/Documents/03_whole_genome_assembly/01_raw_reads/short_reads_assembly/04_short_reads_assembly
# Date:            Thu Jan  1 15:31:55 2026
# [ok]
