#                                                                                                          --- full sequence --- -------------- this domain -------------   hmm coord   ali coord   env coord
# target name                                      accession   tlen query name           accession   qlen   E-value  score  bias   #  of  c-Evalue  i-Evalue  score  bias  from    to  from    to  from    to  acc description of target
#                              ------------------- ---------- ----- -------------------- ---------- ----- --------- ------ ----- --- --- --------- --------- ------ ----- ----- ----- ----- ----- ----- ----- ---- ---------------------
NODE_4_length_379350_cov_35.042700:78269-79111|+   -            281 31271                -            196   1.9e-10   38.6   0.1   1   1   9.6e-13   3.4e-10   37.8   0.1    35   115   132   217   123   218 0.82 NODE_4_length_379350_cov_35.042700_72 # 78269 # 79111 # 1 # ID=4_72;partial=00;start_type=ATG;rbs_motif=TAAAAA;rbs_spacer=8bp;gc_cont=0.451
NODE_15_length_100586_cov_37.517506:60203-61039|-  -            279 31271                -            196   2.4e-10   38.3   0.0   1   1   1.1e-12   3.8e-10   37.6   0.0    44   121   106   190    97   197 0.78 NODE_15_length_100586_cov_37.517506_49 # 60203 # 61039 # -1 # ID=15_49;partial=00;start_type=ATG;rbs_motif=AATAA;rbs_spacer=5bp;gc_cont=0.427
NODE_3_length_402718_cov_33.543387:156182-156895|+ -            238 31271                -            196   2.4e-09   35.0   0.0   1   1   1.1e-11   3.8e-09   34.4   0.0    50   118    40   117    35   127 0.85 NODE_3_length_402718_cov_33.543387_131 # 156182 # 156895 # 1 # ID=3_131;partial=00;start_type=ATG;rbs_motif=TAA;rbs_spacer=15bp;gc_cont=0.424
NODE_17_length_84920_cov_37.904058:813-1313|+      -            167 31271                -            196   4.6e-09   34.1   0.0   1   1   1.7e-11   6.1e-09   33.7   0.0    44    97    39    92    31   112 0.84 NODE_17_length_84920_cov_37.904058_1 # 813 # 1313 # 1 # ID=17_1;partial=00;start_type=ATG;rbs_motif=AATAA;rbs_spacer=3bp;gc_cont=0.419
NODE_4_length_379350_cov_35.042700:94512-95342|-   -            277 31271                -            196     1e-07   29.7   0.1   1   1   4.9e-10   1.8e-07   28.9   0.1    45   109    79   146    50   158 0.77 NODE_4_length_379350_cov_35.042700_84 # 94512 # 95342 # -1 # ID=4_84;partial=00;start_type=ATG;rbs_motif=TAAAAA;rbs_spacer=10bp;gc_cont=0.404
NODE_39_length_22776_cov_32.999692:83-883|+        -            267 31271                -            196   1.2e-07   29.5   0.0   1   1   4.4e-10   1.6e-07   29.1   0.0    36   122    21   110    15   150 0.83 NODE_39_length_22776_cov_32.999692_1 # 83 # 883 # 1 # ID=39_1;partial=00;start_type=ATG;rbs_motif=None;rbs_spacer=None;gc_cont=0.345
NODE_31_length_40986_cov_32.361314:23584-25002|-   -            473 31271                -            196   2.3e-05   22.0   0.0   1   1   1.2e-07   4.4e-05   21.1   0.0    26   106   303   384   291   414 0.86 NODE_31_length_40986_cov_32.361314_26 # 23584 # 25002 # -1 # ID=31_26;partial=00;start_type=GTG;rbs_motif=TAA;rbs_spacer=13bp;gc_cont=0.457
NODE_2_length_424706_cov_34.285840:227705-228478|+ -            258 31271                -            196   4.5e-05   21.1   0.3   1   2   5.4e-07   0.00019   19.0   0.0    40    95    39    94    27   111 0.83 NODE_2_length_424706_cov_34.285840_181 # 227705 # 228478 # 1 # ID=2_181;partial=00;start_type=ATG;rbs_motif=TAA;rbs_spacer=11bp;gc_cont=0.393
NODE_2_length_424706_cov_34.285840:227705-228478|+ -            258 31271                -            196   4.5e-05   21.1   0.3   2   2      0.49   1.8e+02   -0.4   0.3   141   178   206   243   202   247 0.80 NODE_2_length_424706_cov_34.285840_181 # 227705 # 228478 # 1 # ID=2_181;partial=00;start_type=ATG;rbs_motif=TAA;rbs_spacer=11bp;gc_cont=0.393
NODE_7_length_286996_cov_37.800226:245522-246259|- -            246 31271                -            196   0.00014   19.5   0.0   1   1   6.3e-07   0.00022   18.8   0.0    49   108    61   123    55   126 0.85 NODE_7_length_286996_cov_37.800226_184 # 245522 # 246259 # -1 # ID=7_184;partial=00;start_type=ATG;rbs_motif=TAAAA;rbs_spacer=13bp;gc_cont=0.458
NODE_6_length_338063_cov_36.607788:156682-157317|+ -            212 31271                -            196   0.00018   19.1   0.0   1   1   7.3e-07   0.00026   18.6   0.0    48   108    49   111    33   117 0.85 NODE_6_length_338063_cov_36.607788_123 # 156682 # 157317 # 1 # ID=6_123;partial=00;start_type=ATG;rbs_motif=AATAA;rbs_spacer=3bp;gc_cont=0.439
NODE_4_length_379350_cov_35.042700:283580-284314|+ -            245 31271                -            196   0.00039   18.0   0.1   1   1   1.8e-06   0.00063   17.3   0.1    46   114    63   129    50   133 0.84 NODE_4_length_379350_cov_35.042700_246 # 283580 # 284314 # 1 # ID=4_246;partial=00;start_type=ATG;rbs_motif=TAAAAA;rbs_spacer=7bp;gc_cont=0.490
NODE_7_length_286996_cov_37.800226:40565-41056|-   -            164 31271                -            196    0.0028   15.2   0.0   1   1   9.7e-06    0.0035   14.9   0.0    50    96    33    79    16   114 0.78 NODE_7_length_286996_cov_37.800226_31 # 40565 # 41056 # -1 # ID=7_31;partial=00;start_type=GTG;rbs_motif=TAAAA;rbs_spacer=14bp;gc_cont=0.417
NODE_5_length_339081_cov_37.984555:248358-249680|+ -            441 31271                -            196     0.025   12.1   0.1   1   2      0.59   2.1e+02   -0.7   0.1    32    69   174   208   169   216 0.79 NODE_5_length_339081_cov_37.984555_192 # 248358 # 249680 # 1 # ID=5_192;partial=00;start_type=ATG;rbs_motif=AACAA;rbs_spacer=6bp;gc_cont=0.466
NODE_5_length_339081_cov_37.984555:248358-249680|+ -            441 31271                -            196     0.025   12.1   0.1   2   2   0.00035      0.13    9.8   0.0    72   127   249   310   246   316 0.74 NODE_5_length_339081_cov_37.984555_192 # 248358 # 249680 # 1 # ID=5_192;partial=00;start_type=ATG;rbs_motif=AACAA;rbs_spacer=6bp;gc_cont=0.466
#
# Program:         hmmsearch
# Version:         3.4 (Aug 2023)
# Pipeline mode:   SEARCH
# Query file:      /home/kpchuang/Documents/03_whole_genome_assembly/01_raw_reads/short_reads_assembly/04_short_reads_assembly/busco_downloads/lineages/archaea_odb12/hmms/31271at2157.hmm
# Target file:     /home/kpchuang/Documents/03_whole_genome_assembly/01_raw_reads/short_reads_assembly/04_short_reads_assembly/busco_results/prodigal_output/predicted_genes/predicted.faa
# Option settings: hmmsearch --domtblout /home/kpchuang/Documents/03_whole_genome_assembly/01_raw_reads/short_reads_assembly/04_short_reads_assembly/busco_results/auto_lineage/run_archaea_odb12/hmmer_output/31271at2157.out --cpu 1 /home/kpchuang/Documents/03_whole_genome_assembly/01_raw_reads/short_reads_assembly/04_short_reads_assembly/busco_downloads/lineages/archaea_odb12/hmms/31271at2157.hmm /home/kpchuang/Documents/03_whole_genome_assembly/01_raw_reads/short_reads_assembly/04_short_reads_assembly/busco_results/prodigal_output/predicted_genes/predicted.faa 
# Current dir:     /home/kpchuang/Documents/03_whole_genome_assembly/01_raw_reads/short_reads_assembly/04_short_reads_assembly
# Date:            Thu Jan  1 15:31:55 2026
# [ok]
