#                                                                                                          --- full sequence --- -------------- this domain -------------   hmm coord   ali coord   env coord
# target name                                      accession   tlen query name           accession   qlen   E-value  score  bias   #  of  c-Evalue  i-Evalue  score  bias  from    to  from    to  from    to  acc description of target
#                              ------------------- ---------- ----- -------------------- ---------- ----- --------- ------ ----- --- --- --------- --------- ------ ----- ----- ----- ----- ----- ----- ----- ---- ---------------------
NODE_27_length_55795_cov_35.058976:18974-19549|-   -            192 31424                -            283   1.1e-06   26.0   0.4   1   1   2.8e-09   1.6e-06   25.5   0.3   118   194     5    82     3   115 0.77 NODE_27_length_55795_cov_35.058976_15 # 18974 # 19549 # -1 # ID=27_15;partial=00;start_type=ATG;rbs_motif=AAAA;rbs_spacer=14bp;gc_cont=0.458
NODE_27_length_55795_cov_35.058976:36247-36822|+   -            192 31424                -            283   1.1e-06   26.0   0.4   1   1   2.8e-09   1.6e-06   25.5   0.3   118   194     5    82     3   115 0.77 NODE_27_length_55795_cov_35.058976_24 # 36247 # 36822 # 1 # ID=27_24;partial=00;start_type=ATG;rbs_motif=AAAA;rbs_spacer=14bp;gc_cont=0.458
NODE_2_length_424706_cov_34.285840:274750-275058|+ -            103 31424                -            283   2.1e-06   25.1   0.8   1   1   5.1e-09     3e-06   24.6   0.8   125   156    18    49    12    59 0.89 NODE_2_length_424706_cov_34.285840_236 # 274750 # 275058 # 1 # ID=2_236;partial=00;start_type=ATG;rbs_motif=None;rbs_spacer=None;gc_cont=0.463
NODE_25_length_59335_cov_37.855614:48871-49224|-   -            118 31424                -            283   0.00035   17.8   0.0   1   1   6.6e-07   0.00038   17.7   0.0   118   173     6    62     3   104 0.86 NODE_25_length_59335_cov_37.855614_46 # 48871 # 49224 # -1 # ID=25_46;partial=00;start_type=ATG;rbs_motif=AAGAA;rbs_spacer=7bp;gc_cont=0.345
NODE_3_length_402718_cov_33.543387:401714-402025|- -            104 31424                -            283    0.0051   14.0   0.0   1   1   1.2e-05    0.0072   13.5   0.0   121   174    44    98    43   101 0.90 NODE_3_length_402718_cov_33.543387_366 # 401714 # 402025 # -1 # ID=3_366;partial=00;start_type=ATG;rbs_motif=TAAA;rbs_spacer=12bp;gc_cont=0.420
NODE_15_length_100586_cov_37.517506:63073-63348|-  -             92 31424                -            283     0.017   12.3   0.1   1   1   4.2e-05     0.024   11.8   0.1   133   154    37    58    31    61 0.85 NODE_15_length_100586_cov_37.517506_52 # 63073 # 63348 # -1 # ID=15_52;partial=00;start_type=ATG;rbs_motif=AACAA;rbs_spacer=13bp;gc_cont=0.601
NODE_27_length_55795_cov_35.058976:13889-14194|+   -            102 31424                -            283     0.037   11.2   0.2   1   1    0.0001     0.058   10.5   0.2   137   154    51    68    44    71 0.89 NODE_27_length_55795_cov_35.058976_10 # 13889 # 14194 # 1 # ID=27_10;partial=00;start_type=ATG;rbs_motif=None;rbs_spacer=None;gc_cont=0.569
NODE_27_length_55795_cov_35.058976:41602-41907|-   -            102 31424                -            283     0.037   11.2   0.2   1   1    0.0001     0.058   10.5   0.2   137   154    51    68    44    71 0.89 NODE_27_length_55795_cov_35.058976_29 # 41602 # 41907 # -1 # ID=27_29;partial=00;start_type=ATG;rbs_motif=None;rbs_spacer=None;gc_cont=0.569
#
# Program:         hmmsearch
# Version:         3.4 (Aug 2023)
# Pipeline mode:   SEARCH
# Query file:      /home/kpchuang/Documents/03_whole_genome_assembly/01_raw_reads/short_reads_assembly/04_short_reads_assembly/busco_downloads/lineages/archaea_odb12/hmms/31424at2157.hmm
# Target file:     /home/kpchuang/Documents/03_whole_genome_assembly/01_raw_reads/short_reads_assembly/04_short_reads_assembly/busco_results/prodigal_output/predicted_genes/predicted.faa
# Option settings: hmmsearch --domtblout /home/kpchuang/Documents/03_whole_genome_assembly/01_raw_reads/short_reads_assembly/04_short_reads_assembly/busco_results/auto_lineage/run_archaea_odb12/hmmer_output/31424at2157.out --cpu 1 /home/kpchuang/Documents/03_whole_genome_assembly/01_raw_reads/short_reads_assembly/04_short_reads_assembly/busco_downloads/lineages/archaea_odb12/hmms/31424at2157.hmm /home/kpchuang/Documents/03_whole_genome_assembly/01_raw_reads/short_reads_assembly/04_short_reads_assembly/busco_results/prodigal_output/predicted_genes/predicted.faa 
# Current dir:     /home/kpchuang/Documents/03_whole_genome_assembly/01_raw_reads/short_reads_assembly/04_short_reads_assembly
# Date:            Thu Jan  1 15:31:55 2026
# [ok]
