#                                                                                                          --- full sequence --- -------------- this domain -------------   hmm coord   ali coord   env coord
# target name                                      accession   tlen query name           accession   qlen   E-value  score  bias   #  of  c-Evalue  i-Evalue  score  bias  from    to  from    to  from    to  acc description of target
#                              ------------------- ---------- ----- -------------------- ---------- ----- --------- ------ ----- --- --- --------- --------- ------ ----- ----- ----- ----- ----- ----- ----- ---- ---------------------
NODE_22_length_72694_cov_38.560489:57864-59903|+   -            680 371856               -            461  2.2e-144  479.7   5.9   1   2   4.5e-53   4.2e-50  168.8   0.5     2   145     8   153     7   162 0.93 NODE_22_length_72694_cov_38.560489_54 # 57864 # 59903 # 1 # ID=22_54;partial=00;start_type=ATG;rbs_motif=None;rbs_spacer=None;gc_cont=0.486
NODE_22_length_72694_cov_38.560489:57864-59903|+   -            680 371856               -            461  2.2e-144  479.7   5.9   2   2   6.5e-97     6e-94  313.4   0.7   138   460   173   543   154   544 0.85 NODE_22_length_72694_cov_38.560489_54 # 57864 # 59903 # 1 # ID=22_54;partial=00;start_type=ATG;rbs_motif=None;rbs_spacer=None;gc_cont=0.486
NODE_5_length_339081_cov_37.984555:335390-338221|- -            944 371856               -            461   5.7e-18   62.9   0.9   1   6   3.2e-16     3e-13   47.3   0.0     2   113    33   147    32   159 0.87 NODE_5_length_339081_cov_37.984555_271 # 335390 # 338221 # -1 # ID=5_271;partial=00;start_type=ATG;rbs_motif=TAAA;rbs_spacer=15bp;gc_cont=0.430
NODE_5_length_339081_cov_37.984555:335390-338221|- -            944 371856               -            461   5.7e-18   62.9   0.9   2   6     0.011        11    2.7   0.0    99   188   192   279   158   283 0.75 NODE_5_length_339081_cov_37.984555_271 # 335390 # 338221 # -1 # ID=5_271;partial=00;start_type=ATG;rbs_motif=TAAA;rbs_spacer=15bp;gc_cont=0.430
NODE_5_length_339081_cov_37.984555:335390-338221|- -            944 371856               -            461   5.7e-18   62.9   0.9   3   6      0.85   7.8e+02   -3.5   0.0   188   207   476   495   461   497 0.85 NODE_5_length_339081_cov_37.984555_271 # 335390 # 338221 # -1 # ID=5_271;partial=00;start_type=ATG;rbs_motif=TAAA;rbs_spacer=15bp;gc_cont=0.430
NODE_5_length_339081_cov_37.984555:335390-338221|- -            944 371856               -            461   5.7e-18   62.9   0.9   4   6     0.047        44    0.6   0.1   320   344   630   654   617   688 0.79 NODE_5_length_339081_cov_37.984555_271 # 335390 # 338221 # -1 # ID=5_271;partial=00;start_type=ATG;rbs_motif=TAAA;rbs_spacer=15bp;gc_cont=0.430
NODE_5_length_339081_cov_37.984555:335390-338221|- -            944 371856               -            461   5.7e-18   62.9   0.9   5   6       0.8   7.5e+02   -3.4   0.0   281   316   717   753   715   822 0.68 NODE_5_length_339081_cov_37.984555_271 # 335390 # 338221 # -1 # ID=5_271;partial=00;start_type=ATG;rbs_motif=TAAA;rbs_spacer=15bp;gc_cont=0.430
NODE_5_length_339081_cov_37.984555:335390-338221|- -            944 371856               -            461   5.7e-18   62.9   0.9   6   6   0.00099      0.92    6.1   0.0   416   444   836   864   824   874 0.89 NODE_5_length_339081_cov_37.984555_271 # 335390 # 338221 # -1 # ID=5_271;partial=00;start_type=ATG;rbs_motif=TAAA;rbs_spacer=15bp;gc_cont=0.430
NODE_6_length_338063_cov_36.607788:103793-106423|+ -            877 371856               -            461   3.8e-14   50.3   1.4   1   3   8.5e-08   7.9e-05   19.5   0.0     6    55    40    87    35   195 0.63 NODE_6_length_338063_cov_36.607788_86 # 103793 # 106423 # 1 # ID=6_86;partial=00;start_type=ATG;rbs_motif=TAAAA;rbs_spacer=14bp;gc_cont=0.452
NODE_6_length_338063_cov_36.607788:103793-106423|+ -            877 371856               -            461   3.8e-14   50.3   1.4   2   3   4.3e-07    0.0004   17.2   0.2   148   207   349   413   337   417 0.78 NODE_6_length_338063_cov_36.607788_86 # 103793 # 106423 # 1 # ID=6_86;partial=00;start_type=ATG;rbs_motif=TAAAA;rbs_spacer=14bp;gc_cont=0.452
NODE_6_length_338063_cov_36.607788:103793-106423|+ -            877 371856               -            461   3.8e-14   50.3   1.4   3   3   0.00011     0.099    9.3   0.0   265   446   514   707   476   717 0.58 NODE_6_length_338063_cov_36.607788_86 # 103793 # 106423 # 1 # ID=6_86;partial=00;start_type=ATG;rbs_motif=TAAAA;rbs_spacer=14bp;gc_cont=0.452
NODE_3_length_402718_cov_33.543387:122434-125859|+ -           1142 371856               -            461   5.1e-14   49.9   3.5   1   3   5.7e-07   0.00053   16.8   0.0     9    68    50   110    43   138 0.83 NODE_3_length_402718_cov_33.543387_103 # 122434 # 125859 # 1 # ID=3_103;partial=00;start_type=ATG;rbs_motif=TAAAA;rbs_spacer=14bp;gc_cont=0.415
NODE_3_length_402718_cov_33.543387:122434-125859|+ -           1142 371856               -            461   5.1e-14   49.9   3.5   2   3   0.00011       0.1    9.3   0.4   138   207   457   530   435   534 0.83 NODE_3_length_402718_cov_33.543387_103 # 122434 # 125859 # 1 # ID=3_103;partial=00;start_type=ATG;rbs_motif=TAAAA;rbs_spacer=14bp;gc_cont=0.415
NODE_3_length_402718_cov_33.543387:122434-125859|+ -           1142 371856               -            461   5.1e-14   49.9   3.5   3   3   1.1e-08     1e-05   22.5   0.0   207   441   606   869   599   882 0.72 NODE_3_length_402718_cov_33.543387_103 # 122434 # 125859 # 1 # ID=3_103;partial=00;start_type=ATG;rbs_motif=TAAAA;rbs_spacer=14bp;gc_cont=0.415
NODE_5_length_339081_cov_37.984555:181574-183049|+ -            492 371856               -            461   2.5e-07   27.8   0.5   1   2   1.4e-08   1.3e-05   22.1   0.2    11   123    35   158    28   166 0.77 NODE_5_length_339081_cov_37.984555_138 # 181574 # 183049 # 1 # ID=5_138;partial=00;start_type=ATG;rbs_motif=TAAA;rbs_spacer=11bp;gc_cont=0.488
NODE_5_length_339081_cov_37.984555:181574-183049|+ -            492 371856               -            461   2.5e-07   27.8   0.5   2   2    0.0053       4.9    3.7   0.0   270   324   272   334   240   349 0.71 NODE_5_length_339081_cov_37.984555_138 # 181574 # 183049 # 1 # ID=5_138;partial=00;start_type=ATG;rbs_motif=TAAA;rbs_spacer=11bp;gc_cont=0.488
#
# Program:         hmmsearch
# Version:         3.4 (Aug 2023)
# Pipeline mode:   SEARCH
# Query file:      /home/kpchuang/Documents/03_whole_genome_assembly/01_raw_reads/short_reads_assembly/04_short_reads_assembly/busco_downloads/lineages/archaea_odb12/hmms/371856at2157.hmm
# Target file:     /home/kpchuang/Documents/03_whole_genome_assembly/01_raw_reads/short_reads_assembly/04_short_reads_assembly/busco_results/prodigal_output/predicted_genes/predicted.faa
# Option settings: hmmsearch --domtblout /home/kpchuang/Documents/03_whole_genome_assembly/01_raw_reads/short_reads_assembly/04_short_reads_assembly/busco_results/auto_lineage/run_archaea_odb12/hmmer_output/371856at2157.out --cpu 1 /home/kpchuang/Documents/03_whole_genome_assembly/01_raw_reads/short_reads_assembly/04_short_reads_assembly/busco_downloads/lineages/archaea_odb12/hmms/371856at2157.hmm /home/kpchuang/Documents/03_whole_genome_assembly/01_raw_reads/short_reads_assembly/04_short_reads_assembly/busco_results/prodigal_output/predicted_genes/predicted.faa 
# Current dir:     /home/kpchuang/Documents/03_whole_genome_assembly/01_raw_reads/short_reads_assembly/04_short_reads_assembly
# Date:            Thu Jan  1 15:31:55 2026
# [ok]
