#                                                                                                           --- full sequence --- -------------- this domain -------------   hmm coord   ali coord   env coord
# target name                                       accession   tlen query name           accession   qlen   E-value  score  bias   #  of  c-Evalue  i-Evalue  score  bias  from    to  from    to  from    to  acc description of target
#                               ------------------- ---------- ----- -------------------- ---------- ----- --------- ------ ----- --- --- --------- --------- ------ ----- ----- ----- ----- ----- ----- ----- ---- ---------------------
NODE_11_length_153230_cov_39.213473:103600-104142|- -            181 371863               -            139   6.7e-07   27.3   0.7   1   2     0.026        20    3.1   0.0     2    25     8    31     7    51 0.84 NODE_11_length_153230_cov_39.213473_97 # 103600 # 104142 # -1 # ID=11_97;partial=00;start_type=ATG;rbs_motif=AAAAA;rbs_spacer=12bp;gc_cont=0.401
NODE_11_length_153230_cov_39.213473:103600-104142|- -            181 371863               -            139   6.7e-07   27.3   0.7   2   2   7.3e-08   5.6e-05   21.1   0.1    36   124    64   169    56   175 0.74 NODE_11_length_153230_cov_39.213473_97 # 103600 # 104142 # -1 # ID=11_97;partial=00;start_type=ATG;rbs_motif=AAAAA;rbs_spacer=12bp;gc_cont=0.401
NODE_4_length_379350_cov_35.042700:195242-195880|-  -            213 371863               -            139     0.002   16.1   0.0   1   2      0.43   3.3e+02   -0.9   0.0     2    21    41    60    40    66 0.84 NODE_4_length_379350_cov_35.042700_169 # 195242 # 195880 # -1 # ID=4_169;partial=00;start_type=ATG;rbs_motif=TAA;rbs_spacer=14bp;gc_cont=0.499
NODE_4_length_379350_cov_35.042700:195242-195880|-  -            213 371863               -            139     0.002   16.1   0.0   2   2   1.1e-05    0.0088   14.0   0.0    59   116   132   188   118   208 0.84 NODE_4_length_379350_cov_35.042700_169 # 195242 # 195880 # -1 # ID=4_169;partial=00;start_type=ATG;rbs_motif=TAA;rbs_spacer=14bp;gc_cont=0.499
NODE_1_length_523019_cov_35.337313:180913-181452|-  -            180 371863               -            139    0.0066   14.4   0.3   1   2      0.87   6.7e+02   -1.9   0.0     2    22     9    29     8    33 0.82 NODE_1_length_523019_cov_35.337313_159 # 180913 # 181452 # -1 # ID=1_159;partial=00;start_type=GTG;rbs_motif=None;rbs_spacer=None;gc_cont=0.485
NODE_1_length_523019_cov_35.337313:180913-181452|-  -            180 371863               -            139    0.0066   14.4   0.3   2   2   3.2e-05     0.025   12.5   0.2    72   118   113   158    95   178 0.79 NODE_1_length_523019_cov_35.337313_159 # 180913 # 181452 # -1 # ID=1_159;partial=00;start_type=GTG;rbs_motif=None;rbs_spacer=None;gc_cont=0.485
NODE_8_length_282777_cov_37.165398:47911-48342|+    -            144 371863               -            139    0.0082   14.1   0.5   1   1     2e-05     0.015   13.2   0.3    72   118    77   122    59   142 0.78 NODE_8_length_282777_cov_37.165398_40 # 47911 # 48342 # 1 # ID=8_40;partial=00;start_type=ATG;rbs_motif=AAGAA;rbs_spacer=10bp;gc_cont=0.481
NODE_7_length_286996_cov_37.800226:108964-109500|+  -            179 371863               -            139     0.012   13.6   0.2   1   2      0.21   1.6e+02    0.2   0.0     3    22    11    30     9    33 0.89 NODE_7_length_286996_cov_37.800226_78 # 108964 # 109500 # 1 # ID=7_78;partial=00;start_type=ATG;rbs_motif=AATAA;rbs_spacer=7bp;gc_cont=0.460
NODE_7_length_286996_cov_37.800226:108964-109500|+  -            179 371863               -            139     0.012   13.6   0.2   2   2   0.00012     0.093   10.6   0.1    72   136   111   176    97   178 0.78 NODE_7_length_286996_cov_37.800226_78 # 108964 # 109500 # 1 # ID=7_78;partial=00;start_type=ATG;rbs_motif=AATAA;rbs_spacer=7bp;gc_cont=0.460
NODE_25_length_59335_cov_37.855614:56632-57258|+    -            209 371863               -            139     0.012   13.5   0.1   1   2     0.073        56    1.6   0.0     2    22    38    58    37    65 0.83 NODE_25_length_59335_cov_37.855614_55 # 56632 # 57258 # 1 # ID=25_55;partial=00;start_type=ATG;rbs_motif=None;rbs_spacer=None;gc_cont=0.509
NODE_25_length_59335_cov_37.855614:56632-57258|+    -            209 371863               -            139     0.012   13.5   0.1   2   2   0.00036      0.28    9.1   0.1    72   116   142   185   123   199 0.79 NODE_25_length_59335_cov_37.855614_55 # 56632 # 57258 # 1 # ID=25_55;partial=00;start_type=ATG;rbs_motif=None;rbs_spacer=None;gc_cont=0.509
#
# Program:         hmmsearch
# Version:         3.4 (Aug 2023)
# Pipeline mode:   SEARCH
# Query file:      /home/kpchuang/Documents/03_whole_genome_assembly/01_raw_reads/short_reads_assembly/04_short_reads_assembly/busco_downloads/lineages/archaea_odb12/hmms/371863at2157.hmm
# Target file:     /home/kpchuang/Documents/03_whole_genome_assembly/01_raw_reads/short_reads_assembly/04_short_reads_assembly/busco_results/prodigal_output/predicted_genes/predicted.faa
# Option settings: hmmsearch --domtblout /home/kpchuang/Documents/03_whole_genome_assembly/01_raw_reads/short_reads_assembly/04_short_reads_assembly/busco_results/auto_lineage/run_archaea_odb12/hmmer_output/371863at2157.out --cpu 1 /home/kpchuang/Documents/03_whole_genome_assembly/01_raw_reads/short_reads_assembly/04_short_reads_assembly/busco_downloads/lineages/archaea_odb12/hmms/371863at2157.hmm /home/kpchuang/Documents/03_whole_genome_assembly/01_raw_reads/short_reads_assembly/04_short_reads_assembly/busco_results/prodigal_output/predicted_genes/predicted.faa 
# Current dir:     /home/kpchuang/Documents/03_whole_genome_assembly/01_raw_reads/short_reads_assembly/04_short_reads_assembly
# Date:            Thu Jan  1 15:31:55 2026
# [ok]
