#                                                                                                          --- full sequence --- -------------- this domain -------------   hmm coord   ali coord   env coord
# target name                                      accession   tlen query name           accession   qlen   E-value  score  bias   #  of  c-Evalue  i-Evalue  score  bias  from    to  from    to  from    to  acc description of target
#                              ------------------- ---------- ----- -------------------- ---------- ----- --------- ------ ----- --- --- --------- --------- ------ ----- ----- ----- ----- ----- ----- ----- ---- ---------------------
NODE_3_length_402718_cov_33.543387:324825-325784|- -            320 372188               -            281   9.7e-78  259.4   9.1   1   1   1.5e-80   1.2e-77  259.1   9.1    13   280    41   315    29   316 0.93 NODE_3_length_402718_cov_33.543387_301 # 324825 # 325784 # -1 # ID=3_301;partial=00;start_type=ATG;rbs_motif=AATAA;rbs_spacer=8bp;gc_cont=0.419
NODE_1_length_523019_cov_35.337313:192904-194223|+ -            440 372188               -            281   3.1e-72  241.3   6.2   1   1   6.1e-75   4.7e-72  240.7   6.2     4   280    18   294    15   295 0.95 NODE_1_length_523019_cov_35.337313_167 # 192904 # 194223 # 1 # ID=1_167;partial=00;start_type=ATG;rbs_motif=TAA;rbs_spacer=9bp;gc_cont=0.502
NODE_4_length_379350_cov_35.042700:45353-45961|-   -            203 372188               -            281   0.00057   17.3   0.0   1   1   9.9e-07   0.00076   16.9   0.0    83   134    25    76     5    93 0.85 NODE_4_length_379350_cov_35.042700_40 # 45353 # 45961 # -1 # ID=4_40;partial=00;start_type=ATG;rbs_motif=TAA;rbs_spacer=9bp;gc_cont=0.452
NODE_20_length_78426_cov_83.509694:64535-65353|-   -            273 372188               -            281    0.0037   14.7   0.5   1   1     1e-05    0.0081   13.6   0.5    87   147    23    82     3   161 0.66 NODE_20_length_78426_cov_83.509694_64 # 64535 # 65353 # -1 # ID=20_64;partial=00;start_type=TTG;rbs_motif=TAAAAA;rbs_spacer=5bp;gc_cont=0.349
NODE_1_length_523019_cov_35.337313:201502-202389|- -            296 372188               -            281    0.0071   13.8   0.0   1   1   1.4e-05     0.011   13.2   0.0    91   113    35    57    19    64 0.87 NODE_1_length_523019_cov_35.337313_175 # 201502 # 202389 # -1 # ID=1_175;partial=00;start_type=ATG;rbs_motif=TAA;rbs_spacer=3bp;gc_cont=0.421
NODE_7_length_286996_cov_37.800226:102236-103063|+ -            276 372188               -            281     0.038   11.4   0.1   1   2   0.00011     0.086   10.2   0.0    85   112    27    54     9    59 0.82 NODE_7_length_286996_cov_37.800226_71 # 102236 # 103063 # 1 # ID=7_71;partial=00;start_type=ATG;rbs_motif=TAAA;rbs_spacer=11bp;gc_cont=0.435
NODE_7_length_286996_cov_37.800226:102236-103063|+ -            276 372188               -            281     0.038   11.4   0.1   2   2      0.91     7e+02   -2.6   0.1    30    73   124   166    99   177 0.61 NODE_7_length_286996_cov_37.800226_71 # 102236 # 103063 # 1 # ID=7_71;partial=00;start_type=ATG;rbs_motif=TAAA;rbs_spacer=11bp;gc_cont=0.435
#
# Program:         hmmsearch
# Version:         3.4 (Aug 2023)
# Pipeline mode:   SEARCH
# Query file:      /home/kpchuang/Documents/03_whole_genome_assembly/01_raw_reads/short_reads_assembly/04_short_reads_assembly/busco_downloads/lineages/archaea_odb12/hmms/372188at2157.hmm
# Target file:     /home/kpchuang/Documents/03_whole_genome_assembly/01_raw_reads/short_reads_assembly/04_short_reads_assembly/busco_results/prodigal_output/predicted_genes/predicted.faa
# Option settings: hmmsearch --domtblout /home/kpchuang/Documents/03_whole_genome_assembly/01_raw_reads/short_reads_assembly/04_short_reads_assembly/busco_results/auto_lineage/run_archaea_odb12/hmmer_output/372188at2157.out --cpu 1 /home/kpchuang/Documents/03_whole_genome_assembly/01_raw_reads/short_reads_assembly/04_short_reads_assembly/busco_downloads/lineages/archaea_odb12/hmms/372188at2157.hmm /home/kpchuang/Documents/03_whole_genome_assembly/01_raw_reads/short_reads_assembly/04_short_reads_assembly/busco_results/prodigal_output/predicted_genes/predicted.faa 
# Current dir:     /home/kpchuang/Documents/03_whole_genome_assembly/01_raw_reads/short_reads_assembly/04_short_reads_assembly
# Date:            Thu Jan  1 15:31:56 2026
# [ok]
