#                                                                                                          --- full sequence --- -------------- this domain -------------   hmm coord   ali coord   env coord
# target name                                      accession   tlen query name           accession   qlen   E-value  score  bias   #  of  c-Evalue  i-Evalue  score  bias  from    to  from    to  from    to  acc description of target
#                              ------------------- ---------- ----- -------------------- ---------- ----- --------- ------ ----- --- --- --------- --------- ------ ----- ----- ----- ----- ----- ----- ----- ---- ---------------------
NODE_1_length_523019_cov_35.337313:257684-258703|+ -            340 372178               -            493   1.2e-56  190.7   0.4   1   2   4.5e-19   2.3e-16   57.8   0.4   140   289     8   158     2   161 0.84 NODE_1_length_523019_cov_35.337313_215 # 257684 # 258703 # 1 # ID=1_215;partial=00;start_type=ATG;rbs_motif=AATAA;rbs_spacer=10bp;gc_cont=0.503
NODE_1_length_523019_cov_35.337313:257684-258703|+ -            340 372178               -            493   1.2e-56  190.7   0.4   2   2   2.5e-41   1.3e-38  131.3   0.0   329   491   161   337   159   339 0.88 NODE_1_length_523019_cov_35.337313_215 # 257684 # 258703 # 1 # ID=1_215;partial=00;start_type=ATG;rbs_motif=AATAA;rbs_spacer=10bp;gc_cont=0.503
NODE_8_length_282777_cov_37.165398:161009-162736|- -            576 372178               -            493     2e-05   21.7   1.2   1   3      0.64   3.3e+02   -2.1   0.0   237   260   188   211   171   213 0.81 NODE_8_length_282777_cov_37.165398_143 # 161009 # 162736 # -1 # ID=8_143;partial=00;start_type=ATG;rbs_motif=TAA;rbs_spacer=11bp;gc_cont=0.448
NODE_8_length_282777_cov_37.165398:161009-162736|- -            576 372178               -            493     2e-05   21.7   1.2   2   3   1.7e-06   0.00086   16.4   0.0   353   401   254   300   250   305 0.85 NODE_8_length_282777_cov_37.165398_143 # 161009 # 162736 # -1 # ID=8_143;partial=00;start_type=ATG;rbs_motif=TAA;rbs_spacer=11bp;gc_cont=0.448
NODE_8_length_282777_cov_37.165398:161009-162736|- -            576 372178               -            493     2e-05   21.7   1.2   3   3     0.019       9.7    3.0   0.0   458   477   472   491   460   495 0.85 NODE_8_length_282777_cov_37.165398_143 # 161009 # 162736 # -1 # ID=8_143;partial=00;start_type=ATG;rbs_motif=TAA;rbs_spacer=11bp;gc_cont=0.448
NODE_1_length_523019_cov_35.337313:485867-487231|- -            455 372178               -            493   0.00024   18.2   0.8   1   3      0.55   2.8e+02   -1.8   0.0   239   259    26    46    17    53 0.67 NODE_1_length_523019_cov_35.337313_383 # 485867 # 487231 # -1 # ID=1_383;partial=00;start_type=ATG;rbs_motif=TAAA;rbs_spacer=12bp;gc_cont=0.434
NODE_1_length_523019_cov_35.337313:485867-487231|- -            455 372178               -            493   0.00024   18.2   0.8   2   3   1.6e-06   0.00082   16.4   0.0   331   404    99   177    90   182 0.84 NODE_1_length_523019_cov_35.337313_383 # 485867 # 487231 # -1 # ID=1_383;partial=00;start_type=ATG;rbs_motif=TAAA;rbs_spacer=12bp;gc_cont=0.434
NODE_1_length_523019_cov_35.337313:485867-487231|- -            455 372178               -            493   0.00024   18.2   0.8   3   3       1.7   8.8e+02   -3.5   0.0   175   208   212   244   197   250 0.61 NODE_1_length_523019_cov_35.337313_383 # 485867 # 487231 # -1 # ID=1_383;partial=00;start_type=ATG;rbs_motif=TAAA;rbs_spacer=12bp;gc_cont=0.434
NODE_3_length_402718_cov_33.543387:273717-275474|+ -            586 372178               -            493    0.0028   14.7   0.4   1   2      0.16        83   -0.1   0.0   236   258   144   166   123   168 0.80 NODE_3_length_402718_cov_33.543387_257 # 273717 # 275474 # 1 # ID=3_257;partial=00;start_type=ATG;rbs_motif=AATAA;rbs_spacer=10bp;gc_cont=0.434
NODE_3_length_402718_cov_33.543387:273717-275474|+ -            586 372178               -            493    0.0028   14.7   0.4   2   2   3.3e-05     0.017   12.1   0.1   351   378   209   236   195   266 0.80 NODE_3_length_402718_cov_33.543387_257 # 273717 # 275474 # 1 # ID=3_257;partial=00;start_type=ATG;rbs_motif=AATAA;rbs_spacer=10bp;gc_cont=0.434
NODE_1_length_523019_cov_35.337313:456595-456813|- -             73 372178               -            493    0.0042   14.1   0.0   1   1   9.3e-06    0.0048   13.9   0.0    72   123     7    59     2    64 0.84 NODE_1_length_523019_cov_35.337313_357 # 456595 # 456813 # -1 # ID=1_357;partial=00;start_type=ATG;rbs_motif=TAAA;rbs_spacer=12bp;gc_cont=0.393
NODE_2_length_424706_cov_34.285840:420168-420635|+ -            156 372178               -            493    0.0069   13.4   0.1   1   1   1.8e-05    0.0094   12.9   0.1     2    50     3    51     2    62 0.94 NODE_2_length_424706_cov_34.285840_365 # 420168 # 420635 # 1 # ID=2_365;partial=00;start_type=ATG;rbs_motif=TAAAA;rbs_spacer=14bp;gc_cont=0.338
NODE_15_length_100586_cov_37.517506:4442-4792|+    -            117 372178               -            493    0.0076   13.2   0.1   1   1   1.7e-05    0.0089   13.0   0.1     3    71    27   100    25   111 0.82 NODE_15_length_100586_cov_37.517506_3 # 4442 # 4792 # 1 # ID=15_3;partial=00;start_type=ATG;rbs_motif=AATAA;rbs_spacer=6bp;gc_cont=0.453
NODE_26_length_56437_cov_36.985611:49741-51144|-   -            468 372178               -            493     0.012   12.6   0.0   1   2      0.24   1.3e+02   -0.7   0.0   353   381   224   253   218   269 0.77 NODE_26_length_56437_cov_36.985611_46 # 49741 # 51144 # -1 # ID=26_46;partial=00;start_type=ATG;rbs_motif=TAAAA;rbs_spacer=7bp;gc_cont=0.452
NODE_26_length_56437_cov_36.985611:49741-51144|-   -            468 372178               -            493     0.012   12.6   0.0   2   2   0.00015     0.078    9.9   0.0   453   478   430   455   425   457 0.91 NODE_26_length_56437_cov_36.985611_46 # 49741 # 51144 # -1 # ID=26_46;partial=00;start_type=ATG;rbs_motif=TAAAA;rbs_spacer=7bp;gc_cont=0.452
NODE_19_length_79805_cov_35.801074:18303-19838|-   -            512 372178               -            493       5.3    3.9  20.3   1   1     0.016       8.4    3.2  20.3    21   205    30   212    21   226 0.80 NODE_19_length_79805_cov_35.801074_21 # 18303 # 19838 # -1 # ID=19_21;partial=00;start_type=ATG;rbs_motif=TAA;rbs_spacer=11bp;gc_cont=0.465
#
# Program:         hmmsearch
# Version:         3.4 (Aug 2023)
# Pipeline mode:   SEARCH
# Query file:      /home/kpchuang/Documents/03_whole_genome_assembly/01_raw_reads/short_reads_assembly/04_short_reads_assembly/busco_downloads/lineages/archaea_odb12/hmms/372178at2157.hmm
# Target file:     /home/kpchuang/Documents/03_whole_genome_assembly/01_raw_reads/short_reads_assembly/04_short_reads_assembly/busco_results/prodigal_output/predicted_genes/predicted.faa
# Option settings: hmmsearch --domtblout /home/kpchuang/Documents/03_whole_genome_assembly/01_raw_reads/short_reads_assembly/04_short_reads_assembly/busco_results/auto_lineage/run_archaea_odb12/hmmer_output/372178at2157.out --cpu 1 /home/kpchuang/Documents/03_whole_genome_assembly/01_raw_reads/short_reads_assembly/04_short_reads_assembly/busco_downloads/lineages/archaea_odb12/hmms/372178at2157.hmm /home/kpchuang/Documents/03_whole_genome_assembly/01_raw_reads/short_reads_assembly/04_short_reads_assembly/busco_results/prodigal_output/predicted_genes/predicted.faa 
# Current dir:     /home/kpchuang/Documents/03_whole_genome_assembly/01_raw_reads/short_reads_assembly/04_short_reads_assembly
# Date:            Thu Jan  1 15:31:56 2026
# [ok]
