#                                                                                                          --- full sequence --- -------------- this domain -------------   hmm coord   ali coord   env coord
# target name                                      accession   tlen query name           accession   qlen   E-value  score  bias   #  of  c-Evalue  i-Evalue  score  bias  from    to  from    to  from    to  acc description of target
#                              ------------------- ---------- ----- -------------------- ---------- ----- --------- ------ ----- --- --- --------- --------- ------ ----- ----- ----- ----- ----- ----- ----- ---- ---------------------
NODE_46_length_10522_cov_39.084442:7076-7750|-     -            225 39139                -            264   1.1e-06   26.3   0.0   1   1   1.3e-09   1.6e-06   25.8   0.0     9   142    11   141     3   169 0.83 NODE_46_length_10522_cov_39.084442_6 # 7076 # 7750 # -1 # ID=46_6;partial=00;start_type=ATG;rbs_motif=TAAAAA;rbs_spacer=15bp;gc_cont=0.456
NODE_3_length_402718_cov_33.543387:372783-374582|+ -            600 39139                -            264   0.00013   19.5   0.0   1   2   6.1e-06    0.0071   13.8   0.0     3   122   355   470   353   484 0.90 NODE_3_length_402718_cov_33.543387_341 # 372783 # 374582 # 1 # ID=3_341;partial=00;start_type=ATG;rbs_motif=AAA;rbs_spacer=11bp;gc_cont=0.535
NODE_3_length_402718_cov_33.543387:372783-374582|+ -            600 39139                -            264   0.00013   19.5   0.0   2   2     0.011        13    3.1   0.0   175   241   510   577   501   591 0.74 NODE_3_length_402718_cov_33.543387_341 # 372783 # 374582 # 1 # ID=3_341;partial=00;start_type=ATG;rbs_motif=AAA;rbs_spacer=11bp;gc_cont=0.535
NODE_3_length_402718_cov_33.543387:370106-371515|+ -            470 39139                -            264   0.00069   17.1   0.0   1   2   1.4e-06    0.0016   15.9   0.0     3   124     7   125     5   127 0.77 NODE_3_length_402718_cov_33.543387_339 # 370106 # 371515 # 1 # ID=3_339;partial=00;start_type=ATG;rbs_motif=TAA;rbs_spacer=3bp;gc_cont=0.518
NODE_3_length_402718_cov_33.543387:370106-371515|+ -            470 39139                -            264   0.00069   17.1   0.0   2   2      0.79   9.2e+02   -3.0   0.0   201   230   191   220   182   232 0.70 NODE_3_length_402718_cov_33.543387_339 # 370106 # 371515 # 1 # ID=3_339;partial=00;start_type=ATG;rbs_motif=TAA;rbs_spacer=3bp;gc_cont=0.518
NODE_14_length_106925_cov_32.864293:24260-24964|-  -            235 39139                -            264     0.015   12.8   0.0   1   2     0.001       1.2    6.5   0.0     3    31     8    36     6    51 0.90 NODE_14_length_106925_cov_32.864293_22 # 24260 # 24964 # -1 # ID=14_22;partial=00;start_type=ATG;rbs_motif=TAA;rbs_spacer=11bp;gc_cont=0.461
NODE_14_length_106925_cov_32.864293:24260-24964|-  -            235 39139                -            264     0.015   12.8   0.0   2   2    0.0066       7.7    3.9   0.0    73   126    92   145    78   147 0.82 NODE_14_length_106925_cov_32.864293_22 # 24260 # 24964 # -1 # ID=14_22;partial=00;start_type=ATG;rbs_motif=TAA;rbs_spacer=11bp;gc_cont=0.461
#
# Program:         hmmsearch
# Version:         3.4 (Aug 2023)
# Pipeline mode:   SEARCH
# Query file:      /home/kpchuang/Documents/03_whole_genome_assembly/01_raw_reads/short_reads_assembly/04_short_reads_assembly/busco_downloads/lineages/archaea_odb12/hmms/39139at2157.hmm
# Target file:     /home/kpchuang/Documents/03_whole_genome_assembly/01_raw_reads/short_reads_assembly/04_short_reads_assembly/busco_results/prodigal_output/predicted_genes/predicted.faa
# Option settings: hmmsearch --domtblout /home/kpchuang/Documents/03_whole_genome_assembly/01_raw_reads/short_reads_assembly/04_short_reads_assembly/busco_results/auto_lineage/run_archaea_odb12/hmmer_output/39139at2157.out --cpu 1 /home/kpchuang/Documents/03_whole_genome_assembly/01_raw_reads/short_reads_assembly/04_short_reads_assembly/busco_downloads/lineages/archaea_odb12/hmms/39139at2157.hmm /home/kpchuang/Documents/03_whole_genome_assembly/01_raw_reads/short_reads_assembly/04_short_reads_assembly/busco_results/prodigal_output/predicted_genes/predicted.faa 
# Current dir:     /home/kpchuang/Documents/03_whole_genome_assembly/01_raw_reads/short_reads_assembly/04_short_reads_assembly
# Date:            Thu Jan  1 15:31:56 2026
# [ok]
