#                                                                                                         --- full sequence --- -------------- this domain -------------   hmm coord   ali coord   env coord
# target name                                     accession   tlen query name           accession   qlen   E-value  score  bias   #  of  c-Evalue  i-Evalue  score  bias  from    to  from    to  from    to  acc description of target
#                             ------------------- ---------- ----- -------------------- ---------- ----- --------- ------ ----- --- --- --------- --------- ------ ----- ----- ----- ----- ----- ----- ----- ---- ---------------------
NODE_29_length_48373_cov_35.284868:5582-7183|-    -            534 52769                -            483  6.4e-190  630.3   0.6   1   1  6.3e-193  7.4e-190  630.1   0.6     2   482    15   530    14   531 0.91 NODE_29_length_48373_cov_35.284868_4 # 5582 # 7183 # -1 # ID=29_4;partial=00;start_type=GTG;rbs_motif=TAAA;rbs_spacer=12bp;gc_cont=0.459
NODE_10_length_157613_cov_33.680873:40680-41810|- -            377 52769                -            483   0.00037   17.7   0.0   1   2   8.6e-05       0.1    9.7   0.0   307   352   230   277   210   296 0.81 NODE_10_length_157613_cov_33.680873_34 # 40680 # 41810 # -1 # ID=10_34;partial=00;start_type=ATG;rbs_motif=AATAA;rbs_spacer=3bp;gc_cont=0.504
NODE_10_length_157613_cov_33.680873:40680-41810|- -            377 52769                -            483   0.00037   17.7   0.0   2   2    0.0011       1.3    6.0   0.0   452   480   347   374   309   376 0.81 NODE_10_length_157613_cov_33.680873_34 # 40680 # 41810 # -1 # ID=10_34;partial=00;start_type=ATG;rbs_motif=AATAA;rbs_spacer=3bp;gc_cont=0.504
NODE_10_length_157613_cov_33.680873:67417-68019|+ -            201 52769                -            483   0.00041   17.6   0.0   1   2   6.5e-07   0.00076   16.7   0.0   273   399    17   142    14   176 0.79 NODE_10_length_157613_cov_33.680873_53 # 67417 # 68019 # 1 # ID=10_53;partial=00;start_type=ATG;rbs_motif=TAAAAA;rbs_spacer=5bp;gc_cont=0.489
NODE_10_length_157613_cov_33.680873:67417-68019|+ -            201 52769                -            483   0.00041   17.6   0.0   2   2      0.23   2.7e+02   -1.6   0.0   439   468   156   188   139   198 0.64 NODE_10_length_157613_cov_33.680873_53 # 67417 # 68019 # 1 # ID=10_53;partial=00;start_type=ATG;rbs_motif=TAAAAA;rbs_spacer=5bp;gc_cont=0.489
NODE_30_length_44885_cov_33.825232:425-1015|+     -            197 52769                -            483    0.0035   14.5   0.4   1   2   1.2e-05     0.014   12.5   0.0   303   353    31    84    10   103 0.69 NODE_30_length_44885_cov_33.825232_1 # 425 # 1015 # 1 # ID=30_1;partial=00;start_type=ATG;rbs_motif=TAAA;rbs_spacer=14bp;gc_cont=0.469
NODE_30_length_44885_cov_33.825232:425-1015|+     -            197 52769                -            483    0.0035   14.5   0.4   2   2     0.066        77    0.2   0.1   452   464   169   181   137   194 0.83 NODE_30_length_44885_cov_33.825232_1 # 425 # 1015 # 1 # ID=30_1;partial=00;start_type=ATG;rbs_motif=TAAA;rbs_spacer=14bp;gc_cont=0.469
#
# Program:         hmmsearch
# Version:         3.4 (Aug 2023)
# Pipeline mode:   SEARCH
# Query file:      /home/kpchuang/Documents/03_whole_genome_assembly/01_raw_reads/short_reads_assembly/04_short_reads_assembly/busco_downloads/lineages/archaea_odb12/hmms/52769at2157.hmm
# Target file:     /home/kpchuang/Documents/03_whole_genome_assembly/01_raw_reads/short_reads_assembly/04_short_reads_assembly/busco_results/prodigal_output/predicted_genes/predicted.faa
# Option settings: hmmsearch --domtblout /home/kpchuang/Documents/03_whole_genome_assembly/01_raw_reads/short_reads_assembly/04_short_reads_assembly/busco_results/auto_lineage/run_archaea_odb12/hmmer_output/52769at2157.out --cpu 1 /home/kpchuang/Documents/03_whole_genome_assembly/01_raw_reads/short_reads_assembly/04_short_reads_assembly/busco_downloads/lineages/archaea_odb12/hmms/52769at2157.hmm /home/kpchuang/Documents/03_whole_genome_assembly/01_raw_reads/short_reads_assembly/04_short_reads_assembly/busco_results/prodigal_output/predicted_genes/predicted.faa 
# Current dir:     /home/kpchuang/Documents/03_whole_genome_assembly/01_raw_reads/short_reads_assembly/04_short_reads_assembly
# Date:            Thu Jan  1 15:31:56 2026
# [ok]
