#                                                                                                        --- full sequence --- -------------- this domain -------------   hmm coord   ali coord   env coord
# target name                                    accession   tlen query name           accession   qlen   E-value  score  bias   #  of  c-Evalue  i-Evalue  score  bias  from    to  from    to  from    to  acc description of target
#                            ------------------- ---------- ----- -------------------- ---------- ----- --------- ------ ----- --- --- --------- --------- ------ ----- ----- ----- ----- ----- ----- ----- ---- ---------------------
NODE_6_length_338063_cov_36.607788:97286-99079|+ -            598 7927                 -            189   4.9e-19   66.6  19.7   1   6   0.00088         1    6.9   0.2    76   107    40    72    13    78 0.78 NODE_6_length_338063_cov_36.607788_79 # 97286 # 99079 # 1 # ID=6_79;partial=00;start_type=ATG;rbs_motif=TAAA;rbs_spacer=13bp;gc_cont=0.434
NODE_6_length_338063_cov_36.607788:97286-99079|+ -            598 7927                 -            189   4.9e-19   66.6  19.7   2   6    0.0001      0.12    9.9   0.0    49   114    94   159    76   207 0.85 NODE_6_length_338063_cov_36.607788_79 # 97286 # 99079 # 1 # ID=6_79;partial=00;start_type=ATG;rbs_motif=TAAA;rbs_spacer=13bp;gc_cont=0.434
NODE_6_length_338063_cov_36.607788:97286-99079|+ -            598 7927                 -            189   4.9e-19   66.6  19.7   3   6   2.3e-10   2.7e-07   28.4   0.5    78   114   210   246   178   278 0.86 NODE_6_length_338063_cov_36.607788_79 # 97286 # 99079 # 1 # ID=6_79;partial=00;start_type=ATG;rbs_motif=TAAA;rbs_spacer=13bp;gc_cont=0.434
NODE_6_length_338063_cov_36.607788:97286-99079|+ -            598 7927                 -            189   4.9e-19   66.6  19.7   4   6   1.7e-07    0.0002   19.0   0.9    81   151   298   359   288   383 0.73 NODE_6_length_338063_cov_36.607788_79 # 97286 # 99079 # 1 # ID=6_79;partial=00;start_type=ATG;rbs_motif=TAAA;rbs_spacer=13bp;gc_cont=0.434
NODE_6_length_338063_cov_36.607788:97286-99079|+ -            598 7927                 -            189   4.9e-19   66.6  19.7   5   6   5.1e-05     0.059   10.9   0.0    88   114   392   419   389   449 0.86 NODE_6_length_338063_cov_36.607788_79 # 97286 # 99079 # 1 # ID=6_79;partial=00;start_type=ATG;rbs_motif=TAAA;rbs_spacer=13bp;gc_cont=0.434
NODE_6_length_338063_cov_36.607788:97286-99079|+ -            598 7927                 -            189   4.9e-19   66.6  19.7   6   6      0.19   2.2e+02   -0.7   0.1    84   102   475   493   465   531 0.78 NODE_6_length_338063_cov_36.607788_79 # 97286 # 99079 # 1 # ID=6_79;partial=00;start_type=ATG;rbs_motif=TAAA;rbs_spacer=13bp;gc_cont=0.434
NODE_33_length_37957_cov_36.578115:17176-19320|+ -            715 7927                 -            189   2.7e-07   28.3   0.0   1   1   5.5e-10   6.3e-07   27.1   0.0    70   155   619   707   612   712 0.87 NODE_33_length_37957_cov_36.578115_18 # 17176 # 19320 # 1 # ID=33_18;partial=00;start_type=ATG;rbs_motif=TAAA;rbs_spacer=11bp;gc_cont=0.491
NODE_44_length_13308_cov_36.472300:7186-9312|-   -            709 7927                 -            189   3.4e-07   28.0   0.5   1   1   5.8e-10   6.7e-07   27.0   0.5    37   124   582   672   535   692 0.76 NODE_44_length_13308_cov_36.472300_5 # 7186 # 9312 # -1 # ID=44_5;partial=00;start_type=ATG;rbs_motif=TAAAA;rbs_spacer=8bp;gc_cont=0.453
NODE_2_length_424706_cov_34.285840:94389-96512|- -            708 7927                 -            189   8.4e-06   23.5   0.1   1   1     2e-08   2.3e-05   22.1   0.1    84   127   638   682   631   705 0.76 NODE_2_length_424706_cov_34.285840_65 # 94389 # 96512 # -1 # ID=2_65;partial=00;start_type=ATG;rbs_motif=TAAAAA;rbs_spacer=6bp;gc_cont=0.538
#
# Program:         hmmsearch
# Version:         3.4 (Aug 2023)
# Pipeline mode:   SEARCH
# Query file:      /home/kpchuang/Documents/03_whole_genome_assembly/01_raw_reads/short_reads_assembly/04_short_reads_assembly/busco_downloads/lineages/archaea_odb12/hmms/7927at2157.hmm
# Target file:     /home/kpchuang/Documents/03_whole_genome_assembly/01_raw_reads/short_reads_assembly/04_short_reads_assembly/busco_results/prodigal_output/predicted_genes/predicted.faa
# Option settings: hmmsearch --domtblout /home/kpchuang/Documents/03_whole_genome_assembly/01_raw_reads/short_reads_assembly/04_short_reads_assembly/busco_results/auto_lineage/run_archaea_odb12/hmmer_output/7927at2157.out --cpu 1 /home/kpchuang/Documents/03_whole_genome_assembly/01_raw_reads/short_reads_assembly/04_short_reads_assembly/busco_downloads/lineages/archaea_odb12/hmms/7927at2157.hmm /home/kpchuang/Documents/03_whole_genome_assembly/01_raw_reads/short_reads_assembly/04_short_reads_assembly/busco_results/prodigal_output/predicted_genes/predicted.faa 
# Current dir:     /home/kpchuang/Documents/03_whole_genome_assembly/01_raw_reads/short_reads_assembly/04_short_reads_assembly
# Date:            Thu Jan  1 15:31:57 2026
# [ok]
