#                                                                                                          --- full sequence --- -------------- this domain -------------   hmm coord   ali coord   env coord
# target name                                      accession   tlen query name           accession   qlen   E-value  score  bias   #  of  c-Evalue  i-Evalue  score  bias  from    to  from    to  from    to  acc description of target
#                              ------------------- ---------- ----- -------------------- ---------- ----- --------- ------ ----- --- --- --------- --------- ------ ----- ----- ----- ----- ----- ----- ----- ---- ---------------------
NODE_6_length_338063_cov_36.607788:99203-100117|+  -            305 85118                -            218     4e-47  158.1   2.4   1   3   2.8e-28   1.6e-25   87.5   1.1     2   115     5   124     4   138 0.86 NODE_6_length_338063_cov_36.607788_80 # 99203 # 100117 # 1 # ID=6_80;partial=00;start_type=ATG;rbs_motif=AAA;rbs_spacer=13bp;gc_cont=0.466
NODE_6_length_338063_cov_36.607788:99203-100117|+  -            305 85118                -            218     4e-47  158.1   2.4   2   3      0.12        70    0.4   0.0    96   126   126   157   118   165 0.86 NODE_6_length_338063_cov_36.607788_80 # 99203 # 100117 # 1 # ID=6_80;partial=00;start_type=ATG;rbs_motif=AAA;rbs_spacer=13bp;gc_cont=0.466
NODE_6_length_338063_cov_36.607788:99203-100117|+  -            305 85118                -            218     4e-47  158.1   2.4   3   3   1.8e-22     1e-19   68.5   0.1   126   205   206   288   203   302 0.88 NODE_6_length_338063_cov_36.607788_80 # 99203 # 100117 # 1 # ID=6_80;partial=00;start_type=ATG;rbs_motif=AAA;rbs_spacer=13bp;gc_cont=0.466
NODE_30_length_44885_cov_33.825232:34266-35024|+   -            253 85118                -            218   9.8e-15   52.2   0.0   1   2     4e-13   2.3e-10   37.9   0.0     8    68    25    84    20   102 0.89 NODE_30_length_44885_cov_33.825232_32 # 34266 # 35024 # 1 # ID=30_32;partial=00;start_type=ATG;rbs_motif=None;rbs_spacer=None;gc_cont=0.470
NODE_30_length_44885_cov_33.825232:34266-35024|+   -            253 85118                -            218   9.8e-15   52.2   0.0   2   2   2.5e-05     0.014   12.5   0.0   129   195   165   228   141   252 0.74 NODE_30_length_44885_cov_33.825232_32 # 34266 # 35024 # 1 # ID=30_32;partial=00;start_type=ATG;rbs_motif=None;rbs_spacer=None;gc_cont=0.470
NODE_3_length_402718_cov_33.543387:138937-139740|- -            268 85118                -            218   4.1e-10   37.1   2.1   1   1   1.1e-11   6.2e-09   33.3   2.1    18   160    14   175     6   239 0.74 NODE_3_length_402718_cov_33.543387_117 # 138937 # 139740 # -1 # ID=3_117;partial=00;start_type=ATG;rbs_motif=TAAAA;rbs_spacer=13bp;gc_cont=0.384
NODE_26_length_56437_cov_36.985611:34624-35430|-   -            269 85118                -            218   3.2e-06   24.4   0.3   1   1   8.4e-09   4.9e-06   23.8   0.3    19    86    24    91    15    98 0.78 NODE_26_length_56437_cov_36.985611_26 # 34624 # 35430 # -1 # ID=26_26;partial=00;start_type=ATG;rbs_motif=TAA;rbs_spacer=11bp;gc_cont=0.470
NODE_2_length_424706_cov_34.285840:372405-373043|- -            213 85118                -            218    0.0026   14.9   0.0   1   2     1e-05    0.0059   13.7   0.0    48    76    49    77    17    82 0.82 NODE_2_length_424706_cov_34.285840_320 # 372405 # 373043 # -1 # ID=2_320;partial=00;start_type=ATG;rbs_motif=AACAA;rbs_spacer=7bp;gc_cont=0.468
NODE_2_length_424706_cov_34.285840:372405-373043|- -            213 85118                -            218    0.0026   14.9   0.0   2   2      0.94   5.5e+02   -2.5   0.0   120   145   182   207   172   209 0.75 NODE_2_length_424706_cov_34.285840_320 # 372405 # 373043 # -1 # ID=2_320;partial=00;start_type=ATG;rbs_motif=AACAA;rbs_spacer=7bp;gc_cont=0.468
NODE_2_length_424706_cov_34.285840:141202-141822|+ -            207 85118                -            218    0.0039   14.3   0.1   1   2   1.1e-05    0.0062   13.7   0.0    26    65    26    67    13   103 0.82 NODE_2_length_424706_cov_34.285840_107 # 141202 # 141822 # 1 # ID=2_107;partial=00;start_type=ATG;rbs_motif=TAA;rbs_spacer=3bp;gc_cont=0.309
NODE_2_length_424706_cov_34.285840:141202-141822|+ -            207 85118                -            218    0.0039   14.3   0.1   2   2       2.3   1.3e+03   -3.8   0.0    20    41   179   200   175   203 0.71 NODE_2_length_424706_cov_34.285840_107 # 141202 # 141822 # 1 # ID=2_107;partial=00;start_type=ATG;rbs_motif=TAA;rbs_spacer=3bp;gc_cont=0.309
NODE_79_length_276_cov_0.743719:3-242|-            -             80 85118                -            218     0.027   11.5   0.3   1   2     0.098        57    0.7   0.0    19    35    23    39    15    44 0.87 NODE_79_length_276_cov_0.743719_1 # 3 # 242 # -1 # ID=79_1;partial=10;start_type=ATG;rbs_motif=TAA;rbs_spacer=3bp;gc_cont=0.338
NODE_79_length_276_cov_0.743719:3-242|-            -             80 85118                -            218     0.027   11.5   0.3   2   2    0.0003      0.17    8.9   0.3    50    64    66    80    57    80 0.86 NODE_79_length_276_cov_0.743719_1 # 3 # 242 # -1 # ID=79_1;partial=10;start_type=ATG;rbs_motif=TAA;rbs_spacer=3bp;gc_cont=0.338
NODE_10_length_157613_cov_33.680873:120-1115|-     -            332 85118                -            218     0.031   11.4   0.0   1   2    0.0061       3.6    4.6   0.0    45    64   120   139    75   151 0.67 NODE_10_length_157613_cov_33.680873_1 # 120 # 1115 # -1 # ID=10_1;partial=00;start_type=ATG;rbs_motif=AAAAA;rbs_spacer=12bp;gc_cont=0.488
NODE_10_length_157613_cov_33.680873:120-1115|-     -            332 85118                -            218     0.031   11.4   0.0   2   2    0.0065       3.8    4.5   0.0   118   142   214   238   184   289 0.91 NODE_10_length_157613_cov_33.680873_1 # 120 # 1115 # -1 # ID=10_1;partial=00;start_type=ATG;rbs_motif=AAAAA;rbs_spacer=12bp;gc_cont=0.488
#
# Program:         hmmsearch
# Version:         3.4 (Aug 2023)
# Pipeline mode:   SEARCH
# Query file:      /home/kpchuang/Documents/03_whole_genome_assembly/01_raw_reads/short_reads_assembly/04_short_reads_assembly/busco_downloads/lineages/archaea_odb12/hmms/85118at2157.hmm
# Target file:     /home/kpchuang/Documents/03_whole_genome_assembly/01_raw_reads/short_reads_assembly/04_short_reads_assembly/busco_results/prodigal_output/predicted_genes/predicted.faa
# Option settings: hmmsearch --domtblout /home/kpchuang/Documents/03_whole_genome_assembly/01_raw_reads/short_reads_assembly/04_short_reads_assembly/busco_results/auto_lineage/run_archaea_odb12/hmmer_output/85118at2157.out --cpu 1 /home/kpchuang/Documents/03_whole_genome_assembly/01_raw_reads/short_reads_assembly/04_short_reads_assembly/busco_downloads/lineages/archaea_odb12/hmms/85118at2157.hmm /home/kpchuang/Documents/03_whole_genome_assembly/01_raw_reads/short_reads_assembly/04_short_reads_assembly/busco_results/prodigal_output/predicted_genes/predicted.faa 
# Current dir:     /home/kpchuang/Documents/03_whole_genome_assembly/01_raw_reads/short_reads_assembly/04_short_reads_assembly
# Date:            Thu Jan  1 15:31:57 2026
# [ok]
