#                                                                                                           --- full sequence --- -------------- this domain -------------   hmm coord   ali coord   env coord
# target name                                       accession   tlen query name           accession   qlen   E-value  score  bias   #  of  c-Evalue  i-Evalue  score  bias  from    to  from    to  from    to  acc description of target
#                               ------------------- ---------- ----- -------------------- ---------- ----- --------- ------ ----- --- --- --------- --------- ------ ----- ----- ----- ----- ----- ----- ----- ---- ---------------------
NODE_1_length_523019_cov_35.337313:210655-212499|-  -            615 8658                 -            453   1.2e-23   81.6   0.0   1   2   7.3e-13   1.8e-10   38.1   0.0     5    65     8    64     5    71 0.92 NODE_1_length_523019_cov_35.337313_183 # 210655 # 212499 # -1 # ID=1_183;partial=00;start_type=ATG;rbs_motif=None;rbs_spacer=None;gc_cont=0.491
NODE_1_length_523019_cov_35.337313:210655-212499|-  -            615 8658                 -            453   1.2e-23   81.6   0.0   2   2   8.7e-14   2.1e-11   41.2   0.0    63   245    87   266    81   276 0.83 NODE_1_length_523019_cov_35.337313_183 # 210655 # 212499 # -1 # ID=1_183;partial=00;start_type=ATG;rbs_motif=None;rbs_spacer=None;gc_cont=0.491
NODE_2_length_424706_cov_34.285840:195545-196816|-  -            424 8658                 -            453   3.2e-23   80.2   0.0   1   1   1.8e-25   4.4e-23   79.7   0.0     2   223     2   218     1   232 0.84 NODE_2_length_424706_cov_34.285840_157 # 195545 # 196816 # -1 # ID=2_157;partial=00;start_type=ATG;rbs_motif=AAA;rbs_spacer=5bp;gc_cont=0.484
NODE_5_length_339081_cov_37.984555:223889-224917|-  -            343 8658                 -            453   3.8e-18   63.4   0.0   1   2   7.7e-17   1.9e-14   51.2   0.0     6   113    21   120    16   150 0.87 NODE_5_length_339081_cov_37.984555_171 # 223889 # 224917 # -1 # ID=5_171;partial=00;start_type=ATG;rbs_motif=TAAAA;rbs_spacer=5bp;gc_cont=0.504
NODE_5_length_339081_cov_37.984555:223889-224917|-  -            343 8658                 -            453   3.8e-18   63.4   0.0   2   2   0.00032     0.078    9.6   0.1   168   208   192   232   182   253 0.83 NODE_5_length_339081_cov_37.984555_171 # 223889 # 224917 # -1 # ID=5_171;partial=00;start_type=ATG;rbs_motif=TAAAA;rbs_spacer=5bp;gc_cont=0.504
NODE_7_length_286996_cov_37.800226:75846-77834|-    -            663 8658                 -            453   4.6e-12   43.4   2.8   1   2   3.2e-13   7.9e-11   39.3   0.0    12   111   175   281   174   287 0.78 NODE_7_length_286996_cov_37.800226_56 # 75846 # 77834 # -1 # ID=7_56;partial=00;start_type=ATG;rbs_motif=AATAA;rbs_spacer=7bp;gc_cont=0.466
NODE_7_length_286996_cov_37.800226:75846-77834|-    -            663 8658                 -            453   4.6e-12   43.4   2.8   2   2     0.074        18    1.8   2.8   368   449   575   655   479   661 0.65 NODE_7_length_286996_cov_37.800226_56 # 75846 # 77834 # -1 # ID=7_56;partial=00;start_type=ATG;rbs_motif=AATAA;rbs_spacer=7bp;gc_cont=0.466
NODE_6_length_338063_cov_36.607788:238446-241034|-  -            863 8658                 -            453   4.6e-09   33.5   5.8   1   4   6.6e-07   0.00016   18.5   0.0     6    63   168   220   163   222 0.88 NODE_6_length_338063_cov_36.607788_194 # 238446 # 241034 # -1 # ID=6_194;partial=00;start_type=ATG;rbs_motif=AATAA;rbs_spacer=5bp;gc_cont=0.418
NODE_6_length_338063_cov_36.607788:238446-241034|-  -            863 8658                 -            453   4.6e-09   33.5   5.8   2   4         1   2.5e+02   -1.9   0.0    98   120   267   290   255   300 0.70 NODE_6_length_338063_cov_36.607788_194 # 238446 # 241034 # -1 # ID=6_194;partial=00;start_type=ATG;rbs_motif=AATAA;rbs_spacer=5bp;gc_cont=0.418
NODE_6_length_338063_cov_36.607788:238446-241034|-  -            863 8658                 -            453   4.6e-09   33.5   5.8   3   4         2   4.8e+02   -2.9   3.3   284   425   342   476   334   524 0.42 NODE_6_length_338063_cov_36.607788_194 # 238446 # 241034 # -1 # ID=6_194;partial=00;start_type=ATG;rbs_motif=AATAA;rbs_spacer=5bp;gc_cont=0.418
NODE_6_length_338063_cov_36.607788:238446-241034|-  -            863 8658                 -            453   4.6e-09   33.5   5.8   4   4   1.1e-05    0.0028   14.4   0.0    16    62   568   618   564   682 0.85 NODE_6_length_338063_cov_36.607788_194 # 238446 # 241034 # -1 # ID=6_194;partial=00;start_type=ATG;rbs_motif=AATAA;rbs_spacer=5bp;gc_cont=0.418
NODE_3_length_402718_cov_33.543387:153529-155997|-  -            823 8658                 -            453   4.5e-06   23.6   0.9   1   2       2.5     6e+02   -3.2   0.4   382   429   240   287   220   327 0.57 NODE_3_length_402718_cov_33.543387_130 # 153529 # 155997 # -1 # ID=3_130;partial=00;start_type=ATG;rbs_motif=TAAA;rbs_spacer=14bp;gc_cont=0.427
NODE_3_length_402718_cov_33.543387:153529-155997|-  -            823 8658                 -            453   4.5e-06   23.6   0.9   2   2   3.4e-08   8.3e-06   22.7   0.0    16   127   354   474   348   480 0.66 NODE_3_length_402718_cov_33.543387_130 # 153529 # 155997 # -1 # ID=3_130;partial=00;start_type=ATG;rbs_motif=TAAA;rbs_spacer=14bp;gc_cont=0.427
NODE_3_length_402718_cov_33.543387:304450-306984|-  -            845 8658                 -            453   6.8e-06   23.0   9.3   1   5       3.3   8.1e+02   -3.6   0.4   371   437   110   178    95   190 0.46 NODE_3_length_402718_cov_33.543387_285 # 304450 # 306984 # -1 # ID=3_285;partial=00;start_type=ATG;rbs_motif=AAA;rbs_spacer=3bp;gc_cont=0.419
NODE_3_length_402718_cov_33.543387:304450-306984|-  -            845 8658                 -            453   6.8e-06   23.0   9.3   2   5   1.1e-05    0.0027   14.4   0.0    12    61   208   252   207   256 0.90 NODE_3_length_402718_cov_33.543387_285 # 304450 # 306984 # -1 # ID=3_285;partial=00;start_type=ATG;rbs_motif=AAA;rbs_spacer=3bp;gc_cont=0.419
NODE_3_length_402718_cov_33.543387:304450-306984|-  -            845 8658                 -            453   6.8e-06   23.0   9.3   3   5      0.36        88   -0.4   0.0    94   122   297   325   290   334 0.77 NODE_3_length_402718_cov_33.543387_285 # 304450 # 306984 # -1 # ID=3_285;partial=00;start_type=ATG;rbs_motif=AAA;rbs_spacer=3bp;gc_cont=0.419
NODE_3_length_402718_cov_33.543387:304450-306984|-  -            845 8658                 -            453   6.8e-06   23.0   9.3   4   5       2.4   5.9e+02   -3.1   2.5   374   432   398   467   355   505 0.59 NODE_3_length_402718_cov_33.543387_285 # 304450 # 306984 # -1 # ID=3_285;partial=00;start_type=ATG;rbs_motif=AAA;rbs_spacer=3bp;gc_cont=0.419
NODE_3_length_402718_cov_33.543387:304450-306984|-  -            845 8658                 -            453   6.8e-06   23.0   9.3   5   5   8.5e-05     0.021   11.5   0.0    16    64   540   592   536   655 0.79 NODE_3_length_402718_cov_33.543387_285 # 304450 # 306984 # -1 # ID=3_285;partial=00;start_type=ATG;rbs_motif=AAA;rbs_spacer=3bp;gc_cont=0.419
NODE_18_length_83461_cov_37.247170:70586-71833|-    -            416 8658                 -            453   3.8e-05   20.6   0.2   1   1   3.2e-07   7.8e-05   19.5   0.2    38   117   111   196   102   201 0.83 NODE_18_length_83461_cov_37.247170_57 # 70586 # 71833 # -1 # ID=18_57;partial=00;start_type=ATG;rbs_motif=AAGAA;rbs_spacer=6bp;gc_cont=0.488
NODE_23_length_70738_cov_38.126081:8167-8586|+      -            140 8658                 -            453   0.00019   18.2   0.0   1   1   1.1e-06   0.00027   17.7   0.0    24    66     9    51     4    56 0.78 NODE_23_length_70738_cov_38.126081_8 # 8167 # 8586 # 1 # ID=23_8;partial=00;start_type=ATG;rbs_motif=TAAAAA;rbs_spacer=12bp;gc_cont=0.452
NODE_32_length_39492_cov_37.984904:35081-36190|-    -            370 8658                 -            453    0.0024   14.6   0.0   1   2   3.3e-05     0.008   12.9   0.0    13    64     3    50     2    54 0.84 NODE_32_length_39492_cov_37.984904_25 # 35081 # 36190 # -1 # ID=32_25;partial=00;start_type=ATG;rbs_motif=TAA;rbs_spacer=3bp;gc_cont=0.437
NODE_32_length_39492_cov_37.984904:35081-36190|-    -            370 8658                 -            453    0.0024   14.6   0.0   2   2       2.8   6.9e+02   -3.4   0.0   367   411   286   331   273   350 0.57 NODE_32_length_39492_cov_37.984904_25 # 35081 # 36190 # -1 # ID=32_25;partial=00;start_type=ATG;rbs_motif=TAA;rbs_spacer=3bp;gc_cont=0.437
NODE_8_length_282777_cov_37.165398:139986-141413|-  -            476 8658                 -            453    0.0028   14.4   0.3   1   2   8.3e-05      0.02   11.6   0.0    39    62   165   188   136   192 0.77 NODE_8_length_282777_cov_37.165398_127 # 139986 # 141413 # -1 # ID=8_127;partial=00;start_type=ATG;rbs_motif=TAAA;rbs_spacer=15bp;gc_cont=0.419
NODE_8_length_282777_cov_37.165398:139986-141413|-  -            476 8658                 -            453    0.0028   14.4   0.3   2   2      0.19        48    0.5   0.2   160   197   298   335   289   420 0.78 NODE_8_length_282777_cov_37.165398_127 # 139986 # 141413 # -1 # ID=8_127;partial=00;start_type=ATG;rbs_motif=TAAA;rbs_spacer=15bp;gc_cont=0.419
NODE_8_length_282777_cov_37.165398:260333-262303|-  -            657 8658                 -            453     0.003   14.3   0.0   1   1   2.7e-05    0.0066   13.2   0.0    35    56   227   245   215   255 0.75 NODE_8_length_282777_cov_37.165398_215 # 260333 # 262303 # -1 # ID=8_215;partial=00;start_type=ATG;rbs_motif=AACAA;rbs_spacer=6bp;gc_cont=0.455
NODE_7_length_286996_cov_37.800226:217594-221022|-  -           1143 8658                 -            453    0.0033   14.2   0.0   1   1   2.7e-05    0.0067   13.2   0.0    37    57   714   734   701   736 0.83 NODE_7_length_286996_cov_37.800226_158 # 217594 # 221022 # -1 # ID=7_158;partial=00;start_type=ATG;rbs_motif=None;rbs_spacer=None;gc_cont=0.477
NODE_15_length_100586_cov_37.517506:82852-83982|+   -            377 8658                 -            453    0.0037   14.0   0.2   1   2   4.7e-05     0.011   12.4   0.1    39   113    18    89     4   102 0.89 NODE_15_length_100586_cov_37.517506_65 # 82852 # 83982 # 1 # ID=15_65;partial=00;start_type=ATG;rbs_motif=TAA;rbs_spacer=3bp;gc_cont=0.463
NODE_15_length_100586_cov_37.517506:82852-83982|+   -            377 8658                 -            453    0.0037   14.0   0.2   2   2      0.79   1.9e+02   -1.5   0.0   352   376   221   244   199   252 0.87 NODE_15_length_100586_cov_37.517506_65 # 82852 # 83982 # 1 # ID=15_65;partial=00;start_type=ATG;rbs_motif=TAA;rbs_spacer=3bp;gc_cont=0.463
NODE_5_length_339081_cov_37.984555:145519-146058|-  -            180 8658                 -            453    0.0049   13.6   0.0   1   1   3.5e-05    0.0084   12.8   0.0    44    71     5    32     3    33 0.92 NODE_5_length_339081_cov_37.984555_106 # 145519 # 146058 # -1 # ID=5_106;partial=00;start_type=ATG;rbs_motif=AAAA;rbs_spacer=12bp;gc_cont=0.439
NODE_7_length_286996_cov_37.800226:232095-233096|-  -            334 8658                 -            453    0.0056   13.4   0.2   1   2   5.3e-05     0.013   12.2   0.0    40    78    33    68    29    85 0.87 NODE_7_length_286996_cov_37.800226_169 # 232095 # 233096 # -1 # ID=7_169;partial=00;start_type=GTG;rbs_motif=AATAA;rbs_spacer=9bp;gc_cont=0.409
NODE_7_length_286996_cov_37.800226:232095-233096|-  -            334 8658                 -            453    0.0056   13.4   0.2   2   2       1.5   3.7e+02   -2.5   0.0   290   314    92   116    90   124 0.65 NODE_7_length_286996_cov_37.800226_169 # 232095 # 233096 # -1 # ID=7_169;partial=00;start_type=GTG;rbs_motif=AATAA;rbs_spacer=9bp;gc_cont=0.409
NODE_10_length_157613_cov_33.680873:153922-155679|- -            586 8658                 -            453    0.0067   13.2   0.0   1   1   5.5e-05     0.013   12.2   0.0    47    83   235   271   231   276 0.93 NODE_10_length_157613_cov_33.680873_131 # 153922 # 155679 # -1 # ID=10_131;partial=00;start_type=ATG;rbs_motif=TAAAAA;rbs_spacer=5bp;gc_cont=0.451
NODE_7_length_286996_cov_37.800226:42671-44089|+    -            473 8658                 -            453    0.0075   13.0   0.0   1   1   6.3e-05     0.015   12.0   0.0    19    65    22    64    17    65 0.83 NODE_7_length_286996_cov_37.800226_34 # 42671 # 44089 # 1 # ID=7_34;partial=00;start_type=ATG;rbs_motif=None;rbs_spacer=None;gc_cont=0.434
NODE_3_length_402718_cov_33.543387:324825-325784|-  -            320 8658                 -            453     0.024   11.4   2.9   1   2     0.028       6.7    3.3   0.3   324   406    18    99     3   115 0.65 NODE_3_length_402718_cov_33.543387_301 # 324825 # 325784 # -1 # ID=3_301;partial=00;start_type=ATG;rbs_motif=AATAA;rbs_spacer=8bp;gc_cont=0.419
NODE_3_length_402718_cov_33.543387:324825-325784|-  -            320 8658                 -            453     0.024   11.4   2.9   2   2   0.00067      0.16    8.6   0.2    42    65   117   140   105   164 0.75 NODE_3_length_402718_cov_33.543387_301 # 324825 # 325784 # -1 # ID=3_301;partial=00;start_type=ATG;rbs_motif=AATAA;rbs_spacer=8bp;gc_cont=0.419
#
# Program:         hmmsearch
# Version:         3.4 (Aug 2023)
# Pipeline mode:   SEARCH
# Query file:      /home/kpchuang/Documents/03_whole_genome_assembly/01_raw_reads/short_reads_assembly/04_short_reads_assembly/busco_downloads/lineages/archaea_odb12/hmms/8658at2157.hmm
# Target file:     /home/kpchuang/Documents/03_whole_genome_assembly/01_raw_reads/short_reads_assembly/04_short_reads_assembly/busco_results/prodigal_output/predicted_genes/predicted.faa
# Option settings: hmmsearch --domtblout /home/kpchuang/Documents/03_whole_genome_assembly/01_raw_reads/short_reads_assembly/04_short_reads_assembly/busco_results/auto_lineage/run_archaea_odb12/hmmer_output/8658at2157.out --cpu 1 /home/kpchuang/Documents/03_whole_genome_assembly/01_raw_reads/short_reads_assembly/04_short_reads_assembly/busco_downloads/lineages/archaea_odb12/hmms/8658at2157.hmm /home/kpchuang/Documents/03_whole_genome_assembly/01_raw_reads/short_reads_assembly/04_short_reads_assembly/busco_results/prodigal_output/predicted_genes/predicted.faa 
# Current dir:     /home/kpchuang/Documents/03_whole_genome_assembly/01_raw_reads/short_reads_assembly/04_short_reads_assembly
# Date:            Thu Jan  1 15:31:58 2026
# [ok]
