#                                                                                                         --- full sequence --- -------------- this domain -------------   hmm coord   ali coord   env coord
# target name                                     accession   tlen query name           accession   qlen   E-value  score  bias   #  of  c-Evalue  i-Evalue  score  bias  from    to  from    to  from    to  acc description of target
#                             ------------------- ---------- ----- -------------------- ---------- ----- --------- ------ ----- --- --- --------- --------- ------ ----- ----- ----- ----- ----- ----- ----- ---- ---------------------
NODE_17_length_84920_cov_37.904058:37194-39629|-  -            812 8904                 -            382   5.2e-87  290.3   9.2   1   2   1.4e-15   1.3e-12   45.5   1.7     2    57     1    53     1    59 0.91 NODE_17_length_84920_cov_37.904058_25 # 37194 # 39629 # -1 # ID=17_25;partial=00;start_type=ATG;rbs_motif=TAAA;rbs_spacer=11bp;gc_cont=0.501
NODE_17_length_84920_cov_37.904058:37194-39629|-  -            812 8904                 -            382   5.2e-87  290.3   9.2   2   2   1.7e-77   1.6e-74  249.2   1.0    55   382   109   454   100   454 0.88 NODE_17_length_84920_cov_37.904058_25 # 37194 # 39629 # -1 # ID=17_25;partial=00;start_type=ATG;rbs_motif=TAAA;rbs_spacer=11bp;gc_cont=0.501
NODE_30_length_44885_cov_33.825232:4156-5475|+    -            440 8904                 -            382   1.5e-74  249.3   0.0   1   2   1.9e-14   1.7e-11   41.7   0.1     2    54     1    49     1    58 0.92 NODE_30_length_44885_cov_33.825232_6 # 4156 # 5475 # 1 # ID=30_6;partial=00;start_type=ATG;rbs_motif=TAA;rbs_spacer=13bp;gc_cont=0.484
NODE_30_length_44885_cov_33.825232:4156-5475|+    -            440 8904                 -            382   1.5e-74  249.3   0.0   2   2     3e-64   2.8e-61  205.6   0.0    62   380   111   433    92   435 0.89 NODE_30_length_44885_cov_33.825232_6 # 4156 # 5475 # 1 # ID=30_6;partial=00;start_type=ATG;rbs_motif=TAA;rbs_spacer=13bp;gc_cont=0.484
NODE_15_length_100586_cov_37.517506:337-1746|+    -            470 8904                 -            382   9.8e-39  131.4   0.0   1   2   0.00035      0.33    7.9   0.0     4    58     3    53     1    65 0.69 NODE_15_length_100586_cov_37.517506_1 # 337 # 1746 # 1 # ID=15_1;partial=00;start_type=ATG;rbs_motif=AAAAA;rbs_spacer=7bp;gc_cont=0.447
NODE_15_length_100586_cov_37.517506:337-1746|+    -            470 8904                 -            382   9.8e-39  131.4   0.0   2   2   9.1e-39   8.5e-36  121.7   0.0    49   381    98   434    87   435 0.88 NODE_15_length_100586_cov_37.517506_1 # 337 # 1746 # 1 # ID=15_1;partial=00;start_type=ATG;rbs_motif=AAAAA;rbs_spacer=7bp;gc_cont=0.447
NODE_23_length_70738_cov_38.126081:28329-29039|+  -            237 8904                 -            382   4.4e-05   20.6   0.1   1   3       1.2   1.2e+03   -3.8   0.0    15    38    26    49    24    51 0.70 NODE_23_length_70738_cov_38.126081_31 # 28329 # 29039 # 1 # ID=23_31;partial=00;start_type=ATG;rbs_motif=TAA;rbs_spacer=12bp;gc_cont=0.481
NODE_23_length_70738_cov_38.126081:28329-29039|+  -            237 8904                 -            382   4.4e-05   20.6   0.1   2   3       0.5   4.6e+02   -2.5   0.1    75    93    84   102    76   108 0.78 NODE_23_length_70738_cov_38.126081_31 # 28329 # 29039 # 1 # ID=23_31;partial=00;start_type=ATG;rbs_motif=TAA;rbs_spacer=12bp;gc_cont=0.481
NODE_23_length_70738_cov_38.126081:28329-29039|+  -            237 8904                 -            382   4.4e-05   20.6   0.1   3   3   4.8e-08   4.4e-05   20.6   0.1   156   226   148   217   140   235 0.75 NODE_23_length_70738_cov_38.126081_31 # 28329 # 29039 # 1 # ID=23_31;partial=00;start_type=ATG;rbs_motif=TAA;rbs_spacer=12bp;gc_cont=0.481
NODE_10_length_157613_cov_33.680873:14927-15352|- -            142 8904                 -            382   0.00026   18.1   0.0   1   1   3.8e-07   0.00035   17.7   0.0   259   380    12   127     5   129 0.77 NODE_10_length_157613_cov_33.680873_15 # 14927 # 15352 # -1 # ID=10_15;partial=00;start_type=ATG;rbs_motif=TAA;rbs_spacer=11bp;gc_cont=0.404
#
# Program:         hmmsearch
# Version:         3.4 (Aug 2023)
# Pipeline mode:   SEARCH
# Query file:      /home/kpchuang/Documents/03_whole_genome_assembly/01_raw_reads/short_reads_assembly/04_short_reads_assembly/busco_downloads/lineages/archaea_odb12/hmms/8904at2157.hmm
# Target file:     /home/kpchuang/Documents/03_whole_genome_assembly/01_raw_reads/short_reads_assembly/04_short_reads_assembly/busco_results/prodigal_output/predicted_genes/predicted.faa
# Option settings: hmmsearch --domtblout /home/kpchuang/Documents/03_whole_genome_assembly/01_raw_reads/short_reads_assembly/04_short_reads_assembly/busco_results/auto_lineage/run_archaea_odb12/hmmer_output/8904at2157.out --cpu 1 /home/kpchuang/Documents/03_whole_genome_assembly/01_raw_reads/short_reads_assembly/04_short_reads_assembly/busco_downloads/lineages/archaea_odb12/hmms/8904at2157.hmm /home/kpchuang/Documents/03_whole_genome_assembly/01_raw_reads/short_reads_assembly/04_short_reads_assembly/busco_results/prodigal_output/predicted_genes/predicted.faa 
# Current dir:     /home/kpchuang/Documents/03_whole_genome_assembly/01_raw_reads/short_reads_assembly/04_short_reads_assembly
# Date:            Thu Jan  1 15:31:58 2026
# [ok]
