#                                                                                                          --- full sequence --- -------------- this domain -------------   hmm coord   ali coord   env coord
# target name                                      accession   tlen query name           accession   qlen   E-value  score  bias   #  of  c-Evalue  i-Evalue  score  bias  from    to  from    to  from    to  acc description of target
#                              ------------------- ---------- ----- -------------------- ---------- ----- --------- ------ ----- --- --- --------- --------- ------ ----- ----- ----- ----- ----- ----- ----- ---- ---------------------
NODE_8_length_282777_cov_37.165398:11118-11873|+   -            252 9465                 -            210   5.1e-10   37.5   0.4   1   1   1.7e-12   1.6e-09   35.9   0.4    12   120    17   138     5   244 0.86 NODE_8_length_282777_cov_37.165398_14 # 11118 # 11873 # 1 # ID=8_14;partial=00;start_type=ATG;rbs_motif=TAAAAA;rbs_spacer=5bp;gc_cont=0.435
NODE_31_length_40986_cov_32.361314:34350-35126|-   -            259 9465                 -            210   0.00019   19.3   0.7   1   1   3.4e-07   0.00032   18.6   0.7   150   204   166   220   153   226 0.86 NODE_31_length_40986_cov_32.361314_35 # 34350 # 35126 # -1 # ID=31_35;partial=00;start_type=ATG;rbs_motif=AAAA;rbs_spacer=11bp;gc_cont=0.534
NODE_30_length_44885_cov_33.825232:1893-2645|+     -            251 9465                 -            210   0.00032   18.6   0.2   1   2   1.4e-05     0.013   13.3   0.0   147   197    60   110    43   120 0.82 NODE_30_length_44885_cov_33.825232_3 # 1893 # 2645 # 1 # ID=30_3;partial=00;start_type=GTG;rbs_motif=TAAA;rbs_spacer=9bp;gc_cont=0.518
NODE_30_length_44885_cov_33.825232:1893-2645|+     -            251 9465                 -            210   0.00032   18.6   0.2   2   2     0.018        17    3.1   0.1   154   193   188   227   180   234 0.79 NODE_30_length_44885_cov_33.825232_3 # 1893 # 2645 # 1 # ID=30_3;partial=00;start_type=GTG;rbs_motif=TAAA;rbs_spacer=9bp;gc_cont=0.518
NODE_4_length_379350_cov_35.042700:262168-263142|- -            325 9465                 -            210     0.024   12.5   0.1   1   1   5.3e-05     0.049   11.4   0.1   154   191   166   203   163   214 0.86 NODE_4_length_379350_cov_35.042700_221 # 262168 # 263142 # -1 # ID=4_221;partial=00;start_type=TTG;rbs_motif=TAAA;rbs_spacer=11bp;gc_cont=0.493
NODE_10_length_157613_cov_33.680873:69045-69866|+  -            274 9465                 -            210     0.027   12.3   0.0   1   2      0.21     2e+02   -0.3   0.0   176   199   127   150   121   173 0.73 NODE_10_length_157613_cov_33.680873_55 # 69045 # 69866 # 1 # ID=10_55;partial=00;start_type=ATG;rbs_motif=AAA;rbs_spacer=3bp;gc_cont=0.484
NODE_10_length_157613_cov_33.680873:69045-69866|+  -            274 9465                 -            210     0.027   12.3   0.0   2   2   0.00015      0.14   10.0   0.0   150   208   199   258   196   260 0.84 NODE_10_length_157613_cov_33.680873_55 # 69045 # 69866 # 1 # ID=10_55;partial=00;start_type=ATG;rbs_motif=AAA;rbs_spacer=3bp;gc_cont=0.484
#
# Program:         hmmsearch
# Version:         3.4 (Aug 2023)
# Pipeline mode:   SEARCH
# Query file:      /home/kpchuang/Documents/03_whole_genome_assembly/01_raw_reads/short_reads_assembly/04_short_reads_assembly/busco_downloads/lineages/archaea_odb12/hmms/9465at2157.hmm
# Target file:     /home/kpchuang/Documents/03_whole_genome_assembly/01_raw_reads/short_reads_assembly/04_short_reads_assembly/busco_results/prodigal_output/predicted_genes/predicted.faa
# Option settings: hmmsearch --domtblout /home/kpchuang/Documents/03_whole_genome_assembly/01_raw_reads/short_reads_assembly/04_short_reads_assembly/busco_results/auto_lineage/run_archaea_odb12/hmmer_output/9465at2157.out --cpu 1 /home/kpchuang/Documents/03_whole_genome_assembly/01_raw_reads/short_reads_assembly/04_short_reads_assembly/busco_downloads/lineages/archaea_odb12/hmms/9465at2157.hmm /home/kpchuang/Documents/03_whole_genome_assembly/01_raw_reads/short_reads_assembly/04_short_reads_assembly/busco_results/prodigal_output/predicted_genes/predicted.faa 
# Current dir:     /home/kpchuang/Documents/03_whole_genome_assembly/01_raw_reads/short_reads_assembly/04_short_reads_assembly
# Date:            Thu Jan  1 15:31:58 2026
# [ok]
